[2026-06-12 08:05:04Z INFO HostContext] No proxy settings were found based on environmental variables (http_proxy/https_proxy/HTTP_PROXY/HTTPS_PROXY)
[2026-06-12 08:05:04Z INFO HostContext] Well known directory 'Bin': 'C:\Users\Stagiaire\Desktop\COURS\DevOps\MyRecipeAPI\actions-runner\bin'
[2026-06-12 08:05:04Z INFO HostContext] Well known directory 'Root': 'C:\Users\Stagiaire\Desktop\COURS\DevOps\MyRecipeAPI\actions-runner'
[2026-06-12 08:05:04Z INFO HostContext] Well known config file 'Credentials': 'C:\Users\Stagiaire\Desktop\COURS\DevOps\MyRecipeAPI\actions-runner\.credentials'
[2026-06-12 08:05:04Z INFO HostContext] Well known directory 'Bin': 'C:\Users\Stagiaire\Desktop\COURS\DevOps\MyRecipeAPI\actions-runner\bin'
[2026-06-12 08:05:04Z INFO HostContext] Well known directory 'Root': 'C:\Users\Stagiaire\Desktop\COURS\DevOps\MyRecipeAPI\actions-runner'
[2026-06-12 08:05:04Z INFO HostContext] Well known config file 'Runner': 'C:\Users\Stagiaire\Desktop\COURS\DevOps\MyRecipeAPI\actions-runner\.runner'
[2026-06-12 08:05:04Z INFO Listener] Runner is built for Windows (X64) - win-x64.
[2026-06-12 08:05:04Z INFO Listener] RuntimeInformation: Microsoft Windows 10.0.26200.
[2026-06-12 08:05:04Z INFO Listener] Version: 2.335.1
[2026-06-12 08:05:04Z INFO Listener] Commit: 7d737449ef346f6524f75688d0c9c95fa10ba10a
[2026-06-12 08:05:04Z INFO Listener] Culture: fr-FR
[2026-06-12 08:05:04Z INFO Listener] UI Culture: fr-FR
[2026-06-12 08:05:04Z INFO HostContext] Well known directory 'Bin': 'C:\Users\Stagiaire\Desktop\COURS\DevOps\MyRecipeAPI\actions-runner\bin'
[2026-06-12 08:05:04Z INFO HostContext] Well known directory 'Root': 'C:\Users\Stagiaire\Desktop\COURS\DevOps\MyRecipeAPI\actions-runner'
[2026-06-12 08:05:04Z INFO Listener] Validating directory permissions for: 'C:\Users\Stagiaire\Desktop\COURS\DevOps\MyRecipeAPI\actions-runner'
[2026-06-12 08:05:04Z INFO CommandLineParser] Parse
[2026-06-12 08:05:04Z INFO CommandLineParser] Parsing 5 args
[2026-06-12 08:05:04Z INFO CommandLineParser] parsing argument
[2026-06-12 08:05:04Z INFO CommandLineParser] HasArgs: False
[2026-06-12 08:05:04Z INFO CommandLineParser] Adding Command: configure
[2026-06-12 08:05:04Z INFO CommandLineParser] parsing argument
[2026-06-12 08:05:04Z INFO CommandLineParser] HasArgs: True
[2026-06-12 08:05:04Z INFO CommandLineParser] arg: url
[2026-06-12 08:05:04Z INFO CommandLineParser] parsing argument
[2026-06-12 08:05:04Z INFO CommandLineParser] HasArgs: True
[2026-06-12 08:05:04Z INFO CommandLineParser] Adding option 'url': 'https://github.com/Gay-Jeremy/MyRecipe'
[2026-06-12 08:05:04Z INFO CommandLineParser] parsing argument
[2026-06-12 08:05:04Z INFO CommandLineParser] HasArgs: True
[2026-06-12 08:05:04Z INFO CommandLineParser] arg: token
[2026-06-12 08:05:04Z INFO CommandLineParser] parsing argument
[2026-06-12 08:05:04Z INFO CommandLineParser] HasArgs: True
[2026-06-12 08:05:04Z INFO CommandLineParser] Adding option 'token': '***'
[2026-06-12 08:05:04Z INFO Listener] Arguments parsed
[2026-06-12 08:05:04Z INFO Runner] ExecuteCommand
[2026-06-12 08:05:04Z INFO ConfigurationStore] currentAssemblyLocation: C:\Users\Stagiaire\Desktop\COURS\DevOps\MyRecipeAPI\actions-runner\bin\Runner.Listener.dll
[2026-06-12 08:05:04Z INFO HostContext] Well known directory 'Bin': 'C:\Users\Stagiaire\Desktop\COURS\DevOps\MyRecipeAPI\actions-runner\bin'
[2026-06-12 08:05:04Z INFO ConfigurationStore] binPath: C:\Users\Stagiaire\Desktop\COURS\DevOps\MyRecipeAPI\actions-runner\bin
[2026-06-12 08:05:04Z INFO HostContext] Well known directory 'Bin': 'C:\Users\Stagiaire\Desktop\COURS\DevOps\MyRecipeAPI\actions-runner\bin'
[2026-06-12 08:05:04Z INFO HostContext] Well known directory 'Root': 'C:\Users\Stagiaire\Desktop\COURS\DevOps\MyRecipeAPI\actions-runner'
[2026-06-12 08:05:04Z INFO ConfigurationStore] RootFolder: C:\Users\Stagiaire\Desktop\COURS\DevOps\MyRecipeAPI\actions-runner
[2026-06-12 08:05:04Z INFO HostContext] Well known directory 'Bin': 'C:\Users\Stagiaire\Desktop\COURS\DevOps\MyRecipeAPI\actions-runner\bin'
[2026-06-12 08:05:04Z INFO HostContext] Well known directory 'Root': 'C:\Users\Stagiaire\Desktop\COURS\DevOps\MyRecipeAPI\actions-runner'
[2026-06-12 08:05:04Z INFO HostContext] Well known config file 'Runner': 'C:\Users\Stagiaire\Desktop\COURS\DevOps\MyRecipeAPI\actions-runner\.runner'
[2026-06-12 08:05:04Z INFO ConfigurationStore] ConfigFilePath: C:\Users\Stagiaire\Desktop\COURS\DevOps\MyRecipeAPI\actions-runner\.runner
[2026-06-12 08:05:04Z INFO HostContext] Well known directory 'Bin': 'C:\Users\Stagiaire\Desktop\COURS\DevOps\MyRecipeAPI\actions-runner\bin'
[2026-06-12 08:05:04Z INFO HostContext] Well known directory 'Root': 'C:\Users\Stagiaire\Desktop\COURS\DevOps\MyRecipeAPI\actions-runner'
[2026-06-12 08:05:04Z INFO HostContext] Well known config file 'MigratedRunner': 'C:\Users\Stagiaire\Desktop\COURS\DevOps\MyRecipeAPI\actions-runner\.runner_migrated'
[2026-06-12 08:05:04Z INFO ConfigurationStore] MigratedConfigFilePath: C:\Users\Stagiaire\Desktop\COURS\DevOps\MyRecipeAPI\actions-runner\.runner_migrated
[2026-06-12 08:05:04Z INFO HostContext] Well known directory 'Bin': 'C:\Users\Stagiaire\Desktop\COURS\DevOps\MyRecipeAPI\actions-runner\bin'
[2026-06-12 08:05:04Z INFO HostContext] Well known directory 'Root': 'C:\Users\Stagiaire\Desktop\COURS\DevOps\MyRecipeAPI\actions-runner'
[2026-06-12 08:05:04Z INFO HostContext] Well known config file 'Credentials': 'C:\Users\Stagiaire\Desktop\COURS\DevOps\MyRecipeAPI\actions-runner\.credentials'
[2026-06-12 08:05:04Z INFO ConfigurationStore] CredFilePath: C:\Users\Stagiaire\Desktop\COURS\DevOps\MyRecipeAPI\actions-runner\.credentials
[2026-06-12 08:05:04Z INFO HostContext] Well known directory 'Bin': 'C:\Users\Stagiaire\Desktop\COURS\DevOps\MyRecipeAPI\actions-runner\bin'
[2026-06-12 08:05:04Z INFO HostContext] Well known directory 'Root': 'C:\Users\Stagiaire\Desktop\COURS\DevOps\MyRecipeAPI\actions-runner'
[2026-06-12 08:05:04Z INFO HostContext] Well known config file 'MigratedCredentials': 'C:\Users\Stagiaire\Desktop\COURS\DevOps\MyRecipeAPI\actions-runner\.credentials_migrated'
[2026-06-12 08:05:04Z INFO ConfigurationStore] MigratedCredFilePath: C:\Users\Stagiaire\Desktop\COURS\DevOps\MyRecipeAPI\actions-runner\.credentials_migrated
[2026-06-12 08:05:04Z INFO HostContext] Well known directory 'Bin': 'C:\Users\Stagiaire\Desktop\COURS\DevOps\MyRecipeAPI\actions-runner\bin'
[2026-06-12 08:05:04Z INFO HostContext] Well known directory 'Root': 'C:\Users\Stagiaire\Desktop\COURS\DevOps\MyRecipeAPI\actions-runner'
[2026-06-12 08:05:04Z INFO HostContext] Well known config file 'Service': 'C:\Users\Stagiaire\Desktop\COURS\DevOps\MyRecipeAPI\actions-runner\.service'
[2026-06-12 08:05:04Z INFO ConfigurationStore] ServiceConfigFilePath: C:\Users\Stagiaire\Desktop\COURS\DevOps\MyRecipeAPI\actions-runner\.service
[2026-06-12 08:05:04Z INFO CommandSettings] Flag 'help': 'False'
[2026-06-12 08:05:04Z INFO CommandSettings] Flag 'version': 'False'
[2026-06-12 08:05:04Z INFO CommandSettings] Flag 'commit': 'False'
[2026-06-12 08:05:04Z INFO CommandSettings] Flag 'check': 'False'
[2026-06-12 08:05:04Z INFO CommandSettings] Command 'configure': 'True'
[2026-06-12 08:05:04Z INFO Terminal] WRITE LINE: 
[2026-06-12 08:05:04Z INFO Terminal] WRITE LINE: --------------------------------------------------------------------------------
[2026-06-12 08:05:04Z INFO Terminal] WRITE LINE: |        ____ _ _   _   _       _          _        _   _                      |
[2026-06-12 08:05:04Z INFO Terminal] WRITE LINE: |       / ___(_) |_| | | |_   _| |__      / \   ___| |_(_) ___  _ __  ___      |
[2026-06-12 08:05:04Z INFO Terminal] WRITE LINE: |      | |  _| | __| |_| | | | | '_ \    / _ \ / __| __| |/ _ \| '_ \/ __|     |
[2026-06-12 08:05:04Z INFO Terminal] WRITE LINE: |      | |_| | | |_|  _  | |_| | |_) |  / ___ \ (__| |_| | (_) | | | \__ \     |
[2026-06-12 08:05:04Z INFO Terminal] WRITE LINE: |       \____|_|\__|_| |_|\__,_|_.__/  /_/   \_\___|\__|_|\___/|_| |_|___/     |
[2026-06-12 08:05:04Z INFO Terminal] WRITE LINE: |                                                                              |
[2026-06-12 08:05:04Z INFO Terminal] WRITE: |                       
[2026-06-12 08:05:04Z INFO Terminal] WRITE: Self-hosted runner registration
[2026-06-12 08:05:04Z INFO Terminal] WRITE LINE:                         |
[2026-06-12 08:05:04Z INFO Terminal] WRITE LINE: |                                                                              |
[2026-06-12 08:05:04Z INFO Terminal] WRITE LINE: --------------------------------------------------------------------------------
[2026-06-12 08:05:04Z INFO ConfigurationManager] ConfigureAsync
[2026-06-12 08:05:04Z INFO CommandSettings] Flag 'generateServiceConfig': 'False'
[2026-06-12 08:05:04Z INFO ConfigurationStore] IsConfigured()
[2026-06-12 08:05:04Z INFO ConfigurationStore] IsConfigured: False
[2026-06-12 08:05:04Z INFO ConfigurationManager] Is configured: False
[2026-06-12 08:05:04Z INFO CommandSettings] Arg 'url': 'https://github.com/Gay-Jeremy/MyRecipe'
[2026-06-12 08:05:04Z INFO CommandSettings] Remove url from Arg dictionary.
[2026-06-12 08:05:04Z INFO CommandSettings] Arg 'token': '***'
[2026-06-12 08:05:04Z INFO CommandSettings] Remove token from Arg dictionary.
[2026-06-12 08:05:04Z INFO ConfigurationManager] Http response code: OK from 'POST https://api.github.com/actions/runner-registration' (1916:24DFB7:4FC405F:4D52F6C:6A2BBDAF)
[2026-06-12 08:05:04Z INFO ConfigurationManager] Using runner-admin flow: False
[2026-06-12 08:05:04Z INFO ConfigurationManager] cred retrieved via GitHub auth
[2026-06-12 08:05:04Z INFO RunnerServer] EstablishVssConnection
[2026-06-12 08:05:04Z INFO RunnerServer] Establish connection with 100 seconds timeout.
[2026-06-12 08:05:04Z INFO GitHubActionsService] Starting operation Location.GetConnectionData
[2026-06-12 08:05:04Z INFO RunnerServer] EstablishVssConnection
[2026-06-12 08:05:04Z INFO RunnerServer] Establish connection with 60 seconds timeout.
[2026-06-12 08:05:04Z INFO GitHubActionsService] Starting operation Location.GetConnectionData
[2026-06-12 08:05:04Z INFO RunnerServer] EstablishVssConnection
[2026-06-12 08:05:04Z INFO RunnerServer] Establish connection with 60 seconds timeout.
[2026-06-12 08:05:04Z INFO GitHubActionsService] Starting operation Location.GetConnectionData
[2026-06-12 08:05:06Z INFO GitHubActionsService] Finished operation Location.GetConnectionData
[2026-06-12 08:05:06Z INFO GitHubActionsService] Finished operation Location.GetConnectionData
[2026-06-12 08:05:06Z INFO GitHubActionsService] Finished operation Location.GetConnectionData
[2026-06-12 08:05:06Z INFO Terminal] WRITE LINE: 
[2026-06-12 08:05:06Z INFO ConfigurationManager] Test Connection complete.
[2026-06-12 08:05:06Z INFO HostContext] Well known directory 'Bin': 'C:\Users\Stagiaire\Desktop\COURS\DevOps\MyRecipeAPI\actions-runner\bin'
[2026-06-12 08:05:06Z INFO HostContext] Well known directory 'Root': 'C:\Users\Stagiaire\Desktop\COURS\DevOps\MyRecipeAPI\actions-runner'
[2026-06-12 08:05:06Z INFO HostContext] Well known config file 'RSACredentials': 'C:\Users\Stagiaire\Desktop\COURS\DevOps\MyRecipeAPI\actions-runner\.credentials_rsaparams'
[2026-06-12 08:05:06Z INFO RSAEncryptedFileKeyManager] Creating new RSA key using 2048-bit key length
[2026-06-12 08:05:06Z INFO RSAEncryptedFileKeyManager] Successfully saved RSA key parameters to file C:\Users\Stagiaire\Desktop\COURS\DevOps\MyRecipeAPI\actions-runner\.credentials_rsaparams
[2026-06-12 08:05:06Z INFO CommandSettings] Arg 'runnergroup': ''
[2026-06-12 08:05:06Z INFO CommandSettings] Flag 'unattended': 'False'
[2026-06-12 08:05:06Z INFO PromptManager] ReadValue
[2026-06-12 08:05:06Z INFO Terminal] WRITE: Enter the name of the runner group to add this runner to: 
[2026-06-12 08:05:06Z INFO Terminal] WRITE: [press Enter for Default] 
[2026-06-12 08:05:06Z INFO Terminal] READ LINE
