[2026-06-12 09:25:17Z INFO HostContext] No proxy settings were found based on environmental variables (http_proxy/https_proxy/HTTP_PROXY/HTTPS_PROXY)
[2026-06-12 09:25:17Z INFO HostContext] Well known directory 'Bin': 'C:\Users\Stagiaire\Desktop\COURS\DevOps\MyRecipeAPI\actions-runner\bin'
[2026-06-12 09:25:17Z INFO HostContext] Well known directory 'Root': 'C:\Users\Stagiaire\Desktop\COURS\DevOps\MyRecipeAPI\actions-runner'
[2026-06-12 09:25:17Z INFO HostContext] Well known config file 'Credentials': 'C:\Users\Stagiaire\Desktop\COURS\DevOps\MyRecipeAPI\actions-runner\.credentials'
[2026-06-12 09:25:17Z INFO HostContext] Well known directory 'Bin': 'C:\Users\Stagiaire\Desktop\COURS\DevOps\MyRecipeAPI\actions-runner\bin'
[2026-06-12 09:25:17Z INFO HostContext] Well known directory 'Root': 'C:\Users\Stagiaire\Desktop\COURS\DevOps\MyRecipeAPI\actions-runner'
[2026-06-12 09:25:17Z INFO HostContext] Well known config file 'Runner': 'C:\Users\Stagiaire\Desktop\COURS\DevOps\MyRecipeAPI\actions-runner\.runner'
[2026-06-12 09:25:17Z INFO Listener] Runner is built for Windows (X64) - win-x64.
[2026-06-12 09:25:17Z INFO Listener] RuntimeInformation: Microsoft Windows 10.0.26200.
[2026-06-12 09:25:17Z INFO Listener] Version: 2.335.1
[2026-06-12 09:25:17Z INFO Listener] Commit: 7d737449ef346f6524f75688d0c9c95fa10ba10a
[2026-06-12 09:25:17Z INFO Listener] Culture: fr-FR
[2026-06-12 09:25:17Z INFO Listener] UI Culture: fr-FR
[2026-06-12 09:25:17Z INFO HostContext] Well known directory 'Bin': 'C:\Users\Stagiaire\Desktop\COURS\DevOps\MyRecipeAPI\actions-runner\bin'
[2026-06-12 09:25:17Z INFO HostContext] Well known directory 'Root': 'C:\Users\Stagiaire\Desktop\COURS\DevOps\MyRecipeAPI\actions-runner'
[2026-06-12 09:25:17Z INFO Listener] Validating directory permissions for: 'C:\Users\Stagiaire\Desktop\COURS\DevOps\MyRecipeAPI\actions-runner'
[2026-06-12 09:25:17Z INFO CommandLineParser] Parse
[2026-06-12 09:25:17Z INFO CommandLineParser] Parsing 1 args
[2026-06-12 09:25:17Z INFO CommandLineParser] parsing argument
[2026-06-12 09:25:17Z INFO CommandLineParser] HasArgs: False
[2026-06-12 09:25:17Z INFO CommandLineParser] Adding Command: run
[2026-06-12 09:25:17Z INFO Listener] Arguments parsed
[2026-06-12 09:25:17Z INFO Runner] ExecuteCommand
[2026-06-12 09:25:17Z INFO ConfigurationStore] currentAssemblyLocation: C:\Users\Stagiaire\Desktop\COURS\DevOps\MyRecipeAPI\actions-runner\bin\Runner.Listener.dll
[2026-06-12 09:25:17Z INFO HostContext] Well known directory 'Bin': 'C:\Users\Stagiaire\Desktop\COURS\DevOps\MyRecipeAPI\actions-runner\bin'
[2026-06-12 09:25:17Z INFO ConfigurationStore] binPath: C:\Users\Stagiaire\Desktop\COURS\DevOps\MyRecipeAPI\actions-runner\bin
[2026-06-12 09:25:17Z INFO HostContext] Well known directory 'Bin': 'C:\Users\Stagiaire\Desktop\COURS\DevOps\MyRecipeAPI\actions-runner\bin'
[2026-06-12 09:25:17Z INFO HostContext] Well known directory 'Root': 'C:\Users\Stagiaire\Desktop\COURS\DevOps\MyRecipeAPI\actions-runner'
[2026-06-12 09:25:17Z INFO ConfigurationStore] RootFolder: C:\Users\Stagiaire\Desktop\COURS\DevOps\MyRecipeAPI\actions-runner
[2026-06-12 09:25:17Z INFO HostContext] Well known directory 'Bin': 'C:\Users\Stagiaire\Desktop\COURS\DevOps\MyRecipeAPI\actions-runner\bin'
[2026-06-12 09:25:17Z INFO HostContext] Well known directory 'Root': 'C:\Users\Stagiaire\Desktop\COURS\DevOps\MyRecipeAPI\actions-runner'
[2026-06-12 09:25:17Z INFO HostContext] Well known config file 'Runner': 'C:\Users\Stagiaire\Desktop\COURS\DevOps\MyRecipeAPI\actions-runner\.runner'
[2026-06-12 09:25:17Z INFO ConfigurationStore] ConfigFilePath: C:\Users\Stagiaire\Desktop\COURS\DevOps\MyRecipeAPI\actions-runner\.runner
[2026-06-12 09:25:17Z INFO HostContext] Well known directory 'Bin': 'C:\Users\Stagiaire\Desktop\COURS\DevOps\MyRecipeAPI\actions-runner\bin'
[2026-06-12 09:25:17Z INFO HostContext] Well known directory 'Root': 'C:\Users\Stagiaire\Desktop\COURS\DevOps\MyRecipeAPI\actions-runner'
[2026-06-12 09:25:17Z INFO HostContext] Well known config file 'MigratedRunner': 'C:\Users\Stagiaire\Desktop\COURS\DevOps\MyRecipeAPI\actions-runner\.runner_migrated'
[2026-06-12 09:25:17Z INFO ConfigurationStore] MigratedConfigFilePath: C:\Users\Stagiaire\Desktop\COURS\DevOps\MyRecipeAPI\actions-runner\.runner_migrated
[2026-06-12 09:25:17Z INFO HostContext] Well known directory 'Bin': 'C:\Users\Stagiaire\Desktop\COURS\DevOps\MyRecipeAPI\actions-runner\bin'
[2026-06-12 09:25:17Z INFO HostContext] Well known directory 'Root': 'C:\Users\Stagiaire\Desktop\COURS\DevOps\MyRecipeAPI\actions-runner'
[2026-06-12 09:25:17Z INFO HostContext] Well known config file 'Credentials': 'C:\Users\Stagiaire\Desktop\COURS\DevOps\MyRecipeAPI\actions-runner\.credentials'
[2026-06-12 09:25:17Z INFO ConfigurationStore] CredFilePath: C:\Users\Stagiaire\Desktop\COURS\DevOps\MyRecipeAPI\actions-runner\.credentials
[2026-06-12 09:25:17Z INFO HostContext] Well known directory 'Bin': 'C:\Users\Stagiaire\Desktop\COURS\DevOps\MyRecipeAPI\actions-runner\bin'
[2026-06-12 09:25:17Z INFO HostContext] Well known directory 'Root': 'C:\Users\Stagiaire\Desktop\COURS\DevOps\MyRecipeAPI\actions-runner'
[2026-06-12 09:25:17Z INFO HostContext] Well known config file 'MigratedCredentials': 'C:\Users\Stagiaire\Desktop\COURS\DevOps\MyRecipeAPI\actions-runner\.credentials_migrated'
[2026-06-12 09:25:17Z INFO ConfigurationStore] MigratedCredFilePath: C:\Users\Stagiaire\Desktop\COURS\DevOps\MyRecipeAPI\actions-runner\.credentials_migrated
[2026-06-12 09:25:17Z INFO HostContext] Well known directory 'Bin': 'C:\Users\Stagiaire\Desktop\COURS\DevOps\MyRecipeAPI\actions-runner\bin'
[2026-06-12 09:25:17Z INFO HostContext] Well known directory 'Root': 'C:\Users\Stagiaire\Desktop\COURS\DevOps\MyRecipeAPI\actions-runner'
[2026-06-12 09:25:17Z INFO HostContext] Well known config file 'Service': 'C:\Users\Stagiaire\Desktop\COURS\DevOps\MyRecipeAPI\actions-runner\.service'
[2026-06-12 09:25:17Z INFO ConfigurationStore] ServiceConfigFilePath: C:\Users\Stagiaire\Desktop\COURS\DevOps\MyRecipeAPI\actions-runner\.service
[2026-06-12 09:25:17Z INFO CommandSettings] Flag 'help': 'False'
[2026-06-12 09:25:17Z INFO CommandSettings] Flag 'version': 'False'
[2026-06-12 09:25:17Z INFO CommandSettings] Flag 'commit': 'False'
[2026-06-12 09:25:17Z INFO CommandSettings] Flag 'check': 'False'
[2026-06-12 09:25:17Z INFO CommandSettings] Command 'configure': 'False'
[2026-06-12 09:25:17Z INFO CommandSettings] Command 'remove': 'False'
[2026-06-12 09:25:17Z INFO CommandSettings] Command 'warmup': 'False'
[2026-06-12 09:25:17Z INFO ConfigurationManager] LoadSettings
[2026-06-12 09:25:17Z INFO ConfigurationStore] IsConfigured()
[2026-06-12 09:25:17Z INFO ConfigurationStore] IsConfigured: True
[2026-06-12 09:25:17Z INFO ConfigurationManager] Is configured: True
[2026-06-12 09:25:17Z INFO ConfigurationStore] Read setting file: 393 chars
[2026-06-12 09:25:17Z INFO ConfigurationManager] Settings Loaded
[2026-06-12 09:25:17Z INFO ConfigurationStore] IsServiceConfigured()
[2026-06-12 09:25:17Z INFO ConfigurationStore] IsServiceConfigured: False
[2026-06-12 09:25:17Z INFO CommandSettings] Command 'run': 'True'
[2026-06-12 09:25:17Z INFO ConfigurationStore] IsConfigured()
[2026-06-12 09:25:17Z INFO ConfigurationStore] IsConfigured: True
[2026-06-12 09:25:17Z INFO ConfigurationManager] Is configured: True
[2026-06-12 09:25:17Z INFO Runner] Could not parse the argument value '' for StartupType. Defaulting to Manual
[2026-06-12 09:25:17Z INFO Runner] Set runner startup type - Manual
[2026-06-12 09:25:17Z INFO CommandSettings] Flag 'once': 'False'
[2026-06-12 09:25:17Z INFO CommandSettings] Flag 'once': 'False'
[2026-06-12 09:25:17Z INFO Runner] RunAsync
[2026-06-12 09:25:17Z INFO HostContext] Well known directory 'Bin': 'C:\Users\Stagiaire\Desktop\COURS\DevOps\MyRecipeAPI\actions-runner\bin'
[2026-06-12 09:25:17Z INFO HostContext] Well known directory 'Root': 'C:\Users\Stagiaire\Desktop\COURS\DevOps\MyRecipeAPI\actions-runner'
[2026-06-12 09:25:17Z INFO HostContext] Well known directory 'Work': 'C:\Users\Stagiaire\Desktop\COURS\DevOps\MyRecipeAPI\actions-runner\_work'
[2026-06-12 09:25:17Z INFO Runner] Validating directory permissions for: 'C:\Users\Stagiaire\Desktop\COURS\DevOps\MyRecipeAPI\actions-runner\_work'
[2026-06-12 09:25:17Z INFO ConfigurationManager] LoadMigratedSettings
[2026-06-12 09:25:17Z INFO ConfigurationStore] IsMigratedConfigured()
[2026-06-12 09:25:17Z INFO ConfigurationStore] IsMigratedConfigured: False
[2026-06-12 09:25:17Z INFO Runner] Failed to load migrated settings: No migrated configuration found.
[2026-06-12 09:25:17Z INFO Runner] Falling back to original .runner settings
[2026-06-12 09:25:17Z INFO Runner] Using BrokerMessageListener
[2026-06-12 09:25:17Z INFO BrokerMessageListener] Using provided settings
[2026-06-12 09:25:17Z INFO BrokerMessageListener] {
  "AgentId": 21,
  "AgentName": "POR-MNS-65",
  "PoolId": 1,
  "PoolName": "Default",
  "ServerUrl": "https://pipelinesghubeus2.actions.githubusercontent.com/J9DCYFF3b0O1h2nG0zzJnZOmvzeHgyLYgi5lVEfFBAJLzAGoXq/",
  "GitHubUrl": "https://github.com/Gay-Jeremy/MyRecipe",
  "WorkFolder": "_work",
  "UseV2Flow": true,
  "ServerUrlV2": "https://broker.actions.githubusercontent.com/"
}
[2026-06-12 09:25:17Z INFO BrokerMessageListener] Loading Credentials
[2026-06-12 09:25:17Z INFO ConfigurationStore] HasCredentials()
[2026-06-12 09:25:17Z INFO ConfigurationStore] stored True
[2026-06-12 09:25:17Z INFO CredentialManager] GetCredentialProvider
[2026-06-12 09:25:17Z INFO CredentialManager] Creating type OAuth
[2026-06-12 09:25:17Z INFO CredentialManager] Creating credential type: OAuth
[2026-06-12 09:25:17Z INFO HostContext] Well known directory 'Bin': 'C:\Users\Stagiaire\Desktop\COURS\DevOps\MyRecipeAPI\actions-runner\bin'
[2026-06-12 09:25:17Z INFO HostContext] Well known directory 'Root': 'C:\Users\Stagiaire\Desktop\COURS\DevOps\MyRecipeAPI\actions-runner'
[2026-06-12 09:25:17Z INFO HostContext] Well known config file 'RSACredentials': 'C:\Users\Stagiaire\Desktop\COURS\DevOps\MyRecipeAPI\actions-runner\.credentials_rsaparams'
[2026-06-12 09:25:17Z INFO RSAEncryptedFileKeyManager] Loading RSA key parameters from file C:\Users\Stagiaire\Desktop\COURS\DevOps\MyRecipeAPI\actions-runner\.credentials_rsaparams
[2026-06-12 09:25:17Z INFO BrokerMessageListener] Attempt to create session.
[2026-06-12 09:25:17Z INFO BrokerMessageListener] Connecting to the Broker Server...
[2026-06-12 09:25:17Z INFO ConfigurationStore] HasCredentials()
[2026-06-12 09:25:17Z INFO ConfigurationStore] stored True
[2026-06-12 09:25:17Z INFO CredentialManager] GetCredentialProvider
[2026-06-12 09:25:17Z INFO CredentialManager] Creating type OAuth
[2026-06-12 09:25:17Z INFO CredentialManager] Creating credential type: OAuth
[2026-06-12 09:25:17Z INFO RSAEncryptedFileKeyManager] Loading RSA key parameters from file C:\Users\Stagiaire\Desktop\COURS\DevOps\MyRecipeAPI\actions-runner\.credentials_rsaparams
[2026-06-12 09:25:17Z INFO BrokerMessageListener] VssConnection created
[2026-06-12 09:25:17Z INFO BrokerMessageListener] Connecting to the Runner server...
[2026-06-12 09:25:17Z INFO RunnerServer] EstablishVssConnection
[2026-06-12 09:25:17Z INFO RunnerServer] Establish connection with 100 seconds timeout.
[2026-06-12 09:25:17Z INFO GitHubActionsService] Starting operation Location.GetConnectionData
[2026-06-12 09:25:17Z INFO RunnerServer] EstablishVssConnection
[2026-06-12 09:25:17Z INFO RunnerServer] Establish connection with 60 seconds timeout.
[2026-06-12 09:25:17Z INFO GitHubActionsService] Starting operation Location.GetConnectionData
[2026-06-12 09:25:17Z INFO RunnerServer] EstablishVssConnection
[2026-06-12 09:25:17Z INFO RunnerServer] Establish connection with 60 seconds timeout.
[2026-06-12 09:25:17Z INFO GitHubActionsService] Starting operation Location.GetConnectionData
[2026-06-12 09:25:18Z INFO GitHubActionsService] Finished operation Location.GetConnectionData
[2026-06-12 09:25:18Z INFO GitHubActionsService] Finished operation Location.GetConnectionData
[2026-06-12 09:25:18Z INFO GitHubActionsService] Finished operation Location.GetConnectionData
[2026-06-12 09:25:18Z INFO BrokerMessageListener] VssConnection created
[2026-06-12 09:25:18Z INFO Terminal] WRITE LINE: 
[2026-06-12 09:25:18Z INFO Terminal] WRITE LINE: 
[2026-06-12 09:25:18Z INFO RSAEncryptedFileKeyManager] Loading RSA key parameters from file C:\Users\Stagiaire\Desktop\COURS\DevOps\MyRecipeAPI\actions-runner\.credentials_rsaparams
[2026-06-12 09:25:18Z INFO RSAEncryptedFileKeyManager] Loading RSA key parameters from file C:\Users\Stagiaire\Desktop\COURS\DevOps\MyRecipeAPI\actions-runner\.credentials_rsaparams
[2026-06-12 09:25:19Z INFO GitHubActionsService] AAD Correlation ID for this token request: Unknown
[2026-06-12 09:25:19Z INFO BrokerMessageListener] Session created.
[2026-06-12 09:25:19Z INFO Terminal] WRITE LINE: Current runner version: '2.335.1'
[2026-06-12 09:25:19Z INFO Terminal] WRITE LINE: 2026-06-12 09:25:19Z: Listening for Jobs
[2026-06-12 09:25:19Z INFO JobDispatcher] Set runner/worker IPC timeout to 30 seconds.
[2026-06-12 09:25:20Z INFO BrokerMessageListener] Acknowledging runner request '92b795f4-4014-5f87-bf08-f025249830bf'.
[2026-06-12 09:25:20Z INFO ConfigurationStore] HasCredentials()
[2026-06-12 09:25:20Z INFO ConfigurationStore] stored True
[2026-06-12 09:25:20Z INFO CredentialManager] GetCredentialProvider
[2026-06-12 09:25:20Z INFO CredentialManager] Creating type OAuth
[2026-06-12 09:25:20Z INFO CredentialManager] Creating credential type: OAuth
[2026-06-12 09:25:20Z INFO RSAEncryptedFileKeyManager] Loading RSA key parameters from file C:\Users\Stagiaire\Desktop\COURS\DevOps\MyRecipeAPI\actions-runner\.credentials_rsaparams
[2026-06-12 09:25:20Z INFO RSAEncryptedFileKeyManager] Loading RSA key parameters from file C:\Users\Stagiaire\Desktop\COURS\DevOps\MyRecipeAPI\actions-runner\.credentials_rsaparams
[2026-06-12 09:25:20Z INFO RSAEncryptedFileKeyManager] Loading RSA key parameters from file C:\Users\Stagiaire\Desktop\COURS\DevOps\MyRecipeAPI\actions-runner\.credentials_rsaparams
[2026-06-12 09:25:20Z INFO GitHubActionsService] AAD Correlation ID for this token request: Unknown
[2026-06-12 09:25:22Z INFO JobDispatcher] Job request 0 for plan 6367a0bf-4a03-489e-823a-322370e763af job 92b795f4-4014-5f87-bf08-f025249830bf received.
[2026-06-12 09:25:22Z INFO JobDispatcher] Pull OrchestrationId 6367a0bf-4a03-489e-823a-322370e763af.deploy.__default from JWT claims
[2026-06-12 09:25:22Z INFO BrokerMessageListener] Received job status event. JobState: Busy
[2026-06-12 09:25:22Z INFO BrokerMessageListener] _getMessagesTokenSource is already disposed.
[2026-06-12 09:25:22Z INFO Terminal] WRITE LINE: 2026-06-12 09:25:22Z: Running job: deploy
[2026-06-12 09:25:22Z INFO JobDispatcher] Start renew job request 0 for job 92b795f4-4014-5f87-bf08-f025249830bf.
[2026-06-12 09:25:22Z INFO JobDispatcher] Successfully renew job 92b795f4-4014-5f87-bf08-f025249830bf, job is valid till 12/06/2026 09:35:21
[2026-06-12 09:25:22Z INFO HostContext] Well known directory 'Bin': 'C:\Users\Stagiaire\Desktop\COURS\DevOps\MyRecipeAPI\actions-runner\bin'
[2026-06-12 09:25:22Z INFO ProcessInvokerWrapper] Starting process:
[2026-06-12 09:25:22Z INFO ProcessInvokerWrapper]   File name: 'C:\Users\Stagiaire\Desktop\COURS\DevOps\MyRecipeAPI\actions-runner\bin\Runner.Worker.exe'
[2026-06-12 09:25:22Z INFO ProcessInvokerWrapper]   Arguments: 'spawnclient 2280 2320'
[2026-06-12 09:25:22Z INFO ProcessInvokerWrapper]   Working directory: 'C:\Users\Stagiaire\Desktop\COURS\DevOps\MyRecipeAPI\actions-runner\bin'
[2026-06-12 09:25:22Z INFO ProcessInvokerWrapper]   Require exit code zero: 'False'
[2026-06-12 09:25:22Z INFO ProcessInvokerWrapper]   Encoding web name:  ; code page: ''
[2026-06-12 09:25:22Z INFO ProcessInvokerWrapper]   Force kill process on cancellation: 'True'
[2026-06-12 09:25:22Z INFO ProcessInvokerWrapper]   Redirected STDIN: 'False'
[2026-06-12 09:25:22Z INFO ProcessInvokerWrapper]   Persist current code page: 'False'
[2026-06-12 09:25:22Z INFO ProcessInvokerWrapper]   Keep redirected STDIN open: 'False'
[2026-06-12 09:25:22Z INFO ProcessInvokerWrapper]   High priority process: 'True'
[2026-06-12 09:25:22Z INFO ProcessInvokerWrapper] Process started with process id 10368, waiting for process exit.
[2026-06-12 09:25:22Z INFO JobDispatcher] Send job request message to worker for job 92b795f4-4014-5f87-bf08-f025249830bf.
[2026-06-12 09:25:22Z INFO ProcessChannel] Sending message of length 22841, with hash 'acd9cdd9c55187217519b528353e9eb380c80c4dea181088a53844dc4362890e'
[2026-06-12 09:25:22Z INFO JobNotification] Entering JobStarted Notification
[2026-06-12 09:25:22Z INFO JobNotification] Entering StartMonitor
[2026-06-12 09:25:28Z INFO ProcessInvokerWrapper] STDOUT/STDERR stream read finished.
[2026-06-12 09:25:28Z INFO ProcessInvokerWrapper] STDOUT/STDERR stream read finished.
[2026-06-12 09:25:28Z INFO ProcessInvokerWrapper] Finished process 10368 with exit code 102, and elapsed time 00:00:06.2546296.
[2026-06-12 09:25:28Z INFO JobDispatcher] Worker finished for job 92b795f4-4014-5f87-bf08-f025249830bf. Code: 102
[2026-06-12 09:25:28Z INFO JobDispatcher] finish job request for job 92b795f4-4014-5f87-bf08-f025249830bf with result: Failed
[2026-06-12 09:25:28Z INFO Terminal] WRITE LINE: 2026-06-12 09:25:28Z: Job deploy completed with result: Failed
[2026-06-12 09:25:28Z INFO JobDispatcher] Stop renew job request for job 92b795f4-4014-5f87-bf08-f025249830bf.
[2026-06-12 09:25:28Z INFO JobDispatcher] job renew has been cancelled, stop renew job 92b795f4-4014-5f87-bf08-f025249830bf.
[2026-06-12 09:25:28Z INFO JobNotification] Entering JobCompleted Notification
[2026-06-12 09:25:28Z INFO JobNotification] Entering EndMonitor
[2026-06-12 09:25:28Z INFO BrokerMessageListener] Received job status event. JobState: Online
[2026-06-12 09:25:28Z WARN GitHubActionsService] GET request to https://broker.actions.githubusercontent.com/message?sessionId=795b9510-74c1-4945-92f8-a26f87f418ac&status=Busy&runnerVersion=2.335.1&os=Windows&architecture=X64&disableUpdate=false has been cancelled.
[2026-06-12 09:25:28Z ERR  BrokerServer] Catch exception during request
[2026-06-12 09:25:28Z ERR  BrokerServer] System.Threading.Tasks.TaskCanceledException: The operation was canceled.
 ---> System.Threading.Tasks.TaskCanceledException: The operation was canceled.
 ---> System.IO.IOException: Unable to read data from the transport connection: L’opération d’entrée/sortie a été abandonnée en raison de l’arrêt d’un thread ou à la demande d’une application..
 ---> System.Net.Sockets.SocketException (995): L’opération d’entrée/sortie a été abandonnée en raison de l’arrêt d’un thread ou à la demande d’une application.
   --- End of inner exception stack trace ---
   at System.Net.Sockets.Socket.AwaitableSocketAsyncEventArgs.ThrowException(SocketError error, CancellationToken cancellationToken)
   at System.Net.Sockets.Socket.AwaitableSocketAsyncEventArgs.System.Threading.Tasks.Sources.IValueTaskSource<System.Int32>.GetResult(Int16 token)
   at System.Net.Security.SslStream.EnsureFullTlsFrameAsync[TIOAdapter](CancellationToken cancellationToken, Int32 estimatedSize)
   at System.Runtime.CompilerServices.PoolingAsyncValueTaskMethodBuilder`1.StateMachineBox`1.System.Threading.Tasks.Sources.IValueTaskSource<TResult>.GetResult(Int16 token)
   at System.Net.Security.SslStream.ReadAsyncInternal[TIOAdapter](Memory`1 buffer, CancellationToken cancellationToken)
   at System.Runtime.CompilerServices.PoolingAsyncValueTaskMethodBuilder`1.StateMachineBox`1.System.Threading.Tasks.Sources.IValueTaskSource<TResult>.GetResult(Int16 token)
   at System.Net.Http.HttpConnection.SendAsync(HttpRequestMessage request, Boolean async, CancellationToken cancellationToken)
   --- End of inner exception stack trace ---
   at System.Net.Http.HttpConnection.SendAsync(HttpRequestMessage request, Boolean async, CancellationToken cancellationToken)
   at System.Net.Http.AuthenticationHelper.SendWithNtAuthAsync(HttpRequestMessage request, Uri authUri, Boolean async, ICredentials credentials, Boolean isProxyAuth, HttpConnection connection, HttpConnectionPool connectionPool, CancellationToken cancellationToken)
   at System.Net.Http.HttpConnectionPool.SendWithVersionDetectionAndRetryAsync(HttpRequestMessage request, Boolean async, Boolean doRequestAuth, CancellationToken cancellationToken)
   at System.Net.Http.AuthenticationHelper.SendWithAuthAsync(HttpRequestMessage request, Uri authUri, Boolean async, ICredentials credentials, Boolean preAuthenticate, Boolean isProxyAuth, Boolean doRequestAuth, HttpConnectionPool pool, CancellationToken cancellationToken)
   at System.Net.Http.RedirectHandler.SendAsync(HttpRequestMessage request, Boolean async, CancellationToken cancellationToken)
   at GitHub.Services.Common.RawHttpMessageHandler.SendAsync(HttpRequestMessage request, CancellationToken cancellationToken)
   at GitHub.Services.Common.VssHttpRetryMessageHandler.SendAsync(HttpRequestMessage request, CancellationToken cancellationToken)
   at System.Net.Http.HttpClient.<SendAsync>g__Core|83_0(HttpRequestMessage request, HttpCompletionOption completionOption, CancellationTokenSource cts, Boolean disposeCts, CancellationTokenSource pendingRequestsCts, CancellationToken originalCancellationToken)
   --- End of inner exception stack trace ---
   at System.Net.Http.HttpClient.HandleFailure(Exception e, Boolean telemetryStarted, HttpResponseMessage response, CancellationTokenSource cts, CancellationToken cancellationToken, CancellationTokenSource pendingRequestsCts)
   at System.Net.Http.HttpClient.<SendAsync>g__Core|83_0(HttpRequestMessage request, HttpCompletionOption completionOption, CancellationTokenSource cts, Boolean disposeCts, CancellationTokenSource pendingRequestsCts, CancellationToken originalCancellationToken)
   at Sdk.WebApi.WebApi.RawHttpClientBase.SendAsync(HttpRequestMessage message, HttpCompletionOption completionOption, Object userState, CancellationToken cancellationToken)
   at Sdk.WebApi.WebApi.RawHttpClientBase.SendAsync[T](HttpRequestMessage message, Boolean readErrorBody, Object userState, CancellationToken cancellationToken)
   at Sdk.WebApi.WebApi.RawHttpClientBase.SendAsync[T](HttpMethod method, IEnumerable`1 additionalHeaders, Uri requestUri, HttpContent content, IEnumerable`1 queryParameters, Boolean readErrorBody, Object userState, CancellationToken cancellationToken)
   at GitHub.Actions.RunService.WebApi.BrokerHttpClient.GetRunnerMessageAsync(Nullable`1 sessionId, String runnerVersion, Nullable`1 status, String os, String architecture, Nullable`1 disableUpdate, CancellationToken cancellationToken)
   at GitHub.Runner.Common.BrokerServer.<>c__DisplayClass7_0.<<GetRunnerMessageAsync>b__0>d.MoveNext()
--- End of stack trace from previous location ---
   at GitHub.Runner.Common.RunnerService.RetryRequest[T](Func`1 func, CancellationToken cancellationToken, Int32 maxAttempts, Func`2 shouldRetry)
[2026-06-12 09:25:28Z ERR  BrokerServer] #####################################################
[2026-06-12 09:25:28Z ERR  BrokerServer] System.Threading.Tasks.TaskCanceledException: The operation was canceled.
 ---> System.IO.IOException: Unable to read data from the transport connection: L’opération d’entrée/sortie a été abandonnée en raison de l’arrêt d’un thread ou à la demande d’une application..
 ---> System.Net.Sockets.SocketException (995): L’opération d’entrée/sortie a été abandonnée en raison de l’arrêt d’un thread ou à la demande d’une application.
   --- End of inner exception stack trace ---
   at System.Net.Sockets.Socket.AwaitableSocketAsyncEventArgs.ThrowException(SocketError error, CancellationToken cancellationToken)
   at System.Net.Sockets.Socket.AwaitableSocketAsyncEventArgs.System.Threading.Tasks.Sources.IValueTaskSource<System.Int32>.GetResult(Int16 token)
   at System.Net.Security.SslStream.EnsureFullTlsFrameAsync[TIOAdapter](CancellationToken cancellationToken, Int32 estimatedSize)
   at System.Runtime.CompilerServices.PoolingAsyncValueTaskMethodBuilder`1.StateMachineBox`1.System.Threading.Tasks.Sources.IValueTaskSource<TResult>.GetResult(Int16 token)
   at System.Net.Security.SslStream.ReadAsyncInternal[TIOAdapter](Memory`1 buffer, CancellationToken cancellationToken)
   at System.Runtime.CompilerServices.PoolingAsyncValueTaskMethodBuilder`1.StateMachineBox`1.System.Threading.Tasks.Sources.IValueTaskSource<TResult>.GetResult(Int16 token)
   at System.Net.Http.HttpConnection.SendAsync(HttpRequestMessage request, Boolean async, CancellationToken cancellationToken)
   --- End of inner exception stack trace ---
   at System.Net.Http.HttpConnection.SendAsync(HttpRequestMessage request, Boolean async, CancellationToken cancellationToken)
   at System.Net.Http.AuthenticationHelper.SendWithNtAuthAsync(HttpRequestMessage request, Uri authUri, Boolean async, ICredentials credentials, Boolean isProxyAuth, HttpConnection connection, HttpConnectionPool connectionPool, CancellationToken cancellationToken)
   at System.Net.Http.HttpConnectionPool.SendWithVersionDetectionAndRetryAsync(HttpRequestMessage request, Boolean async, Boolean doRequestAuth, CancellationToken cancellationToken)
   at System.Net.Http.AuthenticationHelper.SendWithAuthAsync(HttpRequestMessage request, Uri authUri, Boolean async, ICredentials credentials, Boolean preAuthenticate, Boolean isProxyAuth, Boolean doRequestAuth, HttpConnectionPool pool, CancellationToken cancellationToken)
   at System.Net.Http.RedirectHandler.SendAsync(HttpRequestMessage request, Boolean async, CancellationToken cancellationToken)
   at GitHub.Services.Common.RawHttpMessageHandler.SendAsync(HttpRequestMessage request, CancellationToken cancellationToken)
   at GitHub.Services.Common.VssHttpRetryMessageHandler.SendAsync(HttpRequestMessage request, CancellationToken cancellationToken)
   at System.Net.Http.HttpClient.<SendAsync>g__Core|83_0(HttpRequestMessage request, HttpCompletionOption completionOption, CancellationTokenSource cts, Boolean disposeCts, CancellationTokenSource pendingRequestsCts, CancellationToken originalCancellationToken)
[2026-06-12 09:25:28Z ERR  BrokerServer] #####################################################
[2026-06-12 09:25:28Z ERR  BrokerServer] System.IO.IOException: Unable to read data from the transport connection: L’opération d’entrée/sortie a été abandonnée en raison de l’arrêt d’un thread ou à la demande d’une application..
 ---> System.Net.Sockets.SocketException (995): L’opération d’entrée/sortie a été abandonnée en raison de l’arrêt d’un thread ou à la demande d’une application.
   --- End of inner exception stack trace ---
   at System.Net.Sockets.Socket.AwaitableSocketAsyncEventArgs.ThrowException(SocketError error, CancellationToken cancellationToken)
   at System.Net.Sockets.Socket.AwaitableSocketAsyncEventArgs.System.Threading.Tasks.Sources.IValueTaskSource<System.Int32>.GetResult(Int16 token)
   at System.Net.Security.SslStream.EnsureFullTlsFrameAsync[TIOAdapter](CancellationToken cancellationToken, Int32 estimatedSize)
   at System.Runtime.CompilerServices.PoolingAsyncValueTaskMethodBuilder`1.StateMachineBox`1.System.Threading.Tasks.Sources.IValueTaskSource<TResult>.GetResult(Int16 token)
   at System.Net.Security.SslStream.ReadAsyncInternal[TIOAdapter](Memory`1 buffer, CancellationToken cancellationToken)
   at System.Runtime.CompilerServices.PoolingAsyncValueTaskMethodBuilder`1.StateMachineBox`1.System.Threading.Tasks.Sources.IValueTaskSource<TResult>.GetResult(Int16 token)
   at System.Net.Http.HttpConnection.SendAsync(HttpRequestMessage request, Boolean async, CancellationToken cancellationToken)
[2026-06-12 09:25:28Z ERR  BrokerServer] #####################################################
[2026-06-12 09:25:28Z ERR  BrokerServer] System.Net.Sockets.SocketException (995): L’opération d’entrée/sortie a été abandonnée en raison de l’arrêt d’un thread ou à la demande d’une application.
[2026-06-12 09:25:28Z WARN BrokerServer] Back off 10,402 seconds before next retry. 4 attempt left.
[2026-06-12 09:25:28Z INFO BrokerMessageListener] Get messages has been cancelled using local token source. Continue to get messages with new status.
[2026-06-12 09:28:40Z INFO BrokerMessageListener] Acknowledging runner request 'f5b2072a-18e9-5ce3-b571-bcbf39f1305b'.
[2026-06-12 09:28:40Z INFO ConfigurationStore] HasCredentials()
[2026-06-12 09:28:40Z INFO ConfigurationStore] stored True
[2026-06-12 09:28:40Z INFO CredentialManager] GetCredentialProvider
[2026-06-12 09:28:40Z INFO CredentialManager] Creating type OAuth
[2026-06-12 09:28:40Z INFO CredentialManager] Creating credential type: OAuth
[2026-06-12 09:28:40Z INFO RSAEncryptedFileKeyManager] Loading RSA key parameters from file C:\Users\Stagiaire\Desktop\COURS\DevOps\MyRecipeAPI\actions-runner\.credentials_rsaparams
[2026-06-12 09:28:40Z INFO RSAEncryptedFileKeyManager] Loading RSA key parameters from file C:\Users\Stagiaire\Desktop\COURS\DevOps\MyRecipeAPI\actions-runner\.credentials_rsaparams
[2026-06-12 09:28:40Z INFO RSAEncryptedFileKeyManager] Loading RSA key parameters from file C:\Users\Stagiaire\Desktop\COURS\DevOps\MyRecipeAPI\actions-runner\.credentials_rsaparams
[2026-06-12 09:28:41Z INFO GitHubActionsService] AAD Correlation ID for this token request: Unknown
[2026-06-12 09:28:42Z INFO JobDispatcher] Job request 0 for plan 051ccf13-8612-4b8f-8c27-cce3398ea524 job f5b2072a-18e9-5ce3-b571-bcbf39f1305b received.
[2026-06-12 09:28:42Z INFO JobDispatcher] Pull OrchestrationId 051ccf13-8612-4b8f-8c27-cce3398ea524.deploy.__default from JWT claims
[2026-06-12 09:28:42Z INFO BrokerMessageListener] Received job status event. JobState: Busy
[2026-06-12 09:28:42Z INFO BrokerMessageListener] _getMessagesTokenSource is already disposed.
[2026-06-12 09:28:42Z INFO JobDispatcher] Job request 92b795f4-4014-5f87-bf08-f025249830bf processed succeed.
[2026-06-12 09:28:42Z INFO Terminal] WRITE LINE: 2026-06-12 09:28:42Z: Running job: deploy
[2026-06-12 09:28:42Z INFO JobDispatcher] Start renew job request 0 for job f5b2072a-18e9-5ce3-b571-bcbf39f1305b.
[2026-06-12 09:28:42Z INFO JobDispatcher] Successfully renew job f5b2072a-18e9-5ce3-b571-bcbf39f1305b, job is valid till 12/06/2026 09:38:41
[2026-06-12 09:28:42Z INFO HostContext] Well known directory 'Bin': 'C:\Users\Stagiaire\Desktop\COURS\DevOps\MyRecipeAPI\actions-runner\bin'
[2026-06-12 09:28:42Z INFO ProcessInvokerWrapper] Starting process:
[2026-06-12 09:28:42Z INFO ProcessInvokerWrapper]   File name: 'C:\Users\Stagiaire\Desktop\COURS\DevOps\MyRecipeAPI\actions-runner\bin\Runner.Worker.exe'
[2026-06-12 09:28:42Z INFO ProcessInvokerWrapper]   Arguments: 'spawnclient 2432 2444'
[2026-06-12 09:28:42Z INFO ProcessInvokerWrapper]   Working directory: 'C:\Users\Stagiaire\Desktop\COURS\DevOps\MyRecipeAPI\actions-runner\bin'
[2026-06-12 09:28:42Z INFO ProcessInvokerWrapper]   Require exit code zero: 'False'
[2026-06-12 09:28:42Z INFO ProcessInvokerWrapper]   Encoding web name:  ; code page: ''
[2026-06-12 09:28:42Z INFO ProcessInvokerWrapper]   Force kill process on cancellation: 'True'
[2026-06-12 09:28:42Z INFO ProcessInvokerWrapper]   Redirected STDIN: 'False'
[2026-06-12 09:28:42Z INFO ProcessInvokerWrapper]   Persist current code page: 'False'
[2026-06-12 09:28:42Z INFO ProcessInvokerWrapper]   Keep redirected STDIN open: 'False'
[2026-06-12 09:28:42Z INFO ProcessInvokerWrapper]   High priority process: 'True'
[2026-06-12 09:28:42Z INFO ProcessInvokerWrapper] Process started with process id 2460, waiting for process exit.
[2026-06-12 09:28:42Z INFO JobDispatcher] Send job request message to worker for job f5b2072a-18e9-5ce3-b571-bcbf39f1305b.
[2026-06-12 09:28:42Z INFO ProcessChannel] Sending message of length 23233, with hash 'e92c64d78e271cd69ac6471ef6690209799fe596b764238b5dd7886d450f9ee5'
[2026-06-12 09:28:42Z INFO JobNotification] Entering JobStarted Notification
[2026-06-12 09:28:42Z INFO JobNotification] Entering StartMonitor
[2026-06-12 09:28:49Z INFO ProcessInvokerWrapper] STDOUT/STDERR stream read finished.
[2026-06-12 09:28:49Z INFO ProcessInvokerWrapper] STDOUT/STDERR stream read finished.
[2026-06-12 09:28:49Z INFO ProcessInvokerWrapper] Finished process 2460 with exit code 102, and elapsed time 00:00:06.8739008.
[2026-06-12 09:28:49Z INFO JobDispatcher] Worker finished for job f5b2072a-18e9-5ce3-b571-bcbf39f1305b. Code: 102
[2026-06-12 09:28:49Z INFO JobDispatcher] finish job request for job f5b2072a-18e9-5ce3-b571-bcbf39f1305b with result: Failed
[2026-06-12 09:28:49Z INFO Terminal] WRITE LINE: 2026-06-12 09:28:49Z: Job deploy completed with result: Failed
[2026-06-12 09:28:49Z INFO JobDispatcher] Stop renew job request for job f5b2072a-18e9-5ce3-b571-bcbf39f1305b.
[2026-06-12 09:28:49Z INFO JobDispatcher] job renew has been cancelled, stop renew job f5b2072a-18e9-5ce3-b571-bcbf39f1305b.
[2026-06-12 09:28:49Z INFO JobNotification] Entering JobCompleted Notification
[2026-06-12 09:28:49Z INFO JobNotification] Entering EndMonitor
[2026-06-12 09:28:49Z INFO BrokerMessageListener] Received job status event. JobState: Online
[2026-06-12 09:28:49Z WARN GitHubActionsService] GET request to https://broker.actions.githubusercontent.com/message?sessionId=795b9510-74c1-4945-92f8-a26f87f418ac&status=Busy&runnerVersion=2.335.1&os=Windows&architecture=X64&disableUpdate=false has been cancelled.
[2026-06-12 09:28:49Z ERR  BrokerServer] Catch exception during request
[2026-06-12 09:28:49Z ERR  BrokerServer] System.Threading.Tasks.TaskCanceledException: The operation was canceled.
 ---> System.Threading.Tasks.TaskCanceledException: The operation was canceled.
 ---> System.IO.IOException: Unable to read data from the transport connection: L’opération d’entrée/sortie a été abandonnée en raison de l’arrêt d’un thread ou à la demande d’une application..
 ---> System.Net.Sockets.SocketException (995): L’opération d’entrée/sortie a été abandonnée en raison de l’arrêt d’un thread ou à la demande d’une application.
   --- End of inner exception stack trace ---
   at System.Net.Sockets.Socket.AwaitableSocketAsyncEventArgs.ThrowException(SocketError error, CancellationToken cancellationToken)
   at System.Net.Sockets.Socket.AwaitableSocketAsyncEventArgs.System.Threading.Tasks.Sources.IValueTaskSource<System.Int32>.GetResult(Int16 token)
   at System.Net.Security.SslStream.EnsureFullTlsFrameAsync[TIOAdapter](CancellationToken cancellationToken, Int32 estimatedSize)
   at System.Runtime.CompilerServices.PoolingAsyncValueTaskMethodBuilder`1.StateMachineBox`1.System.Threading.Tasks.Sources.IValueTaskSource<TResult>.GetResult(Int16 token)
   at System.Net.Security.SslStream.ReadAsyncInternal[TIOAdapter](Memory`1 buffer, CancellationToken cancellationToken)
   at System.Runtime.CompilerServices.PoolingAsyncValueTaskMethodBuilder`1.StateMachineBox`1.System.Threading.Tasks.Sources.IValueTaskSource<TResult>.GetResult(Int16 token)
   at System.Net.Http.HttpConnection.SendAsync(HttpRequestMessage request, Boolean async, CancellationToken cancellationToken)
   --- End of inner exception stack trace ---
   at System.Net.Http.HttpConnection.SendAsync(HttpRequestMessage request, Boolean async, CancellationToken cancellationToken)
   at System.Net.Http.AuthenticationHelper.SendWithNtAuthAsync(HttpRequestMessage request, Uri authUri, Boolean async, ICredentials credentials, Boolean isProxyAuth, HttpConnection connection, HttpConnectionPool connectionPool, CancellationToken cancellationToken)
   at System.Net.Http.HttpConnectionPool.SendWithVersionDetectionAndRetryAsync(HttpRequestMessage request, Boolean async, Boolean doRequestAuth, CancellationToken cancellationToken)
   at System.Net.Http.AuthenticationHelper.SendWithAuthAsync(HttpRequestMessage request, Uri authUri, Boolean async, ICredentials credentials, Boolean preAuthenticate, Boolean isProxyAuth, Boolean doRequestAuth, HttpConnectionPool pool, CancellationToken cancellationToken)
   at System.Net.Http.RedirectHandler.SendAsync(HttpRequestMessage request, Boolean async, CancellationToken cancellationToken)
   at GitHub.Services.Common.RawHttpMessageHandler.SendAsync(HttpRequestMessage request, CancellationToken cancellationToken)
   at GitHub.Services.Common.VssHttpRetryMessageHandler.SendAsync(HttpRequestMessage request, CancellationToken cancellationToken)
   at System.Net.Http.HttpClient.<SendAsync>g__Core|83_0(HttpRequestMessage request, HttpCompletionOption completionOption, CancellationTokenSource cts, Boolean disposeCts, CancellationTokenSource pendingRequestsCts, CancellationToken originalCancellationToken)
   --- End of inner exception stack trace ---
   at System.Net.Http.HttpClient.HandleFailure(Exception e, Boolean telemetryStarted, HttpResponseMessage response, CancellationTokenSource cts, CancellationToken cancellationToken, CancellationTokenSource pendingRequestsCts)
   at System.Net.Http.HttpClient.<SendAsync>g__Core|83_0(HttpRequestMessage request, HttpCompletionOption completionOption, CancellationTokenSource cts, Boolean disposeCts, CancellationTokenSource pendingRequestsCts, CancellationToken originalCancellationToken)
   at Sdk.WebApi.WebApi.RawHttpClientBase.SendAsync(HttpRequestMessage message, HttpCompletionOption completionOption, Object userState, CancellationToken cancellationToken)
   at Sdk.WebApi.WebApi.RawHttpClientBase.SendAsync[T](HttpRequestMessage message, Boolean readErrorBody, Object userState, CancellationToken cancellationToken)
   at Sdk.WebApi.WebApi.RawHttpClientBase.SendAsync[T](HttpMethod method, IEnumerable`1 additionalHeaders, Uri requestUri, HttpContent content, IEnumerable`1 queryParameters, Boolean readErrorBody, Object userState, CancellationToken cancellationToken)
   at GitHub.Actions.RunService.WebApi.BrokerHttpClient.GetRunnerMessageAsync(Nullable`1 sessionId, String runnerVersion, Nullable`1 status, String os, String architecture, Nullable`1 disableUpdate, CancellationToken cancellationToken)
   at GitHub.Runner.Common.BrokerServer.<>c__DisplayClass7_0.<<GetRunnerMessageAsync>b__0>d.MoveNext()
--- End of stack trace from previous location ---
   at GitHub.Runner.Common.RunnerService.RetryRequest[T](Func`1 func, CancellationToken cancellationToken, Int32 maxAttempts, Func`2 shouldRetry)
[2026-06-12 09:28:49Z ERR  BrokerServer] #####################################################
[2026-06-12 09:28:49Z ERR  BrokerServer] System.Threading.Tasks.TaskCanceledException: The operation was canceled.
 ---> System.IO.IOException: Unable to read data from the transport connection: L’opération d’entrée/sortie a été abandonnée en raison de l’arrêt d’un thread ou à la demande d’une application..
 ---> System.Net.Sockets.SocketException (995): L’opération d’entrée/sortie a été abandonnée en raison de l’arrêt d’un thread ou à la demande d’une application.
   --- End of inner exception stack trace ---
   at System.Net.Sockets.Socket.AwaitableSocketAsyncEventArgs.ThrowException(SocketError error, CancellationToken cancellationToken)
   at System.Net.Sockets.Socket.AwaitableSocketAsyncEventArgs.System.Threading.Tasks.Sources.IValueTaskSource<System.Int32>.GetResult(Int16 token)
   at System.Net.Security.SslStream.EnsureFullTlsFrameAsync[TIOAdapter](CancellationToken cancellationToken, Int32 estimatedSize)
   at System.Runtime.CompilerServices.PoolingAsyncValueTaskMethodBuilder`1.StateMachineBox`1.System.Threading.Tasks.Sources.IValueTaskSource<TResult>.GetResult(Int16 token)
   at System.Net.Security.SslStream.ReadAsyncInternal[TIOAdapter](Memory`1 buffer, CancellationToken cancellationToken)
   at System.Runtime.CompilerServices.PoolingAsyncValueTaskMethodBuilder`1.StateMachineBox`1.System.Threading.Tasks.Sources.IValueTaskSource<TResult>.GetResult(Int16 token)
   at System.Net.Http.HttpConnection.SendAsync(HttpRequestMessage request, Boolean async, CancellationToken cancellationToken)
   --- End of inner exception stack trace ---
   at System.Net.Http.HttpConnection.SendAsync(HttpRequestMessage request, Boolean async, CancellationToken cancellationToken)
   at System.Net.Http.AuthenticationHelper.SendWithNtAuthAsync(HttpRequestMessage request, Uri authUri, Boolean async, ICredentials credentials, Boolean isProxyAuth, HttpConnection connection, HttpConnectionPool connectionPool, CancellationToken cancellationToken)
   at System.Net.Http.HttpConnectionPool.SendWithVersionDetectionAndRetryAsync(HttpRequestMessage request, Boolean async, Boolean doRequestAuth, CancellationToken cancellationToken)
   at System.Net.Http.AuthenticationHelper.SendWithAuthAsync(HttpRequestMessage request, Uri authUri, Boolean async, ICredentials credentials, Boolean preAuthenticate, Boolean isProxyAuth, Boolean doRequestAuth, HttpConnectionPool pool, CancellationToken cancellationToken)
   at System.Net.Http.RedirectHandler.SendAsync(HttpRequestMessage request, Boolean async, CancellationToken cancellationToken)
   at GitHub.Services.Common.RawHttpMessageHandler.SendAsync(HttpRequestMessage request, CancellationToken cancellationToken)
   at GitHub.Services.Common.VssHttpRetryMessageHandler.SendAsync(HttpRequestMessage request, CancellationToken cancellationToken)
   at System.Net.Http.HttpClient.<SendAsync>g__Core|83_0(HttpRequestMessage request, HttpCompletionOption completionOption, CancellationTokenSource cts, Boolean disposeCts, CancellationTokenSource pendingRequestsCts, CancellationToken originalCancellationToken)
[2026-06-12 09:28:49Z ERR  BrokerServer] #####################################################
[2026-06-12 09:28:49Z ERR  BrokerServer] System.IO.IOException: Unable to read data from the transport connection: L’opération d’entrée/sortie a été abandonnée en raison de l’arrêt d’un thread ou à la demande d’une application..
 ---> System.Net.Sockets.SocketException (995): L’opération d’entrée/sortie a été abandonnée en raison de l’arrêt d’un thread ou à la demande d’une application.
   --- End of inner exception stack trace ---
   at System.Net.Sockets.Socket.AwaitableSocketAsyncEventArgs.ThrowException(SocketError error, CancellationToken cancellationToken)
   at System.Net.Sockets.Socket.AwaitableSocketAsyncEventArgs.System.Threading.Tasks.Sources.IValueTaskSource<System.Int32>.GetResult(Int16 token)
   at System.Net.Security.SslStream.EnsureFullTlsFrameAsync[TIOAdapter](CancellationToken cancellationToken, Int32 estimatedSize)
   at System.Runtime.CompilerServices.PoolingAsyncValueTaskMethodBuilder`1.StateMachineBox`1.System.Threading.Tasks.Sources.IValueTaskSource<TResult>.GetResult(Int16 token)
   at System.Net.Security.SslStream.ReadAsyncInternal[TIOAdapter](Memory`1 buffer, CancellationToken cancellationToken)
   at System.Runtime.CompilerServices.PoolingAsyncValueTaskMethodBuilder`1.StateMachineBox`1.System.Threading.Tasks.Sources.IValueTaskSource<TResult>.GetResult(Int16 token)
   at System.Net.Http.HttpConnection.SendAsync(HttpRequestMessage request, Boolean async, CancellationToken cancellationToken)
[2026-06-12 09:28:49Z ERR  BrokerServer] #####################################################
[2026-06-12 09:28:49Z ERR  BrokerServer] System.Net.Sockets.SocketException (995): L’opération d’entrée/sortie a été abandonnée en raison de l’arrêt d’un thread ou à la demande d’une application.
[2026-06-12 09:28:49Z WARN BrokerServer] Back off 14,278 seconds before next retry. 4 attempt left.
[2026-06-12 09:28:49Z INFO BrokerMessageListener] Get messages has been cancelled using local token source. Continue to get messages with new status.
[2026-06-12 09:33:30Z INFO BrokerMessageListener] Acknowledging runner request '65e95e01-db9b-53ca-b037-d82f872ed0eb'.
[2026-06-12 09:33:31Z INFO ConfigurationStore] HasCredentials()
[2026-06-12 09:33:31Z INFO ConfigurationStore] stored True
[2026-06-12 09:33:31Z INFO CredentialManager] GetCredentialProvider
[2026-06-12 09:33:31Z INFO CredentialManager] Creating type OAuth
[2026-06-12 09:33:31Z INFO CredentialManager] Creating credential type: OAuth
[2026-06-12 09:33:31Z INFO RSAEncryptedFileKeyManager] Loading RSA key parameters from file C:\Users\Stagiaire\Desktop\COURS\DevOps\MyRecipeAPI\actions-runner\.credentials_rsaparams
[2026-06-12 09:33:31Z INFO RSAEncryptedFileKeyManager] Loading RSA key parameters from file C:\Users\Stagiaire\Desktop\COURS\DevOps\MyRecipeAPI\actions-runner\.credentials_rsaparams
[2026-06-12 09:33:31Z INFO RSAEncryptedFileKeyManager] Loading RSA key parameters from file C:\Users\Stagiaire\Desktop\COURS\DevOps\MyRecipeAPI\actions-runner\.credentials_rsaparams
[2026-06-12 09:33:31Z INFO GitHubActionsService] AAD Correlation ID for this token request: Unknown
[2026-06-12 09:33:32Z INFO JobDispatcher] Job request 0 for plan 0c7ae760-e1b2-434f-9ac7-1689a908fe01 job 65e95e01-db9b-53ca-b037-d82f872ed0eb received.
[2026-06-12 09:33:32Z INFO JobDispatcher] Pull OrchestrationId 0c7ae760-e1b2-434f-9ac7-1689a908fe01.deploy.__default from JWT claims
[2026-06-12 09:33:32Z INFO BrokerMessageListener] Received job status event. JobState: Busy
[2026-06-12 09:33:32Z INFO BrokerMessageListener] _getMessagesTokenSource is already disposed.
[2026-06-12 09:33:32Z INFO JobDispatcher] Job request f5b2072a-18e9-5ce3-b571-bcbf39f1305b processed succeed.
[2026-06-12 09:33:32Z INFO Terminal] WRITE LINE: 2026-06-12 09:33:32Z: Running job: deploy
[2026-06-12 09:33:32Z INFO JobDispatcher] Start renew job request 0 for job 65e95e01-db9b-53ca-b037-d82f872ed0eb.
[2026-06-12 09:33:33Z INFO JobDispatcher] Successfully renew job 65e95e01-db9b-53ca-b037-d82f872ed0eb, job is valid till 12/06/2026 09:43:32
[2026-06-12 09:33:33Z INFO HostContext] Well known directory 'Bin': 'C:\Users\Stagiaire\Desktop\COURS\DevOps\MyRecipeAPI\actions-runner\bin'
[2026-06-12 09:33:33Z INFO ProcessInvokerWrapper] Starting process:
[2026-06-12 09:33:33Z INFO ProcessInvokerWrapper]   File name: 'C:\Users\Stagiaire\Desktop\COURS\DevOps\MyRecipeAPI\actions-runner\bin\Runner.Worker.exe'
[2026-06-12 09:33:33Z INFO ProcessInvokerWrapper]   Arguments: 'spawnclient 1280 2372'
[2026-06-12 09:33:33Z INFO ProcessInvokerWrapper]   Working directory: 'C:\Users\Stagiaire\Desktop\COURS\DevOps\MyRecipeAPI\actions-runner\bin'
[2026-06-12 09:33:33Z INFO ProcessInvokerWrapper]   Require exit code zero: 'False'
[2026-06-12 09:33:33Z INFO ProcessInvokerWrapper]   Encoding web name:  ; code page: ''
[2026-06-12 09:33:33Z INFO ProcessInvokerWrapper]   Force kill process on cancellation: 'True'
[2026-06-12 09:33:33Z INFO ProcessInvokerWrapper]   Redirected STDIN: 'False'
[2026-06-12 09:33:33Z INFO ProcessInvokerWrapper]   Persist current code page: 'False'
[2026-06-12 09:33:33Z INFO ProcessInvokerWrapper]   Keep redirected STDIN open: 'False'
[2026-06-12 09:33:33Z INFO ProcessInvokerWrapper]   High priority process: 'True'
[2026-06-12 09:33:33Z INFO ProcessInvokerWrapper] Process started with process id 2952, waiting for process exit.
[2026-06-12 09:33:33Z INFO JobDispatcher] Send job request message to worker for job 65e95e01-db9b-53ca-b037-d82f872ed0eb.
[2026-06-12 09:33:33Z INFO ProcessChannel] Sending message of length 23969, with hash '42923676d7f526323140268bb792f266e1bf528097d686791fa3c2867d3f3b6d'
[2026-06-12 09:33:33Z INFO JobNotification] Entering JobStarted Notification
[2026-06-12 09:33:33Z INFO JobNotification] Entering StartMonitor
[2026-06-12 09:33:40Z INFO ProcessInvokerWrapper] STDOUT/STDERR stream read finished.
[2026-06-12 09:33:40Z INFO ProcessInvokerWrapper] STDOUT/STDERR stream read finished.
[2026-06-12 09:33:40Z INFO ProcessInvokerWrapper] Finished process 2952 with exit code 102, and elapsed time 00:00:07.4010405.
[2026-06-12 09:33:40Z INFO JobDispatcher] Worker finished for job 65e95e01-db9b-53ca-b037-d82f872ed0eb. Code: 102
[2026-06-12 09:33:40Z INFO JobDispatcher] finish job request for job 65e95e01-db9b-53ca-b037-d82f872ed0eb with result: Failed
[2026-06-12 09:33:40Z INFO Terminal] WRITE LINE: 2026-06-12 09:33:40Z: Job deploy completed with result: Failed
[2026-06-12 09:33:40Z INFO JobDispatcher] Stop renew job request for job 65e95e01-db9b-53ca-b037-d82f872ed0eb.
[2026-06-12 09:33:40Z INFO JobDispatcher] job renew has been cancelled, stop renew job 65e95e01-db9b-53ca-b037-d82f872ed0eb.
[2026-06-12 09:33:40Z INFO JobNotification] Entering JobCompleted Notification
[2026-06-12 09:33:40Z INFO JobNotification] Entering EndMonitor
[2026-06-12 09:33:40Z INFO BrokerMessageListener] Received job status event. JobState: Online
[2026-06-12 09:33:40Z WARN GitHubActionsService] GET request to https://broker.actions.githubusercontent.com/message?sessionId=795b9510-74c1-4945-92f8-a26f87f418ac&status=Busy&runnerVersion=2.335.1&os=Windows&architecture=X64&disableUpdate=false has been cancelled.
[2026-06-12 09:33:40Z ERR  BrokerServer] Catch exception during request
[2026-06-12 09:33:40Z ERR  BrokerServer] System.Threading.Tasks.TaskCanceledException: The operation was canceled.
 ---> System.Threading.Tasks.TaskCanceledException: The operation was canceled.
 ---> System.IO.IOException: Unable to read data from the transport connection: L’opération d’entrée/sortie a été abandonnée en raison de l’arrêt d’un thread ou à la demande d’une application..
 ---> System.Net.Sockets.SocketException (995): L’opération d’entrée/sortie a été abandonnée en raison de l’arrêt d’un thread ou à la demande d’une application.
   --- End of inner exception stack trace ---
   at System.Net.Sockets.Socket.AwaitableSocketAsyncEventArgs.System.Threading.Tasks.Sources.IValueTaskSource<System.Int32>.GetResult(Int16 token)
   at System.Net.Security.SslStream.EnsureFullTlsFrameAsync[TIOAdapter](CancellationToken cancellationToken, Int32 estimatedSize)
   at System.Runtime.CompilerServices.PoolingAsyncValueTaskMethodBuilder`1.StateMachineBox`1.System.Threading.Tasks.Sources.IValueTaskSource<TResult>.GetResult(Int16 token)
   at System.Net.Security.SslStream.ReadAsyncInternal[TIOAdapter](Memory`1 buffer, CancellationToken cancellationToken)
   at System.Runtime.CompilerServices.PoolingAsyncValueTaskMethodBuilder`1.StateMachineBox`1.System.Threading.Tasks.Sources.IValueTaskSource<TResult>.GetResult(Int16 token)
   at System.Net.Http.HttpConnection.SendAsync(HttpRequestMessage request, Boolean async, CancellationToken cancellationToken)
   --- End of inner exception stack trace ---
   at System.Net.Http.HttpConnection.SendAsync(HttpRequestMessage request, Boolean async, CancellationToken cancellationToken)
   at System.Net.Http.AuthenticationHelper.SendWithNtAuthAsync(HttpRequestMessage request, Uri authUri, Boolean async, ICredentials credentials, Boolean isProxyAuth, HttpConnection connection, HttpConnectionPool connectionPool, CancellationToken cancellationToken)
   at System.Net.Http.HttpConnectionPool.SendWithVersionDetectionAndRetryAsync(HttpRequestMessage request, Boolean async, Boolean doRequestAuth, CancellationToken cancellationToken)
   at System.Net.Http.AuthenticationHelper.SendWithAuthAsync(HttpRequestMessage request, Uri authUri, Boolean async, ICredentials credentials, Boolean preAuthenticate, Boolean isProxyAuth, Boolean doRequestAuth, HttpConnectionPool pool, CancellationToken cancellationToken)
   at System.Net.Http.RedirectHandler.SendAsync(HttpRequestMessage request, Boolean async, CancellationToken cancellationToken)
   at GitHub.Services.Common.RawHttpMessageHandler.SendAsync(HttpRequestMessage request, CancellationToken cancellationToken)
   at GitHub.Services.Common.VssHttpRetryMessageHandler.SendAsync(HttpRequestMessage request, CancellationToken cancellationToken)
   at System.Net.Http.HttpClient.<SendAsync>g__Core|83_0(HttpRequestMessage request, HttpCompletionOption completionOption, CancellationTokenSource cts, Boolean disposeCts, CancellationTokenSource pendingRequestsCts, CancellationToken originalCancellationToken)
   --- End of inner exception stack trace ---
   at System.Net.Http.HttpClient.HandleFailure(Exception e, Boolean telemetryStarted, HttpResponseMessage response, CancellationTokenSource cts, CancellationToken cancellationToken, CancellationTokenSource pendingRequestsCts)
   at System.Net.Http.HttpClient.<SendAsync>g__Core|83_0(HttpRequestMessage request, HttpCompletionOption completionOption, CancellationTokenSource cts, Boolean disposeCts, CancellationTokenSource pendingRequestsCts, CancellationToken originalCancellationToken)
   at Sdk.WebApi.WebApi.RawHttpClientBase.SendAsync(HttpRequestMessage message, HttpCompletionOption completionOption, Object userState, CancellationToken cancellationToken)
   at Sdk.WebApi.WebApi.RawHttpClientBase.SendAsync[T](HttpRequestMessage message, Boolean readErrorBody, Object userState, CancellationToken cancellationToken)
   at Sdk.WebApi.WebApi.RawHttpClientBase.SendAsync[T](HttpMethod method, IEnumerable`1 additionalHeaders, Uri requestUri, HttpContent content, IEnumerable`1 queryParameters, Boolean readErrorBody, Object userState, CancellationToken cancellationToken)
   at GitHub.Actions.RunService.WebApi.BrokerHttpClient.GetRunnerMessageAsync(Nullable`1 sessionId, String runnerVersion, Nullable`1 status, String os, String architecture, Nullable`1 disableUpdate, CancellationToken cancellationToken)
   at GitHub.Runner.Common.BrokerServer.<>c__DisplayClass7_0.<<GetRunnerMessageAsync>b__0>d.MoveNext()
--- End of stack trace from previous location ---
   at GitHub.Runner.Common.RunnerService.RetryRequest[T](Func`1 func, CancellationToken cancellationToken, Int32 maxAttempts, Func`2 shouldRetry)
[2026-06-12 09:33:40Z ERR  BrokerServer] #####################################################
[2026-06-12 09:33:40Z ERR  BrokerServer] System.Threading.Tasks.TaskCanceledException: The operation was canceled.
 ---> System.IO.IOException: Unable to read data from the transport connection: L’opération d’entrée/sortie a été abandonnée en raison de l’arrêt d’un thread ou à la demande d’une application..
 ---> System.Net.Sockets.SocketException (995): L’opération d’entrée/sortie a été abandonnée en raison de l’arrêt d’un thread ou à la demande d’une application.
   --- End of inner exception stack trace ---
   at System.Net.Sockets.Socket.AwaitableSocketAsyncEventArgs.System.Threading.Tasks.Sources.IValueTaskSource<System.Int32>.GetResult(Int16 token)
   at System.Net.Security.SslStream.EnsureFullTlsFrameAsync[TIOAdapter](CancellationToken cancellationToken, Int32 estimatedSize)
   at System.Runtime.CompilerServices.PoolingAsyncValueTaskMethodBuilder`1.StateMachineBox`1.System.Threading.Tasks.Sources.IValueTaskSource<TResult>.GetResult(Int16 token)
   at System.Net.Security.SslStream.ReadAsyncInternal[TIOAdapter](Memory`1 buffer, CancellationToken cancellationToken)
   at System.Runtime.CompilerServices.PoolingAsyncValueTaskMethodBuilder`1.StateMachineBox`1.System.Threading.Tasks.Sources.IValueTaskSource<TResult>.GetResult(Int16 token)
   at System.Net.Http.HttpConnection.SendAsync(HttpRequestMessage request, Boolean async, CancellationToken cancellationToken)
   --- End of inner exception stack trace ---
   at System.Net.Http.HttpConnection.SendAsync(HttpRequestMessage request, Boolean async, CancellationToken cancellationToken)
   at System.Net.Http.AuthenticationHelper.SendWithNtAuthAsync(HttpRequestMessage request, Uri authUri, Boolean async, ICredentials credentials, Boolean isProxyAuth, HttpConnection connection, HttpConnectionPool connectionPool, CancellationToken cancellationToken)
   at System.Net.Http.HttpConnectionPool.SendWithVersionDetectionAndRetryAsync(HttpRequestMessage request, Boolean async, Boolean doRequestAuth, CancellationToken cancellationToken)
   at System.Net.Http.AuthenticationHelper.SendWithAuthAsync(HttpRequestMessage request, Uri authUri, Boolean async, ICredentials credentials, Boolean preAuthenticate, Boolean isProxyAuth, Boolean doRequestAuth, HttpConnectionPool pool, CancellationToken cancellationToken)
   at System.Net.Http.RedirectHandler.SendAsync(HttpRequestMessage request, Boolean async, CancellationToken cancellationToken)
   at GitHub.Services.Common.RawHttpMessageHandler.SendAsync(HttpRequestMessage request, CancellationToken cancellationToken)
   at GitHub.Services.Common.VssHttpRetryMessageHandler.SendAsync(HttpRequestMessage request, CancellationToken cancellationToken)
   at System.Net.Http.HttpClient.<SendAsync>g__Core|83_0(HttpRequestMessage request, HttpCompletionOption completionOption, CancellationTokenSource cts, Boolean disposeCts, CancellationTokenSource pendingRequestsCts, CancellationToken originalCancellationToken)
[2026-06-12 09:33:40Z ERR  BrokerServer] #####################################################
[2026-06-12 09:33:40Z ERR  BrokerServer] System.IO.IOException: Unable to read data from the transport connection: L’opération d’entrée/sortie a été abandonnée en raison de l’arrêt d’un thread ou à la demande d’une application..
 ---> System.Net.Sockets.SocketException (995): L’opération d’entrée/sortie a été abandonnée en raison de l’arrêt d’un thread ou à la demande d’une application.
   --- End of inner exception stack trace ---
   at System.Net.Sockets.Socket.AwaitableSocketAsyncEventArgs.System.Threading.Tasks.Sources.IValueTaskSource<System.Int32>.GetResult(Int16 token)
   at System.Net.Security.SslStream.EnsureFullTlsFrameAsync[TIOAdapter](CancellationToken cancellationToken, Int32 estimatedSize)
   at System.Runtime.CompilerServices.PoolingAsyncValueTaskMethodBuilder`1.StateMachineBox`1.System.Threading.Tasks.Sources.IValueTaskSource<TResult>.GetResult(Int16 token)
   at System.Net.Security.SslStream.ReadAsyncInternal[TIOAdapter](Memory`1 buffer, CancellationToken cancellationToken)
   at System.Runtime.CompilerServices.PoolingAsyncValueTaskMethodBuilder`1.StateMachineBox`1.System.Threading.Tasks.Sources.IValueTaskSource<TResult>.GetResult(Int16 token)
   at System.Net.Http.HttpConnection.SendAsync(HttpRequestMessage request, Boolean async, CancellationToken cancellationToken)
[2026-06-12 09:33:40Z ERR  BrokerServer] #####################################################
[2026-06-12 09:33:40Z ERR  BrokerServer] System.Net.Sockets.SocketException (995): L’opération d’entrée/sortie a été abandonnée en raison de l’arrêt d’un thread ou à la demande d’une application.
[2026-06-12 09:33:40Z WARN BrokerServer] Back off 9,773 seconds before next retry. 4 attempt left.
[2026-06-12 09:33:40Z INFO BrokerMessageListener] Get messages has been cancelled using local token source. Continue to get messages with new status.
[2026-06-12 09:39:39Z INFO BrokerMessageListener] Acknowledging runner request '134cba1f-e888-5d7c-9d85-ef0cafa5796e'.
[2026-06-12 09:39:39Z INFO ConfigurationStore] HasCredentials()
[2026-06-12 09:39:39Z INFO ConfigurationStore] stored True
[2026-06-12 09:39:39Z INFO CredentialManager] GetCredentialProvider
[2026-06-12 09:39:39Z INFO CredentialManager] Creating type OAuth
[2026-06-12 09:39:39Z INFO CredentialManager] Creating credential type: OAuth
[2026-06-12 09:39:39Z INFO RSAEncryptedFileKeyManager] Loading RSA key parameters from file C:\Users\Stagiaire\Desktop\COURS\DevOps\MyRecipeAPI\actions-runner\.credentials_rsaparams
[2026-06-12 09:39:39Z INFO RSAEncryptedFileKeyManager] Loading RSA key parameters from file C:\Users\Stagiaire\Desktop\COURS\DevOps\MyRecipeAPI\actions-runner\.credentials_rsaparams
[2026-06-12 09:39:39Z INFO RSAEncryptedFileKeyManager] Loading RSA key parameters from file C:\Users\Stagiaire\Desktop\COURS\DevOps\MyRecipeAPI\actions-runner\.credentials_rsaparams
[2026-06-12 09:39:40Z INFO GitHubActionsService] AAD Correlation ID for this token request: Unknown
[2026-06-12 09:39:41Z INFO JobDispatcher] Job request 0 for plan a224e8f6-17eb-4059-bc0e-f71aac3da9be job 134cba1f-e888-5d7c-9d85-ef0cafa5796e received.
[2026-06-12 09:39:41Z INFO JobDispatcher] Pull OrchestrationId a224e8f6-17eb-4059-bc0e-f71aac3da9be.deploy.__default from JWT claims
[2026-06-12 09:39:41Z INFO BrokerMessageListener] Received job status event. JobState: Busy
[2026-06-12 09:39:41Z INFO BrokerMessageListener] _getMessagesTokenSource is already disposed.
[2026-06-12 09:39:41Z INFO JobDispatcher] Job request 65e95e01-db9b-53ca-b037-d82f872ed0eb processed succeed.
[2026-06-12 09:39:41Z INFO Terminal] WRITE LINE: 2026-06-12 09:39:41Z: Running job: deploy
[2026-06-12 09:39:41Z INFO JobDispatcher] Start renew job request 0 for job 134cba1f-e888-5d7c-9d85-ef0cafa5796e.
[2026-06-12 09:39:41Z INFO JobDispatcher] Successfully renew job 134cba1f-e888-5d7c-9d85-ef0cafa5796e, job is valid till 12/06/2026 09:49:41
[2026-06-12 09:39:41Z INFO HostContext] Well known directory 'Bin': 'C:\Users\Stagiaire\Desktop\COURS\DevOps\MyRecipeAPI\actions-runner\bin'
[2026-06-12 09:39:41Z INFO ProcessInvokerWrapper] Starting process:
[2026-06-12 09:39:41Z INFO ProcessInvokerWrapper]   File name: 'C:\Users\Stagiaire\Desktop\COURS\DevOps\MyRecipeAPI\actions-runner\bin\Runner.Worker.exe'
[2026-06-12 09:39:41Z INFO ProcessInvokerWrapper]   Arguments: 'spawnclient 2420 2488'
[2026-06-12 09:39:41Z INFO ProcessInvokerWrapper]   Working directory: 'C:\Users\Stagiaire\Desktop\COURS\DevOps\MyRecipeAPI\actions-runner\bin'
[2026-06-12 09:39:41Z INFO ProcessInvokerWrapper]   Require exit code zero: 'False'
[2026-06-12 09:39:41Z INFO ProcessInvokerWrapper]   Encoding web name:  ; code page: ''
[2026-06-12 09:39:41Z INFO ProcessInvokerWrapper]   Force kill process on cancellation: 'True'
[2026-06-12 09:39:41Z INFO ProcessInvokerWrapper]   Redirected STDIN: 'False'
[2026-06-12 09:39:41Z INFO ProcessInvokerWrapper]   Persist current code page: 'False'
[2026-06-12 09:39:41Z INFO ProcessInvokerWrapper]   Keep redirected STDIN open: 'False'
[2026-06-12 09:39:41Z INFO ProcessInvokerWrapper]   High priority process: 'True'
[2026-06-12 09:39:41Z INFO ProcessInvokerWrapper] Process started with process id 17960, waiting for process exit.
[2026-06-12 09:39:41Z INFO JobDispatcher] Send job request message to worker for job 134cba1f-e888-5d7c-9d85-ef0cafa5796e.
[2026-06-12 09:39:41Z INFO ProcessChannel] Sending message of length 24293, with hash '16f1f744beb353b456a03a572d9c7134418b0d2b9d94c6f080b3a9036459d93b'
[2026-06-12 09:39:42Z INFO JobNotification] Entering JobStarted Notification
[2026-06-12 09:39:42Z INFO JobNotification] Entering StartMonitor
[2026-06-12 09:40:42Z INFO JobDispatcher] Successfully renew job 134cba1f-e888-5d7c-9d85-ef0cafa5796e, job is valid till 12/06/2026 09:50:41
[2026-06-12 09:41:42Z INFO JobDispatcher] Successfully renew job 134cba1f-e888-5d7c-9d85-ef0cafa5796e, job is valid till 12/06/2026 09:51:41
[2026-06-12 09:41:54Z INFO Terminal] WRITE LINE: Exiting...
[2026-06-12 09:41:54Z INFO ConfigurationStore] IsServiceConfigured()
[2026-06-12 09:41:54Z INFO ConfigurationStore] IsServiceConfigured: False
[2026-06-12 09:41:54Z INFO HostContext] Runner will be shutdown for UserCancelled
[2026-06-12 09:41:54Z WARN GitHubActionsService] GET request to https://broker.actions.githubusercontent.com/message?sessionId=795b9510-74c1-4945-92f8-a26f87f418ac&status=Busy&runnerVersion=2.335.1&os=Windows&architecture=X64&disableUpdate=false has been cancelled.
[2026-06-12 09:41:54Z ERR  BrokerServer] Catch exception during request
[2026-06-12 09:41:54Z ERR  BrokerServer] System.Threading.Tasks.TaskCanceledException: The operation was canceled.
 ---> System.Threading.Tasks.TaskCanceledException: The operation was canceled.
 ---> System.IO.IOException: Unable to read data from the transport connection: L’opération d’entrée/sortie a été abandonnée en raison de l’arrêt d’un thread ou à la demande d’une application..
 ---> System.Net.Sockets.SocketException (995): L’opération d’entrée/sortie a été abandonnée en raison de l’arrêt d’un thread ou à la demande d’une application.
   --- End of inner exception stack trace ---
   at System.Net.Sockets.Socket.AwaitableSocketAsyncEventArgs.System.Threading.Tasks.Sources.IValueTaskSource<System.Int32>.GetResult(Int16 token)
   at System.Net.Security.SslStream.EnsureFullTlsFrameAsync[TIOAdapter](CancellationToken cancellationToken, Int32 estimatedSize)
   at System.Runtime.CompilerServices.PoolingAsyncValueTaskMethodBuilder`1.StateMachineBox`1.System.Threading.Tasks.Sources.IValueTaskSource<TResult>.GetResult(Int16 token)
   at System.Net.Security.SslStream.ReadAsyncInternal[TIOAdapter](Memory`1 buffer, CancellationToken cancellationToken)
   at System.Runtime.CompilerServices.PoolingAsyncValueTaskMethodBuilder`1.StateMachineBox`1.System.Threading.Tasks.Sources.IValueTaskSource<TResult>.GetResult(Int16 token)
   at System.Net.Http.HttpConnection.SendAsync(HttpRequestMessage request, Boolean async, CancellationToken cancellationToken)
   --- End of inner exception stack trace ---
   at System.Net.Http.HttpConnection.SendAsync(HttpRequestMessage request, Boolean async, CancellationToken cancellationToken)
   at System.Net.Http.AuthenticationHelper.SendWithNtAuthAsync(HttpRequestMessage request, Uri authUri, Boolean async, ICredentials credentials, Boolean isProxyAuth, HttpConnection connection, HttpConnectionPool connectionPool, CancellationToken cancellationToken)
   at System.Net.Http.HttpConnectionPool.SendWithVersionDetectionAndRetryAsync(HttpRequestMessage request, Boolean async, Boolean doRequestAuth, CancellationToken cancellationToken)
   at System.Net.Http.AuthenticationHelper.SendWithAuthAsync(HttpRequestMessage request, Uri authUri, Boolean async, ICredentials credentials, Boolean preAuthenticate, Boolean isProxyAuth, Boolean doRequestAuth, HttpConnectionPool pool, CancellationToken cancellationToken)
   at System.Net.Http.RedirectHandler.SendAsync(HttpRequestMessage request, Boolean async, CancellationToken cancellationToken)
   at GitHub.Services.Common.RawHttpMessageHandler.SendAsync(HttpRequestMessage request, CancellationToken cancellationToken)
   at GitHub.Services.Common.VssHttpRetryMessageHandler.SendAsync(HttpRequestMessage request, CancellationToken cancellationToken)
   at System.Net.Http.HttpClient.<SendAsync>g__Core|83_0(HttpRequestMessage request, HttpCompletionOption completionOption, CancellationTokenSource cts, Boolean disposeCts, CancellationTokenSource pendingRequestsCts, CancellationToken originalCancellationToken)
   --- End of inner exception stack trace ---
   at System.Net.Http.HttpClient.HandleFailure(Exception e, Boolean telemetryStarted, HttpResponseMessage response, CancellationTokenSource cts, CancellationToken cancellationToken, CancellationTokenSource pendingRequestsCts)
   at System.Net.Http.HttpClient.<SendAsync>g__Core|83_0(HttpRequestMessage request, HttpCompletionOption completionOption, CancellationTokenSource cts, Boolean disposeCts, CancellationTokenSource pendingRequestsCts, CancellationToken originalCancellationToken)
   at Sdk.WebApi.WebApi.RawHttpClientBase.SendAsync(HttpRequestMessage message, HttpCompletionOption completionOption, Object userState, CancellationToken cancellationToken)
   at Sdk.WebApi.WebApi.RawHttpClientBase.SendAsync[T](HttpRequestMessage message, Boolean readErrorBody, Object userState, CancellationToken cancellationToken)
   at Sdk.WebApi.WebApi.RawHttpClientBase.SendAsync[T](HttpMethod method, IEnumerable`1 additionalHeaders, Uri requestUri, HttpContent content, IEnumerable`1 queryParameters, Boolean readErrorBody, Object userState, CancellationToken cancellationToken)
   at GitHub.Actions.RunService.WebApi.BrokerHttpClient.GetRunnerMessageAsync(Nullable`1 sessionId, String runnerVersion, Nullable`1 status, String os, String architecture, Nullable`1 disableUpdate, CancellationToken cancellationToken)
   at GitHub.Runner.Common.BrokerServer.<>c__DisplayClass7_0.<<GetRunnerMessageAsync>b__0>d.MoveNext()
--- End of stack trace from previous location ---
   at GitHub.Runner.Common.RunnerService.RetryRequest[T](Func`1 func, CancellationToken cancellationToken, Int32 maxAttempts, Func`2 shouldRetry)
[2026-06-12 09:41:54Z ERR  BrokerServer] #####################################################
[2026-06-12 09:41:54Z ERR  BrokerServer] System.Threading.Tasks.TaskCanceledException: The operation was canceled.
 ---> System.IO.IOException: Unable to read data from the transport connection: L’opération d’entrée/sortie a été abandonnée en raison de l’arrêt d’un thread ou à la demande d’une application..
 ---> System.Net.Sockets.SocketException (995): L’opération d’entrée/sortie a été abandonnée en raison de l’arrêt d’un thread ou à la demande d’une application.
   --- End of inner exception stack trace ---
   at System.Net.Sockets.Socket.AwaitableSocketAsyncEventArgs.System.Threading.Tasks.Sources.IValueTaskSource<System.Int32>.GetResult(Int16 token)
   at System.Net.Security.SslStream.EnsureFullTlsFrameAsync[TIOAdapter](CancellationToken cancellationToken, Int32 estimatedSize)
   at System.Runtime.CompilerServices.PoolingAsyncValueTaskMethodBuilder`1.StateMachineBox`1.System.Threading.Tasks.Sources.IValueTaskSource<TResult>.GetResult(Int16 token)
   at System.Net.Security.SslStream.ReadAsyncInternal[TIOAdapter](Memory`1 buffer, CancellationToken cancellationToken)
   at System.Runtime.CompilerServices.PoolingAsyncValueTaskMethodBuilder`1.StateMachineBox`1.System.Threading.Tasks.Sources.IValueTaskSource<TResult>.GetResult(Int16 token)
   at System.Net.Http.HttpConnection.SendAsync(HttpRequestMessage request, Boolean async, CancellationToken cancellationToken)
   --- End of inner exception stack trace ---
   at System.Net.Http.HttpConnection.SendAsync(HttpRequestMessage request, Boolean async, CancellationToken cancellationToken)
   at System.Net.Http.AuthenticationHelper.SendWithNtAuthAsync(HttpRequestMessage request, Uri authUri, Boolean async, ICredentials credentials, Boolean isProxyAuth, HttpConnection connection, HttpConnectionPool connectionPool, CancellationToken cancellationToken)
   at System.Net.Http.HttpConnectionPool.SendWithVersionDetectionAndRetryAsync(HttpRequestMessage request, Boolean async, Boolean doRequestAuth, CancellationToken cancellationToken)
   at System.Net.Http.AuthenticationHelper.SendWithAuthAsync(HttpRequestMessage request, Uri authUri, Boolean async, ICredentials credentials, Boolean preAuthenticate, Boolean isProxyAuth, Boolean doRequestAuth, HttpConnectionPool pool, CancellationToken cancellationToken)
   at System.Net.Http.RedirectHandler.SendAsync(HttpRequestMessage request, Boolean async, CancellationToken cancellationToken)
   at GitHub.Services.Common.RawHttpMessageHandler.SendAsync(HttpRequestMessage request, CancellationToken cancellationToken)
   at GitHub.Services.Common.VssHttpRetryMessageHandler.SendAsync(HttpRequestMessage request, CancellationToken cancellationToken)
   at System.Net.Http.HttpClient.<SendAsync>g__Core|83_0(HttpRequestMessage request, HttpCompletionOption completionOption, CancellationTokenSource cts, Boolean disposeCts, CancellationTokenSource pendingRequestsCts, CancellationToken originalCancellationToken)
[2026-06-12 09:41:54Z ERR  BrokerServer] #####################################################
[2026-06-12 09:41:54Z ERR  BrokerServer] System.IO.IOException: Unable to read data from the transport connection: L’opération d’entrée/sortie a été abandonnée en raison de l’arrêt d’un thread ou à la demande d’une application..
 ---> System.Net.Sockets.SocketException (995): L’opération d’entrée/sortie a été abandonnée en raison de l’arrêt d’un thread ou à la demande d’une application.
   --- End of inner exception stack trace ---
   at System.Net.Sockets.Socket.AwaitableSocketAsyncEventArgs.System.Threading.Tasks.Sources.IValueTaskSource<System.Int32>.GetResult(Int16 token)
   at System.Net.Security.SslStream.EnsureFullTlsFrameAsync[TIOAdapter](CancellationToken cancellationToken, Int32 estimatedSize)
   at System.Runtime.CompilerServices.PoolingAsyncValueTaskMethodBuilder`1.StateMachineBox`1.System.Threading.Tasks.Sources.IValueTaskSource<TResult>.GetResult(Int16 token)
   at System.Net.Security.SslStream.ReadAsyncInternal[TIOAdapter](Memory`1 buffer, CancellationToken cancellationToken)
   at System.Runtime.CompilerServices.PoolingAsyncValueTaskMethodBuilder`1.StateMachineBox`1.System.Threading.Tasks.Sources.IValueTaskSource<TResult>.GetResult(Int16 token)
   at System.Net.Http.HttpConnection.SendAsync(HttpRequestMessage request, Boolean async, CancellationToken cancellationToken)
[2026-06-12 09:41:54Z ERR  BrokerServer] #####################################################
[2026-06-12 09:41:54Z ERR  BrokerServer] System.Net.Sockets.SocketException (995): L’opération d’entrée/sortie a été abandonnée en raison de l’arrêt d’un thread ou à la demande d’une application.
[2026-06-12 09:41:54Z WARN BrokerServer] Back off 6,42 seconds before next retry. 4 attempt left.
[2026-06-12 09:41:54Z INFO BrokerMessageListener] Get next message has been cancelled.
[2026-06-12 09:41:54Z INFO JobDispatcher] Shutting down JobDispatcher. Make sure all WorkerDispatcher has finished.
[2026-06-12 09:41:54Z INFO JobDispatcher] Ensure WorkerDispatcher for job 134cba1f-e888-5d7c-9d85-ef0cafa5796e run to finish, cancel any running job.
[2026-06-12 09:41:54Z INFO JobDispatcher] Send job cancellation message to worker for job 134cba1f-e888-5d7c-9d85-ef0cafa5796e.
[2026-06-12 09:41:54Z INFO ProcessChannel] Sending message of length 0, with hash 'e3b0c44298fc1c149afbf4c8996fb92427ae41e4649b934ca495991b7852b855'
[2026-06-12 09:41:58Z INFO ProcessInvokerWrapper] STDOUT/STDERR stream read finished.
[2026-06-12 09:41:58Z INFO ProcessInvokerWrapper] STDOUT/STDERR stream read finished.
[2026-06-12 09:41:58Z INFO ProcessInvokerWrapper] Finished process 17960 with exit code 102, and elapsed time 00:02:16.6367269.
[2026-06-12 09:41:58Z INFO JobDispatcher] finish job request for job 134cba1f-e888-5d7c-9d85-ef0cafa5796e with result: Canceled
[2026-06-12 09:41:58Z INFO Terminal] WRITE LINE: 2026-06-12 09:41:58Z: Job deploy completed with result: Canceled
[2026-06-12 09:41:58Z INFO JobDispatcher] Stop renew job request for job 134cba1f-e888-5d7c-9d85-ef0cafa5796e.
[2026-06-12 09:41:58Z INFO JobDispatcher] job renew has been cancelled, stop renew job 134cba1f-e888-5d7c-9d85-ef0cafa5796e.
[2026-06-12 09:41:58Z INFO JobNotification] Entering JobCompleted Notification
[2026-06-12 09:41:58Z INFO JobNotification] Entering EndMonitor
[2026-06-12 09:41:58Z INFO Runner] Deleting Runner Session...
[2026-06-12 09:41:59Z INFO Listener] Runner execution been cancelled.
