[2026-06-12 08:55:49Z INFO HostContext] No proxy settings were found based on environmental variables (http_proxy/https_proxy/HTTP_PROXY/HTTPS_PROXY)
[2026-06-12 08:55:49Z INFO HostContext] Well known directory 'Bin': 'C:\Users\Stagiaire\Desktop\COURS\DevOps\MyRecipeAPI\actions-runner\bin'
[2026-06-12 08:55:49Z INFO HostContext] Well known directory 'Root': 'C:\Users\Stagiaire\Desktop\COURS\DevOps\MyRecipeAPI\actions-runner'
[2026-06-12 08:55:49Z INFO HostContext] Well known config file 'Credentials': 'C:\Users\Stagiaire\Desktop\COURS\DevOps\MyRecipeAPI\actions-runner\.credentials'
[2026-06-12 08:55:49Z INFO HostContext] Well known directory 'Bin': 'C:\Users\Stagiaire\Desktop\COURS\DevOps\MyRecipeAPI\actions-runner\bin'
[2026-06-12 08:55:49Z INFO HostContext] Well known directory 'Root': 'C:\Users\Stagiaire\Desktop\COURS\DevOps\MyRecipeAPI\actions-runner'
[2026-06-12 08:55:49Z INFO HostContext] Well known config file 'Runner': 'C:\Users\Stagiaire\Desktop\COURS\DevOps\MyRecipeAPI\actions-runner\.runner'
[2026-06-12 08:55:49Z INFO Listener] Runner is built for Windows (X64) - win-x64.
[2026-06-12 08:55:49Z INFO Listener] RuntimeInformation: Microsoft Windows 10.0.26200.
[2026-06-12 08:55:49Z INFO Listener] Version: 2.335.1
[2026-06-12 08:55:49Z INFO Listener] Commit: 7d737449ef346f6524f75688d0c9c95fa10ba10a
[2026-06-12 08:55:49Z INFO Listener] Culture: fr-FR
[2026-06-12 08:55:49Z INFO Listener] UI Culture: fr-FR
[2026-06-12 08:55:49Z INFO HostContext] Well known directory 'Bin': 'C:\Users\Stagiaire\Desktop\COURS\DevOps\MyRecipeAPI\actions-runner\bin'
[2026-06-12 08:55:49Z INFO HostContext] Well known directory 'Root': 'C:\Users\Stagiaire\Desktop\COURS\DevOps\MyRecipeAPI\actions-runner'
[2026-06-12 08:55:49Z INFO Listener] Validating directory permissions for: 'C:\Users\Stagiaire\Desktop\COURS\DevOps\MyRecipeAPI\actions-runner'
[2026-06-12 08:55:49Z INFO CommandLineParser] Parse
[2026-06-12 08:55:49Z INFO CommandLineParser] Parsing 1 args
[2026-06-12 08:55:49Z INFO CommandLineParser] parsing argument
[2026-06-12 08:55:49Z INFO CommandLineParser] HasArgs: False
[2026-06-12 08:55:49Z INFO CommandLineParser] Adding Command: run
[2026-06-12 08:55:49Z INFO Listener] Arguments parsed
[2026-06-12 08:55:49Z INFO Runner] ExecuteCommand
[2026-06-12 08:55:49Z INFO ConfigurationStore] currentAssemblyLocation: C:\Users\Stagiaire\Desktop\COURS\DevOps\MyRecipeAPI\actions-runner\bin\Runner.Listener.dll
[2026-06-12 08:55:49Z INFO HostContext] Well known directory 'Bin': 'C:\Users\Stagiaire\Desktop\COURS\DevOps\MyRecipeAPI\actions-runner\bin'
[2026-06-12 08:55:49Z INFO ConfigurationStore] binPath: C:\Users\Stagiaire\Desktop\COURS\DevOps\MyRecipeAPI\actions-runner\bin
[2026-06-12 08:55:49Z INFO HostContext] Well known directory 'Bin': 'C:\Users\Stagiaire\Desktop\COURS\DevOps\MyRecipeAPI\actions-runner\bin'
[2026-06-12 08:55:49Z INFO HostContext] Well known directory 'Root': 'C:\Users\Stagiaire\Desktop\COURS\DevOps\MyRecipeAPI\actions-runner'
[2026-06-12 08:55:49Z INFO ConfigurationStore] RootFolder: C:\Users\Stagiaire\Desktop\COURS\DevOps\MyRecipeAPI\actions-runner
[2026-06-12 08:55:49Z INFO HostContext] Well known directory 'Bin': 'C:\Users\Stagiaire\Desktop\COURS\DevOps\MyRecipeAPI\actions-runner\bin'
[2026-06-12 08:55:49Z INFO HostContext] Well known directory 'Root': 'C:\Users\Stagiaire\Desktop\COURS\DevOps\MyRecipeAPI\actions-runner'
[2026-06-12 08:55:49Z INFO HostContext] Well known config file 'Runner': 'C:\Users\Stagiaire\Desktop\COURS\DevOps\MyRecipeAPI\actions-runner\.runner'
[2026-06-12 08:55:49Z INFO ConfigurationStore] ConfigFilePath: C:\Users\Stagiaire\Desktop\COURS\DevOps\MyRecipeAPI\actions-runner\.runner
[2026-06-12 08:55:49Z INFO HostContext] Well known directory 'Bin': 'C:\Users\Stagiaire\Desktop\COURS\DevOps\MyRecipeAPI\actions-runner\bin'
[2026-06-12 08:55:49Z INFO HostContext] Well known directory 'Root': 'C:\Users\Stagiaire\Desktop\COURS\DevOps\MyRecipeAPI\actions-runner'
[2026-06-12 08:55:49Z INFO HostContext] Well known config file 'MigratedRunner': 'C:\Users\Stagiaire\Desktop\COURS\DevOps\MyRecipeAPI\actions-runner\.runner_migrated'
[2026-06-12 08:55:49Z INFO ConfigurationStore] MigratedConfigFilePath: C:\Users\Stagiaire\Desktop\COURS\DevOps\MyRecipeAPI\actions-runner\.runner_migrated
[2026-06-12 08:55:49Z INFO HostContext] Well known directory 'Bin': 'C:\Users\Stagiaire\Desktop\COURS\DevOps\MyRecipeAPI\actions-runner\bin'
[2026-06-12 08:55:49Z INFO HostContext] Well known directory 'Root': 'C:\Users\Stagiaire\Desktop\COURS\DevOps\MyRecipeAPI\actions-runner'
[2026-06-12 08:55:49Z INFO HostContext] Well known config file 'Credentials': 'C:\Users\Stagiaire\Desktop\COURS\DevOps\MyRecipeAPI\actions-runner\.credentials'
[2026-06-12 08:55:49Z INFO ConfigurationStore] CredFilePath: C:\Users\Stagiaire\Desktop\COURS\DevOps\MyRecipeAPI\actions-runner\.credentials
[2026-06-12 08:55:49Z INFO HostContext] Well known directory 'Bin': 'C:\Users\Stagiaire\Desktop\COURS\DevOps\MyRecipeAPI\actions-runner\bin'
[2026-06-12 08:55:49Z INFO HostContext] Well known directory 'Root': 'C:\Users\Stagiaire\Desktop\COURS\DevOps\MyRecipeAPI\actions-runner'
[2026-06-12 08:55:49Z INFO HostContext] Well known config file 'MigratedCredentials': 'C:\Users\Stagiaire\Desktop\COURS\DevOps\MyRecipeAPI\actions-runner\.credentials_migrated'
[2026-06-12 08:55:49Z INFO ConfigurationStore] MigratedCredFilePath: C:\Users\Stagiaire\Desktop\COURS\DevOps\MyRecipeAPI\actions-runner\.credentials_migrated
[2026-06-12 08:55:49Z INFO HostContext] Well known directory 'Bin': 'C:\Users\Stagiaire\Desktop\COURS\DevOps\MyRecipeAPI\actions-runner\bin'
[2026-06-12 08:55:49Z INFO HostContext] Well known directory 'Root': 'C:\Users\Stagiaire\Desktop\COURS\DevOps\MyRecipeAPI\actions-runner'
[2026-06-12 08:55:49Z INFO HostContext] Well known config file 'Service': 'C:\Users\Stagiaire\Desktop\COURS\DevOps\MyRecipeAPI\actions-runner\.service'
[2026-06-12 08:55:49Z INFO ConfigurationStore] ServiceConfigFilePath: C:\Users\Stagiaire\Desktop\COURS\DevOps\MyRecipeAPI\actions-runner\.service
[2026-06-12 08:55:49Z INFO CommandSettings] Flag 'help': 'False'
[2026-06-12 08:55:49Z INFO CommandSettings] Flag 'version': 'False'
[2026-06-12 08:55:49Z INFO CommandSettings] Flag 'commit': 'False'
[2026-06-12 08:55:49Z INFO CommandSettings] Flag 'check': 'False'
[2026-06-12 08:55:49Z INFO CommandSettings] Command 'configure': 'False'
[2026-06-12 08:55:49Z INFO CommandSettings] Command 'remove': 'False'
[2026-06-12 08:55:49Z INFO CommandSettings] Command 'warmup': 'False'
[2026-06-12 08:55:49Z INFO ConfigurationManager] LoadSettings
[2026-06-12 08:55:49Z INFO ConfigurationStore] IsConfigured()
[2026-06-12 08:55:49Z INFO ConfigurationStore] IsConfigured: True
[2026-06-12 08:55:49Z INFO ConfigurationManager] Is configured: True
[2026-06-12 08:55:49Z INFO ConfigurationStore] Read setting file: 393 chars
[2026-06-12 08:55:49Z INFO ConfigurationManager] Settings Loaded
[2026-06-12 08:55:49Z INFO ConfigurationStore] IsServiceConfigured()
[2026-06-12 08:55:49Z INFO ConfigurationStore] IsServiceConfigured: False
[2026-06-12 08:55:49Z INFO CommandSettings] Command 'run': 'True'
[2026-06-12 08:55:49Z INFO ConfigurationStore] IsConfigured()
[2026-06-12 08:55:49Z INFO ConfigurationStore] IsConfigured: True
[2026-06-12 08:55:49Z INFO ConfigurationManager] Is configured: True
[2026-06-12 08:55:49Z INFO Runner] Could not parse the argument value '' for StartupType. Defaulting to Manual
[2026-06-12 08:55:49Z INFO Runner] Set runner startup type - Manual
[2026-06-12 08:55:49Z INFO CommandSettings] Flag 'once': 'False'
[2026-06-12 08:55:49Z INFO CommandSettings] Flag 'once': 'False'
[2026-06-12 08:55:49Z INFO Runner] RunAsync
[2026-06-12 08:55:49Z INFO HostContext] Well known directory 'Bin': 'C:\Users\Stagiaire\Desktop\COURS\DevOps\MyRecipeAPI\actions-runner\bin'
[2026-06-12 08:55:49Z INFO HostContext] Well known directory 'Root': 'C:\Users\Stagiaire\Desktop\COURS\DevOps\MyRecipeAPI\actions-runner'
[2026-06-12 08:55:49Z INFO HostContext] Well known directory 'Work': 'C:\Users\Stagiaire\Desktop\COURS\DevOps\MyRecipeAPI\actions-runner\_work'
[2026-06-12 08:55:49Z INFO Runner] Validating directory permissions for: 'C:\Users\Stagiaire\Desktop\COURS\DevOps\MyRecipeAPI\actions-runner\_work'
[2026-06-12 08:55:49Z INFO ConfigurationManager] LoadMigratedSettings
[2026-06-12 08:55:49Z INFO ConfigurationStore] IsMigratedConfigured()
[2026-06-12 08:55:49Z INFO ConfigurationStore] IsMigratedConfigured: False
[2026-06-12 08:55:49Z INFO Runner] Failed to load migrated settings: No migrated configuration found.
[2026-06-12 08:55:49Z INFO Runner] Falling back to original .runner settings
[2026-06-12 08:55:49Z INFO Runner] Using BrokerMessageListener
[2026-06-12 08:55:49Z INFO BrokerMessageListener] Using provided settings
[2026-06-12 08:55:49Z INFO BrokerMessageListener] {
  "AgentId": 21,
  "AgentName": "POR-MNS-65",
  "PoolId": 1,
  "PoolName": "Default",
  "ServerUrl": "https://pipelinesghubeus2.actions.githubusercontent.com/J9DCYFF3b0O1h2nG0zzJnZOmvzeHgyLYgi5lVEfFBAJLzAGoXq/",
  "GitHubUrl": "https://github.com/Gay-Jeremy/MyRecipe",
  "WorkFolder": "_work",
  "UseV2Flow": true,
  "ServerUrlV2": "https://broker.actions.githubusercontent.com/"
}
[2026-06-12 08:55:49Z INFO BrokerMessageListener] Loading Credentials
[2026-06-12 08:55:49Z INFO ConfigurationStore] HasCredentials()
[2026-06-12 08:55:49Z INFO ConfigurationStore] stored True
[2026-06-12 08:55:49Z INFO CredentialManager] GetCredentialProvider
[2026-06-12 08:55:49Z INFO CredentialManager] Creating type OAuth
[2026-06-12 08:55:49Z INFO CredentialManager] Creating credential type: OAuth
[2026-06-12 08:55:49Z INFO HostContext] Well known directory 'Bin': 'C:\Users\Stagiaire\Desktop\COURS\DevOps\MyRecipeAPI\actions-runner\bin'
[2026-06-12 08:55:49Z INFO HostContext] Well known directory 'Root': 'C:\Users\Stagiaire\Desktop\COURS\DevOps\MyRecipeAPI\actions-runner'
[2026-06-12 08:55:49Z INFO HostContext] Well known config file 'RSACredentials': 'C:\Users\Stagiaire\Desktop\COURS\DevOps\MyRecipeAPI\actions-runner\.credentials_rsaparams'
[2026-06-12 08:55:49Z INFO RSAEncryptedFileKeyManager] Loading RSA key parameters from file C:\Users\Stagiaire\Desktop\COURS\DevOps\MyRecipeAPI\actions-runner\.credentials_rsaparams
[2026-06-12 08:55:49Z INFO BrokerMessageListener] Attempt to create session.
[2026-06-12 08:55:49Z INFO BrokerMessageListener] Connecting to the Broker Server...
[2026-06-12 08:55:49Z INFO ConfigurationStore] HasCredentials()
[2026-06-12 08:55:49Z INFO ConfigurationStore] stored True
[2026-06-12 08:55:49Z INFO CredentialManager] GetCredentialProvider
[2026-06-12 08:55:49Z INFO CredentialManager] Creating type OAuth
[2026-06-12 08:55:49Z INFO CredentialManager] Creating credential type: OAuth
[2026-06-12 08:55:49Z INFO RSAEncryptedFileKeyManager] Loading RSA key parameters from file C:\Users\Stagiaire\Desktop\COURS\DevOps\MyRecipeAPI\actions-runner\.credentials_rsaparams
[2026-06-12 08:55:49Z INFO BrokerMessageListener] VssConnection created
[2026-06-12 08:55:49Z INFO BrokerMessageListener] Connecting to the Runner server...
[2026-06-12 08:55:49Z INFO RunnerServer] EstablishVssConnection
[2026-06-12 08:55:49Z INFO RunnerServer] Establish connection with 100 seconds timeout.
[2026-06-12 08:55:49Z INFO GitHubActionsService] Starting operation Location.GetConnectionData
[2026-06-12 08:55:49Z INFO RunnerServer] EstablishVssConnection
[2026-06-12 08:55:49Z INFO RunnerServer] Establish connection with 60 seconds timeout.
[2026-06-12 08:55:49Z INFO GitHubActionsService] Starting operation Location.GetConnectionData
[2026-06-12 08:55:49Z INFO RunnerServer] EstablishVssConnection
[2026-06-12 08:55:49Z INFO RunnerServer] Establish connection with 60 seconds timeout.
[2026-06-12 08:55:49Z INFO GitHubActionsService] Starting operation Location.GetConnectionData
[2026-06-12 08:55:50Z INFO GitHubActionsService] Finished operation Location.GetConnectionData
[2026-06-12 08:55:50Z INFO GitHubActionsService] Finished operation Location.GetConnectionData
[2026-06-12 08:55:50Z INFO GitHubActionsService] Finished operation Location.GetConnectionData
[2026-06-12 08:55:50Z INFO BrokerMessageListener] VssConnection created
[2026-06-12 08:55:50Z INFO Terminal] WRITE LINE: 
[2026-06-12 08:55:50Z INFO Terminal] WRITE LINE: 
[2026-06-12 08:55:50Z INFO RSAEncryptedFileKeyManager] Loading RSA key parameters from file C:\Users\Stagiaire\Desktop\COURS\DevOps\MyRecipeAPI\actions-runner\.credentials_rsaparams
[2026-06-12 08:55:50Z INFO RSAEncryptedFileKeyManager] Loading RSA key parameters from file C:\Users\Stagiaire\Desktop\COURS\DevOps\MyRecipeAPI\actions-runner\.credentials_rsaparams
[2026-06-12 08:55:51Z INFO GitHubActionsService] AAD Correlation ID for this token request: Unknown
[2026-06-12 08:55:52Z INFO BrokerMessageListener] Session created.
[2026-06-12 08:55:52Z INFO Terminal] WRITE LINE: Current runner version: '2.335.1'
[2026-06-12 08:55:52Z INFO Terminal] WRITE LINE: 2026-06-12 08:55:52Z: Listening for Jobs
[2026-06-12 08:55:52Z INFO JobDispatcher] Set runner/worker IPC timeout to 30 seconds.
[2026-06-12 08:55:52Z INFO BrokerMessageListener] Acknowledging runner request 'a58da505-09f5-5bc7-93ab-853d7262b7aa'.
[2026-06-12 08:55:52Z INFO ConfigurationStore] HasCredentials()
[2026-06-12 08:55:52Z INFO ConfigurationStore] stored True
[2026-06-12 08:55:52Z INFO CredentialManager] GetCredentialProvider
[2026-06-12 08:55:52Z INFO CredentialManager] Creating type OAuth
[2026-06-12 08:55:52Z INFO CredentialManager] Creating credential type: OAuth
[2026-06-12 08:55:52Z INFO RSAEncryptedFileKeyManager] Loading RSA key parameters from file C:\Users\Stagiaire\Desktop\COURS\DevOps\MyRecipeAPI\actions-runner\.credentials_rsaparams
[2026-06-12 08:55:52Z INFO RSAEncryptedFileKeyManager] Loading RSA key parameters from file C:\Users\Stagiaire\Desktop\COURS\DevOps\MyRecipeAPI\actions-runner\.credentials_rsaparams
[2026-06-12 08:55:52Z INFO RSAEncryptedFileKeyManager] Loading RSA key parameters from file C:\Users\Stagiaire\Desktop\COURS\DevOps\MyRecipeAPI\actions-runner\.credentials_rsaparams
[2026-06-12 08:55:53Z INFO GitHubActionsService] AAD Correlation ID for this token request: Unknown
[2026-06-12 08:55:54Z INFO JobDispatcher] Job request 0 for plan c21f7e1d-77c2-43db-be7b-e37660e116df job a58da505-09f5-5bc7-93ab-853d7262b7aa received.
[2026-06-12 08:55:54Z INFO JobDispatcher] Pull OrchestrationId c21f7e1d-77c2-43db-be7b-e37660e116df.deploy.__default from JWT claims
[2026-06-12 08:55:54Z INFO BrokerMessageListener] Received job status event. JobState: Busy
[2026-06-12 08:55:54Z INFO BrokerMessageListener] _getMessagesTokenSource is already disposed.
[2026-06-12 08:55:54Z INFO Terminal] WRITE LINE: 2026-06-12 08:55:54Z: Running job: deploy
[2026-06-12 08:55:54Z INFO JobDispatcher] Start renew job request 0 for job a58da505-09f5-5bc7-93ab-853d7262b7aa.
[2026-06-12 08:55:55Z INFO JobDispatcher] Successfully renew job a58da505-09f5-5bc7-93ab-853d7262b7aa, job is valid till 12/06/2026 09:05:54
[2026-06-12 08:55:55Z INFO HostContext] Well known directory 'Bin': 'C:\Users\Stagiaire\Desktop\COURS\DevOps\MyRecipeAPI\actions-runner\bin'
[2026-06-12 08:55:55Z INFO ProcessInvokerWrapper] Starting process:
[2026-06-12 08:55:55Z INFO ProcessInvokerWrapper]   File name: 'C:\Users\Stagiaire\Desktop\COURS\DevOps\MyRecipeAPI\actions-runner\bin\Runner.Worker.exe'
[2026-06-12 08:55:55Z INFO ProcessInvokerWrapper]   Arguments: 'spawnclient 2280 2292'
[2026-06-12 08:55:55Z INFO ProcessInvokerWrapper]   Working directory: 'C:\Users\Stagiaire\Desktop\COURS\DevOps\MyRecipeAPI\actions-runner\bin'
[2026-06-12 08:55:55Z INFO ProcessInvokerWrapper]   Require exit code zero: 'False'
[2026-06-12 08:55:55Z INFO ProcessInvokerWrapper]   Encoding web name:  ; code page: ''
[2026-06-12 08:55:55Z INFO ProcessInvokerWrapper]   Force kill process on cancellation: 'True'
[2026-06-12 08:55:55Z INFO ProcessInvokerWrapper]   Redirected STDIN: 'False'
[2026-06-12 08:55:55Z INFO ProcessInvokerWrapper]   Persist current code page: 'False'
[2026-06-12 08:55:55Z INFO ProcessInvokerWrapper]   Keep redirected STDIN open: 'False'
[2026-06-12 08:55:55Z INFO ProcessInvokerWrapper]   High priority process: 'True'
[2026-06-12 08:55:55Z INFO ProcessInvokerWrapper] Process started with process id 13324, waiting for process exit.
[2026-06-12 08:55:55Z INFO JobDispatcher] Send job request message to worker for job a58da505-09f5-5bc7-93ab-853d7262b7aa.
[2026-06-12 08:55:55Z INFO ProcessChannel] Sending message of length 22612, with hash '7057be6de5105e3fc3cfa0f5a2af46d3b28d93f2536e15c3562e3f7a704c96ff'
[2026-06-12 08:55:55Z INFO JobNotification] Entering JobStarted Notification
[2026-06-12 08:55:55Z INFO JobNotification] Entering StartMonitor
[2026-06-12 08:56:02Z INFO BrokerMessageListener] Acknowledging runner request 'dcb45bc7-0f4c-5eb7-bc93-3d675a0fd6db'.
[2026-06-12 08:56:02Z INFO ProcessInvokerWrapper] STDOUT/STDERR stream read finished.
[2026-06-12 08:56:02Z INFO ProcessInvokerWrapper] STDOUT/STDERR stream read finished.
[2026-06-12 08:56:02Z INFO ProcessInvokerWrapper] Finished process 13324 with exit code 102, and elapsed time 00:00:07.2309528.
[2026-06-12 08:56:02Z INFO JobDispatcher] Worker finished for job a58da505-09f5-5bc7-93ab-853d7262b7aa. Code: 102
[2026-06-12 08:56:02Z INFO JobDispatcher] finish job request for job a58da505-09f5-5bc7-93ab-853d7262b7aa with result: Failed
[2026-06-12 08:56:02Z INFO Terminal] WRITE LINE: 2026-06-12 08:56:02Z: Job deploy completed with result: Failed
[2026-06-12 08:56:02Z INFO JobDispatcher] Stop renew job request for job a58da505-09f5-5bc7-93ab-853d7262b7aa.
[2026-06-12 08:56:02Z INFO JobDispatcher] job renew has been cancelled, stop renew job a58da505-09f5-5bc7-93ab-853d7262b7aa.
[2026-06-12 08:56:02Z INFO JobNotification] Entering JobCompleted Notification
[2026-06-12 08:56:02Z INFO JobNotification] Entering EndMonitor
[2026-06-12 08:56:02Z INFO BrokerMessageListener] Received job status event. JobState: Online
[2026-06-12 08:56:02Z INFO BrokerMessageListener] _getMessagesTokenSource is already disposed.
[2026-06-12 08:56:03Z INFO ConfigurationStore] HasCredentials()
[2026-06-12 08:56:03Z INFO ConfigurationStore] stored True
[2026-06-12 08:56:03Z INFO CredentialManager] GetCredentialProvider
[2026-06-12 08:56:03Z INFO CredentialManager] Creating type OAuth
[2026-06-12 08:56:03Z INFO CredentialManager] Creating credential type: OAuth
[2026-06-12 08:56:03Z INFO RSAEncryptedFileKeyManager] Loading RSA key parameters from file C:\Users\Stagiaire\Desktop\COURS\DevOps\MyRecipeAPI\actions-runner\.credentials_rsaparams
[2026-06-12 08:56:03Z INFO RSAEncryptedFileKeyManager] Loading RSA key parameters from file C:\Users\Stagiaire\Desktop\COURS\DevOps\MyRecipeAPI\actions-runner\.credentials_rsaparams
[2026-06-12 08:56:03Z INFO RSAEncryptedFileKeyManager] Loading RSA key parameters from file C:\Users\Stagiaire\Desktop\COURS\DevOps\MyRecipeAPI\actions-runner\.credentials_rsaparams
[2026-06-12 08:56:03Z INFO GitHubActionsService] AAD Correlation ID for this token request: Unknown
[2026-06-12 08:56:04Z INFO JobDispatcher] Job request 0 for plan 77ee5ba4-3d66-4289-9811-016642e180ed job dcb45bc7-0f4c-5eb7-bc93-3d675a0fd6db received.
[2026-06-12 08:56:04Z INFO JobDispatcher] Pull OrchestrationId 77ee5ba4-3d66-4289-9811-016642e180ed.deploy.__default from JWT claims
[2026-06-12 08:56:04Z INFO BrokerMessageListener] Received job status event. JobState: Busy
[2026-06-12 08:56:04Z INFO BrokerMessageListener] _getMessagesTokenSource is already disposed.
[2026-06-12 08:56:04Z INFO JobDispatcher] Job request a58da505-09f5-5bc7-93ab-853d7262b7aa processed succeed.
[2026-06-12 08:56:04Z INFO Terminal] WRITE LINE: 2026-06-12 08:56:04Z: Running job: deploy
[2026-06-12 08:56:04Z INFO JobDispatcher] Start renew job request 0 for job dcb45bc7-0f4c-5eb7-bc93-3d675a0fd6db.
[2026-06-12 08:56:04Z INFO JobDispatcher] Successfully renew job dcb45bc7-0f4c-5eb7-bc93-3d675a0fd6db, job is valid till 12/06/2026 09:06:04
[2026-06-12 08:56:04Z INFO HostContext] Well known directory 'Bin': 'C:\Users\Stagiaire\Desktop\COURS\DevOps\MyRecipeAPI\actions-runner\bin'
[2026-06-12 08:56:04Z INFO ProcessInvokerWrapper] Starting process:
[2026-06-12 08:56:04Z INFO ProcessInvokerWrapper]   File name: 'C:\Users\Stagiaire\Desktop\COURS\DevOps\MyRecipeAPI\actions-runner\bin\Runner.Worker.exe'
[2026-06-12 08:56:04Z INFO ProcessInvokerWrapper]   Arguments: 'spawnclient 612 2396'
[2026-06-12 08:56:04Z INFO ProcessInvokerWrapper]   Working directory: 'C:\Users\Stagiaire\Desktop\COURS\DevOps\MyRecipeAPI\actions-runner\bin'
[2026-06-12 08:56:04Z INFO ProcessInvokerWrapper]   Require exit code zero: 'False'
[2026-06-12 08:56:04Z INFO ProcessInvokerWrapper]   Encoding web name:  ; code page: ''
[2026-06-12 08:56:04Z INFO ProcessInvokerWrapper]   Force kill process on cancellation: 'True'
[2026-06-12 08:56:04Z INFO ProcessInvokerWrapper]   Redirected STDIN: 'False'
[2026-06-12 08:56:04Z INFO ProcessInvokerWrapper]   Persist current code page: 'False'
[2026-06-12 08:56:04Z INFO ProcessInvokerWrapper]   Keep redirected STDIN open: 'False'
[2026-06-12 08:56:04Z INFO ProcessInvokerWrapper]   High priority process: 'True'
[2026-06-12 08:56:05Z INFO ProcessInvokerWrapper] Process started with process id 21012, waiting for process exit.
[2026-06-12 08:56:05Z INFO JobDispatcher] Send job request message to worker for job dcb45bc7-0f4c-5eb7-bc93-3d675a0fd6db.
[2026-06-12 08:56:05Z INFO ProcessChannel] Sending message of length 22813, with hash '364b145c306a909575c93b39097bd424c203e1279d14cd8db26ad035d318344f'
[2026-06-12 08:56:05Z INFO JobNotification] Entering JobStarted Notification
[2026-06-12 08:56:05Z INFO JobNotification] Entering StartMonitor
[2026-06-12 08:56:09Z INFO ProcessInvokerWrapper] STDOUT/STDERR stream read finished.
[2026-06-12 08:56:09Z INFO ProcessInvokerWrapper] STDOUT/STDERR stream read finished.
[2026-06-12 08:56:09Z INFO ProcessInvokerWrapper] Finished process 21012 with exit code 102, and elapsed time 00:00:04.6524569.
[2026-06-12 08:56:09Z INFO JobDispatcher] Worker finished for job dcb45bc7-0f4c-5eb7-bc93-3d675a0fd6db. Code: 102
[2026-06-12 08:56:09Z INFO JobDispatcher] finish job request for job dcb45bc7-0f4c-5eb7-bc93-3d675a0fd6db with result: Failed
[2026-06-12 08:56:09Z INFO Terminal] WRITE LINE: 2026-06-12 08:56:09Z: Job deploy completed with result: Failed
[2026-06-12 08:56:09Z INFO JobDispatcher] Stop renew job request for job dcb45bc7-0f4c-5eb7-bc93-3d675a0fd6db.
[2026-06-12 08:56:09Z INFO JobDispatcher] job renew has been cancelled, stop renew job dcb45bc7-0f4c-5eb7-bc93-3d675a0fd6db.
[2026-06-12 08:56:09Z INFO JobNotification] Entering JobCompleted Notification
[2026-06-12 08:56:09Z INFO JobNotification] Entering EndMonitor
[2026-06-12 08:56:09Z INFO BrokerMessageListener] Received job status event. JobState: Online
[2026-06-12 08:56:09Z WARN GitHubActionsService] GET request to https://broker.actions.githubusercontent.com/message?sessionId=97e36850-42e7-4132-b0b9-92d3ccf1d467&status=Busy&runnerVersion=2.335.1&os=Windows&architecture=X64&disableUpdate=false has been cancelled.
[2026-06-12 08:56:09Z ERR  BrokerServer] Catch exception during request
[2026-06-12 08:56:09Z ERR  BrokerServer] System.Threading.Tasks.TaskCanceledException: The operation was canceled.
 ---> System.Threading.Tasks.TaskCanceledException: The operation was canceled.
 ---> System.IO.IOException: Unable to read data from the transport connection: L’opération d’entrée/sortie a été abandonnée en raison de l’arrêt d’un thread ou à la demande d’une application..
 ---> System.Net.Sockets.SocketException (995): L’opération d’entrée/sortie a été abandonnée en raison de l’arrêt d’un thread ou à la demande d’une application.
   --- End of inner exception stack trace ---
   at System.Net.Sockets.Socket.AwaitableSocketAsyncEventArgs.ThrowException(SocketError error, CancellationToken cancellationToken)
   at System.Net.Sockets.Socket.AwaitableSocketAsyncEventArgs.System.Threading.Tasks.Sources.IValueTaskSource<System.Int32>.GetResult(Int16 token)
   at System.Net.Security.SslStream.EnsureFullTlsFrameAsync[TIOAdapter](CancellationToken cancellationToken, Int32 estimatedSize)
   at System.Runtime.CompilerServices.PoolingAsyncValueTaskMethodBuilder`1.StateMachineBox`1.System.Threading.Tasks.Sources.IValueTaskSource<TResult>.GetResult(Int16 token)
   at System.Net.Security.SslStream.ReadAsyncInternal[TIOAdapter](Memory`1 buffer, CancellationToken cancellationToken)
   at System.Runtime.CompilerServices.PoolingAsyncValueTaskMethodBuilder`1.StateMachineBox`1.System.Threading.Tasks.Sources.IValueTaskSource<TResult>.GetResult(Int16 token)
   at System.Net.Http.HttpConnection.SendAsync(HttpRequestMessage request, Boolean async, CancellationToken cancellationToken)
   --- End of inner exception stack trace ---
   at System.Net.Http.HttpConnection.SendAsync(HttpRequestMessage request, Boolean async, CancellationToken cancellationToken)
   at System.Net.Http.AuthenticationHelper.SendWithNtAuthAsync(HttpRequestMessage request, Uri authUri, Boolean async, ICredentials credentials, Boolean isProxyAuth, HttpConnection connection, HttpConnectionPool connectionPool, CancellationToken cancellationToken)
   at System.Net.Http.HttpConnectionPool.SendWithVersionDetectionAndRetryAsync(HttpRequestMessage request, Boolean async, Boolean doRequestAuth, CancellationToken cancellationToken)
   at System.Net.Http.AuthenticationHelper.SendWithAuthAsync(HttpRequestMessage request, Uri authUri, Boolean async, ICredentials credentials, Boolean preAuthenticate, Boolean isProxyAuth, Boolean doRequestAuth, HttpConnectionPool pool, CancellationToken cancellationToken)
   at System.Net.Http.RedirectHandler.SendAsync(HttpRequestMessage request, Boolean async, CancellationToken cancellationToken)
   at GitHub.Services.Common.RawHttpMessageHandler.SendAsync(HttpRequestMessage request, CancellationToken cancellationToken)
   at GitHub.Services.Common.VssHttpRetryMessageHandler.SendAsync(HttpRequestMessage request, CancellationToken cancellationToken)
   at System.Net.Http.HttpClient.<SendAsync>g__Core|83_0(HttpRequestMessage request, HttpCompletionOption completionOption, CancellationTokenSource cts, Boolean disposeCts, CancellationTokenSource pendingRequestsCts, CancellationToken originalCancellationToken)
   --- End of inner exception stack trace ---
   at System.Net.Http.HttpClient.HandleFailure(Exception e, Boolean telemetryStarted, HttpResponseMessage response, CancellationTokenSource cts, CancellationToken cancellationToken, CancellationTokenSource pendingRequestsCts)
   at System.Net.Http.HttpClient.<SendAsync>g__Core|83_0(HttpRequestMessage request, HttpCompletionOption completionOption, CancellationTokenSource cts, Boolean disposeCts, CancellationTokenSource pendingRequestsCts, CancellationToken originalCancellationToken)
   at Sdk.WebApi.WebApi.RawHttpClientBase.SendAsync(HttpRequestMessage message, HttpCompletionOption completionOption, Object userState, CancellationToken cancellationToken)
   at Sdk.WebApi.WebApi.RawHttpClientBase.SendAsync[T](HttpRequestMessage message, Boolean readErrorBody, Object userState, CancellationToken cancellationToken)
   at Sdk.WebApi.WebApi.RawHttpClientBase.SendAsync[T](HttpMethod method, IEnumerable`1 additionalHeaders, Uri requestUri, HttpContent content, IEnumerable`1 queryParameters, Boolean readErrorBody, Object userState, CancellationToken cancellationToken)
   at GitHub.Actions.RunService.WebApi.BrokerHttpClient.GetRunnerMessageAsync(Nullable`1 sessionId, String runnerVersion, Nullable`1 status, String os, String architecture, Nullable`1 disableUpdate, CancellationToken cancellationToken)
   at GitHub.Runner.Common.BrokerServer.<>c__DisplayClass7_0.<<GetRunnerMessageAsync>b__0>d.MoveNext()
--- End of stack trace from previous location ---
   at GitHub.Runner.Common.RunnerService.RetryRequest[T](Func`1 func, CancellationToken cancellationToken, Int32 maxAttempts, Func`2 shouldRetry)
[2026-06-12 08:56:09Z ERR  BrokerServer] #####################################################
[2026-06-12 08:56:09Z ERR  BrokerServer] System.Threading.Tasks.TaskCanceledException: The operation was canceled.
 ---> System.IO.IOException: Unable to read data from the transport connection: L’opération d’entrée/sortie a été abandonnée en raison de l’arrêt d’un thread ou à la demande d’une application..
 ---> System.Net.Sockets.SocketException (995): L’opération d’entrée/sortie a été abandonnée en raison de l’arrêt d’un thread ou à la demande d’une application.
   --- End of inner exception stack trace ---
   at System.Net.Sockets.Socket.AwaitableSocketAsyncEventArgs.ThrowException(SocketError error, CancellationToken cancellationToken)
   at System.Net.Sockets.Socket.AwaitableSocketAsyncEventArgs.System.Threading.Tasks.Sources.IValueTaskSource<System.Int32>.GetResult(Int16 token)
   at System.Net.Security.SslStream.EnsureFullTlsFrameAsync[TIOAdapter](CancellationToken cancellationToken, Int32 estimatedSize)
   at System.Runtime.CompilerServices.PoolingAsyncValueTaskMethodBuilder`1.StateMachineBox`1.System.Threading.Tasks.Sources.IValueTaskSource<TResult>.GetResult(Int16 token)
   at System.Net.Security.SslStream.ReadAsyncInternal[TIOAdapter](Memory`1 buffer, CancellationToken cancellationToken)
   at System.Runtime.CompilerServices.PoolingAsyncValueTaskMethodBuilder`1.StateMachineBox`1.System.Threading.Tasks.Sources.IValueTaskSource<TResult>.GetResult(Int16 token)
   at System.Net.Http.HttpConnection.SendAsync(HttpRequestMessage request, Boolean async, CancellationToken cancellationToken)
   --- End of inner exception stack trace ---
   at System.Net.Http.HttpConnection.SendAsync(HttpRequestMessage request, Boolean async, CancellationToken cancellationToken)
   at System.Net.Http.AuthenticationHelper.SendWithNtAuthAsync(HttpRequestMessage request, Uri authUri, Boolean async, ICredentials credentials, Boolean isProxyAuth, HttpConnection connection, HttpConnectionPool connectionPool, CancellationToken cancellationToken)
   at System.Net.Http.HttpConnectionPool.SendWithVersionDetectionAndRetryAsync(HttpRequestMessage request, Boolean async, Boolean doRequestAuth, CancellationToken cancellationToken)
   at System.Net.Http.AuthenticationHelper.SendWithAuthAsync(HttpRequestMessage request, Uri authUri, Boolean async, ICredentials credentials, Boolean preAuthenticate, Boolean isProxyAuth, Boolean doRequestAuth, HttpConnectionPool pool, CancellationToken cancellationToken)
   at System.Net.Http.RedirectHandler.SendAsync(HttpRequestMessage request, Boolean async, CancellationToken cancellationToken)
   at GitHub.Services.Common.RawHttpMessageHandler.SendAsync(HttpRequestMessage request, CancellationToken cancellationToken)
   at GitHub.Services.Common.VssHttpRetryMessageHandler.SendAsync(HttpRequestMessage request, CancellationToken cancellationToken)
   at System.Net.Http.HttpClient.<SendAsync>g__Core|83_0(HttpRequestMessage request, HttpCompletionOption completionOption, CancellationTokenSource cts, Boolean disposeCts, CancellationTokenSource pendingRequestsCts, CancellationToken originalCancellationToken)
[2026-06-12 08:56:09Z ERR  BrokerServer] #####################################################
[2026-06-12 08:56:09Z ERR  BrokerServer] System.IO.IOException: Unable to read data from the transport connection: L’opération d’entrée/sortie a été abandonnée en raison de l’arrêt d’un thread ou à la demande d’une application..
 ---> System.Net.Sockets.SocketException (995): L’opération d’entrée/sortie a été abandonnée en raison de l’arrêt d’un thread ou à la demande d’une application.
   --- End of inner exception stack trace ---
   at System.Net.Sockets.Socket.AwaitableSocketAsyncEventArgs.ThrowException(SocketError error, CancellationToken cancellationToken)
   at System.Net.Sockets.Socket.AwaitableSocketAsyncEventArgs.System.Threading.Tasks.Sources.IValueTaskSource<System.Int32>.GetResult(Int16 token)
   at System.Net.Security.SslStream.EnsureFullTlsFrameAsync[TIOAdapter](CancellationToken cancellationToken, Int32 estimatedSize)
   at System.Runtime.CompilerServices.PoolingAsyncValueTaskMethodBuilder`1.StateMachineBox`1.System.Threading.Tasks.Sources.IValueTaskSource<TResult>.GetResult(Int16 token)
   at System.Net.Security.SslStream.ReadAsyncInternal[TIOAdapter](Memory`1 buffer, CancellationToken cancellationToken)
   at System.Runtime.CompilerServices.PoolingAsyncValueTaskMethodBuilder`1.StateMachineBox`1.System.Threading.Tasks.Sources.IValueTaskSource<TResult>.GetResult(Int16 token)
   at System.Net.Http.HttpConnection.SendAsync(HttpRequestMessage request, Boolean async, CancellationToken cancellationToken)
[2026-06-12 08:56:09Z ERR  BrokerServer] #####################################################
[2026-06-12 08:56:09Z ERR  BrokerServer] System.Net.Sockets.SocketException (995): L’opération d’entrée/sortie a été abandonnée en raison de l’arrêt d’un thread ou à la demande d’une application.
[2026-06-12 08:56:09Z WARN BrokerServer] Back off 14,064 seconds before next retry. 4 attempt left.
[2026-06-12 08:56:09Z INFO BrokerMessageListener] Get messages has been cancelled using local token source. Continue to get messages with new status.
[2026-06-12 09:00:18Z INFO Terminal] WRITE LINE: Exiting...
[2026-06-12 09:00:18Z INFO ConfigurationStore] IsServiceConfigured()
[2026-06-12 09:00:18Z INFO ConfigurationStore] IsServiceConfigured: False
[2026-06-12 09:00:18Z INFO HostContext] Runner will be shutdown for UserCancelled
[2026-06-12 09:00:18Z WARN GitHubActionsService] GET request to https://broker.actions.githubusercontent.com/message?sessionId=97e36850-42e7-4132-b0b9-92d3ccf1d467&status=Online&runnerVersion=2.335.1&os=Windows&architecture=X64&disableUpdate=false has been cancelled.
[2026-06-12 09:00:18Z ERR  BrokerServer] Catch exception during request
[2026-06-12 09:00:18Z ERR  BrokerServer] System.Threading.Tasks.TaskCanceledException: The operation was canceled.
 ---> System.Threading.Tasks.TaskCanceledException: The operation was canceled.
 ---> System.IO.IOException: Unable to read data from the transport connection: L’opération d’entrée/sortie a été abandonnée en raison de l’arrêt d’un thread ou à la demande d’une application..
 ---> System.Net.Sockets.SocketException (995): L’opération d’entrée/sortie a été abandonnée en raison de l’arrêt d’un thread ou à la demande d’une application.
   --- End of inner exception stack trace ---
   at System.Net.Sockets.Socket.AwaitableSocketAsyncEventArgs.ThrowException(SocketError error, CancellationToken cancellationToken)
   at System.Net.Sockets.Socket.AwaitableSocketAsyncEventArgs.System.Threading.Tasks.Sources.IValueTaskSource<System.Int32>.GetResult(Int16 token)
   at System.Net.Security.SslStream.EnsureFullTlsFrameAsync[TIOAdapter](CancellationToken cancellationToken, Int32 estimatedSize)
   at System.Runtime.CompilerServices.PoolingAsyncValueTaskMethodBuilder`1.StateMachineBox`1.System.Threading.Tasks.Sources.IValueTaskSource<TResult>.GetResult(Int16 token)
   at System.Net.Security.SslStream.ReadAsyncInternal[TIOAdapter](Memory`1 buffer, CancellationToken cancellationToken)
   at System.Runtime.CompilerServices.PoolingAsyncValueTaskMethodBuilder`1.StateMachineBox`1.System.Threading.Tasks.Sources.IValueTaskSource<TResult>.GetResult(Int16 token)
   at System.Net.Http.HttpConnection.SendAsync(HttpRequestMessage request, Boolean async, CancellationToken cancellationToken)
   --- End of inner exception stack trace ---
   at System.Net.Http.HttpConnection.SendAsync(HttpRequestMessage request, Boolean async, CancellationToken cancellationToken)
   at System.Net.Http.AuthenticationHelper.SendWithNtAuthAsync(HttpRequestMessage request, Uri authUri, Boolean async, ICredentials credentials, Boolean isProxyAuth, HttpConnection connection, HttpConnectionPool connectionPool, CancellationToken cancellationToken)
   at System.Net.Http.HttpConnectionPool.SendWithVersionDetectionAndRetryAsync(HttpRequestMessage request, Boolean async, Boolean doRequestAuth, CancellationToken cancellationToken)
   at System.Net.Http.AuthenticationHelper.SendWithAuthAsync(HttpRequestMessage request, Uri authUri, Boolean async, ICredentials credentials, Boolean preAuthenticate, Boolean isProxyAuth, Boolean doRequestAuth, HttpConnectionPool pool, CancellationToken cancellationToken)
   at System.Net.Http.RedirectHandler.SendAsync(HttpRequestMessage request, Boolean async, CancellationToken cancellationToken)
   at GitHub.Services.Common.RawHttpMessageHandler.SendAsync(HttpRequestMessage request, CancellationToken cancellationToken)
   at GitHub.Services.Common.VssHttpRetryMessageHandler.SendAsync(HttpRequestMessage request, CancellationToken cancellationToken)
   at System.Net.Http.HttpClient.<SendAsync>g__Core|83_0(HttpRequestMessage request, HttpCompletionOption completionOption, CancellationTokenSource cts, Boolean disposeCts, CancellationTokenSource pendingRequestsCts, CancellationToken originalCancellationToken)
   --- End of inner exception stack trace ---
   at System.Net.Http.HttpClient.HandleFailure(Exception e, Boolean telemetryStarted, HttpResponseMessage response, CancellationTokenSource cts, CancellationToken cancellationToken, CancellationTokenSource pendingRequestsCts)
   at System.Net.Http.HttpClient.<SendAsync>g__Core|83_0(HttpRequestMessage request, HttpCompletionOption completionOption, CancellationTokenSource cts, Boolean disposeCts, CancellationTokenSource pendingRequestsCts, CancellationToken originalCancellationToken)
   at Sdk.WebApi.WebApi.RawHttpClientBase.SendAsync(HttpRequestMessage message, HttpCompletionOption completionOption, Object userState, CancellationToken cancellationToken)
   at Sdk.WebApi.WebApi.RawHttpClientBase.SendAsync[T](HttpRequestMessage message, Boolean readErrorBody, Object userState, CancellationToken cancellationToken)
   at Sdk.WebApi.WebApi.RawHttpClientBase.SendAsync[T](HttpMethod method, IEnumerable`1 additionalHeaders, Uri requestUri, HttpContent content, IEnumerable`1 queryParameters, Boolean readErrorBody, Object userState, CancellationToken cancellationToken)
   at GitHub.Actions.RunService.WebApi.BrokerHttpClient.GetRunnerMessageAsync(Nullable`1 sessionId, String runnerVersion, Nullable`1 status, String os, String architecture, Nullable`1 disableUpdate, CancellationToken cancellationToken)
   at GitHub.Runner.Common.BrokerServer.<>c__DisplayClass7_0.<<GetRunnerMessageAsync>b__0>d.MoveNext()
--- End of stack trace from previous location ---
   at GitHub.Runner.Common.RunnerService.RetryRequest[T](Func`1 func, CancellationToken cancellationToken, Int32 maxAttempts, Func`2 shouldRetry)
[2026-06-12 09:00:18Z ERR  BrokerServer] #####################################################
[2026-06-12 09:00:18Z ERR  BrokerServer] System.Threading.Tasks.TaskCanceledException: The operation was canceled.
 ---> System.IO.IOException: Unable to read data from the transport connection: L’opération d’entrée/sortie a été abandonnée en raison de l’arrêt d’un thread ou à la demande d’une application..
 ---> System.Net.Sockets.SocketException (995): L’opération d’entrée/sortie a été abandonnée en raison de l’arrêt d’un thread ou à la demande d’une application.
   --- End of inner exception stack trace ---
   at System.Net.Sockets.Socket.AwaitableSocketAsyncEventArgs.ThrowException(SocketError error, CancellationToken cancellationToken)
   at System.Net.Sockets.Socket.AwaitableSocketAsyncEventArgs.System.Threading.Tasks.Sources.IValueTaskSource<System.Int32>.GetResult(Int16 token)
   at System.Net.Security.SslStream.EnsureFullTlsFrameAsync[TIOAdapter](CancellationToken cancellationToken, Int32 estimatedSize)
   at System.Runtime.CompilerServices.PoolingAsyncValueTaskMethodBuilder`1.StateMachineBox`1.System.Threading.Tasks.Sources.IValueTaskSource<TResult>.GetResult(Int16 token)
   at System.Net.Security.SslStream.ReadAsyncInternal[TIOAdapter](Memory`1 buffer, CancellationToken cancellationToken)
   at System.Runtime.CompilerServices.PoolingAsyncValueTaskMethodBuilder`1.StateMachineBox`1.System.Threading.Tasks.Sources.IValueTaskSource<TResult>.GetResult(Int16 token)
   at System.Net.Http.HttpConnection.SendAsync(HttpRequestMessage request, Boolean async, CancellationToken cancellationToken)
   --- End of inner exception stack trace ---
   at System.Net.Http.HttpConnection.SendAsync(HttpRequestMessage request, Boolean async, CancellationToken cancellationToken)
   at System.Net.Http.AuthenticationHelper.SendWithNtAuthAsync(HttpRequestMessage request, Uri authUri, Boolean async, ICredentials credentials, Boolean isProxyAuth, HttpConnection connection, HttpConnectionPool connectionPool, CancellationToken cancellationToken)
   at System.Net.Http.HttpConnectionPool.SendWithVersionDetectionAndRetryAsync(HttpRequestMessage request, Boolean async, Boolean doRequestAuth, CancellationToken cancellationToken)
   at System.Net.Http.AuthenticationHelper.SendWithAuthAsync(HttpRequestMessage request, Uri authUri, Boolean async, ICredentials credentials, Boolean preAuthenticate, Boolean isProxyAuth, Boolean doRequestAuth, HttpConnectionPool pool, CancellationToken cancellationToken)
   at System.Net.Http.RedirectHandler.SendAsync(HttpRequestMessage request, Boolean async, CancellationToken cancellationToken)
   at GitHub.Services.Common.RawHttpMessageHandler.SendAsync(HttpRequestMessage request, CancellationToken cancellationToken)
   at GitHub.Services.Common.VssHttpRetryMessageHandler.SendAsync(HttpRequestMessage request, CancellationToken cancellationToken)
   at System.Net.Http.HttpClient.<SendAsync>g__Core|83_0(HttpRequestMessage request, HttpCompletionOption completionOption, CancellationTokenSource cts, Boolean disposeCts, CancellationTokenSource pendingRequestsCts, CancellationToken originalCancellationToken)
[2026-06-12 09:00:18Z ERR  BrokerServer] #####################################################
[2026-06-12 09:00:18Z ERR  BrokerServer] System.IO.IOException: Unable to read data from the transport connection: L’opération d’entrée/sortie a été abandonnée en raison de l’arrêt d’un thread ou à la demande d’une application..
 ---> System.Net.Sockets.SocketException (995): L’opération d’entrée/sortie a été abandonnée en raison de l’arrêt d’un thread ou à la demande d’une application.
   --- End of inner exception stack trace ---
   at System.Net.Sockets.Socket.AwaitableSocketAsyncEventArgs.ThrowException(SocketError error, CancellationToken cancellationToken)
   at System.Net.Sockets.Socket.AwaitableSocketAsyncEventArgs.System.Threading.Tasks.Sources.IValueTaskSource<System.Int32>.GetResult(Int16 token)
   at System.Net.Security.SslStream.EnsureFullTlsFrameAsync[TIOAdapter](CancellationToken cancellationToken, Int32 estimatedSize)
   at System.Runtime.CompilerServices.PoolingAsyncValueTaskMethodBuilder`1.StateMachineBox`1.System.Threading.Tasks.Sources.IValueTaskSource<TResult>.GetResult(Int16 token)
   at System.Net.Security.SslStream.ReadAsyncInternal[TIOAdapter](Memory`1 buffer, CancellationToken cancellationToken)
   at System.Runtime.CompilerServices.PoolingAsyncValueTaskMethodBuilder`1.StateMachineBox`1.System.Threading.Tasks.Sources.IValueTaskSource<TResult>.GetResult(Int16 token)
   at System.Net.Http.HttpConnection.SendAsync(HttpRequestMessage request, Boolean async, CancellationToken cancellationToken)
[2026-06-12 09:00:18Z ERR  BrokerServer] #####################################################
[2026-06-12 09:00:18Z ERR  BrokerServer] System.Net.Sockets.SocketException (995): L’opération d’entrée/sortie a été abandonnée en raison de l’arrêt d’un thread ou à la demande d’une application.
[2026-06-12 09:00:18Z WARN BrokerServer] Back off 13,345 seconds before next retry. 4 attempt left.
[2026-06-12 09:00:18Z INFO BrokerMessageListener] Get next message has been cancelled.
[2026-06-12 09:00:18Z INFO JobDispatcher] Shutting down JobDispatcher. Make sure all WorkerDispatcher has finished.
[2026-06-12 09:00:18Z INFO JobDispatcher] Ensure WorkerDispatcher for job dcb45bc7-0f4c-5eb7-bc93-3d675a0fd6db run to finish, cancel any running job.
[2026-06-12 09:00:18Z INFO JobDispatcher] Job request dcb45bc7-0f4c-5eb7-bc93-3d675a0fd6db processed succeed.
[2026-06-12 09:00:18Z INFO Runner] Deleting Runner Session...
[2026-06-12 09:00:19Z INFO Listener] Runner execution been cancelled.
