[2026-06-12 09:43:26Z INFO HostContext] No proxy settings were found based on environmental variables (http_proxy/https_proxy/HTTP_PROXY/HTTPS_PROXY)
[2026-06-12 09:43:26Z INFO HostContext] Well known directory 'Bin': 'C:\Users\Stagiaire\Desktop\COURS\DevOps\MyRecipeAPI\actions-runner\bin'
[2026-06-12 09:43:26Z INFO HostContext] Well known directory 'Root': 'C:\Users\Stagiaire\Desktop\COURS\DevOps\MyRecipeAPI\actions-runner'
[2026-06-12 09:43:26Z INFO HostContext] Well known config file 'Credentials': 'C:\Users\Stagiaire\Desktop\COURS\DevOps\MyRecipeAPI\actions-runner\.credentials'
[2026-06-12 09:43:26Z INFO HostContext] Well known directory 'Bin': 'C:\Users\Stagiaire\Desktop\COURS\DevOps\MyRecipeAPI\actions-runner\bin'
[2026-06-12 09:43:26Z INFO HostContext] Well known directory 'Root': 'C:\Users\Stagiaire\Desktop\COURS\DevOps\MyRecipeAPI\actions-runner'
[2026-06-12 09:43:26Z INFO HostContext] Well known config file 'Runner': 'C:\Users\Stagiaire\Desktop\COURS\DevOps\MyRecipeAPI\actions-runner\.runner'
[2026-06-12 09:43:26Z INFO Listener] Runner is built for Windows (X64) - win-x64.
[2026-06-12 09:43:26Z INFO Listener] RuntimeInformation: Microsoft Windows 10.0.26200.
[2026-06-12 09:43:26Z INFO Listener] Version: 2.335.1
[2026-06-12 09:43:26Z INFO Listener] Commit: 7d737449ef346f6524f75688d0c9c95fa10ba10a
[2026-06-12 09:43:26Z INFO Listener] Culture: fr-FR
[2026-06-12 09:43:26Z INFO Listener] UI Culture: fr-FR
[2026-06-12 09:43:26Z INFO HostContext] Well known directory 'Bin': 'C:\Users\Stagiaire\Desktop\COURS\DevOps\MyRecipeAPI\actions-runner\bin'
[2026-06-12 09:43:26Z INFO HostContext] Well known directory 'Root': 'C:\Users\Stagiaire\Desktop\COURS\DevOps\MyRecipeAPI\actions-runner'
[2026-06-12 09:43:26Z INFO Listener] Validating directory permissions for: 'C:\Users\Stagiaire\Desktop\COURS\DevOps\MyRecipeAPI\actions-runner'
[2026-06-12 09:43:26Z INFO CommandLineParser] Parse
[2026-06-12 09:43:26Z INFO CommandLineParser] Parsing 1 args
[2026-06-12 09:43:26Z INFO CommandLineParser] parsing argument
[2026-06-12 09:43:26Z INFO CommandLineParser] HasArgs: False
[2026-06-12 09:43:26Z INFO CommandLineParser] Adding Command: run
[2026-06-12 09:43:26Z INFO Listener] Arguments parsed
[2026-06-12 09:43:26Z INFO Runner] ExecuteCommand
[2026-06-12 09:43:26Z INFO ConfigurationStore] currentAssemblyLocation: C:\Users\Stagiaire\Desktop\COURS\DevOps\MyRecipeAPI\actions-runner\bin\Runner.Listener.dll
[2026-06-12 09:43:26Z INFO HostContext] Well known directory 'Bin': 'C:\Users\Stagiaire\Desktop\COURS\DevOps\MyRecipeAPI\actions-runner\bin'
[2026-06-12 09:43:26Z INFO ConfigurationStore] binPath: C:\Users\Stagiaire\Desktop\COURS\DevOps\MyRecipeAPI\actions-runner\bin
[2026-06-12 09:43:26Z INFO HostContext] Well known directory 'Bin': 'C:\Users\Stagiaire\Desktop\COURS\DevOps\MyRecipeAPI\actions-runner\bin'
[2026-06-12 09:43:26Z INFO HostContext] Well known directory 'Root': 'C:\Users\Stagiaire\Desktop\COURS\DevOps\MyRecipeAPI\actions-runner'
[2026-06-12 09:43:26Z INFO ConfigurationStore] RootFolder: C:\Users\Stagiaire\Desktop\COURS\DevOps\MyRecipeAPI\actions-runner
[2026-06-12 09:43:26Z INFO HostContext] Well known directory 'Bin': 'C:\Users\Stagiaire\Desktop\COURS\DevOps\MyRecipeAPI\actions-runner\bin'
[2026-06-12 09:43:26Z INFO HostContext] Well known directory 'Root': 'C:\Users\Stagiaire\Desktop\COURS\DevOps\MyRecipeAPI\actions-runner'
[2026-06-12 09:43:26Z INFO HostContext] Well known config file 'Runner': 'C:\Users\Stagiaire\Desktop\COURS\DevOps\MyRecipeAPI\actions-runner\.runner'
[2026-06-12 09:43:26Z INFO ConfigurationStore] ConfigFilePath: C:\Users\Stagiaire\Desktop\COURS\DevOps\MyRecipeAPI\actions-runner\.runner
[2026-06-12 09:43:26Z INFO HostContext] Well known directory 'Bin': 'C:\Users\Stagiaire\Desktop\COURS\DevOps\MyRecipeAPI\actions-runner\bin'
[2026-06-12 09:43:26Z INFO HostContext] Well known directory 'Root': 'C:\Users\Stagiaire\Desktop\COURS\DevOps\MyRecipeAPI\actions-runner'
[2026-06-12 09:43:26Z INFO HostContext] Well known config file 'MigratedRunner': 'C:\Users\Stagiaire\Desktop\COURS\DevOps\MyRecipeAPI\actions-runner\.runner_migrated'
[2026-06-12 09:43:26Z INFO ConfigurationStore] MigratedConfigFilePath: C:\Users\Stagiaire\Desktop\COURS\DevOps\MyRecipeAPI\actions-runner\.runner_migrated
[2026-06-12 09:43:26Z INFO HostContext] Well known directory 'Bin': 'C:\Users\Stagiaire\Desktop\COURS\DevOps\MyRecipeAPI\actions-runner\bin'
[2026-06-12 09:43:26Z INFO HostContext] Well known directory 'Root': 'C:\Users\Stagiaire\Desktop\COURS\DevOps\MyRecipeAPI\actions-runner'
[2026-06-12 09:43:26Z INFO HostContext] Well known config file 'Credentials': 'C:\Users\Stagiaire\Desktop\COURS\DevOps\MyRecipeAPI\actions-runner\.credentials'
[2026-06-12 09:43:26Z INFO ConfigurationStore] CredFilePath: C:\Users\Stagiaire\Desktop\COURS\DevOps\MyRecipeAPI\actions-runner\.credentials
[2026-06-12 09:43:26Z INFO HostContext] Well known directory 'Bin': 'C:\Users\Stagiaire\Desktop\COURS\DevOps\MyRecipeAPI\actions-runner\bin'
[2026-06-12 09:43:26Z INFO HostContext] Well known directory 'Root': 'C:\Users\Stagiaire\Desktop\COURS\DevOps\MyRecipeAPI\actions-runner'
[2026-06-12 09:43:26Z INFO HostContext] Well known config file 'MigratedCredentials': 'C:\Users\Stagiaire\Desktop\COURS\DevOps\MyRecipeAPI\actions-runner\.credentials_migrated'
[2026-06-12 09:43:26Z INFO ConfigurationStore] MigratedCredFilePath: C:\Users\Stagiaire\Desktop\COURS\DevOps\MyRecipeAPI\actions-runner\.credentials_migrated
[2026-06-12 09:43:26Z INFO HostContext] Well known directory 'Bin': 'C:\Users\Stagiaire\Desktop\COURS\DevOps\MyRecipeAPI\actions-runner\bin'
[2026-06-12 09:43:26Z INFO HostContext] Well known directory 'Root': 'C:\Users\Stagiaire\Desktop\COURS\DevOps\MyRecipeAPI\actions-runner'
[2026-06-12 09:43:26Z INFO HostContext] Well known config file 'Service': 'C:\Users\Stagiaire\Desktop\COURS\DevOps\MyRecipeAPI\actions-runner\.service'
[2026-06-12 09:43:26Z INFO ConfigurationStore] ServiceConfigFilePath: C:\Users\Stagiaire\Desktop\COURS\DevOps\MyRecipeAPI\actions-runner\.service
[2026-06-12 09:43:26Z INFO CommandSettings] Flag 'help': 'False'
[2026-06-12 09:43:26Z INFO CommandSettings] Flag 'version': 'False'
[2026-06-12 09:43:26Z INFO CommandSettings] Flag 'commit': 'False'
[2026-06-12 09:43:26Z INFO CommandSettings] Flag 'check': 'False'
[2026-06-12 09:43:26Z INFO CommandSettings] Command 'configure': 'False'
[2026-06-12 09:43:26Z INFO CommandSettings] Command 'remove': 'False'
[2026-06-12 09:43:26Z INFO CommandSettings] Command 'warmup': 'False'
[2026-06-12 09:43:26Z INFO ConfigurationManager] LoadSettings
[2026-06-12 09:43:26Z INFO ConfigurationStore] IsConfigured()
[2026-06-12 09:43:26Z INFO ConfigurationStore] IsConfigured: True
[2026-06-12 09:43:26Z INFO ConfigurationManager] Is configured: True
[2026-06-12 09:43:26Z INFO ConfigurationStore] Read setting file: 393 chars
[2026-06-12 09:43:26Z INFO ConfigurationManager] Settings Loaded
[2026-06-12 09:43:26Z INFO ConfigurationStore] IsServiceConfigured()
[2026-06-12 09:43:26Z INFO ConfigurationStore] IsServiceConfigured: False
[2026-06-12 09:43:26Z INFO CommandSettings] Command 'run': 'True'
[2026-06-12 09:43:26Z INFO ConfigurationStore] IsConfigured()
[2026-06-12 09:43:26Z INFO ConfigurationStore] IsConfigured: True
[2026-06-12 09:43:26Z INFO ConfigurationManager] Is configured: True
[2026-06-12 09:43:26Z INFO Runner] Could not parse the argument value '' for StartupType. Defaulting to Manual
[2026-06-12 09:43:26Z INFO Runner] Set runner startup type - Manual
[2026-06-12 09:43:26Z INFO CommandSettings] Flag 'once': 'False'
[2026-06-12 09:43:26Z INFO CommandSettings] Flag 'once': 'False'
[2026-06-12 09:43:26Z INFO Runner] RunAsync
[2026-06-12 09:43:26Z INFO HostContext] Well known directory 'Bin': 'C:\Users\Stagiaire\Desktop\COURS\DevOps\MyRecipeAPI\actions-runner\bin'
[2026-06-12 09:43:26Z INFO HostContext] Well known directory 'Root': 'C:\Users\Stagiaire\Desktop\COURS\DevOps\MyRecipeAPI\actions-runner'
[2026-06-12 09:43:26Z INFO HostContext] Well known directory 'Work': 'C:\Users\Stagiaire\Desktop\COURS\DevOps\MyRecipeAPI\actions-runner\_work'
[2026-06-12 09:43:26Z INFO Runner] Validating directory permissions for: 'C:\Users\Stagiaire\Desktop\COURS\DevOps\MyRecipeAPI\actions-runner\_work'
[2026-06-12 09:43:26Z INFO ConfigurationManager] LoadMigratedSettings
[2026-06-12 09:43:26Z INFO ConfigurationStore] IsMigratedConfigured()
[2026-06-12 09:43:26Z INFO ConfigurationStore] IsMigratedConfigured: False
[2026-06-12 09:43:26Z INFO Runner] Failed to load migrated settings: No migrated configuration found.
[2026-06-12 09:43:26Z INFO Runner] Falling back to original .runner settings
[2026-06-12 09:43:26Z INFO Runner] Using BrokerMessageListener
[2026-06-12 09:43:26Z INFO BrokerMessageListener] Using provided settings
[2026-06-12 09:43:26Z INFO BrokerMessageListener] {
  "AgentId": 21,
  "AgentName": "POR-MNS-65",
  "PoolId": 1,
  "PoolName": "Default",
  "ServerUrl": "https://pipelinesghubeus2.actions.githubusercontent.com/J9DCYFF3b0O1h2nG0zzJnZOmvzeHgyLYgi5lVEfFBAJLzAGoXq/",
  "GitHubUrl": "https://github.com/Gay-Jeremy/MyRecipe",
  "WorkFolder": "_work",
  "UseV2Flow": true,
  "ServerUrlV2": "https://broker.actions.githubusercontent.com/"
}
[2026-06-12 09:43:26Z INFO BrokerMessageListener] Loading Credentials
[2026-06-12 09:43:26Z INFO ConfigurationStore] HasCredentials()
[2026-06-12 09:43:26Z INFO ConfigurationStore] stored True
[2026-06-12 09:43:26Z INFO CredentialManager] GetCredentialProvider
[2026-06-12 09:43:26Z INFO CredentialManager] Creating type OAuth
[2026-06-12 09:43:26Z INFO CredentialManager] Creating credential type: OAuth
[2026-06-12 09:43:26Z INFO HostContext] Well known directory 'Bin': 'C:\Users\Stagiaire\Desktop\COURS\DevOps\MyRecipeAPI\actions-runner\bin'
[2026-06-12 09:43:26Z INFO HostContext] Well known directory 'Root': 'C:\Users\Stagiaire\Desktop\COURS\DevOps\MyRecipeAPI\actions-runner'
[2026-06-12 09:43:26Z INFO HostContext] Well known config file 'RSACredentials': 'C:\Users\Stagiaire\Desktop\COURS\DevOps\MyRecipeAPI\actions-runner\.credentials_rsaparams'
[2026-06-12 09:43:26Z INFO RSAEncryptedFileKeyManager] Loading RSA key parameters from file C:\Users\Stagiaire\Desktop\COURS\DevOps\MyRecipeAPI\actions-runner\.credentials_rsaparams
[2026-06-12 09:43:26Z INFO BrokerMessageListener] Attempt to create session.
[2026-06-12 09:43:26Z INFO BrokerMessageListener] Connecting to the Broker Server...
[2026-06-12 09:43:26Z INFO ConfigurationStore] HasCredentials()
[2026-06-12 09:43:26Z INFO ConfigurationStore] stored True
[2026-06-12 09:43:26Z INFO CredentialManager] GetCredentialProvider
[2026-06-12 09:43:26Z INFO CredentialManager] Creating type OAuth
[2026-06-12 09:43:26Z INFO CredentialManager] Creating credential type: OAuth
[2026-06-12 09:43:26Z INFO RSAEncryptedFileKeyManager] Loading RSA key parameters from file C:\Users\Stagiaire\Desktop\COURS\DevOps\MyRecipeAPI\actions-runner\.credentials_rsaparams
[2026-06-12 09:43:26Z INFO BrokerMessageListener] VssConnection created
[2026-06-12 09:43:26Z INFO BrokerMessageListener] Connecting to the Runner server...
[2026-06-12 09:43:26Z INFO RunnerServer] EstablishVssConnection
[2026-06-12 09:43:26Z INFO RunnerServer] Establish connection with 100 seconds timeout.
[2026-06-12 09:43:26Z INFO GitHubActionsService] Starting operation Location.GetConnectionData
[2026-06-12 09:43:26Z INFO RunnerServer] EstablishVssConnection
[2026-06-12 09:43:26Z INFO RunnerServer] Establish connection with 60 seconds timeout.
[2026-06-12 09:43:26Z INFO GitHubActionsService] Starting operation Location.GetConnectionData
[2026-06-12 09:43:26Z INFO RunnerServer] EstablishVssConnection
[2026-06-12 09:43:26Z INFO RunnerServer] Establish connection with 60 seconds timeout.
[2026-06-12 09:43:26Z INFO GitHubActionsService] Starting operation Location.GetConnectionData
[2026-06-12 09:43:26Z INFO GitHubActionsService] Finished operation Location.GetConnectionData
[2026-06-12 09:43:26Z INFO GitHubActionsService] Finished operation Location.GetConnectionData
[2026-06-12 09:43:26Z INFO GitHubActionsService] Finished operation Location.GetConnectionData
[2026-06-12 09:43:27Z INFO BrokerMessageListener] VssConnection created
[2026-06-12 09:43:27Z INFO Terminal] WRITE LINE: 
[2026-06-12 09:43:27Z INFO Terminal] WRITE LINE: 
[2026-06-12 09:43:27Z INFO RSAEncryptedFileKeyManager] Loading RSA key parameters from file C:\Users\Stagiaire\Desktop\COURS\DevOps\MyRecipeAPI\actions-runner\.credentials_rsaparams
[2026-06-12 09:43:27Z INFO RSAEncryptedFileKeyManager] Loading RSA key parameters from file C:\Users\Stagiaire\Desktop\COURS\DevOps\MyRecipeAPI\actions-runner\.credentials_rsaparams
[2026-06-12 09:43:27Z INFO GitHubActionsService] AAD Correlation ID for this token request: Unknown
[2026-06-12 09:43:28Z INFO BrokerMessageListener] Session created.
[2026-06-12 09:43:28Z INFO Terminal] WRITE LINE: Current runner version: '2.335.1'
[2026-06-12 09:43:28Z INFO Terminal] WRITE LINE: 2026-06-12 09:43:28Z: Listening for Jobs
[2026-06-12 09:43:28Z INFO JobDispatcher] Set runner/worker IPC timeout to 30 seconds.
[2026-06-12 09:43:28Z INFO BrokerMessageListener] Acknowledging runner request '178cf0a5-20da-5fd7-955c-c2bfbf2602d7'.
[2026-06-12 09:43:28Z INFO ConfigurationStore] HasCredentials()
[2026-06-12 09:43:28Z INFO ConfigurationStore] stored True
[2026-06-12 09:43:28Z INFO CredentialManager] GetCredentialProvider
[2026-06-12 09:43:28Z INFO CredentialManager] Creating type OAuth
[2026-06-12 09:43:28Z INFO CredentialManager] Creating credential type: OAuth
[2026-06-12 09:43:28Z INFO RSAEncryptedFileKeyManager] Loading RSA key parameters from file C:\Users\Stagiaire\Desktop\COURS\DevOps\MyRecipeAPI\actions-runner\.credentials_rsaparams
[2026-06-12 09:43:28Z INFO RSAEncryptedFileKeyManager] Loading RSA key parameters from file C:\Users\Stagiaire\Desktop\COURS\DevOps\MyRecipeAPI\actions-runner\.credentials_rsaparams
[2026-06-12 09:43:28Z INFO RSAEncryptedFileKeyManager] Loading RSA key parameters from file C:\Users\Stagiaire\Desktop\COURS\DevOps\MyRecipeAPI\actions-runner\.credentials_rsaparams
[2026-06-12 09:43:29Z INFO GitHubActionsService] AAD Correlation ID for this token request: Unknown
[2026-06-12 09:43:30Z INFO JobDispatcher] Job request 0 for plan d34b8aa8-555c-41a7-abf1-f2951e3f394a job 178cf0a5-20da-5fd7-955c-c2bfbf2602d7 received.
[2026-06-12 09:43:30Z INFO JobDispatcher] Pull OrchestrationId d34b8aa8-555c-41a7-abf1-f2951e3f394a.deploy.__default from JWT claims
[2026-06-12 09:43:30Z INFO BrokerMessageListener] Received job status event. JobState: Busy
[2026-06-12 09:43:30Z INFO BrokerMessageListener] _getMessagesTokenSource is already disposed.
[2026-06-12 09:43:30Z INFO Terminal] WRITE LINE: 2026-06-12 09:43:30Z: Running job: deploy
[2026-06-12 09:43:30Z INFO JobDispatcher] Start renew job request 0 for job 178cf0a5-20da-5fd7-955c-c2bfbf2602d7.
[2026-06-12 09:43:31Z INFO JobDispatcher] Successfully renew job 178cf0a5-20da-5fd7-955c-c2bfbf2602d7, job is valid till 12/06/2026 09:53:30
[2026-06-12 09:43:31Z INFO HostContext] Well known directory 'Bin': 'C:\Users\Stagiaire\Desktop\COURS\DevOps\MyRecipeAPI\actions-runner\bin'
[2026-06-12 09:43:31Z INFO ProcessInvokerWrapper] Starting process:
[2026-06-12 09:43:31Z INFO ProcessInvokerWrapper]   File name: 'C:\Users\Stagiaire\Desktop\COURS\DevOps\MyRecipeAPI\actions-runner\bin\Runner.Worker.exe'
[2026-06-12 09:43:31Z INFO ProcessInvokerWrapper]   Arguments: 'spawnclient 2232 2260'
[2026-06-12 09:43:31Z INFO ProcessInvokerWrapper]   Working directory: 'C:\Users\Stagiaire\Desktop\COURS\DevOps\MyRecipeAPI\actions-runner\bin'
[2026-06-12 09:43:31Z INFO ProcessInvokerWrapper]   Require exit code zero: 'False'
[2026-06-12 09:43:31Z INFO ProcessInvokerWrapper]   Encoding web name:  ; code page: ''
[2026-06-12 09:43:31Z INFO ProcessInvokerWrapper]   Force kill process on cancellation: 'True'
[2026-06-12 09:43:31Z INFO ProcessInvokerWrapper]   Redirected STDIN: 'False'
[2026-06-12 09:43:31Z INFO ProcessInvokerWrapper]   Persist current code page: 'False'
[2026-06-12 09:43:31Z INFO ProcessInvokerWrapper]   Keep redirected STDIN open: 'False'
[2026-06-12 09:43:31Z INFO ProcessInvokerWrapper]   High priority process: 'True'
[2026-06-12 09:43:31Z INFO ProcessInvokerWrapper] Process started with process id 23120, waiting for process exit.
[2026-06-12 09:43:31Z INFO JobDispatcher] Send job request message to worker for job 178cf0a5-20da-5fd7-955c-c2bfbf2602d7.
[2026-06-12 09:43:31Z INFO ProcessChannel] Sending message of length 24298, with hash '04ce920fa2e8375e94327dddc44e2c08da898430c7ab778e20dbbe12b01cc36c'
[2026-06-12 09:43:31Z INFO JobNotification] Entering JobStarted Notification
[2026-06-12 09:43:31Z INFO JobNotification] Entering StartMonitor
[2026-06-12 09:44:31Z INFO JobDispatcher] Successfully renew job 178cf0a5-20da-5fd7-955c-c2bfbf2602d7, job is valid till 12/06/2026 09:54:30
[2026-06-12 09:45:31Z INFO JobDispatcher] Successfully renew job 178cf0a5-20da-5fd7-955c-c2bfbf2602d7, job is valid till 12/06/2026 09:55:30
[2026-06-12 09:45:46Z INFO JobDispatcher] Job cancellation request 178cf0a5-20da-5fd7-955c-c2bfbf2602d7 received, cancellation timeout 5 minutes.
[2026-06-12 09:45:46Z INFO JobDispatcher] Send job cancellation message to worker for job 178cf0a5-20da-5fd7-955c-c2bfbf2602d7.
[2026-06-12 09:45:46Z INFO ProcessChannel] Sending message of length 0, with hash 'e3b0c44298fc1c149afbf4c8996fb92427ae41e4649b934ca495991b7852b855'
[2026-06-12 09:45:46Z INFO JobDispatcher] Job cancellation request 178cf0a5-20da-5fd7-955c-c2bfbf2602d7 received, cancellation timeout 5 minutes.
[2026-06-12 09:45:46Z INFO JobDispatcher] Job cancellation request 178cf0a5-20da-5fd7-955c-c2bfbf2602d7 received, cancellation timeout 5 minutes.
[2026-06-12 09:45:46Z INFO JobDispatcher] Job cancellation request 178cf0a5-20da-5fd7-955c-c2bfbf2602d7 received, cancellation timeout 5 minutes.
[2026-06-12 09:45:47Z INFO JobDispatcher] Job cancellation request 178cf0a5-20da-5fd7-955c-c2bfbf2602d7 received, cancellation timeout 5 minutes.
[2026-06-12 09:45:47Z INFO JobDispatcher] Job cancellation request 178cf0a5-20da-5fd7-955c-c2bfbf2602d7 received, cancellation timeout 5 minutes.
[2026-06-12 09:45:47Z INFO JobDispatcher] Job cancellation request 178cf0a5-20da-5fd7-955c-c2bfbf2602d7 received, cancellation timeout 5 minutes.
[2026-06-12 09:45:47Z INFO JobDispatcher] Job cancellation request 178cf0a5-20da-5fd7-955c-c2bfbf2602d7 received, cancellation timeout 5 minutes.
[2026-06-12 09:45:47Z INFO JobDispatcher] Job cancellation request 178cf0a5-20da-5fd7-955c-c2bfbf2602d7 received, cancellation timeout 5 minutes.
[2026-06-12 09:45:47Z INFO JobDispatcher] Job cancellation request 178cf0a5-20da-5fd7-955c-c2bfbf2602d7 received, cancellation timeout 5 minutes.
[2026-06-12 09:45:48Z INFO JobDispatcher] Job cancellation request 178cf0a5-20da-5fd7-955c-c2bfbf2602d7 received, cancellation timeout 5 minutes.
[2026-06-12 09:45:48Z INFO JobDispatcher] Job cancellation request 178cf0a5-20da-5fd7-955c-c2bfbf2602d7 received, cancellation timeout 5 minutes.
[2026-06-12 09:45:48Z INFO JobDispatcher] Job cancellation request 178cf0a5-20da-5fd7-955c-c2bfbf2602d7 received, cancellation timeout 5 minutes.
[2026-06-12 09:45:48Z INFO JobDispatcher] Job cancellation request 178cf0a5-20da-5fd7-955c-c2bfbf2602d7 received, cancellation timeout 5 minutes.
[2026-06-12 09:45:48Z INFO JobDispatcher] Job cancellation request 178cf0a5-20da-5fd7-955c-c2bfbf2602d7 received, cancellation timeout 5 minutes.
[2026-06-12 09:45:48Z INFO JobDispatcher] Job cancellation request 178cf0a5-20da-5fd7-955c-c2bfbf2602d7 received, cancellation timeout 5 minutes.
[2026-06-12 09:45:49Z INFO JobDispatcher] Job cancellation request 178cf0a5-20da-5fd7-955c-c2bfbf2602d7 received, cancellation timeout 5 minutes.
[2026-06-12 09:45:49Z INFO JobDispatcher] Job cancellation request 178cf0a5-20da-5fd7-955c-c2bfbf2602d7 received, cancellation timeout 5 minutes.
[2026-06-12 09:45:49Z INFO JobDispatcher] Job cancellation request 178cf0a5-20da-5fd7-955c-c2bfbf2602d7 received, cancellation timeout 5 minutes.
[2026-06-12 09:45:49Z INFO JobDispatcher] Job cancellation request 178cf0a5-20da-5fd7-955c-c2bfbf2602d7 received, cancellation timeout 5 minutes.
[2026-06-12 09:45:49Z INFO JobDispatcher] Job cancellation request 178cf0a5-20da-5fd7-955c-c2bfbf2602d7 received, cancellation timeout 5 minutes.
[2026-06-12 09:45:49Z INFO JobDispatcher] Job cancellation request 178cf0a5-20da-5fd7-955c-c2bfbf2602d7 received, cancellation timeout 5 minutes.
[2026-06-12 09:45:50Z INFO JobDispatcher] Job cancellation request 178cf0a5-20da-5fd7-955c-c2bfbf2602d7 received, cancellation timeout 5 minutes.
[2026-06-12 09:45:50Z INFO JobDispatcher] Job cancellation request 178cf0a5-20da-5fd7-955c-c2bfbf2602d7 received, cancellation timeout 5 minutes.
[2026-06-12 09:45:50Z INFO JobDispatcher] Job cancellation request 178cf0a5-20da-5fd7-955c-c2bfbf2602d7 received, cancellation timeout 5 minutes.
[2026-06-12 09:45:50Z INFO JobDispatcher] Job cancellation request 178cf0a5-20da-5fd7-955c-c2bfbf2602d7 received, cancellation timeout 5 minutes.
[2026-06-12 09:45:50Z INFO JobDispatcher] Job cancellation request 178cf0a5-20da-5fd7-955c-c2bfbf2602d7 received, cancellation timeout 5 minutes.
[2026-06-12 09:45:50Z INFO JobDispatcher] Job cancellation request 178cf0a5-20da-5fd7-955c-c2bfbf2602d7 received, cancellation timeout 5 minutes.
[2026-06-12 09:45:51Z INFO JobDispatcher] Job cancellation request 178cf0a5-20da-5fd7-955c-c2bfbf2602d7 received, cancellation timeout 5 minutes.
[2026-06-12 09:45:51Z INFO JobDispatcher] Job cancellation request 178cf0a5-20da-5fd7-955c-c2bfbf2602d7 received, cancellation timeout 5 minutes.
[2026-06-12 09:45:51Z INFO JobDispatcher] Job cancellation request 178cf0a5-20da-5fd7-955c-c2bfbf2602d7 received, cancellation timeout 5 minutes.
[2026-06-12 09:45:51Z INFO JobDispatcher] Job cancellation request 178cf0a5-20da-5fd7-955c-c2bfbf2602d7 received, cancellation timeout 5 minutes.
[2026-06-12 09:45:51Z INFO JobDispatcher] Job cancellation request 178cf0a5-20da-5fd7-955c-c2bfbf2602d7 received, cancellation timeout 5 minutes.
[2026-06-12 09:45:51Z INFO JobDispatcher] Job cancellation request 178cf0a5-20da-5fd7-955c-c2bfbf2602d7 received, cancellation timeout 5 minutes.
[2026-06-12 09:45:52Z INFO JobDispatcher] Job cancellation request 178cf0a5-20da-5fd7-955c-c2bfbf2602d7 received, cancellation timeout 5 minutes.
[2026-06-12 09:45:52Z INFO JobDispatcher] Job cancellation request 178cf0a5-20da-5fd7-955c-c2bfbf2602d7 received, cancellation timeout 5 minutes.
[2026-06-12 09:45:52Z INFO JobDispatcher] Job cancellation request 178cf0a5-20da-5fd7-955c-c2bfbf2602d7 received, cancellation timeout 5 minutes.
[2026-06-12 09:45:52Z INFO JobDispatcher] Job cancellation request 178cf0a5-20da-5fd7-955c-c2bfbf2602d7 received, cancellation timeout 5 minutes.
[2026-06-12 09:45:52Z INFO JobDispatcher] Job cancellation request 178cf0a5-20da-5fd7-955c-c2bfbf2602d7 received, cancellation timeout 5 minutes.
[2026-06-12 09:45:52Z INFO ProcessInvokerWrapper] STDOUT/STDERR stream read finished.
[2026-06-12 09:45:52Z INFO ProcessInvokerWrapper] STDOUT/STDERR stream read finished.
[2026-06-12 09:45:52Z INFO ProcessInvokerWrapper] Finished process 23120 with exit code 103, and elapsed time 00:02:21.6773210.
[2026-06-12 09:45:52Z INFO JobDispatcher] finish job request for job 178cf0a5-20da-5fd7-955c-c2bfbf2602d7 with result: Canceled
[2026-06-12 09:45:52Z INFO Terminal] WRITE LINE: 2026-06-12 09:45:52Z: Job deploy completed with result: Canceled
[2026-06-12 09:45:52Z INFO JobDispatcher] Stop renew job request for job 178cf0a5-20da-5fd7-955c-c2bfbf2602d7.
[2026-06-12 09:45:52Z INFO JobDispatcher] job renew has been cancelled, stop renew job 178cf0a5-20da-5fd7-955c-c2bfbf2602d7.
[2026-06-12 09:45:52Z INFO JobNotification] Entering JobCompleted Notification
[2026-06-12 09:45:52Z INFO JobNotification] Entering EndMonitor
[2026-06-12 09:45:52Z INFO BrokerMessageListener] Received job status event. JobState: Online
[2026-06-12 09:45:52Z WARN GitHubActionsService] GET request to https://broker.actions.githubusercontent.com/message?sessionId=abbdeb18-2a81-425d-91cc-460d6cdb6432&status=Busy&runnerVersion=2.335.1&os=Windows&architecture=X64&disableUpdate=false has been cancelled.
[2026-06-12 09:45:52Z ERR  BrokerServer] Catch exception during request
[2026-06-12 09:45:52Z ERR  BrokerServer] System.Threading.Tasks.TaskCanceledException: The operation was canceled.
 ---> System.Threading.Tasks.TaskCanceledException: The operation was canceled.
 ---> System.IO.IOException: Unable to read data from the transport connection: L’opération d’entrée/sortie a été abandonnée en raison de l’arrêt d’un thread ou à la demande d’une application..
 ---> System.Net.Sockets.SocketException (995): L’opération d’entrée/sortie a été abandonnée en raison de l’arrêt d’un thread ou à la demande d’une application.
   --- End of inner exception stack trace ---
   at System.Net.Sockets.Socket.AwaitableSocketAsyncEventArgs.ThrowException(SocketError error, CancellationToken cancellationToken)
   at System.Net.Sockets.Socket.AwaitableSocketAsyncEventArgs.System.Threading.Tasks.Sources.IValueTaskSource<System.Int32>.GetResult(Int16 token)
   at System.Net.Security.SslStream.EnsureFullTlsFrameAsync[TIOAdapter](CancellationToken cancellationToken, Int32 estimatedSize)
   at System.Runtime.CompilerServices.PoolingAsyncValueTaskMethodBuilder`1.StateMachineBox`1.System.Threading.Tasks.Sources.IValueTaskSource<TResult>.GetResult(Int16 token)
   at System.Net.Security.SslStream.ReadAsyncInternal[TIOAdapter](Memory`1 buffer, CancellationToken cancellationToken)
   at System.Runtime.CompilerServices.PoolingAsyncValueTaskMethodBuilder`1.StateMachineBox`1.System.Threading.Tasks.Sources.IValueTaskSource<TResult>.GetResult(Int16 token)
   at System.Net.Http.HttpConnection.SendAsync(HttpRequestMessage request, Boolean async, CancellationToken cancellationToken)
   --- End of inner exception stack trace ---
   at System.Net.Http.HttpConnection.SendAsync(HttpRequestMessage request, Boolean async, CancellationToken cancellationToken)
   at System.Net.Http.AuthenticationHelper.SendWithNtAuthAsync(HttpRequestMessage request, Uri authUri, Boolean async, ICredentials credentials, Boolean isProxyAuth, HttpConnection connection, HttpConnectionPool connectionPool, CancellationToken cancellationToken)
   at System.Net.Http.HttpConnectionPool.SendWithVersionDetectionAndRetryAsync(HttpRequestMessage request, Boolean async, Boolean doRequestAuth, CancellationToken cancellationToken)
   at System.Net.Http.AuthenticationHelper.SendWithAuthAsync(HttpRequestMessage request, Uri authUri, Boolean async, ICredentials credentials, Boolean preAuthenticate, Boolean isProxyAuth, Boolean doRequestAuth, HttpConnectionPool pool, CancellationToken cancellationToken)
   at System.Net.Http.RedirectHandler.SendAsync(HttpRequestMessage request, Boolean async, CancellationToken cancellationToken)
   at GitHub.Services.Common.RawHttpMessageHandler.SendAsync(HttpRequestMessage request, CancellationToken cancellationToken)
   at GitHub.Services.Common.VssHttpRetryMessageHandler.SendAsync(HttpRequestMessage request, CancellationToken cancellationToken)
   at System.Net.Http.HttpClient.<SendAsync>g__Core|83_0(HttpRequestMessage request, HttpCompletionOption completionOption, CancellationTokenSource cts, Boolean disposeCts, CancellationTokenSource pendingRequestsCts, CancellationToken originalCancellationToken)
   --- End of inner exception stack trace ---
   at System.Net.Http.HttpClient.HandleFailure(Exception e, Boolean telemetryStarted, HttpResponseMessage response, CancellationTokenSource cts, CancellationToken cancellationToken, CancellationTokenSource pendingRequestsCts)
   at System.Net.Http.HttpClient.<SendAsync>g__Core|83_0(HttpRequestMessage request, HttpCompletionOption completionOption, CancellationTokenSource cts, Boolean disposeCts, CancellationTokenSource pendingRequestsCts, CancellationToken originalCancellationToken)
   at Sdk.WebApi.WebApi.RawHttpClientBase.SendAsync(HttpRequestMessage message, HttpCompletionOption completionOption, Object userState, CancellationToken cancellationToken)
   at Sdk.WebApi.WebApi.RawHttpClientBase.SendAsync[T](HttpRequestMessage message, Boolean readErrorBody, Object userState, CancellationToken cancellationToken)
   at Sdk.WebApi.WebApi.RawHttpClientBase.SendAsync[T](HttpMethod method, IEnumerable`1 additionalHeaders, Uri requestUri, HttpContent content, IEnumerable`1 queryParameters, Boolean readErrorBody, Object userState, CancellationToken cancellationToken)
   at GitHub.Actions.RunService.WebApi.BrokerHttpClient.GetRunnerMessageAsync(Nullable`1 sessionId, String runnerVersion, Nullable`1 status, String os, String architecture, Nullable`1 disableUpdate, CancellationToken cancellationToken)
   at GitHub.Runner.Common.BrokerServer.<>c__DisplayClass7_0.<<GetRunnerMessageAsync>b__0>d.MoveNext()
--- End of stack trace from previous location ---
   at GitHub.Runner.Common.RunnerService.RetryRequest[T](Func`1 func, CancellationToken cancellationToken, Int32 maxAttempts, Func`2 shouldRetry)
[2026-06-12 09:45:52Z ERR  BrokerServer] #####################################################
[2026-06-12 09:45:52Z ERR  BrokerServer] System.Threading.Tasks.TaskCanceledException: The operation was canceled.
 ---> System.IO.IOException: Unable to read data from the transport connection: L’opération d’entrée/sortie a été abandonnée en raison de l’arrêt d’un thread ou à la demande d’une application..
 ---> System.Net.Sockets.SocketException (995): L’opération d’entrée/sortie a été abandonnée en raison de l’arrêt d’un thread ou à la demande d’une application.
   --- End of inner exception stack trace ---
   at System.Net.Sockets.Socket.AwaitableSocketAsyncEventArgs.ThrowException(SocketError error, CancellationToken cancellationToken)
   at System.Net.Sockets.Socket.AwaitableSocketAsyncEventArgs.System.Threading.Tasks.Sources.IValueTaskSource<System.Int32>.GetResult(Int16 token)
   at System.Net.Security.SslStream.EnsureFullTlsFrameAsync[TIOAdapter](CancellationToken cancellationToken, Int32 estimatedSize)
   at System.Runtime.CompilerServices.PoolingAsyncValueTaskMethodBuilder`1.StateMachineBox`1.System.Threading.Tasks.Sources.IValueTaskSource<TResult>.GetResult(Int16 token)
   at System.Net.Security.SslStream.ReadAsyncInternal[TIOAdapter](Memory`1 buffer, CancellationToken cancellationToken)
   at System.Runtime.CompilerServices.PoolingAsyncValueTaskMethodBuilder`1.StateMachineBox`1.System.Threading.Tasks.Sources.IValueTaskSource<TResult>.GetResult(Int16 token)
   at System.Net.Http.HttpConnection.SendAsync(HttpRequestMessage request, Boolean async, CancellationToken cancellationToken)
   --- End of inner exception stack trace ---
   at System.Net.Http.HttpConnection.SendAsync(HttpRequestMessage request, Boolean async, CancellationToken cancellationToken)
   at System.Net.Http.AuthenticationHelper.SendWithNtAuthAsync(HttpRequestMessage request, Uri authUri, Boolean async, ICredentials credentials, Boolean isProxyAuth, HttpConnection connection, HttpConnectionPool connectionPool, CancellationToken cancellationToken)
   at System.Net.Http.HttpConnectionPool.SendWithVersionDetectionAndRetryAsync(HttpRequestMessage request, Boolean async, Boolean doRequestAuth, CancellationToken cancellationToken)
   at System.Net.Http.AuthenticationHelper.SendWithAuthAsync(HttpRequestMessage request, Uri authUri, Boolean async, ICredentials credentials, Boolean preAuthenticate, Boolean isProxyAuth, Boolean doRequestAuth, HttpConnectionPool pool, CancellationToken cancellationToken)
   at System.Net.Http.RedirectHandler.SendAsync(HttpRequestMessage request, Boolean async, CancellationToken cancellationToken)
   at GitHub.Services.Common.RawHttpMessageHandler.SendAsync(HttpRequestMessage request, CancellationToken cancellationToken)
   at GitHub.Services.Common.VssHttpRetryMessageHandler.SendAsync(HttpRequestMessage request, CancellationToken cancellationToken)
   at System.Net.Http.HttpClient.<SendAsync>g__Core|83_0(HttpRequestMessage request, HttpCompletionOption completionOption, CancellationTokenSource cts, Boolean disposeCts, CancellationTokenSource pendingRequestsCts, CancellationToken originalCancellationToken)
[2026-06-12 09:45:52Z ERR  BrokerServer] #####################################################
[2026-06-12 09:45:52Z ERR  BrokerServer] System.IO.IOException: Unable to read data from the transport connection: L’opération d’entrée/sortie a été abandonnée en raison de l’arrêt d’un thread ou à la demande d’une application..
 ---> System.Net.Sockets.SocketException (995): L’opération d’entrée/sortie a été abandonnée en raison de l’arrêt d’un thread ou à la demande d’une application.
   --- End of inner exception stack trace ---
   at System.Net.Sockets.Socket.AwaitableSocketAsyncEventArgs.ThrowException(SocketError error, CancellationToken cancellationToken)
   at System.Net.Sockets.Socket.AwaitableSocketAsyncEventArgs.System.Threading.Tasks.Sources.IValueTaskSource<System.Int32>.GetResult(Int16 token)
   at System.Net.Security.SslStream.EnsureFullTlsFrameAsync[TIOAdapter](CancellationToken cancellationToken, Int32 estimatedSize)
   at System.Runtime.CompilerServices.PoolingAsyncValueTaskMethodBuilder`1.StateMachineBox`1.System.Threading.Tasks.Sources.IValueTaskSource<TResult>.GetResult(Int16 token)
   at System.Net.Security.SslStream.ReadAsyncInternal[TIOAdapter](Memory`1 buffer, CancellationToken cancellationToken)
   at System.Runtime.CompilerServices.PoolingAsyncValueTaskMethodBuilder`1.StateMachineBox`1.System.Threading.Tasks.Sources.IValueTaskSource<TResult>.GetResult(Int16 token)
   at System.Net.Http.HttpConnection.SendAsync(HttpRequestMessage request, Boolean async, CancellationToken cancellationToken)
[2026-06-12 09:45:52Z ERR  BrokerServer] #####################################################
[2026-06-12 09:45:52Z ERR  BrokerServer] System.Net.Sockets.SocketException (995): L’opération d’entrée/sortie a été abandonnée en raison de l’arrêt d’un thread ou à la demande d’une application.
[2026-06-12 09:45:52Z WARN BrokerServer] Back off 10,274 seconds before next retry. 4 attempt left.
[2026-06-12 09:45:52Z INFO BrokerMessageListener] Get messages has been cancelled using local token source. Continue to get messages with new status.
[2026-06-12 09:47:52Z INFO Terminal] WRITE LINE: Exiting...
[2026-06-12 09:47:52Z INFO ConfigurationStore] IsServiceConfigured()
[2026-06-12 09:47:52Z INFO ConfigurationStore] IsServiceConfigured: False
[2026-06-12 09:47:52Z INFO HostContext] Runner will be shutdown for UserCancelled
[2026-06-12 09:47:52Z WARN GitHubActionsService] GET request to https://broker.actions.githubusercontent.com/message?sessionId=abbdeb18-2a81-425d-91cc-460d6cdb6432&status=Online&runnerVersion=2.335.1&os=Windows&architecture=X64&disableUpdate=false has been cancelled.
[2026-06-12 09:47:52Z ERR  BrokerServer] Catch exception during request
[2026-06-12 09:47:52Z ERR  BrokerServer] System.Threading.Tasks.TaskCanceledException: The operation was canceled.
 ---> System.Threading.Tasks.TaskCanceledException: The operation was canceled.
 ---> System.IO.IOException: Unable to read data from the transport connection: L’opération d’entrée/sortie a été abandonnée en raison de l’arrêt d’un thread ou à la demande d’une application..
 ---> System.Net.Sockets.SocketException (995): L’opération d’entrée/sortie a été abandonnée en raison de l’arrêt d’un thread ou à la demande d’une application.
   --- End of inner exception stack trace ---
   at System.Net.Sockets.Socket.AwaitableSocketAsyncEventArgs.ThrowException(SocketError error, CancellationToken cancellationToken)
   at System.Net.Sockets.Socket.AwaitableSocketAsyncEventArgs.System.Threading.Tasks.Sources.IValueTaskSource<System.Int32>.GetResult(Int16 token)
   at System.Net.Security.SslStream.EnsureFullTlsFrameAsync[TIOAdapter](CancellationToken cancellationToken, Int32 estimatedSize)
   at System.Runtime.CompilerServices.PoolingAsyncValueTaskMethodBuilder`1.StateMachineBox`1.System.Threading.Tasks.Sources.IValueTaskSource<TResult>.GetResult(Int16 token)
   at System.Net.Security.SslStream.ReadAsyncInternal[TIOAdapter](Memory`1 buffer, CancellationToken cancellationToken)
   at System.Runtime.CompilerServices.PoolingAsyncValueTaskMethodBuilder`1.StateMachineBox`1.System.Threading.Tasks.Sources.IValueTaskSource<TResult>.GetResult(Int16 token)
   at System.Net.Http.HttpConnection.SendAsync(HttpRequestMessage request, Boolean async, CancellationToken cancellationToken)
   --- End of inner exception stack trace ---
   at System.Net.Http.HttpConnection.SendAsync(HttpRequestMessage request, Boolean async, CancellationToken cancellationToken)
   at System.Net.Http.AuthenticationHelper.SendWithNtAuthAsync(HttpRequestMessage request, Uri authUri, Boolean async, ICredentials credentials, Boolean isProxyAuth, HttpConnection connection, HttpConnectionPool connectionPool, CancellationToken cancellationToken)
   at System.Net.Http.HttpConnectionPool.SendWithVersionDetectionAndRetryAsync(HttpRequestMessage request, Boolean async, Boolean doRequestAuth, CancellationToken cancellationToken)
   at System.Net.Http.AuthenticationHelper.SendWithAuthAsync(HttpRequestMessage request, Uri authUri, Boolean async, ICredentials credentials, Boolean preAuthenticate, Boolean isProxyAuth, Boolean doRequestAuth, HttpConnectionPool pool, CancellationToken cancellationToken)
   at System.Net.Http.RedirectHandler.SendAsync(HttpRequestMessage request, Boolean async, CancellationToken cancellationToken)
   at GitHub.Services.Common.RawHttpMessageHandler.SendAsync(HttpRequestMessage request, CancellationToken cancellationToken)
   at GitHub.Services.Common.VssHttpRetryMessageHandler.SendAsync(HttpRequestMessage request, CancellationToken cancellationToken)
   at System.Net.Http.HttpClient.<SendAsync>g__Core|83_0(HttpRequestMessage request, HttpCompletionOption completionOption, CancellationTokenSource cts, Boolean disposeCts, CancellationTokenSource pendingRequestsCts, CancellationToken originalCancellationToken)
   --- End of inner exception stack trace ---
   at System.Net.Http.HttpClient.HandleFailure(Exception e, Boolean telemetryStarted, HttpResponseMessage response, CancellationTokenSource cts, CancellationToken cancellationToken, CancellationTokenSource pendingRequestsCts)
   at System.Net.Http.HttpClient.<SendAsync>g__Core|83_0(HttpRequestMessage request, HttpCompletionOption completionOption, CancellationTokenSource cts, Boolean disposeCts, CancellationTokenSource pendingRequestsCts, CancellationToken originalCancellationToken)
   at Sdk.WebApi.WebApi.RawHttpClientBase.SendAsync(HttpRequestMessage message, HttpCompletionOption completionOption, Object userState, CancellationToken cancellationToken)
   at Sdk.WebApi.WebApi.RawHttpClientBase.SendAsync[T](HttpRequestMessage message, Boolean readErrorBody, Object userState, CancellationToken cancellationToken)
   at Sdk.WebApi.WebApi.RawHttpClientBase.SendAsync[T](HttpMethod method, IEnumerable`1 additionalHeaders, Uri requestUri, HttpContent content, IEnumerable`1 queryParameters, Boolean readErrorBody, Object userState, CancellationToken cancellationToken)
   at GitHub.Actions.RunService.WebApi.BrokerHttpClient.GetRunnerMessageAsync(Nullable`1 sessionId, String runnerVersion, Nullable`1 status, String os, String architecture, Nullable`1 disableUpdate, CancellationToken cancellationToken)
   at GitHub.Runner.Common.BrokerServer.<>c__DisplayClass7_0.<<GetRunnerMessageAsync>b__0>d.MoveNext()
--- End of stack trace from previous location ---
   at GitHub.Runner.Common.RunnerService.RetryRequest[T](Func`1 func, CancellationToken cancellationToken, Int32 maxAttempts, Func`2 shouldRetry)
[2026-06-12 09:47:52Z ERR  BrokerServer] #####################################################
[2026-06-12 09:47:52Z ERR  BrokerServer] System.Threading.Tasks.TaskCanceledException: The operation was canceled.
 ---> System.IO.IOException: Unable to read data from the transport connection: L’opération d’entrée/sortie a été abandonnée en raison de l’arrêt d’un thread ou à la demande d’une application..
 ---> System.Net.Sockets.SocketException (995): L’opération d’entrée/sortie a été abandonnée en raison de l’arrêt d’un thread ou à la demande d’une application.
   --- End of inner exception stack trace ---
   at System.Net.Sockets.Socket.AwaitableSocketAsyncEventArgs.ThrowException(SocketError error, CancellationToken cancellationToken)
   at System.Net.Sockets.Socket.AwaitableSocketAsyncEventArgs.System.Threading.Tasks.Sources.IValueTaskSource<System.Int32>.GetResult(Int16 token)
   at System.Net.Security.SslStream.EnsureFullTlsFrameAsync[TIOAdapter](CancellationToken cancellationToken, Int32 estimatedSize)
   at System.Runtime.CompilerServices.PoolingAsyncValueTaskMethodBuilder`1.StateMachineBox`1.System.Threading.Tasks.Sources.IValueTaskSource<TResult>.GetResult(Int16 token)
   at System.Net.Security.SslStream.ReadAsyncInternal[TIOAdapter](Memory`1 buffer, CancellationToken cancellationToken)
   at System.Runtime.CompilerServices.PoolingAsyncValueTaskMethodBuilder`1.StateMachineBox`1.System.Threading.Tasks.Sources.IValueTaskSource<TResult>.GetResult(Int16 token)
   at System.Net.Http.HttpConnection.SendAsync(HttpRequestMessage request, Boolean async, CancellationToken cancellationToken)
   --- End of inner exception stack trace ---
   at System.Net.Http.HttpConnection.SendAsync(HttpRequestMessage request, Boolean async, CancellationToken cancellationToken)
   at System.Net.Http.AuthenticationHelper.SendWithNtAuthAsync(HttpRequestMessage request, Uri authUri, Boolean async, ICredentials credentials, Boolean isProxyAuth, HttpConnection connection, HttpConnectionPool connectionPool, CancellationToken cancellationToken)
   at System.Net.Http.HttpConnectionPool.SendWithVersionDetectionAndRetryAsync(HttpRequestMessage request, Boolean async, Boolean doRequestAuth, CancellationToken cancellationToken)
   at System.Net.Http.AuthenticationHelper.SendWithAuthAsync(HttpRequestMessage request, Uri authUri, Boolean async, ICredentials credentials, Boolean preAuthenticate, Boolean isProxyAuth, Boolean doRequestAuth, HttpConnectionPool pool, CancellationToken cancellationToken)
   at System.Net.Http.RedirectHandler.SendAsync(HttpRequestMessage request, Boolean async, CancellationToken cancellationToken)
   at GitHub.Services.Common.RawHttpMessageHandler.SendAsync(HttpRequestMessage request, CancellationToken cancellationToken)
   at GitHub.Services.Common.VssHttpRetryMessageHandler.SendAsync(HttpRequestMessage request, CancellationToken cancellationToken)
   at System.Net.Http.HttpClient.<SendAsync>g__Core|83_0(HttpRequestMessage request, HttpCompletionOption completionOption, CancellationTokenSource cts, Boolean disposeCts, CancellationTokenSource pendingRequestsCts, CancellationToken originalCancellationToken)
[2026-06-12 09:47:52Z ERR  BrokerServer] #####################################################
[2026-06-12 09:47:52Z ERR  BrokerServer] System.IO.IOException: Unable to read data from the transport connection: L’opération d’entrée/sortie a été abandonnée en raison de l’arrêt d’un thread ou à la demande d’une application..
 ---> System.Net.Sockets.SocketException (995): L’opération d’entrée/sortie a été abandonnée en raison de l’arrêt d’un thread ou à la demande d’une application.
   --- End of inner exception stack trace ---
   at System.Net.Sockets.Socket.AwaitableSocketAsyncEventArgs.ThrowException(SocketError error, CancellationToken cancellationToken)
   at System.Net.Sockets.Socket.AwaitableSocketAsyncEventArgs.System.Threading.Tasks.Sources.IValueTaskSource<System.Int32>.GetResult(Int16 token)
   at System.Net.Security.SslStream.EnsureFullTlsFrameAsync[TIOAdapter](CancellationToken cancellationToken, Int32 estimatedSize)
   at System.Runtime.CompilerServices.PoolingAsyncValueTaskMethodBuilder`1.StateMachineBox`1.System.Threading.Tasks.Sources.IValueTaskSource<TResult>.GetResult(Int16 token)
   at System.Net.Security.SslStream.ReadAsyncInternal[TIOAdapter](Memory`1 buffer, CancellationToken cancellationToken)
   at System.Runtime.CompilerServices.PoolingAsyncValueTaskMethodBuilder`1.StateMachineBox`1.System.Threading.Tasks.Sources.IValueTaskSource<TResult>.GetResult(Int16 token)
   at System.Net.Http.HttpConnection.SendAsync(HttpRequestMessage request, Boolean async, CancellationToken cancellationToken)
[2026-06-12 09:47:52Z ERR  BrokerServer] #####################################################
[2026-06-12 09:47:52Z ERR  BrokerServer] System.Net.Sockets.SocketException (995): L’opération d’entrée/sortie a été abandonnée en raison de l’arrêt d’un thread ou à la demande d’une application.
[2026-06-12 09:47:52Z WARN BrokerServer] Back off 5,045 seconds before next retry. 4 attempt left.
[2026-06-12 09:47:52Z INFO BrokerMessageListener] Get next message has been cancelled.
[2026-06-12 09:47:52Z INFO JobDispatcher] Shutting down JobDispatcher. Make sure all WorkerDispatcher has finished.
[2026-06-12 09:47:52Z INFO JobDispatcher] Ensure WorkerDispatcher for job 178cf0a5-20da-5fd7-955c-c2bfbf2602d7 run to finish, cancel any running job.
[2026-06-12 09:47:52Z INFO JobDispatcher] Job request 178cf0a5-20da-5fd7-955c-c2bfbf2602d7 processed succeed.
[2026-06-12 09:47:52Z INFO Runner] Deleting Runner Session...
[2026-06-12 09:47:53Z INFO Listener] Runner execution been cancelled.
