[2026-06-12 09:51:32Z INFO HostContext] No proxy settings were found based on environmental variables (http_proxy/https_proxy/HTTP_PROXY/HTTPS_PROXY)
[2026-06-12 09:51:32Z INFO HostContext] Well known directory 'Bin': 'C:\Users\Stagiaire\Desktop\COURS\DevOps\MyRecipeAPI\actions-runner\bin'
[2026-06-12 09:51:32Z INFO HostContext] Well known directory 'Root': 'C:\Users\Stagiaire\Desktop\COURS\DevOps\MyRecipeAPI\actions-runner'
[2026-06-12 09:51:32Z INFO HostContext] Well known config file 'Credentials': 'C:\Users\Stagiaire\Desktop\COURS\DevOps\MyRecipeAPI\actions-runner\.credentials'
[2026-06-12 09:51:32Z INFO HostContext] Well known directory 'Bin': 'C:\Users\Stagiaire\Desktop\COURS\DevOps\MyRecipeAPI\actions-runner\bin'
[2026-06-12 09:51:32Z INFO HostContext] Well known directory 'Root': 'C:\Users\Stagiaire\Desktop\COURS\DevOps\MyRecipeAPI\actions-runner'
[2026-06-12 09:51:32Z INFO HostContext] Well known config file 'Runner': 'C:\Users\Stagiaire\Desktop\COURS\DevOps\MyRecipeAPI\actions-runner\.runner'
[2026-06-12 09:51:32Z INFO Listener] Runner is built for Windows (X64) - win-x64.
[2026-06-12 09:51:32Z INFO Listener] RuntimeInformation: Microsoft Windows 10.0.26200.
[2026-06-12 09:51:32Z INFO Listener] Version: 2.335.1
[2026-06-12 09:51:32Z INFO Listener] Commit: 7d737449ef346f6524f75688d0c9c95fa10ba10a
[2026-06-12 09:51:32Z INFO Listener] Culture: fr-FR
[2026-06-12 09:51:32Z INFO Listener] UI Culture: fr-FR
[2026-06-12 09:51:32Z INFO HostContext] Well known directory 'Bin': 'C:\Users\Stagiaire\Desktop\COURS\DevOps\MyRecipeAPI\actions-runner\bin'
[2026-06-12 09:51:32Z INFO HostContext] Well known directory 'Root': 'C:\Users\Stagiaire\Desktop\COURS\DevOps\MyRecipeAPI\actions-runner'
[2026-06-12 09:51:32Z INFO Listener] Validating directory permissions for: 'C:\Users\Stagiaire\Desktop\COURS\DevOps\MyRecipeAPI\actions-runner'
[2026-06-12 09:51:32Z INFO CommandLineParser] Parse
[2026-06-12 09:51:32Z INFO CommandLineParser] Parsing 1 args
[2026-06-12 09:51:32Z INFO CommandLineParser] parsing argument
[2026-06-12 09:51:32Z INFO CommandLineParser] HasArgs: False
[2026-06-12 09:51:32Z INFO CommandLineParser] Adding Command: run
[2026-06-12 09:51:32Z INFO Listener] Arguments parsed
[2026-06-12 09:51:32Z INFO Runner] ExecuteCommand
[2026-06-12 09:51:32Z INFO ConfigurationStore] currentAssemblyLocation: C:\Users\Stagiaire\Desktop\COURS\DevOps\MyRecipeAPI\actions-runner\bin\Runner.Listener.dll
[2026-06-12 09:51:32Z INFO HostContext] Well known directory 'Bin': 'C:\Users\Stagiaire\Desktop\COURS\DevOps\MyRecipeAPI\actions-runner\bin'
[2026-06-12 09:51:32Z INFO ConfigurationStore] binPath: C:\Users\Stagiaire\Desktop\COURS\DevOps\MyRecipeAPI\actions-runner\bin
[2026-06-12 09:51:32Z INFO HostContext] Well known directory 'Bin': 'C:\Users\Stagiaire\Desktop\COURS\DevOps\MyRecipeAPI\actions-runner\bin'
[2026-06-12 09:51:32Z INFO HostContext] Well known directory 'Root': 'C:\Users\Stagiaire\Desktop\COURS\DevOps\MyRecipeAPI\actions-runner'
[2026-06-12 09:51:32Z INFO ConfigurationStore] RootFolder: C:\Users\Stagiaire\Desktop\COURS\DevOps\MyRecipeAPI\actions-runner
[2026-06-12 09:51:32Z INFO HostContext] Well known directory 'Bin': 'C:\Users\Stagiaire\Desktop\COURS\DevOps\MyRecipeAPI\actions-runner\bin'
[2026-06-12 09:51:32Z INFO HostContext] Well known directory 'Root': 'C:\Users\Stagiaire\Desktop\COURS\DevOps\MyRecipeAPI\actions-runner'
[2026-06-12 09:51:32Z INFO HostContext] Well known config file 'Runner': 'C:\Users\Stagiaire\Desktop\COURS\DevOps\MyRecipeAPI\actions-runner\.runner'
[2026-06-12 09:51:32Z INFO ConfigurationStore] ConfigFilePath: C:\Users\Stagiaire\Desktop\COURS\DevOps\MyRecipeAPI\actions-runner\.runner
[2026-06-12 09:51:32Z INFO HostContext] Well known directory 'Bin': 'C:\Users\Stagiaire\Desktop\COURS\DevOps\MyRecipeAPI\actions-runner\bin'
[2026-06-12 09:51:32Z INFO HostContext] Well known directory 'Root': 'C:\Users\Stagiaire\Desktop\COURS\DevOps\MyRecipeAPI\actions-runner'
[2026-06-12 09:51:32Z INFO HostContext] Well known config file 'MigratedRunner': 'C:\Users\Stagiaire\Desktop\COURS\DevOps\MyRecipeAPI\actions-runner\.runner_migrated'
[2026-06-12 09:51:32Z INFO ConfigurationStore] MigratedConfigFilePath: C:\Users\Stagiaire\Desktop\COURS\DevOps\MyRecipeAPI\actions-runner\.runner_migrated
[2026-06-12 09:51:32Z INFO HostContext] Well known directory 'Bin': 'C:\Users\Stagiaire\Desktop\COURS\DevOps\MyRecipeAPI\actions-runner\bin'
[2026-06-12 09:51:32Z INFO HostContext] Well known directory 'Root': 'C:\Users\Stagiaire\Desktop\COURS\DevOps\MyRecipeAPI\actions-runner'
[2026-06-12 09:51:32Z INFO HostContext] Well known config file 'Credentials': 'C:\Users\Stagiaire\Desktop\COURS\DevOps\MyRecipeAPI\actions-runner\.credentials'
[2026-06-12 09:51:32Z INFO ConfigurationStore] CredFilePath: C:\Users\Stagiaire\Desktop\COURS\DevOps\MyRecipeAPI\actions-runner\.credentials
[2026-06-12 09:51:32Z INFO HostContext] Well known directory 'Bin': 'C:\Users\Stagiaire\Desktop\COURS\DevOps\MyRecipeAPI\actions-runner\bin'
[2026-06-12 09:51:32Z INFO HostContext] Well known directory 'Root': 'C:\Users\Stagiaire\Desktop\COURS\DevOps\MyRecipeAPI\actions-runner'
[2026-06-12 09:51:32Z INFO HostContext] Well known config file 'MigratedCredentials': 'C:\Users\Stagiaire\Desktop\COURS\DevOps\MyRecipeAPI\actions-runner\.credentials_migrated'
[2026-06-12 09:51:32Z INFO ConfigurationStore] MigratedCredFilePath: C:\Users\Stagiaire\Desktop\COURS\DevOps\MyRecipeAPI\actions-runner\.credentials_migrated
[2026-06-12 09:51:32Z INFO HostContext] Well known directory 'Bin': 'C:\Users\Stagiaire\Desktop\COURS\DevOps\MyRecipeAPI\actions-runner\bin'
[2026-06-12 09:51:32Z INFO HostContext] Well known directory 'Root': 'C:\Users\Stagiaire\Desktop\COURS\DevOps\MyRecipeAPI\actions-runner'
[2026-06-12 09:51:32Z INFO HostContext] Well known config file 'Service': 'C:\Users\Stagiaire\Desktop\COURS\DevOps\MyRecipeAPI\actions-runner\.service'
[2026-06-12 09:51:32Z INFO ConfigurationStore] ServiceConfigFilePath: C:\Users\Stagiaire\Desktop\COURS\DevOps\MyRecipeAPI\actions-runner\.service
[2026-06-12 09:51:32Z INFO CommandSettings] Flag 'help': 'False'
[2026-06-12 09:51:32Z INFO CommandSettings] Flag 'version': 'False'
[2026-06-12 09:51:32Z INFO CommandSettings] Flag 'commit': 'False'
[2026-06-12 09:51:32Z INFO CommandSettings] Flag 'check': 'False'
[2026-06-12 09:51:32Z INFO CommandSettings] Command 'configure': 'False'
[2026-06-12 09:51:32Z INFO CommandSettings] Command 'remove': 'False'
[2026-06-12 09:51:32Z INFO CommandSettings] Command 'warmup': 'False'
[2026-06-12 09:51:32Z INFO ConfigurationManager] LoadSettings
[2026-06-12 09:51:32Z INFO ConfigurationStore] IsConfigured()
[2026-06-12 09:51:32Z INFO ConfigurationStore] IsConfigured: True
[2026-06-12 09:51:32Z INFO ConfigurationManager] Is configured: True
[2026-06-12 09:51:32Z INFO ConfigurationStore] Read setting file: 393 chars
[2026-06-12 09:51:32Z INFO ConfigurationManager] Settings Loaded
[2026-06-12 09:51:32Z INFO ConfigurationStore] IsServiceConfigured()
[2026-06-12 09:51:32Z INFO ConfigurationStore] IsServiceConfigured: False
[2026-06-12 09:51:32Z INFO CommandSettings] Command 'run': 'True'
[2026-06-12 09:51:32Z INFO ConfigurationStore] IsConfigured()
[2026-06-12 09:51:32Z INFO ConfigurationStore] IsConfigured: True
[2026-06-12 09:51:32Z INFO ConfigurationManager] Is configured: True
[2026-06-12 09:51:32Z INFO Runner] Could not parse the argument value '' for StartupType. Defaulting to Manual
[2026-06-12 09:51:32Z INFO Runner] Set runner startup type - Manual
[2026-06-12 09:51:32Z INFO CommandSettings] Flag 'once': 'False'
[2026-06-12 09:51:32Z INFO CommandSettings] Flag 'once': 'False'
[2026-06-12 09:51:32Z INFO Runner] RunAsync
[2026-06-12 09:51:32Z INFO HostContext] Well known directory 'Bin': 'C:\Users\Stagiaire\Desktop\COURS\DevOps\MyRecipeAPI\actions-runner\bin'
[2026-06-12 09:51:32Z INFO HostContext] Well known directory 'Root': 'C:\Users\Stagiaire\Desktop\COURS\DevOps\MyRecipeAPI\actions-runner'
[2026-06-12 09:51:32Z INFO HostContext] Well known directory 'Work': 'C:\Users\Stagiaire\Desktop\COURS\DevOps\MyRecipeAPI\actions-runner\_work'
[2026-06-12 09:51:32Z INFO Runner] Validating directory permissions for: 'C:\Users\Stagiaire\Desktop\COURS\DevOps\MyRecipeAPI\actions-runner\_work'
[2026-06-12 09:51:32Z INFO ConfigurationManager] LoadMigratedSettings
[2026-06-12 09:51:32Z INFO ConfigurationStore] IsMigratedConfigured()
[2026-06-12 09:51:32Z INFO ConfigurationStore] IsMigratedConfigured: False
[2026-06-12 09:51:32Z INFO Runner] Failed to load migrated settings: No migrated configuration found.
[2026-06-12 09:51:32Z INFO Runner] Falling back to original .runner settings
[2026-06-12 09:51:32Z INFO Runner] Using BrokerMessageListener
[2026-06-12 09:51:32Z INFO BrokerMessageListener] Using provided settings
[2026-06-12 09:51:32Z INFO BrokerMessageListener] {
  "AgentId": 21,
  "AgentName": "POR-MNS-65",
  "PoolId": 1,
  "PoolName": "Default",
  "ServerUrl": "https://pipelinesghubeus2.actions.githubusercontent.com/J9DCYFF3b0O1h2nG0zzJnZOmvzeHgyLYgi5lVEfFBAJLzAGoXq/",
  "GitHubUrl": "https://github.com/Gay-Jeremy/MyRecipe",
  "WorkFolder": "_work",
  "UseV2Flow": true,
  "ServerUrlV2": "https://broker.actions.githubusercontent.com/"
}
[2026-06-12 09:51:32Z INFO BrokerMessageListener] Loading Credentials
[2026-06-12 09:51:32Z INFO ConfigurationStore] HasCredentials()
[2026-06-12 09:51:32Z INFO ConfigurationStore] stored True
[2026-06-12 09:51:32Z INFO CredentialManager] GetCredentialProvider
[2026-06-12 09:51:32Z INFO CredentialManager] Creating type OAuth
[2026-06-12 09:51:32Z INFO CredentialManager] Creating credential type: OAuth
[2026-06-12 09:51:32Z INFO HostContext] Well known directory 'Bin': 'C:\Users\Stagiaire\Desktop\COURS\DevOps\MyRecipeAPI\actions-runner\bin'
[2026-06-12 09:51:32Z INFO HostContext] Well known directory 'Root': 'C:\Users\Stagiaire\Desktop\COURS\DevOps\MyRecipeAPI\actions-runner'
[2026-06-12 09:51:32Z INFO HostContext] Well known config file 'RSACredentials': 'C:\Users\Stagiaire\Desktop\COURS\DevOps\MyRecipeAPI\actions-runner\.credentials_rsaparams'
[2026-06-12 09:51:32Z INFO RSAEncryptedFileKeyManager] Loading RSA key parameters from file C:\Users\Stagiaire\Desktop\COURS\DevOps\MyRecipeAPI\actions-runner\.credentials_rsaparams
[2026-06-12 09:51:32Z INFO BrokerMessageListener] Attempt to create session.
[2026-06-12 09:51:32Z INFO BrokerMessageListener] Connecting to the Broker Server...
[2026-06-12 09:51:32Z INFO ConfigurationStore] HasCredentials()
[2026-06-12 09:51:32Z INFO ConfigurationStore] stored True
[2026-06-12 09:51:32Z INFO CredentialManager] GetCredentialProvider
[2026-06-12 09:51:32Z INFO CredentialManager] Creating type OAuth
[2026-06-12 09:51:32Z INFO CredentialManager] Creating credential type: OAuth
[2026-06-12 09:51:32Z INFO RSAEncryptedFileKeyManager] Loading RSA key parameters from file C:\Users\Stagiaire\Desktop\COURS\DevOps\MyRecipeAPI\actions-runner\.credentials_rsaparams
[2026-06-12 09:51:32Z INFO BrokerMessageListener] VssConnection created
[2026-06-12 09:51:32Z INFO BrokerMessageListener] Connecting to the Runner server...
[2026-06-12 09:51:32Z INFO RunnerServer] EstablishVssConnection
[2026-06-12 09:51:32Z INFO RunnerServer] Establish connection with 100 seconds timeout.
[2026-06-12 09:51:32Z INFO GitHubActionsService] Starting operation Location.GetConnectionData
[2026-06-12 09:51:32Z INFO RunnerServer] EstablishVssConnection
[2026-06-12 09:51:32Z INFO RunnerServer] Establish connection with 60 seconds timeout.
[2026-06-12 09:51:32Z INFO GitHubActionsService] Starting operation Location.GetConnectionData
[2026-06-12 09:51:32Z INFO RunnerServer] EstablishVssConnection
[2026-06-12 09:51:32Z INFO RunnerServer] Establish connection with 60 seconds timeout.
[2026-06-12 09:51:32Z INFO GitHubActionsService] Starting operation Location.GetConnectionData
[2026-06-12 09:51:33Z INFO GitHubActionsService] Finished operation Location.GetConnectionData
[2026-06-12 09:51:33Z INFO GitHubActionsService] Finished operation Location.GetConnectionData
[2026-06-12 09:51:33Z INFO GitHubActionsService] Finished operation Location.GetConnectionData
[2026-06-12 09:51:33Z INFO BrokerMessageListener] VssConnection created
[2026-06-12 09:51:33Z INFO Terminal] WRITE LINE: 
[2026-06-12 09:51:33Z INFO Terminal] WRITE LINE: 
[2026-06-12 09:51:33Z INFO RSAEncryptedFileKeyManager] Loading RSA key parameters from file C:\Users\Stagiaire\Desktop\COURS\DevOps\MyRecipeAPI\actions-runner\.credentials_rsaparams
[2026-06-12 09:51:33Z INFO RSAEncryptedFileKeyManager] Loading RSA key parameters from file C:\Users\Stagiaire\Desktop\COURS\DevOps\MyRecipeAPI\actions-runner\.credentials_rsaparams
[2026-06-12 09:51:34Z INFO GitHubActionsService] AAD Correlation ID for this token request: Unknown
[2026-06-12 09:51:34Z INFO BrokerMessageListener] Session created.
[2026-06-12 09:51:34Z INFO Terminal] WRITE LINE: Current runner version: '2.335.1'
[2026-06-12 09:51:34Z INFO Terminal] WRITE LINE: 2026-06-12 09:51:34Z: Listening for Jobs
[2026-06-12 09:51:34Z INFO JobDispatcher] Set runner/worker IPC timeout to 30 seconds.
[2026-06-12 09:51:35Z INFO BrokerMessageListener] Acknowledging runner request '950e240a-6027-5a5a-923e-084bfb594eab'.
[2026-06-12 09:51:35Z INFO ConfigurationStore] HasCredentials()
[2026-06-12 09:51:35Z INFO ConfigurationStore] stored True
[2026-06-12 09:51:35Z INFO CredentialManager] GetCredentialProvider
[2026-06-12 09:51:35Z INFO CredentialManager] Creating type OAuth
[2026-06-12 09:51:35Z INFO CredentialManager] Creating credential type: OAuth
[2026-06-12 09:51:35Z INFO RSAEncryptedFileKeyManager] Loading RSA key parameters from file C:\Users\Stagiaire\Desktop\COURS\DevOps\MyRecipeAPI\actions-runner\.credentials_rsaparams
[2026-06-12 09:51:35Z INFO RSAEncryptedFileKeyManager] Loading RSA key parameters from file C:\Users\Stagiaire\Desktop\COURS\DevOps\MyRecipeAPI\actions-runner\.credentials_rsaparams
[2026-06-12 09:51:35Z INFO RSAEncryptedFileKeyManager] Loading RSA key parameters from file C:\Users\Stagiaire\Desktop\COURS\DevOps\MyRecipeAPI\actions-runner\.credentials_rsaparams
[2026-06-12 09:51:36Z INFO GitHubActionsService] AAD Correlation ID for this token request: Unknown
[2026-06-12 09:51:37Z INFO JobDispatcher] Job request 0 for plan c717cec0-725c-4786-adaf-7ac0f57682b8 job 950e240a-6027-5a5a-923e-084bfb594eab received.
[2026-06-12 09:51:37Z INFO JobDispatcher] Pull OrchestrationId c717cec0-725c-4786-adaf-7ac0f57682b8.deploy.__default from JWT claims
[2026-06-12 09:51:37Z INFO BrokerMessageListener] Received job status event. JobState: Busy
[2026-06-12 09:51:37Z INFO BrokerMessageListener] _getMessagesTokenSource is already disposed.
[2026-06-12 09:51:37Z INFO Terminal] WRITE LINE: 2026-06-12 09:51:37Z: Running job: deploy
[2026-06-12 09:51:37Z INFO JobDispatcher] Start renew job request 0 for job 950e240a-6027-5a5a-923e-084bfb594eab.
[2026-06-12 09:51:38Z INFO JobDispatcher] Successfully renew job 950e240a-6027-5a5a-923e-084bfb594eab, job is valid till 12/06/2026 10:01:37
[2026-06-12 09:51:38Z INFO HostContext] Well known directory 'Bin': 'C:\Users\Stagiaire\Desktop\COURS\DevOps\MyRecipeAPI\actions-runner\bin'
[2026-06-12 09:51:38Z INFO ProcessInvokerWrapper] Starting process:
[2026-06-12 09:51:38Z INFO ProcessInvokerWrapper]   File name: 'C:\Users\Stagiaire\Desktop\COURS\DevOps\MyRecipeAPI\actions-runner\bin\Runner.Worker.exe'
[2026-06-12 09:51:38Z INFO ProcessInvokerWrapper]   Arguments: 'spawnclient 2256 2268'
[2026-06-12 09:51:38Z INFO ProcessInvokerWrapper]   Working directory: 'C:\Users\Stagiaire\Desktop\COURS\DevOps\MyRecipeAPI\actions-runner\bin'
[2026-06-12 09:51:38Z INFO ProcessInvokerWrapper]   Require exit code zero: 'False'
[2026-06-12 09:51:38Z INFO ProcessInvokerWrapper]   Encoding web name:  ; code page: ''
[2026-06-12 09:51:38Z INFO ProcessInvokerWrapper]   Force kill process on cancellation: 'True'
[2026-06-12 09:51:38Z INFO ProcessInvokerWrapper]   Redirected STDIN: 'False'
[2026-06-12 09:51:38Z INFO ProcessInvokerWrapper]   Persist current code page: 'False'
[2026-06-12 09:51:38Z INFO ProcessInvokerWrapper]   Keep redirected STDIN open: 'False'
[2026-06-12 09:51:38Z INFO ProcessInvokerWrapper]   High priority process: 'True'
[2026-06-12 09:51:38Z INFO ProcessInvokerWrapper] Process started with process id 7760, waiting for process exit.
[2026-06-12 09:51:38Z INFO JobDispatcher] Send job request message to worker for job 950e240a-6027-5a5a-923e-084bfb594eab.
[2026-06-12 09:51:38Z INFO ProcessChannel] Sending message of length 24317, with hash '7fb805fa654889110d539d2b3d5e400c0ba916b82960b9eef0b46e29c439fc92'
[2026-06-12 09:51:38Z INFO JobNotification] Entering JobStarted Notification
[2026-06-12 09:51:38Z INFO JobNotification] Entering StartMonitor
[2026-06-12 09:51:56Z INFO ProcessInvokerWrapper] STDOUT/STDERR stream read finished.
[2026-06-12 09:51:56Z INFO ProcessInvokerWrapper] STDOUT/STDERR stream read finished.
[2026-06-12 09:51:56Z INFO ProcessInvokerWrapper] Finished process 7760 with exit code 102, and elapsed time 00:00:18.0641220.
[2026-06-12 09:51:56Z INFO JobDispatcher] Worker finished for job 950e240a-6027-5a5a-923e-084bfb594eab. Code: 102
[2026-06-12 09:51:56Z INFO JobDispatcher] finish job request for job 950e240a-6027-5a5a-923e-084bfb594eab with result: Failed
[2026-06-12 09:51:56Z INFO Terminal] WRITE LINE: 2026-06-12 09:51:56Z: Job deploy completed with result: Failed
[2026-06-12 09:51:56Z INFO JobDispatcher] Stop renew job request for job 950e240a-6027-5a5a-923e-084bfb594eab.
[2026-06-12 09:51:56Z INFO JobDispatcher] job renew has been cancelled, stop renew job 950e240a-6027-5a5a-923e-084bfb594eab.
[2026-06-12 09:51:56Z INFO JobNotification] Entering JobCompleted Notification
[2026-06-12 09:51:56Z INFO JobNotification] Entering EndMonitor
[2026-06-12 09:51:56Z INFO BrokerMessageListener] Received job status event. JobState: Online
[2026-06-12 09:51:56Z WARN GitHubActionsService] GET request to https://broker.actions.githubusercontent.com/message?sessionId=a9e83a6b-5a6e-4f3e-8ae4-d04388331763&status=Busy&runnerVersion=2.335.1&os=Windows&architecture=X64&disableUpdate=false has been cancelled.
[2026-06-12 09:51:56Z ERR  BrokerServer] Catch exception during request
[2026-06-12 09:51:56Z ERR  BrokerServer] System.Threading.Tasks.TaskCanceledException: The operation was canceled.
 ---> System.Threading.Tasks.TaskCanceledException: The operation was canceled.
 ---> System.IO.IOException: Unable to read data from the transport connection: L’opération d’entrée/sortie a été abandonnée en raison de l’arrêt d’un thread ou à la demande d’une application..
 ---> System.Net.Sockets.SocketException (995): L’opération d’entrée/sortie a été abandonnée en raison de l’arrêt d’un thread ou à la demande d’une application.
   --- End of inner exception stack trace ---
   at System.Net.Sockets.Socket.AwaitableSocketAsyncEventArgs.ThrowException(SocketError error, CancellationToken cancellationToken)
   at System.Net.Sockets.Socket.AwaitableSocketAsyncEventArgs.System.Threading.Tasks.Sources.IValueTaskSource<System.Int32>.GetResult(Int16 token)
   at System.Net.Security.SslStream.EnsureFullTlsFrameAsync[TIOAdapter](CancellationToken cancellationToken, Int32 estimatedSize)
   at System.Runtime.CompilerServices.PoolingAsyncValueTaskMethodBuilder`1.StateMachineBox`1.System.Threading.Tasks.Sources.IValueTaskSource<TResult>.GetResult(Int16 token)
   at System.Net.Security.SslStream.ReadAsyncInternal[TIOAdapter](Memory`1 buffer, CancellationToken cancellationToken)
   at System.Runtime.CompilerServices.PoolingAsyncValueTaskMethodBuilder`1.StateMachineBox`1.System.Threading.Tasks.Sources.IValueTaskSource<TResult>.GetResult(Int16 token)
   at System.Net.Http.HttpConnection.SendAsync(HttpRequestMessage request, Boolean async, CancellationToken cancellationToken)
   --- End of inner exception stack trace ---
   at System.Net.Http.HttpConnection.SendAsync(HttpRequestMessage request, Boolean async, CancellationToken cancellationToken)
   at System.Net.Http.AuthenticationHelper.SendWithNtAuthAsync(HttpRequestMessage request, Uri authUri, Boolean async, ICredentials credentials, Boolean isProxyAuth, HttpConnection connection, HttpConnectionPool connectionPool, CancellationToken cancellationToken)
   at System.Net.Http.HttpConnectionPool.SendWithVersionDetectionAndRetryAsync(HttpRequestMessage request, Boolean async, Boolean doRequestAuth, CancellationToken cancellationToken)
   at System.Net.Http.AuthenticationHelper.SendWithAuthAsync(HttpRequestMessage request, Uri authUri, Boolean async, ICredentials credentials, Boolean preAuthenticate, Boolean isProxyAuth, Boolean doRequestAuth, HttpConnectionPool pool, CancellationToken cancellationToken)
   at System.Net.Http.RedirectHandler.SendAsync(HttpRequestMessage request, Boolean async, CancellationToken cancellationToken)
   at GitHub.Services.Common.RawHttpMessageHandler.SendAsync(HttpRequestMessage request, CancellationToken cancellationToken)
   at GitHub.Services.Common.VssHttpRetryMessageHandler.SendAsync(HttpRequestMessage request, CancellationToken cancellationToken)
   at System.Net.Http.HttpClient.<SendAsync>g__Core|83_0(HttpRequestMessage request, HttpCompletionOption completionOption, CancellationTokenSource cts, Boolean disposeCts, CancellationTokenSource pendingRequestsCts, CancellationToken originalCancellationToken)
   --- End of inner exception stack trace ---
   at System.Net.Http.HttpClient.HandleFailure(Exception e, Boolean telemetryStarted, HttpResponseMessage response, CancellationTokenSource cts, CancellationToken cancellationToken, CancellationTokenSource pendingRequestsCts)
   at System.Net.Http.HttpClient.<SendAsync>g__Core|83_0(HttpRequestMessage request, HttpCompletionOption completionOption, CancellationTokenSource cts, Boolean disposeCts, CancellationTokenSource pendingRequestsCts, CancellationToken originalCancellationToken)
   at Sdk.WebApi.WebApi.RawHttpClientBase.SendAsync(HttpRequestMessage message, HttpCompletionOption completionOption, Object userState, CancellationToken cancellationToken)
   at Sdk.WebApi.WebApi.RawHttpClientBase.SendAsync[T](HttpRequestMessage message, Boolean readErrorBody, Object userState, CancellationToken cancellationToken)
   at Sdk.WebApi.WebApi.RawHttpClientBase.SendAsync[T](HttpMethod method, IEnumerable`1 additionalHeaders, Uri requestUri, HttpContent content, IEnumerable`1 queryParameters, Boolean readErrorBody, Object userState, CancellationToken cancellationToken)
   at GitHub.Actions.RunService.WebApi.BrokerHttpClient.GetRunnerMessageAsync(Nullable`1 sessionId, String runnerVersion, Nullable`1 status, String os, String architecture, Nullable`1 disableUpdate, CancellationToken cancellationToken)
   at GitHub.Runner.Common.BrokerServer.<>c__DisplayClass7_0.<<GetRunnerMessageAsync>b__0>d.MoveNext()
--- End of stack trace from previous location ---
   at GitHub.Runner.Common.RunnerService.RetryRequest[T](Func`1 func, CancellationToken cancellationToken, Int32 maxAttempts, Func`2 shouldRetry)
[2026-06-12 09:51:56Z ERR  BrokerServer] #####################################################
[2026-06-12 09:51:56Z ERR  BrokerServer] System.Threading.Tasks.TaskCanceledException: The operation was canceled.
 ---> System.IO.IOException: Unable to read data from the transport connection: L’opération d’entrée/sortie a été abandonnée en raison de l’arrêt d’un thread ou à la demande d’une application..
 ---> System.Net.Sockets.SocketException (995): L’opération d’entrée/sortie a été abandonnée en raison de l’arrêt d’un thread ou à la demande d’une application.
   --- End of inner exception stack trace ---
   at System.Net.Sockets.Socket.AwaitableSocketAsyncEventArgs.ThrowException(SocketError error, CancellationToken cancellationToken)
   at System.Net.Sockets.Socket.AwaitableSocketAsyncEventArgs.System.Threading.Tasks.Sources.IValueTaskSource<System.Int32>.GetResult(Int16 token)
   at System.Net.Security.SslStream.EnsureFullTlsFrameAsync[TIOAdapter](CancellationToken cancellationToken, Int32 estimatedSize)
   at System.Runtime.CompilerServices.PoolingAsyncValueTaskMethodBuilder`1.StateMachineBox`1.System.Threading.Tasks.Sources.IValueTaskSource<TResult>.GetResult(Int16 token)
   at System.Net.Security.SslStream.ReadAsyncInternal[TIOAdapter](Memory`1 buffer, CancellationToken cancellationToken)
   at System.Runtime.CompilerServices.PoolingAsyncValueTaskMethodBuilder`1.StateMachineBox`1.System.Threading.Tasks.Sources.IValueTaskSource<TResult>.GetResult(Int16 token)
   at System.Net.Http.HttpConnection.SendAsync(HttpRequestMessage request, Boolean async, CancellationToken cancellationToken)
   --- End of inner exception stack trace ---
   at System.Net.Http.HttpConnection.SendAsync(HttpRequestMessage request, Boolean async, CancellationToken cancellationToken)
   at System.Net.Http.AuthenticationHelper.SendWithNtAuthAsync(HttpRequestMessage request, Uri authUri, Boolean async, ICredentials credentials, Boolean isProxyAuth, HttpConnection connection, HttpConnectionPool connectionPool, CancellationToken cancellationToken)
   at System.Net.Http.HttpConnectionPool.SendWithVersionDetectionAndRetryAsync(HttpRequestMessage request, Boolean async, Boolean doRequestAuth, CancellationToken cancellationToken)
   at System.Net.Http.AuthenticationHelper.SendWithAuthAsync(HttpRequestMessage request, Uri authUri, Boolean async, ICredentials credentials, Boolean preAuthenticate, Boolean isProxyAuth, Boolean doRequestAuth, HttpConnectionPool pool, CancellationToken cancellationToken)
   at System.Net.Http.RedirectHandler.SendAsync(HttpRequestMessage request, Boolean async, CancellationToken cancellationToken)
   at GitHub.Services.Common.RawHttpMessageHandler.SendAsync(HttpRequestMessage request, CancellationToken cancellationToken)
   at GitHub.Services.Common.VssHttpRetryMessageHandler.SendAsync(HttpRequestMessage request, CancellationToken cancellationToken)
   at System.Net.Http.HttpClient.<SendAsync>g__Core|83_0(HttpRequestMessage request, HttpCompletionOption completionOption, CancellationTokenSource cts, Boolean disposeCts, CancellationTokenSource pendingRequestsCts, CancellationToken originalCancellationToken)
[2026-06-12 09:51:56Z ERR  BrokerServer] #####################################################
[2026-06-12 09:51:56Z ERR  BrokerServer] System.IO.IOException: Unable to read data from the transport connection: L’opération d’entrée/sortie a été abandonnée en raison de l’arrêt d’un thread ou à la demande d’une application..
 ---> System.Net.Sockets.SocketException (995): L’opération d’entrée/sortie a été abandonnée en raison de l’arrêt d’un thread ou à la demande d’une application.
   --- End of inner exception stack trace ---
   at System.Net.Sockets.Socket.AwaitableSocketAsyncEventArgs.ThrowException(SocketError error, CancellationToken cancellationToken)
   at System.Net.Sockets.Socket.AwaitableSocketAsyncEventArgs.System.Threading.Tasks.Sources.IValueTaskSource<System.Int32>.GetResult(Int16 token)
   at System.Net.Security.SslStream.EnsureFullTlsFrameAsync[TIOAdapter](CancellationToken cancellationToken, Int32 estimatedSize)
   at System.Runtime.CompilerServices.PoolingAsyncValueTaskMethodBuilder`1.StateMachineBox`1.System.Threading.Tasks.Sources.IValueTaskSource<TResult>.GetResult(Int16 token)
   at System.Net.Security.SslStream.ReadAsyncInternal[TIOAdapter](Memory`1 buffer, CancellationToken cancellationToken)
   at System.Runtime.CompilerServices.PoolingAsyncValueTaskMethodBuilder`1.StateMachineBox`1.System.Threading.Tasks.Sources.IValueTaskSource<TResult>.GetResult(Int16 token)
   at System.Net.Http.HttpConnection.SendAsync(HttpRequestMessage request, Boolean async, CancellationToken cancellationToken)
[2026-06-12 09:51:56Z ERR  BrokerServer] #####################################################
[2026-06-12 09:51:56Z ERR  BrokerServer] System.Net.Sockets.SocketException (995): L’opération d’entrée/sortie a été abandonnée en raison de l’arrêt d’un thread ou à la demande d’une application.
[2026-06-12 09:51:56Z WARN BrokerServer] Back off 5,783 seconds before next retry. 4 attempt left.
[2026-06-12 09:51:56Z INFO BrokerMessageListener] Get messages has been cancelled using local token source. Continue to get messages with new status.
[2026-06-12 09:58:55Z INFO BrokerMessageListener] Acknowledging runner request '1946712b-18bf-598e-ab6a-843f83e0af25'.
[2026-06-12 09:58:55Z INFO ConfigurationStore] HasCredentials()
[2026-06-12 09:58:55Z INFO ConfigurationStore] stored True
[2026-06-12 09:58:55Z INFO CredentialManager] GetCredentialProvider
[2026-06-12 09:58:55Z INFO CredentialManager] Creating type OAuth
[2026-06-12 09:58:55Z INFO CredentialManager] Creating credential type: OAuth
[2026-06-12 09:58:55Z INFO RSAEncryptedFileKeyManager] Loading RSA key parameters from file C:\Users\Stagiaire\Desktop\COURS\DevOps\MyRecipeAPI\actions-runner\.credentials_rsaparams
[2026-06-12 09:58:55Z INFO RSAEncryptedFileKeyManager] Loading RSA key parameters from file C:\Users\Stagiaire\Desktop\COURS\DevOps\MyRecipeAPI\actions-runner\.credentials_rsaparams
[2026-06-12 09:58:55Z INFO RSAEncryptedFileKeyManager] Loading RSA key parameters from file C:\Users\Stagiaire\Desktop\COURS\DevOps\MyRecipeAPI\actions-runner\.credentials_rsaparams
[2026-06-12 09:58:56Z INFO GitHubActionsService] AAD Correlation ID for this token request: Unknown
[2026-06-12 09:58:57Z INFO JobDispatcher] Job request 0 for plan 9d8fd005-a22e-4fe5-b77a-11e4b65f12de job 1946712b-18bf-598e-ab6a-843f83e0af25 received.
[2026-06-12 09:58:57Z INFO JobDispatcher] Pull OrchestrationId 9d8fd005-a22e-4fe5-b77a-11e4b65f12de.deploy.__default from JWT claims
[2026-06-12 09:58:57Z INFO BrokerMessageListener] Received job status event. JobState: Busy
[2026-06-12 09:58:57Z INFO BrokerMessageListener] _getMessagesTokenSource is already disposed.
[2026-06-12 09:58:57Z INFO JobDispatcher] Job request 950e240a-6027-5a5a-923e-084bfb594eab processed succeed.
[2026-06-12 09:58:57Z INFO Terminal] WRITE LINE: 2026-06-12 09:58:57Z: Running job: deploy
[2026-06-12 09:58:57Z INFO JobDispatcher] Start renew job request 0 for job 1946712b-18bf-598e-ab6a-843f83e0af25.
[2026-06-12 09:58:57Z INFO JobDispatcher] Successfully renew job 1946712b-18bf-598e-ab6a-843f83e0af25, job is valid till 12/06/2026 10:08:56
[2026-06-12 09:58:57Z INFO HostContext] Well known directory 'Bin': 'C:\Users\Stagiaire\Desktop\COURS\DevOps\MyRecipeAPI\actions-runner\bin'
[2026-06-12 09:58:57Z INFO ProcessInvokerWrapper] Starting process:
[2026-06-12 09:58:57Z INFO ProcessInvokerWrapper]   File name: 'C:\Users\Stagiaire\Desktop\COURS\DevOps\MyRecipeAPI\actions-runner\bin\Runner.Worker.exe'
[2026-06-12 09:58:57Z INFO ProcessInvokerWrapper]   Arguments: 'spawnclient 2284 608'
[2026-06-12 09:58:57Z INFO ProcessInvokerWrapper]   Working directory: 'C:\Users\Stagiaire\Desktop\COURS\DevOps\MyRecipeAPI\actions-runner\bin'
[2026-06-12 09:58:57Z INFO ProcessInvokerWrapper]   Require exit code zero: 'False'
[2026-06-12 09:58:57Z INFO ProcessInvokerWrapper]   Encoding web name:  ; code page: ''
[2026-06-12 09:58:57Z INFO ProcessInvokerWrapper]   Force kill process on cancellation: 'True'
[2026-06-12 09:58:57Z INFO ProcessInvokerWrapper]   Redirected STDIN: 'False'
[2026-06-12 09:58:57Z INFO ProcessInvokerWrapper]   Persist current code page: 'False'
[2026-06-12 09:58:57Z INFO ProcessInvokerWrapper]   Keep redirected STDIN open: 'False'
[2026-06-12 09:58:57Z INFO ProcessInvokerWrapper]   High priority process: 'True'
[2026-06-12 09:58:57Z INFO ProcessInvokerWrapper] Process started with process id 16040, waiting for process exit.
[2026-06-12 09:58:57Z INFO JobDispatcher] Send job request message to worker for job 1946712b-18bf-598e-ab6a-843f83e0af25.
[2026-06-12 09:58:57Z INFO ProcessChannel] Sending message of length 24323, with hash 'c84edb2e3d404fe29747ce124f97a9737c94cd565646b8d87d1d5ae14cb8d02a'
[2026-06-12 09:58:57Z INFO JobNotification] Entering JobStarted Notification
[2026-06-12 09:58:57Z INFO JobNotification] Entering StartMonitor
[2026-06-12 09:59:11Z INFO ProcessInvokerWrapper] STDOUT/STDERR stream read finished.
[2026-06-12 09:59:11Z INFO ProcessInvokerWrapper] STDOUT/STDERR stream read finished.
[2026-06-12 09:59:11Z INFO ProcessInvokerWrapper] Finished process 16040 with exit code 102, and elapsed time 00:00:14.0666911.
[2026-06-12 09:59:11Z INFO JobDispatcher] Worker finished for job 1946712b-18bf-598e-ab6a-843f83e0af25. Code: 102
[2026-06-12 09:59:11Z INFO JobDispatcher] finish job request for job 1946712b-18bf-598e-ab6a-843f83e0af25 with result: Failed
[2026-06-12 09:59:11Z INFO Terminal] WRITE LINE: 2026-06-12 09:59:11Z: Job deploy completed with result: Failed
[2026-06-12 09:59:11Z INFO JobDispatcher] Stop renew job request for job 1946712b-18bf-598e-ab6a-843f83e0af25.
[2026-06-12 09:59:11Z INFO JobDispatcher] job renew has been cancelled, stop renew job 1946712b-18bf-598e-ab6a-843f83e0af25.
[2026-06-12 09:59:11Z INFO JobNotification] Entering JobCompleted Notification
[2026-06-12 09:59:11Z INFO JobNotification] Entering EndMonitor
[2026-06-12 09:59:11Z INFO BrokerMessageListener] Received job status event. JobState: Online
[2026-06-12 09:59:11Z WARN GitHubActionsService] GET request to https://broker.actions.githubusercontent.com/message?sessionId=a9e83a6b-5a6e-4f3e-8ae4-d04388331763&status=Busy&runnerVersion=2.335.1&os=Windows&architecture=X64&disableUpdate=false has been cancelled.
[2026-06-12 09:59:11Z ERR  BrokerServer] Catch exception during request
[2026-06-12 09:59:11Z ERR  BrokerServer] System.Threading.Tasks.TaskCanceledException: The operation was canceled.
 ---> System.Threading.Tasks.TaskCanceledException: The operation was canceled.
 ---> System.IO.IOException: Unable to read data from the transport connection: L’opération d’entrée/sortie a été abandonnée en raison de l’arrêt d’un thread ou à la demande d’une application..
 ---> System.Net.Sockets.SocketException (995): L’opération d’entrée/sortie a été abandonnée en raison de l’arrêt d’un thread ou à la demande d’une application.
   --- End of inner exception stack trace ---
   at System.Net.Sockets.Socket.AwaitableSocketAsyncEventArgs.ThrowException(SocketError error, CancellationToken cancellationToken)
   at System.Net.Sockets.Socket.AwaitableSocketAsyncEventArgs.System.Threading.Tasks.Sources.IValueTaskSource<System.Int32>.GetResult(Int16 token)
   at System.Net.Security.SslStream.EnsureFullTlsFrameAsync[TIOAdapter](CancellationToken cancellationToken, Int32 estimatedSize)
   at System.Runtime.CompilerServices.PoolingAsyncValueTaskMethodBuilder`1.StateMachineBox`1.System.Threading.Tasks.Sources.IValueTaskSource<TResult>.GetResult(Int16 token)
   at System.Net.Security.SslStream.ReadAsyncInternal[TIOAdapter](Memory`1 buffer, CancellationToken cancellationToken)
   at System.Runtime.CompilerServices.PoolingAsyncValueTaskMethodBuilder`1.StateMachineBox`1.System.Threading.Tasks.Sources.IValueTaskSource<TResult>.GetResult(Int16 token)
   at System.Net.Http.HttpConnection.SendAsync(HttpRequestMessage request, Boolean async, CancellationToken cancellationToken)
   --- End of inner exception stack trace ---
   at System.Net.Http.HttpConnection.SendAsync(HttpRequestMessage request, Boolean async, CancellationToken cancellationToken)
   at System.Net.Http.AuthenticationHelper.SendWithNtAuthAsync(HttpRequestMessage request, Uri authUri, Boolean async, ICredentials credentials, Boolean isProxyAuth, HttpConnection connection, HttpConnectionPool connectionPool, CancellationToken cancellationToken)
   at System.Net.Http.HttpConnectionPool.SendWithVersionDetectionAndRetryAsync(HttpRequestMessage request, Boolean async, Boolean doRequestAuth, CancellationToken cancellationToken)
   at System.Net.Http.AuthenticationHelper.SendWithAuthAsync(HttpRequestMessage request, Uri authUri, Boolean async, ICredentials credentials, Boolean preAuthenticate, Boolean isProxyAuth, Boolean doRequestAuth, HttpConnectionPool pool, CancellationToken cancellationToken)
   at System.Net.Http.RedirectHandler.SendAsync(HttpRequestMessage request, Boolean async, CancellationToken cancellationToken)
   at GitHub.Services.Common.RawHttpMessageHandler.SendAsync(HttpRequestMessage request, CancellationToken cancellationToken)
   at GitHub.Services.Common.VssHttpRetryMessageHandler.SendAsync(HttpRequestMessage request, CancellationToken cancellationToken)
   at System.Net.Http.HttpClient.<SendAsync>g__Core|83_0(HttpRequestMessage request, HttpCompletionOption completionOption, CancellationTokenSource cts, Boolean disposeCts, CancellationTokenSource pendingRequestsCts, CancellationToken originalCancellationToken)
   --- End of inner exception stack trace ---
   at System.Net.Http.HttpClient.HandleFailure(Exception e, Boolean telemetryStarted, HttpResponseMessage response, CancellationTokenSource cts, CancellationToken cancellationToken, CancellationTokenSource pendingRequestsCts)
   at System.Net.Http.HttpClient.<SendAsync>g__Core|83_0(HttpRequestMessage request, HttpCompletionOption completionOption, CancellationTokenSource cts, Boolean disposeCts, CancellationTokenSource pendingRequestsCts, CancellationToken originalCancellationToken)
   at Sdk.WebApi.WebApi.RawHttpClientBase.SendAsync(HttpRequestMessage message, HttpCompletionOption completionOption, Object userState, CancellationToken cancellationToken)
   at Sdk.WebApi.WebApi.RawHttpClientBase.SendAsync[T](HttpRequestMessage message, Boolean readErrorBody, Object userState, CancellationToken cancellationToken)
   at Sdk.WebApi.WebApi.RawHttpClientBase.SendAsync[T](HttpMethod method, IEnumerable`1 additionalHeaders, Uri requestUri, HttpContent content, IEnumerable`1 queryParameters, Boolean readErrorBody, Object userState, CancellationToken cancellationToken)
   at GitHub.Actions.RunService.WebApi.BrokerHttpClient.GetRunnerMessageAsync(Nullable`1 sessionId, String runnerVersion, Nullable`1 status, String os, String architecture, Nullable`1 disableUpdate, CancellationToken cancellationToken)
   at GitHub.Runner.Common.BrokerServer.<>c__DisplayClass7_0.<<GetRunnerMessageAsync>b__0>d.MoveNext()
--- End of stack trace from previous location ---
   at GitHub.Runner.Common.RunnerService.RetryRequest[T](Func`1 func, CancellationToken cancellationToken, Int32 maxAttempts, Func`2 shouldRetry)
[2026-06-12 09:59:11Z ERR  BrokerServer] #####################################################
[2026-06-12 09:59:11Z ERR  BrokerServer] System.Threading.Tasks.TaskCanceledException: The operation was canceled.
 ---> System.IO.IOException: Unable to read data from the transport connection: L’opération d’entrée/sortie a été abandonnée en raison de l’arrêt d’un thread ou à la demande d’une application..
 ---> System.Net.Sockets.SocketException (995): L’opération d’entrée/sortie a été abandonnée en raison de l’arrêt d’un thread ou à la demande d’une application.
   --- End of inner exception stack trace ---
   at System.Net.Sockets.Socket.AwaitableSocketAsyncEventArgs.ThrowException(SocketError error, CancellationToken cancellationToken)
   at System.Net.Sockets.Socket.AwaitableSocketAsyncEventArgs.System.Threading.Tasks.Sources.IValueTaskSource<System.Int32>.GetResult(Int16 token)
   at System.Net.Security.SslStream.EnsureFullTlsFrameAsync[TIOAdapter](CancellationToken cancellationToken, Int32 estimatedSize)
   at System.Runtime.CompilerServices.PoolingAsyncValueTaskMethodBuilder`1.StateMachineBox`1.System.Threading.Tasks.Sources.IValueTaskSource<TResult>.GetResult(Int16 token)
   at System.Net.Security.SslStream.ReadAsyncInternal[TIOAdapter](Memory`1 buffer, CancellationToken cancellationToken)
   at System.Runtime.CompilerServices.PoolingAsyncValueTaskMethodBuilder`1.StateMachineBox`1.System.Threading.Tasks.Sources.IValueTaskSource<TResult>.GetResult(Int16 token)
   at System.Net.Http.HttpConnection.SendAsync(HttpRequestMessage request, Boolean async, CancellationToken cancellationToken)
   --- End of inner exception stack trace ---
   at System.Net.Http.HttpConnection.SendAsync(HttpRequestMessage request, Boolean async, CancellationToken cancellationToken)
   at System.Net.Http.AuthenticationHelper.SendWithNtAuthAsync(HttpRequestMessage request, Uri authUri, Boolean async, ICredentials credentials, Boolean isProxyAuth, HttpConnection connection, HttpConnectionPool connectionPool, CancellationToken cancellationToken)
   at System.Net.Http.HttpConnectionPool.SendWithVersionDetectionAndRetryAsync(HttpRequestMessage request, Boolean async, Boolean doRequestAuth, CancellationToken cancellationToken)
   at System.Net.Http.AuthenticationHelper.SendWithAuthAsync(HttpRequestMessage request, Uri authUri, Boolean async, ICredentials credentials, Boolean preAuthenticate, Boolean isProxyAuth, Boolean doRequestAuth, HttpConnectionPool pool, CancellationToken cancellationToken)
   at System.Net.Http.RedirectHandler.SendAsync(HttpRequestMessage request, Boolean async, CancellationToken cancellationToken)
   at GitHub.Services.Common.RawHttpMessageHandler.SendAsync(HttpRequestMessage request, CancellationToken cancellationToken)
   at GitHub.Services.Common.VssHttpRetryMessageHandler.SendAsync(HttpRequestMessage request, CancellationToken cancellationToken)
   at System.Net.Http.HttpClient.<SendAsync>g__Core|83_0(HttpRequestMessage request, HttpCompletionOption completionOption, CancellationTokenSource cts, Boolean disposeCts, CancellationTokenSource pendingRequestsCts, CancellationToken originalCancellationToken)
[2026-06-12 09:59:11Z ERR  BrokerServer] #####################################################
[2026-06-12 09:59:11Z ERR  BrokerServer] System.IO.IOException: Unable to read data from the transport connection: L’opération d’entrée/sortie a été abandonnée en raison de l’arrêt d’un thread ou à la demande d’une application..
 ---> System.Net.Sockets.SocketException (995): L’opération d’entrée/sortie a été abandonnée en raison de l’arrêt d’un thread ou à la demande d’une application.
   --- End of inner exception stack trace ---
   at System.Net.Sockets.Socket.AwaitableSocketAsyncEventArgs.ThrowException(SocketError error, CancellationToken cancellationToken)
   at System.Net.Sockets.Socket.AwaitableSocketAsyncEventArgs.System.Threading.Tasks.Sources.IValueTaskSource<System.Int32>.GetResult(Int16 token)
   at System.Net.Security.SslStream.EnsureFullTlsFrameAsync[TIOAdapter](CancellationToken cancellationToken, Int32 estimatedSize)
   at System.Runtime.CompilerServices.PoolingAsyncValueTaskMethodBuilder`1.StateMachineBox`1.System.Threading.Tasks.Sources.IValueTaskSource<TResult>.GetResult(Int16 token)
   at System.Net.Security.SslStream.ReadAsyncInternal[TIOAdapter](Memory`1 buffer, CancellationToken cancellationToken)
   at System.Runtime.CompilerServices.PoolingAsyncValueTaskMethodBuilder`1.StateMachineBox`1.System.Threading.Tasks.Sources.IValueTaskSource<TResult>.GetResult(Int16 token)
   at System.Net.Http.HttpConnection.SendAsync(HttpRequestMessage request, Boolean async, CancellationToken cancellationToken)
[2026-06-12 09:59:11Z ERR  BrokerServer] #####################################################
[2026-06-12 09:59:11Z ERR  BrokerServer] System.Net.Sockets.SocketException (995): L’opération d’entrée/sortie a été abandonnée en raison de l’arrêt d’un thread ou à la demande d’une application.
[2026-06-12 09:59:11Z WARN BrokerServer] Back off 5,879 seconds before next retry. 4 attempt left.
[2026-06-12 09:59:11Z INFO BrokerMessageListener] Get messages has been cancelled using local token source. Continue to get messages with new status.
[2026-06-12 10:02:48Z INFO BrokerMessageListener] Acknowledging runner request '46020b72-4dd4-5899-af87-852811427967'.
[2026-06-12 10:02:49Z INFO ConfigurationStore] HasCredentials()
[2026-06-12 10:02:49Z INFO ConfigurationStore] stored True
[2026-06-12 10:02:49Z INFO CredentialManager] GetCredentialProvider
[2026-06-12 10:02:49Z INFO CredentialManager] Creating type OAuth
[2026-06-12 10:02:49Z INFO CredentialManager] Creating credential type: OAuth
[2026-06-12 10:02:49Z INFO RSAEncryptedFileKeyManager] Loading RSA key parameters from file C:\Users\Stagiaire\Desktop\COURS\DevOps\MyRecipeAPI\actions-runner\.credentials_rsaparams
[2026-06-12 10:02:49Z INFO RSAEncryptedFileKeyManager] Loading RSA key parameters from file C:\Users\Stagiaire\Desktop\COURS\DevOps\MyRecipeAPI\actions-runner\.credentials_rsaparams
[2026-06-12 10:02:49Z INFO RSAEncryptedFileKeyManager] Loading RSA key parameters from file C:\Users\Stagiaire\Desktop\COURS\DevOps\MyRecipeAPI\actions-runner\.credentials_rsaparams
[2026-06-12 10:02:49Z INFO GitHubActionsService] AAD Correlation ID for this token request: Unknown
[2026-06-12 10:02:50Z INFO JobDispatcher] Job request 0 for plan 4bf6d1b5-b85d-42cf-92d0-0f3089b626fe job 46020b72-4dd4-5899-af87-852811427967 received.
[2026-06-12 10:02:50Z INFO JobDispatcher] Pull OrchestrationId 4bf6d1b5-b85d-42cf-92d0-0f3089b626fe.deploy.__default from JWT claims
[2026-06-12 10:02:50Z INFO BrokerMessageListener] Received job status event. JobState: Busy
[2026-06-12 10:02:50Z INFO BrokerMessageListener] _getMessagesTokenSource is already disposed.
[2026-06-12 10:02:50Z INFO JobDispatcher] Job request 1946712b-18bf-598e-ab6a-843f83e0af25 processed succeed.
[2026-06-12 10:02:50Z INFO Terminal] WRITE LINE: 2026-06-12 10:02:50Z: Running job: deploy
[2026-06-12 10:02:50Z INFO JobDispatcher] Start renew job request 0 for job 46020b72-4dd4-5899-af87-852811427967.
[2026-06-12 10:02:51Z INFO JobDispatcher] Successfully renew job 46020b72-4dd4-5899-af87-852811427967, job is valid till 12/06/2026 10:12:50
[2026-06-12 10:02:51Z INFO HostContext] Well known directory 'Bin': 'C:\Users\Stagiaire\Desktop\COURS\DevOps\MyRecipeAPI\actions-runner\bin'
[2026-06-12 10:02:51Z INFO ProcessInvokerWrapper] Starting process:
[2026-06-12 10:02:51Z INFO ProcessInvokerWrapper]   File name: 'C:\Users\Stagiaire\Desktop\COURS\DevOps\MyRecipeAPI\actions-runner\bin\Runner.Worker.exe'
[2026-06-12 10:02:51Z INFO ProcessInvokerWrapper]   Arguments: 'spawnclient 2112 1368'
[2026-06-12 10:02:51Z INFO ProcessInvokerWrapper]   Working directory: 'C:\Users\Stagiaire\Desktop\COURS\DevOps\MyRecipeAPI\actions-runner\bin'
[2026-06-12 10:02:51Z INFO ProcessInvokerWrapper]   Require exit code zero: 'False'
[2026-06-12 10:02:51Z INFO ProcessInvokerWrapper]   Encoding web name:  ; code page: ''
[2026-06-12 10:02:51Z INFO ProcessInvokerWrapper]   Force kill process on cancellation: 'True'
[2026-06-12 10:02:51Z INFO ProcessInvokerWrapper]   Redirected STDIN: 'False'
[2026-06-12 10:02:51Z INFO ProcessInvokerWrapper]   Persist current code page: 'False'
[2026-06-12 10:02:51Z INFO ProcessInvokerWrapper]   Keep redirected STDIN open: 'False'
[2026-06-12 10:02:51Z INFO ProcessInvokerWrapper]   High priority process: 'True'
[2026-06-12 10:02:51Z INFO ProcessInvokerWrapper] Process started with process id 11580, waiting for process exit.
[2026-06-12 10:02:51Z INFO JobDispatcher] Send job request message to worker for job 46020b72-4dd4-5899-af87-852811427967.
[2026-06-12 10:02:51Z INFO ProcessChannel] Sending message of length 24324, with hash 'acbe7d42ec92b21dccdf75a0df421a869438e2b3a2a401b875e2166458353646'
[2026-06-12 10:02:51Z INFO JobNotification] Entering JobStarted Notification
[2026-06-12 10:02:51Z INFO JobNotification] Entering StartMonitor
[2026-06-12 10:03:06Z INFO ProcessInvokerWrapper] STDOUT/STDERR stream read finished.
[2026-06-12 10:03:06Z INFO ProcessInvokerWrapper] STDOUT/STDERR stream read finished.
[2026-06-12 10:03:06Z INFO ProcessInvokerWrapper] Finished process 11580 with exit code 102, and elapsed time 00:00:15.7595698.
[2026-06-12 10:03:06Z INFO JobDispatcher] Worker finished for job 46020b72-4dd4-5899-af87-852811427967. Code: 102
[2026-06-12 10:03:06Z INFO JobDispatcher] finish job request for job 46020b72-4dd4-5899-af87-852811427967 with result: Failed
[2026-06-12 10:03:06Z INFO Terminal] WRITE LINE: 2026-06-12 10:03:06Z: Job deploy completed with result: Failed
[2026-06-12 10:03:06Z INFO JobDispatcher] Stop renew job request for job 46020b72-4dd4-5899-af87-852811427967.
[2026-06-12 10:03:06Z INFO JobDispatcher] job renew has been cancelled, stop renew job 46020b72-4dd4-5899-af87-852811427967.
[2026-06-12 10:03:06Z INFO JobNotification] Entering JobCompleted Notification
[2026-06-12 10:03:06Z INFO JobNotification] Entering EndMonitor
[2026-06-12 10:03:06Z INFO BrokerMessageListener] Received job status event. JobState: Online
[2026-06-12 10:03:06Z WARN GitHubActionsService] GET request to https://broker.actions.githubusercontent.com/message?sessionId=a9e83a6b-5a6e-4f3e-8ae4-d04388331763&status=Busy&runnerVersion=2.335.1&os=Windows&architecture=X64&disableUpdate=false has been cancelled.
[2026-06-12 10:03:06Z ERR  BrokerServer] Catch exception during request
[2026-06-12 10:03:06Z ERR  BrokerServer] System.Threading.Tasks.TaskCanceledException: The operation was canceled.
 ---> System.Threading.Tasks.TaskCanceledException: The operation was canceled.
 ---> System.IO.IOException: Unable to read data from the transport connection: L’opération d’entrée/sortie a été abandonnée en raison de l’arrêt d’un thread ou à la demande d’une application..
 ---> System.Net.Sockets.SocketException (995): L’opération d’entrée/sortie a été abandonnée en raison de l’arrêt d’un thread ou à la demande d’une application.
   --- End of inner exception stack trace ---
   at System.Net.Sockets.Socket.AwaitableSocketAsyncEventArgs.System.Threading.Tasks.Sources.IValueTaskSource<System.Int32>.GetResult(Int16 token)
   at System.Net.Security.SslStream.EnsureFullTlsFrameAsync[TIOAdapter](CancellationToken cancellationToken, Int32 estimatedSize)
   at System.Runtime.CompilerServices.PoolingAsyncValueTaskMethodBuilder`1.StateMachineBox`1.System.Threading.Tasks.Sources.IValueTaskSource<TResult>.GetResult(Int16 token)
   at System.Net.Security.SslStream.ReadAsyncInternal[TIOAdapter](Memory`1 buffer, CancellationToken cancellationToken)
   at System.Runtime.CompilerServices.PoolingAsyncValueTaskMethodBuilder`1.StateMachineBox`1.System.Threading.Tasks.Sources.IValueTaskSource<TResult>.GetResult(Int16 token)
   at System.Net.Http.HttpConnection.<EnsureReadAheadTaskHasStarted>g__ReadAheadWithZeroByteReadAsync|40_0()
   at System.Net.Http.HttpConnection.SendAsync(HttpRequestMessage request, Boolean async, CancellationToken cancellationToken)
   --- End of inner exception stack trace ---
   at System.Net.Http.HttpConnection.SendAsync(HttpRequestMessage request, Boolean async, CancellationToken cancellationToken)
   at System.Net.Http.AuthenticationHelper.SendWithNtAuthAsync(HttpRequestMessage request, Uri authUri, Boolean async, ICredentials credentials, Boolean isProxyAuth, HttpConnection connection, HttpConnectionPool connectionPool, CancellationToken cancellationToken)
   at System.Net.Http.HttpConnectionPool.SendWithVersionDetectionAndRetryAsync(HttpRequestMessage request, Boolean async, Boolean doRequestAuth, CancellationToken cancellationToken)
   at System.Net.Http.AuthenticationHelper.SendWithAuthAsync(HttpRequestMessage request, Uri authUri, Boolean async, ICredentials credentials, Boolean preAuthenticate, Boolean isProxyAuth, Boolean doRequestAuth, HttpConnectionPool pool, CancellationToken cancellationToken)
   at System.Net.Http.RedirectHandler.SendAsync(HttpRequestMessage request, Boolean async, CancellationToken cancellationToken)
   at GitHub.Services.Common.RawHttpMessageHandler.SendAsync(HttpRequestMessage request, CancellationToken cancellationToken)
   at GitHub.Services.Common.VssHttpRetryMessageHandler.SendAsync(HttpRequestMessage request, CancellationToken cancellationToken)
   at System.Net.Http.HttpClient.<SendAsync>g__Core|83_0(HttpRequestMessage request, HttpCompletionOption completionOption, CancellationTokenSource cts, Boolean disposeCts, CancellationTokenSource pendingRequestsCts, CancellationToken originalCancellationToken)
   --- End of inner exception stack trace ---
   at System.Net.Http.HttpClient.HandleFailure(Exception e, Boolean telemetryStarted, HttpResponseMessage response, CancellationTokenSource cts, CancellationToken cancellationToken, CancellationTokenSource pendingRequestsCts)
   at System.Net.Http.HttpClient.<SendAsync>g__Core|83_0(HttpRequestMessage request, HttpCompletionOption completionOption, CancellationTokenSource cts, Boolean disposeCts, CancellationTokenSource pendingRequestsCts, CancellationToken originalCancellationToken)
   at Sdk.WebApi.WebApi.RawHttpClientBase.SendAsync(HttpRequestMessage message, HttpCompletionOption completionOption, Object userState, CancellationToken cancellationToken)
   at Sdk.WebApi.WebApi.RawHttpClientBase.SendAsync[T](HttpRequestMessage message, Boolean readErrorBody, Object userState, CancellationToken cancellationToken)
   at Sdk.WebApi.WebApi.RawHttpClientBase.SendAsync[T](HttpMethod method, IEnumerable`1 additionalHeaders, Uri requestUri, HttpContent content, IEnumerable`1 queryParameters, Boolean readErrorBody, Object userState, CancellationToken cancellationToken)
   at GitHub.Actions.RunService.WebApi.BrokerHttpClient.GetRunnerMessageAsync(Nullable`1 sessionId, String runnerVersion, Nullable`1 status, String os, String architecture, Nullable`1 disableUpdate, CancellationToken cancellationToken)
   at GitHub.Runner.Common.BrokerServer.<>c__DisplayClass7_0.<<GetRunnerMessageAsync>b__0>d.MoveNext()
--- End of stack trace from previous location ---
   at GitHub.Runner.Common.RunnerService.RetryRequest[T](Func`1 func, CancellationToken cancellationToken, Int32 maxAttempts, Func`2 shouldRetry)
[2026-06-12 10:03:06Z ERR  BrokerServer] #####################################################
[2026-06-12 10:03:06Z ERR  BrokerServer] System.Threading.Tasks.TaskCanceledException: The operation was canceled.
 ---> System.IO.IOException: Unable to read data from the transport connection: L’opération d’entrée/sortie a été abandonnée en raison de l’arrêt d’un thread ou à la demande d’une application..
 ---> System.Net.Sockets.SocketException (995): L’opération d’entrée/sortie a été abandonnée en raison de l’arrêt d’un thread ou à la demande d’une application.
   --- End of inner exception stack trace ---
   at System.Net.Sockets.Socket.AwaitableSocketAsyncEventArgs.System.Threading.Tasks.Sources.IValueTaskSource<System.Int32>.GetResult(Int16 token)
   at System.Net.Security.SslStream.EnsureFullTlsFrameAsync[TIOAdapter](CancellationToken cancellationToken, Int32 estimatedSize)
   at System.Runtime.CompilerServices.PoolingAsyncValueTaskMethodBuilder`1.StateMachineBox`1.System.Threading.Tasks.Sources.IValueTaskSource<TResult>.GetResult(Int16 token)
   at System.Net.Security.SslStream.ReadAsyncInternal[TIOAdapter](Memory`1 buffer, CancellationToken cancellationToken)
   at System.Runtime.CompilerServices.PoolingAsyncValueTaskMethodBuilder`1.StateMachineBox`1.System.Threading.Tasks.Sources.IValueTaskSource<TResult>.GetResult(Int16 token)
   at System.Net.Http.HttpConnection.<EnsureReadAheadTaskHasStarted>g__ReadAheadWithZeroByteReadAsync|40_0()
   at System.Net.Http.HttpConnection.SendAsync(HttpRequestMessage request, Boolean async, CancellationToken cancellationToken)
   --- End of inner exception stack trace ---
   at System.Net.Http.HttpConnection.SendAsync(HttpRequestMessage request, Boolean async, CancellationToken cancellationToken)
   at System.Net.Http.AuthenticationHelper.SendWithNtAuthAsync(HttpRequestMessage request, Uri authUri, Boolean async, ICredentials credentials, Boolean isProxyAuth, HttpConnection connection, HttpConnectionPool connectionPool, CancellationToken cancellationToken)
   at System.Net.Http.HttpConnectionPool.SendWithVersionDetectionAndRetryAsync(HttpRequestMessage request, Boolean async, Boolean doRequestAuth, CancellationToken cancellationToken)
   at System.Net.Http.AuthenticationHelper.SendWithAuthAsync(HttpRequestMessage request, Uri authUri, Boolean async, ICredentials credentials, Boolean preAuthenticate, Boolean isProxyAuth, Boolean doRequestAuth, HttpConnectionPool pool, CancellationToken cancellationToken)
   at System.Net.Http.RedirectHandler.SendAsync(HttpRequestMessage request, Boolean async, CancellationToken cancellationToken)
   at GitHub.Services.Common.RawHttpMessageHandler.SendAsync(HttpRequestMessage request, CancellationToken cancellationToken)
   at GitHub.Services.Common.VssHttpRetryMessageHandler.SendAsync(HttpRequestMessage request, CancellationToken cancellationToken)
   at System.Net.Http.HttpClient.<SendAsync>g__Core|83_0(HttpRequestMessage request, HttpCompletionOption completionOption, CancellationTokenSource cts, Boolean disposeCts, CancellationTokenSource pendingRequestsCts, CancellationToken originalCancellationToken)
[2026-06-12 10:03:06Z ERR  BrokerServer] #####################################################
[2026-06-12 10:03:06Z ERR  BrokerServer] System.IO.IOException: Unable to read data from the transport connection: L’opération d’entrée/sortie a été abandonnée en raison de l’arrêt d’un thread ou à la demande d’une application..
 ---> System.Net.Sockets.SocketException (995): L’opération d’entrée/sortie a été abandonnée en raison de l’arrêt d’un thread ou à la demande d’une application.
   --- End of inner exception stack trace ---
   at System.Net.Sockets.Socket.AwaitableSocketAsyncEventArgs.System.Threading.Tasks.Sources.IValueTaskSource<System.Int32>.GetResult(Int16 token)
   at System.Net.Security.SslStream.EnsureFullTlsFrameAsync[TIOAdapter](CancellationToken cancellationToken, Int32 estimatedSize)
   at System.Runtime.CompilerServices.PoolingAsyncValueTaskMethodBuilder`1.StateMachineBox`1.System.Threading.Tasks.Sources.IValueTaskSource<TResult>.GetResult(Int16 token)
   at System.Net.Security.SslStream.ReadAsyncInternal[TIOAdapter](Memory`1 buffer, CancellationToken cancellationToken)
   at System.Runtime.CompilerServices.PoolingAsyncValueTaskMethodBuilder`1.StateMachineBox`1.System.Threading.Tasks.Sources.IValueTaskSource<TResult>.GetResult(Int16 token)
   at System.Net.Http.HttpConnection.<EnsureReadAheadTaskHasStarted>g__ReadAheadWithZeroByteReadAsync|40_0()
   at System.Net.Http.HttpConnection.SendAsync(HttpRequestMessage request, Boolean async, CancellationToken cancellationToken)
[2026-06-12 10:03:06Z ERR  BrokerServer] #####################################################
[2026-06-12 10:03:06Z ERR  BrokerServer] System.Net.Sockets.SocketException (995): L’opération d’entrée/sortie a été abandonnée en raison de l’arrêt d’un thread ou à la demande d’une application.
[2026-06-12 10:03:06Z WARN BrokerServer] Back off 9 seconds before next retry. 4 attempt left.
[2026-06-12 10:03:06Z INFO BrokerMessageListener] Get messages has been cancelled using local token source. Continue to get messages with new status.
[2026-06-12 10:08:08Z INFO BrokerMessageListener] Acknowledging runner request '78fd9ee5-44cd-5787-a8e8-d86ba6c04b2d'.
[2026-06-12 10:08:08Z INFO ConfigurationStore] HasCredentials()
[2026-06-12 10:08:08Z INFO ConfigurationStore] stored True
[2026-06-12 10:08:08Z INFO CredentialManager] GetCredentialProvider
[2026-06-12 10:08:08Z INFO CredentialManager] Creating type OAuth
[2026-06-12 10:08:08Z INFO CredentialManager] Creating credential type: OAuth
[2026-06-12 10:08:08Z INFO RSAEncryptedFileKeyManager] Loading RSA key parameters from file C:\Users\Stagiaire\Desktop\COURS\DevOps\MyRecipeAPI\actions-runner\.credentials_rsaparams
[2026-06-12 10:08:08Z INFO RSAEncryptedFileKeyManager] Loading RSA key parameters from file C:\Users\Stagiaire\Desktop\COURS\DevOps\MyRecipeAPI\actions-runner\.credentials_rsaparams
[2026-06-12 10:08:08Z INFO RSAEncryptedFileKeyManager] Loading RSA key parameters from file C:\Users\Stagiaire\Desktop\COURS\DevOps\MyRecipeAPI\actions-runner\.credentials_rsaparams
[2026-06-12 10:08:09Z INFO GitHubActionsService] AAD Correlation ID for this token request: Unknown
[2026-06-12 10:08:10Z INFO JobDispatcher] Job request 0 for plan 2d1cf3d9-f3a9-428c-ad89-39f3445f4e45 job 78fd9ee5-44cd-5787-a8e8-d86ba6c04b2d received.
[2026-06-12 10:08:10Z INFO JobDispatcher] Pull OrchestrationId 2d1cf3d9-f3a9-428c-ad89-39f3445f4e45.deploy.__default from JWT claims
[2026-06-12 10:08:10Z INFO BrokerMessageListener] Received job status event. JobState: Busy
[2026-06-12 10:08:10Z INFO BrokerMessageListener] _getMessagesTokenSource is already disposed.
[2026-06-12 10:08:10Z INFO JobDispatcher] Job request 46020b72-4dd4-5899-af87-852811427967 processed succeed.
[2026-06-12 10:08:10Z INFO Terminal] WRITE LINE: 2026-06-12 10:08:10Z: Running job: deploy
[2026-06-12 10:08:10Z INFO JobDispatcher] Start renew job request 0 for job 78fd9ee5-44cd-5787-a8e8-d86ba6c04b2d.
[2026-06-12 10:08:10Z INFO JobDispatcher] Successfully renew job 78fd9ee5-44cd-5787-a8e8-d86ba6c04b2d, job is valid till 12/06/2026 10:18:10
[2026-06-12 10:08:10Z INFO HostContext] Well known directory 'Bin': 'C:\Users\Stagiaire\Desktop\COURS\DevOps\MyRecipeAPI\actions-runner\bin'
[2026-06-12 10:08:10Z INFO ProcessInvokerWrapper] Starting process:
[2026-06-12 10:08:10Z INFO ProcessInvokerWrapper]   File name: 'C:\Users\Stagiaire\Desktop\COURS\DevOps\MyRecipeAPI\actions-runner\bin\Runner.Worker.exe'
[2026-06-12 10:08:10Z INFO ProcessInvokerWrapper]   Arguments: 'spawnclient 2304 2388'
[2026-06-12 10:08:10Z INFO ProcessInvokerWrapper]   Working directory: 'C:\Users\Stagiaire\Desktop\COURS\DevOps\MyRecipeAPI\actions-runner\bin'
[2026-06-12 10:08:10Z INFO ProcessInvokerWrapper]   Require exit code zero: 'False'
[2026-06-12 10:08:10Z INFO ProcessInvokerWrapper]   Encoding web name:  ; code page: ''
[2026-06-12 10:08:10Z INFO ProcessInvokerWrapper]   Force kill process on cancellation: 'True'
[2026-06-12 10:08:10Z INFO ProcessInvokerWrapper]   Redirected STDIN: 'False'
[2026-06-12 10:08:10Z INFO ProcessInvokerWrapper]   Persist current code page: 'False'
[2026-06-12 10:08:10Z INFO ProcessInvokerWrapper]   Keep redirected STDIN open: 'False'
[2026-06-12 10:08:10Z INFO ProcessInvokerWrapper]   High priority process: 'True'
[2026-06-12 10:08:10Z INFO ProcessInvokerWrapper] Process started with process id 12748, waiting for process exit.
[2026-06-12 10:08:10Z INFO JobDispatcher] Send job request message to worker for job 78fd9ee5-44cd-5787-a8e8-d86ba6c04b2d.
[2026-06-12 10:08:10Z INFO ProcessChannel] Sending message of length 24344, with hash 'c33ace3b128a445444fb31d02dc0d835029eba40f7249091a4b9bd4b0cb2b205'
[2026-06-12 10:08:11Z INFO JobNotification] Entering JobStarted Notification
[2026-06-12 10:08:11Z INFO JobNotification] Entering StartMonitor
[2026-06-12 10:09:10Z INFO JobDispatcher] Successfully renew job 78fd9ee5-44cd-5787-a8e8-d86ba6c04b2d, job is valid till 12/06/2026 10:19:10
[2026-06-12 10:09:37Z INFO ProcessInvokerWrapper] STDOUT/STDERR stream read finished.
[2026-06-12 10:09:37Z INFO ProcessInvokerWrapper] STDOUT/STDERR stream read finished.
[2026-06-12 10:09:37Z INFO ProcessInvokerWrapper] Finished process 12748 with exit code 102, and elapsed time 00:01:27.1668394.
[2026-06-12 10:09:37Z INFO JobDispatcher] Worker finished for job 78fd9ee5-44cd-5787-a8e8-d86ba6c04b2d. Code: 102
[2026-06-12 10:09:37Z INFO JobDispatcher] finish job request for job 78fd9ee5-44cd-5787-a8e8-d86ba6c04b2d with result: Failed
[2026-06-12 10:09:37Z INFO Terminal] WRITE LINE: 2026-06-12 10:09:37Z: Job deploy completed with result: Failed
[2026-06-12 10:09:37Z INFO JobDispatcher] Stop renew job request for job 78fd9ee5-44cd-5787-a8e8-d86ba6c04b2d.
[2026-06-12 10:09:37Z INFO JobDispatcher] job renew has been cancelled, stop renew job 78fd9ee5-44cd-5787-a8e8-d86ba6c04b2d.
[2026-06-12 10:09:37Z INFO JobNotification] Entering JobCompleted Notification
[2026-06-12 10:09:37Z INFO JobNotification] Entering EndMonitor
[2026-06-12 10:09:37Z INFO BrokerMessageListener] Received job status event. JobState: Online
[2026-06-12 10:09:37Z WARN GitHubActionsService] GET request to https://broker.actions.githubusercontent.com/message?sessionId=a9e83a6b-5a6e-4f3e-8ae4-d04388331763&status=Busy&runnerVersion=2.335.1&os=Windows&architecture=X64&disableUpdate=false has been cancelled.
[2026-06-12 10:09:37Z ERR  BrokerServer] Catch exception during request
[2026-06-12 10:09:37Z ERR  BrokerServer] System.Threading.Tasks.TaskCanceledException: The operation was canceled.
 ---> System.Threading.Tasks.TaskCanceledException: The operation was canceled.
 ---> System.IO.IOException: Unable to read data from the transport connection: L’opération d’entrée/sortie a été abandonnée en raison de l’arrêt d’un thread ou à la demande d’une application..
 ---> System.Net.Sockets.SocketException (995): L’opération d’entrée/sortie a été abandonnée en raison de l’arrêt d’un thread ou à la demande d’une application.
   --- End of inner exception stack trace ---
   at System.Net.Sockets.Socket.AwaitableSocketAsyncEventArgs.System.Threading.Tasks.Sources.IValueTaskSource<System.Int32>.GetResult(Int16 token)
   at System.Net.Security.SslStream.EnsureFullTlsFrameAsync[TIOAdapter](CancellationToken cancellationToken, Int32 estimatedSize)
   at System.Runtime.CompilerServices.PoolingAsyncValueTaskMethodBuilder`1.StateMachineBox`1.System.Threading.Tasks.Sources.IValueTaskSource<TResult>.GetResult(Int16 token)
   at System.Net.Security.SslStream.ReadAsyncInternal[TIOAdapter](Memory`1 buffer, CancellationToken cancellationToken)
   at System.Runtime.CompilerServices.PoolingAsyncValueTaskMethodBuilder`1.StateMachineBox`1.System.Threading.Tasks.Sources.IValueTaskSource<TResult>.GetResult(Int16 token)
   at System.Net.Http.HttpConnection.SendAsync(HttpRequestMessage request, Boolean async, CancellationToken cancellationToken)
   --- End of inner exception stack trace ---
   at System.Net.Http.HttpConnection.SendAsync(HttpRequestMessage request, Boolean async, CancellationToken cancellationToken)
   at System.Net.Http.AuthenticationHelper.SendWithNtAuthAsync(HttpRequestMessage request, Uri authUri, Boolean async, ICredentials credentials, Boolean isProxyAuth, HttpConnection connection, HttpConnectionPool connectionPool, CancellationToken cancellationToken)
   at System.Net.Http.HttpConnectionPool.SendWithVersionDetectionAndRetryAsync(HttpRequestMessage request, Boolean async, Boolean doRequestAuth, CancellationToken cancellationToken)
   at System.Net.Http.AuthenticationHelper.SendWithAuthAsync(HttpRequestMessage request, Uri authUri, Boolean async, ICredentials credentials, Boolean preAuthenticate, Boolean isProxyAuth, Boolean doRequestAuth, HttpConnectionPool pool, CancellationToken cancellationToken)
   at System.Net.Http.RedirectHandler.SendAsync(HttpRequestMessage request, Boolean async, CancellationToken cancellationToken)
   at GitHub.Services.Common.RawHttpMessageHandler.SendAsync(HttpRequestMessage request, CancellationToken cancellationToken)
   at GitHub.Services.Common.VssHttpRetryMessageHandler.SendAsync(HttpRequestMessage request, CancellationToken cancellationToken)
   at System.Net.Http.HttpClient.<SendAsync>g__Core|83_0(HttpRequestMessage request, HttpCompletionOption completionOption, CancellationTokenSource cts, Boolean disposeCts, CancellationTokenSource pendingRequestsCts, CancellationToken originalCancellationToken)
   --- End of inner exception stack trace ---
   at System.Net.Http.HttpClient.HandleFailure(Exception e, Boolean telemetryStarted, HttpResponseMessage response, CancellationTokenSource cts, CancellationToken cancellationToken, CancellationTokenSource pendingRequestsCts)
   at System.Net.Http.HttpClient.<SendAsync>g__Core|83_0(HttpRequestMessage request, HttpCompletionOption completionOption, CancellationTokenSource cts, Boolean disposeCts, CancellationTokenSource pendingRequestsCts, CancellationToken originalCancellationToken)
   at Sdk.WebApi.WebApi.RawHttpClientBase.SendAsync(HttpRequestMessage message, HttpCompletionOption completionOption, Object userState, CancellationToken cancellationToken)
   at Sdk.WebApi.WebApi.RawHttpClientBase.SendAsync[T](HttpRequestMessage message, Boolean readErrorBody, Object userState, CancellationToken cancellationToken)
   at Sdk.WebApi.WebApi.RawHttpClientBase.SendAsync[T](HttpMethod method, IEnumerable`1 additionalHeaders, Uri requestUri, HttpContent content, IEnumerable`1 queryParameters, Boolean readErrorBody, Object userState, CancellationToken cancellationToken)
   at GitHub.Actions.RunService.WebApi.BrokerHttpClient.GetRunnerMessageAsync(Nullable`1 sessionId, String runnerVersion, Nullable`1 status, String os, String architecture, Nullable`1 disableUpdate, CancellationToken cancellationToken)
   at GitHub.Runner.Common.BrokerServer.<>c__DisplayClass7_0.<<GetRunnerMessageAsync>b__0>d.MoveNext()
--- End of stack trace from previous location ---
   at GitHub.Runner.Common.RunnerService.RetryRequest[T](Func`1 func, CancellationToken cancellationToken, Int32 maxAttempts, Func`2 shouldRetry)
[2026-06-12 10:09:37Z ERR  BrokerServer] #####################################################
[2026-06-12 10:09:37Z ERR  BrokerServer] System.Threading.Tasks.TaskCanceledException: The operation was canceled.
 ---> System.IO.IOException: Unable to read data from the transport connection: L’opération d’entrée/sortie a été abandonnée en raison de l’arrêt d’un thread ou à la demande d’une application..
 ---> System.Net.Sockets.SocketException (995): L’opération d’entrée/sortie a été abandonnée en raison de l’arrêt d’un thread ou à la demande d’une application.
   --- End of inner exception stack trace ---
   at System.Net.Sockets.Socket.AwaitableSocketAsyncEventArgs.System.Threading.Tasks.Sources.IValueTaskSource<System.Int32>.GetResult(Int16 token)
   at System.Net.Security.SslStream.EnsureFullTlsFrameAsync[TIOAdapter](CancellationToken cancellationToken, Int32 estimatedSize)
   at System.Runtime.CompilerServices.PoolingAsyncValueTaskMethodBuilder`1.StateMachineBox`1.System.Threading.Tasks.Sources.IValueTaskSource<TResult>.GetResult(Int16 token)
   at System.Net.Security.SslStream.ReadAsyncInternal[TIOAdapter](Memory`1 buffer, CancellationToken cancellationToken)
   at System.Runtime.CompilerServices.PoolingAsyncValueTaskMethodBuilder`1.StateMachineBox`1.System.Threading.Tasks.Sources.IValueTaskSource<TResult>.GetResult(Int16 token)
   at System.Net.Http.HttpConnection.SendAsync(HttpRequestMessage request, Boolean async, CancellationToken cancellationToken)
   --- End of inner exception stack trace ---
   at System.Net.Http.HttpConnection.SendAsync(HttpRequestMessage request, Boolean async, CancellationToken cancellationToken)
   at System.Net.Http.AuthenticationHelper.SendWithNtAuthAsync(HttpRequestMessage request, Uri authUri, Boolean async, ICredentials credentials, Boolean isProxyAuth, HttpConnection connection, HttpConnectionPool connectionPool, CancellationToken cancellationToken)
   at System.Net.Http.HttpConnectionPool.SendWithVersionDetectionAndRetryAsync(HttpRequestMessage request, Boolean async, Boolean doRequestAuth, CancellationToken cancellationToken)
   at System.Net.Http.AuthenticationHelper.SendWithAuthAsync(HttpRequestMessage request, Uri authUri, Boolean async, ICredentials credentials, Boolean preAuthenticate, Boolean isProxyAuth, Boolean doRequestAuth, HttpConnectionPool pool, CancellationToken cancellationToken)
   at System.Net.Http.RedirectHandler.SendAsync(HttpRequestMessage request, Boolean async, CancellationToken cancellationToken)
   at GitHub.Services.Common.RawHttpMessageHandler.SendAsync(HttpRequestMessage request, CancellationToken cancellationToken)
   at GitHub.Services.Common.VssHttpRetryMessageHandler.SendAsync(HttpRequestMessage request, CancellationToken cancellationToken)
   at System.Net.Http.HttpClient.<SendAsync>g__Core|83_0(HttpRequestMessage request, HttpCompletionOption completionOption, CancellationTokenSource cts, Boolean disposeCts, CancellationTokenSource pendingRequestsCts, CancellationToken originalCancellationToken)
[2026-06-12 10:09:37Z ERR  BrokerServer] #####################################################
[2026-06-12 10:09:37Z ERR  BrokerServer] System.IO.IOException: Unable to read data from the transport connection: L’opération d’entrée/sortie a été abandonnée en raison de l’arrêt d’un thread ou à la demande d’une application..
 ---> System.Net.Sockets.SocketException (995): L’opération d’entrée/sortie a été abandonnée en raison de l’arrêt d’un thread ou à la demande d’une application.
   --- End of inner exception stack trace ---
   at System.Net.Sockets.Socket.AwaitableSocketAsyncEventArgs.System.Threading.Tasks.Sources.IValueTaskSource<System.Int32>.GetResult(Int16 token)
   at System.Net.Security.SslStream.EnsureFullTlsFrameAsync[TIOAdapter](CancellationToken cancellationToken, Int32 estimatedSize)
   at System.Runtime.CompilerServices.PoolingAsyncValueTaskMethodBuilder`1.StateMachineBox`1.System.Threading.Tasks.Sources.IValueTaskSource<TResult>.GetResult(Int16 token)
   at System.Net.Security.SslStream.ReadAsyncInternal[TIOAdapter](Memory`1 buffer, CancellationToken cancellationToken)
   at System.Runtime.CompilerServices.PoolingAsyncValueTaskMethodBuilder`1.StateMachineBox`1.System.Threading.Tasks.Sources.IValueTaskSource<TResult>.GetResult(Int16 token)
   at System.Net.Http.HttpConnection.SendAsync(HttpRequestMessage request, Boolean async, CancellationToken cancellationToken)
[2026-06-12 10:09:37Z ERR  BrokerServer] #####################################################
[2026-06-12 10:09:37Z ERR  BrokerServer] System.Net.Sockets.SocketException (995): L’opération d’entrée/sortie a été abandonnée en raison de l’arrêt d’un thread ou à la demande d’une application.
[2026-06-12 10:09:37Z WARN BrokerServer] Back off 11,224 seconds before next retry. 4 attempt left.
[2026-06-12 10:09:37Z INFO BrokerMessageListener] Get messages has been cancelled using local token source. Continue to get messages with new status.
