[2026-06-12 08:56:05Z INFO HostContext] No proxy settings were found based on environmental variables (http_proxy/https_proxy/HTTP_PROXY/HTTPS_PROXY)
[2026-06-12 08:56:05Z INFO HostContext] Well known directory 'Bin': 'C:\Users\Stagiaire\Desktop\COURS\DevOps\MyRecipeAPI\actions-runner\bin'
[2026-06-12 08:56:05Z INFO HostContext] Well known directory 'Root': 'C:\Users\Stagiaire\Desktop\COURS\DevOps\MyRecipeAPI\actions-runner'
[2026-06-12 08:56:05Z INFO HostContext] Well known config file 'Credentials': 'C:\Users\Stagiaire\Desktop\COURS\DevOps\MyRecipeAPI\actions-runner\.credentials'
[2026-06-12 08:56:05Z INFO HostContext] Well known directory 'Bin': 'C:\Users\Stagiaire\Desktop\COURS\DevOps\MyRecipeAPI\actions-runner\bin'
[2026-06-12 08:56:05Z INFO HostContext] Well known directory 'Root': 'C:\Users\Stagiaire\Desktop\COURS\DevOps\MyRecipeAPI\actions-runner'
[2026-06-12 08:56:05Z INFO HostContext] Well known config file 'Runner': 'C:\Users\Stagiaire\Desktop\COURS\DevOps\MyRecipeAPI\actions-runner\.runner'
[2026-06-12 08:56:05Z INFO Worker] Version: 2.335.1
[2026-06-12 08:56:05Z INFO Worker] Commit: 7d737449ef346f6524f75688d0c9c95fa10ba10a
[2026-06-12 08:56:05Z INFO Worker] Culture: fr-FR
[2026-06-12 08:56:05Z INFO Worker] UI Culture: fr-FR
[2026-06-12 08:56:05Z INFO Worker] Waiting to receive the job message from the channel.
[2026-06-12 08:56:05Z INFO ProcessChannel] Receiving message of length 22813, with hash '364b145c306a909575c93b39097bd424c203e1279d14cd8db26ad035d318344f'
[2026-06-12 08:56:05Z INFO Worker] Message received.
[2026-06-12 08:56:05Z INFO Worker] Job message:
 {
  "fileTable": [
    ".github/workflows/ci.yml"
  ],
  "mask": [
    {
      "type": "regex",
      "value": "***"
    },
    {
      "type": "regex",
      "value": "***"
    },
    {
      "type": "regex",
      "value": "***"
    },
    {
      "type": "regex",
      "value": "***"
    },
    {
      "type": "regex",
      "value": "***"
    },
    {
      "type": "regex",
      "value": "***"
    },
    {
      "type": "regex",
      "value": "***"
    },
    {
      "type": "regex",
      "value": "***"
    },
    {
      "type": "regex",
      "value": "***"
    },
    {
      "type": "regex",
      "value": "***"
    },
    {
      "type": "regex",
      "value": "***"
    },
    {
      "type": "regex",
      "value": "***"
    },
    {
      "type": "regex",
      "value": "***"
    },
    {
      "type": "regex",
      "value": "***"
    },
    {
      "type": "regex",
      "value": "***"
    },
    {
      "type": "regex",
      "value": "***"
    },
    {
      "type": "regex",
      "value": "***"
    },
    {
      "type": "regex",
      "value": "***"
    },
    {
      "type": "regex",
      "value": "***"
    },
    {
      "type": "regex",
      "value": "***"
    },
    {
      "type": "regex",
      "value": "***"
    },
    {
      "type": "regex",
      "value": "***"
    },
    {
      "type": "regex",
      "value": "***"
    },
    {
      "type": "regex",
      "value": "***"
    }
  ],
  "steps": [
    {
      "type": "action",
      "reference": {
        "type": "repository",
        "name": "garygrossgarten/github-action-shh",
        "ref": "release",
        "repositoryType": "GitHub"
      },
      "displayNameToken": {
        "type": 0,
        "file": 1,
        "line": 77,
        "col": 15,
        "lit": "Deploy on server"
      },
      "contextName": "__garygrossgarten_github-action-shh",
      "inputs": {
        "type": 2,
        "file": 1,
        "line": 80,
        "col": 13,
        "map": [
          {
            "key": {
              "type": 0,
              "file": 1,
              "line": 80,
              "col": 13,
              "lit": "command"
            },
            "value": {
              "type": 3,
              "file": 1,
              "line": 80,
              "col": 22,
              "expr": "format('echo {0} | docker login --username {1} --password-stdin\ndocker pull {2}/myrecipe-api:{3}\ndocker stop myrecipe-api || true\ndocker rm myrecipe-api || true\ndocker compose up -d\n', secrets.DOCKERHUB_TOKEN, secrets.DOCKERHUB_USERNAME, secrets.DOCKERHUB_USERNAME, github.sha)"
            }
          },
          {
            "key": {
              "type": 0,
              "file": 1,
              "line": 86,
              "col": 13,
              "lit": "host"
            },
            "value": {
              "type": 3,
              "file": 1,
              "line": 86,
              "col": 19,
              "expr": "secrets.SERVER_HOST"
            }
          },
          {
            "key": {
              "type": 0,
              "file": 1,
              "line": 87,
              "col": 13,
              "lit": "username"
            },
            "value": {
              "type": 3,
              "file": 1,
              "line": 87,
              "col": 23,
              "expr": "secrets.SERVER_USER"
            }
          },
          {
            "key": {
              "type": 0,
              "file": 1,
              "line": 88,
              "col": 13,
              "lit": "privateKey"
            },
            "value": {
              "type": 3,
              "file": 1,
              "line": 88,
              "col": 25,
              "expr": "secrets.SERVER_SSH_KEY"
            }
          }
        ]
      },
      "condition": "success()",
      "id": "1f54d706-3b16-4756-956a-912c02885cf0",
      "name": "__garygrossgarten_github-action-shh"
    }
  ],
  "variables": {
    "Actions.EnableHttpRedirects": {
      "value": "true"
    },
    "DOCKERHUB_TOKEN": {
      "value": "***",
      "isSecret": true
    },
    "DOCKERHUB_USERNAME": {
      "value": "***",
      "isSecret": true
    },
    "DistributedTask.AddWarningToNode12Action": {
      "value": "true"
    },
    "DistributedTask.AddWarningToNode16Action": {
      "value": "true"
    },
    "DistributedTask.AllowRunnerContainerHooks": {
      "value": "true"
    },
    "DistributedTask.DeprecateStepOutputCommands": {
      "value": "true"
    },
    "DistributedTask.DetailUntarFailure": {
      "value": "true"
    },
    "DistributedTask.EnableCompositeActions": {
      "value": "true"
    },
    "DistributedTask.EnableJobServerQueueTelemetry": {
      "value": "true"
    },
    "DistributedTask.EnhancedAnnotations": {
      "value": "true"
    },
    "DistributedTask.ForceGithubJavascriptActionsToNode16": {
      "value": "true"
    },
    "DistributedTask.ForceGithubJavascriptActionsToNode20": {
      "value": "true"
    },
    "DistributedTask.LogTemplateErrorsAsDebugMessages": {
      "value": "true"
    },
    "DistributedTask.MarkJobAsFailedOnWorkerCrash": {
      "value": "true"
    },
    "DistributedTask.NewActionMetadata": {
      "value": "true"
    },
    "DistributedTask.UploadStepSummary": {
      "value": "true"
    },
    "DistributedTask.UseActionArchiveCache": {
      "value": "true"
    },
    "DistributedTask.UseWhich2": {
      "value": "true"
    },
    "RunService.FixEmbeddedIssues": {
      "value": "true"
    },
    "SERVER_HOST": {
      "value": "***",
      "isSecret": true
    },
    "SERVER_SSH_KEY": {
      "value": "***\n",
      "isSecret": true
    },
    "actions.runner.requirenode24": {
      "value": "false"
    },
    "actions.runner.usenode24bydefault": {
      "value": "false"
    },
    "actions.runner.warnonnode20": {
      "value": "true"
    },
    "actions_add_check_run_id_to_job_context": {
      "value": "true"
    },
    "actions_batch_action_resolution": {
      "value": "false"
    },
    "actions_container_action_runner_temp": {
      "value": "true"
    },
    "actions_display_helpful_actions_download_errors": {
      "value": "true"
    },
    "actions_runner_compare_workflow_parser": {
      "value": "false"
    },
    "actions_runner_deprecate_linux_arm32": {
      "value": "false"
    },
    "actions_runner_emit_composite_markers": {
      "value": "false"
    },
    "actions_runner_kill_linux_arm32": {
      "value": "false"
    },
    "actions_runner_node20_removal_date": {
      "value": ""
    },
    "actions_runner_node24_default_date": {
      "value": "June 16th, 2026"
    },
    "actions_service_container_command": {
      "value": "true"
    },
    "actions_set_orchestration_id_env_for_actions": {
      "value": "true"
    },
    "actions_skip_retry_complete_job_upon_known_errors": {
      "value": "true"
    },
    "actions_snapshot_preflight_hosted_runner_check": {
      "value": "false"
    },
    "actions_snapshot_preflight_image_gen_pool_check": {
      "value": "false"
    },
    "actions_use_bearer_token_for_codeload": {
      "value": "false"
    },
    "actions_uses_cache_service_v2": {
      "value": "true"
    },
    "github_token": {
      "value": "***",
      "isSecret": true
    },
    "system.from_run_service": {
      "value": "true"
    },
    "system.github.job": {
      "value": "deploy"
    },
    "system.github.launch_endpoint": {
      "value": "https://launch.actions.githubusercontent.com"
    },
    "system.github.results_endpoint": {
      "value": "https://results-receiver.actions.githubusercontent.com/"
    },
    "system.github.results_upload_with_sdk": {
      "value": "true"
    },
    "system.github.token": {
      "value": "***",
      "isSecret": true
    },
    "system.github.token.permissions": {
      "value": "{\"Contents\":\"read\",\"Metadata\":\"read\",\"Packages\":\"read\"}"
    },
    "system.orchestrationId": {
      "value": "77ee5ba4-3d66-4289-9811-016642e180ed.deploy.__default"
    },
    "system.phaseDisplayName": {
      "value": "deploy"
    },
    "system.runner.lowdiskspacethreshold": {
      "value": "100"
    },
    "system.runnerEnvironment": {
      "value": "self-hosted"
    },
    "system.runnerGroupName": {
      "value": "Default"
    }
  },
  "messageType": "RunnerJobRequest",
  "plan": {
    "scopeIdentifier": "00000000-0000-0000-0000-000000000000",
    "planType": "actions",
    "version": 0,
    "planId": "77ee5ba4-3d66-4289-9811-016642e180ed",
    "planGroup": null,
    "artifactUri": null,
    "artifactLocation": null,
    "definition": null,
    "owner": null
  },
  "timeline": {
    "id": "77ee5ba4-3d66-4289-9811-016642e180ed",
    "changeId": 0,
    "location": null
  },
  "jobId": "dcb45bc7-0f4c-5eb7-bc93-3d675a0fd6db",
  "jobDisplayName": "deploy",
  "jobName": "__default",
  "requestId": 0,
  "lockedUntil": "0001-01-01T00:00:00",
  "resources": {
    "endpoints": [
      {
        "data": {
          "ServerId": "",
          "ServerName": "",
          "CacheServerUrl": "https://artifactcache.actions.githubusercontent.com/J9DCYFF3b0O1h2nG0zzJnZOmvzeHgyLYgi5lVEfFBAJLzAGoXq/",
          "FeedStreamUrl": "wss://results-receiver.actions.githubusercontent.com/_ws/ingest.sock",
          "ResultsServiceUrl": "https://results-receiver.actions.githubusercontent.com/",
          "PipelinesServiceUrl": "https://pipelinesghubeus2.actions.githubusercontent.com/J9DCYFF3b0O1h2nG0zzJnZOmvzeHgyLYgi5lVEfFBAJLzAGoXq/",
          "GenerateIdTokenUrl": "",
          "ConnectivityChecks": "[\"https://broker.actions.githubusercontent.com/health\",\"https://token.actions.githubusercontent.com/ready\",\"https://run.actions.githubusercontent.com/health\"]"
        },
        "name": "SystemVssConnection",
        "url": "https://run-actions-3-azure-eastus.actions.githubusercontent.com/62/",
        "authorization": {
          "parameters": {
            "AccessToken": "***"
          },
          "scheme": "OAuth"
        },
        "isShared": false,
        "isReady": true
      }
    ]
  },
  "contextData": {
    "github": {
      "t": 2,
      "d": [
        {
          "k": "ref",
          "v": "refs/heads/master"
        },
        {
          "k": "sha",
          "v": "00b411aec8325988d70cf8a0b7c95af837e7e7e8"
        },
        {
          "k": "repository",
          "v": "Gay-Jeremy/MyRecipe"
        },
        {
          "k": "repository_owner",
          "v": "Gay-Jeremy"
        },
        {
          "k": "repository_owner_id",
          "v": "234244527"
        },
        {
          "k": "repositoryUrl",
          "v": "git://github.com/Gay-Jeremy/MyRecipe.git"
        },
        {
          "k": "run_id",
          "v": "27405304584"
        },
        {
          "k": "run_number",
          "v": "25"
        },
        {
          "k": "retention_days",
          "v": "90"
        },
        {
          "k": "run_attempt",
          "v": "1"
        },
        {
          "k": "artifact_cache_size_limit",
          "v": "10"
        },
        {
          "k": "repository_visibility",
          "v": "public"
        },
        {
          "k": "actor_id",
          "v": "234244527"
        },
        {
          "k": "actor",
          "v": "Gay-Jeremy"
        },
        {
          "k": "workflow",
          "v": "Java CI"
        },
        {
          "k": "head_ref",
          "v": ""
        },
        {
          "k": "base_ref",
          "v": ""
        },
        {
          "k": "event_name",
          "v": "push"
        },
        {
          "k": "server_url",
          "v": "https://github.com"
        },
        {
          "k": "api_url",
          "v": "https://api.github.com"
        },
        {
          "k": "graphql_url",
          "v": "https://api.github.com/graphql"
        },
        {
          "k": "ref_name",
          "v": "master"
        },
        {
          "k": "ref_protected",
          "v": false
        },
        {
          "k": "ref_type",
          "v": "branch"
        },
        {
          "k": "secret_source",
          "v": "Actions"
        },
        {
          "k": "event",
          "v": {
            "t": 2,
            "d": [
              {
                "k": "after",
                "v": "00b411aec8325988d70cf8a0b7c95af837e7e7e8"
              },
              {
                "k": "base_ref",
                "v": null
              },
              {
                "k": "before",
                "v": "ae979a5ff93c964528d67730bcfedec7a7bb8cde"
              },
              {
                "k": "commits",
                "v": {
                  "t": 1,
                  "a": [
                    {
                      "t": 2,
                      "d": [
                        {
                          "k": "author",
                          "v": {
                            "t": 2,
                            "d": [
                              {
                                "k": "email",
                                "v": "jeremy.gay.dev@gmail.com"
                              },
                              {
                                "k": "name",
                                "v": "Jeremy.Dev"
                              },
                              {
                                "k": "username",
                                "v": "Gay-Jeremy"
                              }
                            ]
                          }
                        },
                        {
                          "k": "committer",
                          "v": {
                            "t": 2,
                            "d": [
                              {
                                "k": "email",
                                "v": "jeremy.gay.dev@gmail.com"
                              },
                              {
                                "k": "name",
                                "v": "Jeremy.Dev"
                              },
                              {
                                "k": "username",
                                "v": "Gay-Jeremy"
                              }
                            ]
                          }
                        },
                        {
                          "k": "distinct",
                          "v": true
                        },
                        {
                          "k": "id",
                          "v": "00b411aec8325988d70cf8a0b7c95af837e7e7e8"
                        },
                        {
                          "k": "message",
                          "v": "fix: modification deploy"
                        },
                        {
                          "k": "timestamp",
                          "v": "2026-06-12T10:50:28+02:00"
                        },
                        {
                          "k": "tree_id",
                          "v": "ee5932f78354e4711f68b807a8cec1560c3a3c93"
                        },
                        {
                          "k": "url",
                          "v": "https://github.com/Gay-Jeremy/MyRecipe/commit/00b411aec8325988d70cf8a0b7c95af837e7e7e8"
                        }
                      ]
                    }
                  ]
                }
              },
              {
                "k": "compare",
                "v": "https://github.com/Gay-Jeremy/MyRecipe/compare/ae979a5ff93c...00b411aec832"
              },
              {
                "k": "created",
                "v": false
              },
              {
                "k": "deleted",
                "v": false
              },
              {
                "k": "forced",
                "v": false
              },
              {
                "k": "head_commit",
                "v": {
                  "t": 2,
                  "d": [
                    {
                      "k": "author",
                      "v": {
                        "t": 2,
                        "d": [
                          {
                            "k": "email",
                            "v": "jeremy.gay.dev@gmail.com"
                          },
                          {
                            "k": "name",
                            "v": "Jeremy.Dev"
                          },
                          {
                            "k": "username",
                            "v": "Gay-Jeremy"
                          }
                        ]
                      }
                    },
                    {
                      "k": "committer",
                      "v": {
                        "t": 2,
                        "d": [
                          {
                            "k": "email",
                            "v": "jeremy.gay.dev@gmail.com"
                          },
                          {
                            "k": "name",
                            "v": "Jeremy.Dev"
                          },
                          {
                            "k": "username",
                            "v": "Gay-Jeremy"
                          }
                        ]
                      }
                    },
                    {
                      "k": "distinct",
                      "v": true
                    },
                    {
                      "k": "id",
                      "v": "00b411aec8325988d70cf8a0b7c95af837e7e7e8"
                    },
                    {
                      "k": "message",
                      "v": "fix: modification deploy"
                    },
                    {
                      "k": "timestamp",
                      "v": "2026-06-12T10:50:28+02:00"
                    },
                    {
                      "k": "tree_id",
                      "v": "ee5932f78354e4711f68b807a8cec1560c3a3c93"
                    },
                    {
                      "k": "url",
                      "v": "https://github.com/Gay-Jeremy/MyRecipe/commit/00b411aec8325988d70cf8a0b7c95af837e7e7e8"
                    }
                  ]
                }
              },
              {
                "k": "pusher",
                "v": {
                  "t": 2,
                  "d": [
                    {
                      "k": "email",
                      "v": "jeremy.gay.dev@gmail.com"
                    },
                    {
                      "k": "name",
                      "v": "Gay-Jeremy"
                    }
                  ]
                }
              },
              {
                "k": "ref",
                "v": "refs/heads/master"
              },
              {
                "k": "repository",
                "v": {
                  "t": 2,
                  "d": [
                    {
                      "k": "allow_forking",
                      "v": true
                    },
                    {
                      "k": "archive_url",
                      "v": "https://api.github.com/repos/Gay-Jeremy/MyRecipe/{archive_format}{/ref}"
                    },
                    {
                      "k": "archived",
                      "v": false
                    },
                    {
                      "k": "assignees_url",
                      "v": "https://api.github.com/repos/Gay-Jeremy/MyRecipe/assignees{/user}"
                    },
                    {
                      "k": "blobs_url",
                      "v": "https://api.github.com/repos/Gay-Jeremy/MyRecipe/git/blobs{/sha}"
                    },
                    {
                      "k": "branches_url",
                      "v": "https://api.github.com/repos/Gay-Jeremy/MyRecipe/branches{/branch}"
                    },
                    {
                      "k": "clone_url",
                      "v": "https://github.com/Gay-Jeremy/MyRecipe.git"
                    },
                    {
                      "k": "collaborators_url",
                      "v": "https://api.github.com/repos/Gay-Jeremy/MyRecipe/collaborators{/collaborator}"
                    },
                    {
                      "k": "comments_url",
                      "v": "https://api.github.com/repos/Gay-Jeremy/MyRecipe/comments{/number}"
                    },
                    {
                      "k": "commits_url",
                      "v": "https://api.github.com/repos/Gay-Jeremy/MyRecipe/commits{/sha}"
                    },
                    {
                      "k": "compare_url",
                      "v": "https://api.github.com/repos/Gay-Jeremy/MyRecipe/compare/{base}...{head}"
                    },
                    {
                      "k": "contents_url",
                      "v": "https://api.github.com/repos/Gay-Jeremy/MyRecipe/contents/{+path}"
                    },
                    {
                      "k": "contributors_url",
                      "v": "https://api.github.com/repos/Gay-Jeremy/MyRecipe/contributors"
                    },
                    {
                      "k": "created_at",
                      "v": 1780641910.0
                    },
                    {
                      "k": "default_branch",
                      "v": "master"
                    },
                    {
                      "k": "deployments_url",
                      "v": "https://api.github.com/repos/Gay-Jeremy/MyRecipe/deployments"
                    },
                    {
                      "k": "description",
                      "v": null
                    },
                    {
                      "k": "disabled",
                      "v": false
                    },
                    {
                      "k": "downloads_url",
                      "v": "https://api.github.com/repos/Gay-Jeremy/MyRecipe/downloads"
                    },
                    {
                      "k": "events_url",
                      "v": "https://api.github.com/repos/Gay-Jeremy/MyRecipe/events"
                    },
                    {
                      "k": "fork",
                      "v": false
                    },
                    {
                      "k": "forks",
                      "v": 0.0
                    },
                    {
                      "k": "forks_count",
                      "v": 0.0
                    },
                    {
                      "k": "forks_url",
                      "v": "https://api.github.com/repos/Gay-Jeremy/MyRecipe/forks"
                    },
                    {
                      "k": "full_name",
                      "v": "Gay-Jeremy/MyRecipe"
                    },
                    {
                      "k": "git_commits_url",
                      "v": "https://api.github.com/repos/Gay-Jeremy/MyRecipe/git/commits{/sha}"
                    },
                    {
                      "k": "git_refs_url",
                      "v": "https://api.github.com/repos/Gay-Jeremy/MyRecipe/git/refs{/sha}"
                    },
                    {
                      "k": "git_tags_url",
                      "v": "https://api.github.com/repos/Gay-Jeremy/MyRecipe/git/tags{/sha}"
                    },
                    {
                      "k": "git_url",
                      "v": "git://github.com/Gay-Jeremy/MyRecipe.git"
                    },
                    {
                      "k": "has_discussions",
                      "v": false
                    },
                    {
                      "k": "has_downloads",
                      "v": true
                    },
                    {
                      "k": "has_issues",
                      "v": true
                    },
                    {
                      "k": "has_pages",
                      "v": false
                    },
                    {
                      "k": "has_projects",
                      "v": true
                    },
                    {
                      "k": "has_pull_requests",
                      "v": true
                    },
                    {
                      "k": "has_wiki",
                      "v": true
                    },
                    {
                      "k": "homepage",
                      "v": null
                    },
                    {
                      "k": "hooks_url",
                      "v": "https://api.github.com/repos/Gay-Jeremy/MyRecipe/hooks"
                    },
                    {
                      "k": "html_url",
                      "v": "https://github.com/Gay-Jeremy/MyRecipe"
                    },
                    {
                      "k": "id",
                      "v": 1260098684.0
                    },
                    {
                      "k": "is_template",
                      "v": false
                    },
                    {
                      "k": "issue_comment_url",
                      "v": "https://api.github.com/repos/Gay-Jeremy/MyRecipe/issues/comments{/number}"
                    },
                    {
                      "k": "issue_events_url",
                      "v": "https://api.github.com/repos/Gay-Jeremy/MyRecipe/issues/events{/number}"
                    },
                    {
                      "k": "issues_url",
                      "v": "https://api.github.com/repos/Gay-Jeremy/MyRecipe/issues{/number}"
                    },
                    {
                      "k": "keys_url",
                      "v": "https://api.github.com/repos/Gay-Jeremy/MyRecipe/keys{/key_id}"
                    },
                    {
                      "k": "labels_url",
                      "v": "https://api.github.com/repos/Gay-Jeremy/MyRecipe/labels{/name}"
                    },
                    {
                      "k": "language",
                      "v": "JavaScript"
                    },
                    {
                      "k": "languages_url",
                      "v": "https://api.github.com/repos/Gay-Jeremy/MyRecipe/languages"
                    },
                    {
                      "k": "license",
                      "v": null
                    },
                    {
                      "k": "master_branch",
                      "v": "master"
                    },
                    {
                      "k": "merges_url",
                      "v": "https://api.github.com/repos/Gay-Jeremy/MyRecipe/merges"
                    },
                    {
                      "k": "milestones_url",
                      "v": "https://api.github.com/repos/Gay-Jeremy/MyRecipe/milestones{/number}"
                    },
                    {
                      "k": "mirror_url",
                      "v": null
                    },
                    {
                      "k": "name",
                      "v": "MyRecipe"
                    },
                    {
                      "k": "node_id",
                      "v": "R_kgDOSxuUfA"
                    },
                    {
                      "k": "notifications_url",
                      "v": "https://api.github.com/repos/Gay-Jeremy/MyRecipe/notifications{?since,all,participating}"
                    },
                    {
                      "k": "open_issues",
                      "v": 0.0
                    },
                    {
                      "k": "open_issues_count",
                      "v": 0.0
                    },
                    {
                      "k": "owner",
                      "v": {
                        "t": 2,
                        "d": [
                          {
                            "k": "avatar_url",
                            "v": "https://avatars.githubusercontent.com/u/234244527?v=4"
                          },
                          {
                            "k": "email",
                            "v": "jeremy.gay.dev@gmail.com"
                          },
                          {
                            "k": "events_url",
                            "v": "https://api.github.com/users/Gay-Jeremy/events{/privacy}"
                          },
                          {
                            "k": "followers_url",
                            "v": "https://api.github.com/users/Gay-Jeremy/followers"
                          },
                          {
                            "k": "following_url",
                            "v": "https://api.github.com/users/Gay-Jeremy/following{/other_user}"
                          },
                          {
                            "k": "gists_url",
                            "v": "https://api.github.com/users/Gay-Jeremy/gists{/gist_id}"
                          },
                          {
                            "k": "gravatar_id",
                            "v": ""
                          },
                          {
                            "k": "html_url",
                            "v": "https://github.com/Gay-Jeremy"
                          },
                          {
                            "k": "id",
                            "v": 234244527.0
                          },
                          {
                            "k": "login",
                            "v": "Gay-Jeremy"
                          },
                          {
                            "k": "name",
                            "v": "Gay-Jeremy"
                          },
                          {
                            "k": "node_id",
                            "v": "U_kgDODfZJrw"
                          },
                          {
                            "k": "organizations_url",
                            "v": "https://api.github.com/users/Gay-Jeremy/orgs"
                          },
                          {
                            "k": "received_events_url",
                            "v": "https://api.github.com/users/Gay-Jeremy/received_events"
                          },
                          {
                            "k": "repos_url",
                            "v": "https://api.github.com/users/Gay-Jeremy/repos"
                          },
                          {
                            "k": "site_admin",
                            "v": false
                          },
                          {
                            "k": "starred_url",
                            "v": "https://api.github.com/users/Gay-Jeremy/starred{/owner}{/repo}"
                          },
                          {
                            "k": "subscriptions_url",
                            "v": "https://api.github.com/users/Gay-Jeremy/subscriptions"
                          },
                          {
                            "k": "type",
                            "v": "User"
                          },
                          {
                            "k": "url",
                            "v": "https://api.github.com/users/Gay-Jeremy"
                          },
                          {
                            "k": "user_view_type",
                            "v": "public"
                          }
                        ]
                      }
                    },
                    {
                      "k": "private",
                      "v": false
                    },
                    {
                      "k": "pull_request_creation_policy",
                      "v": "all"
                    },
                    {
                      "k": "pulls_url",
                      "v": "https://api.github.com/repos/Gay-Jeremy/MyRecipe/pulls{/number}"
                    },
                    {
                      "k": "pushed_at",
                      "v": 1781254235.0
                    },
                    {
                      "k": "releases_url",
                      "v": "https://api.github.com/repos/Gay-Jeremy/MyRecipe/releases{/id}"
                    },
                    {
                      "k": "size",
                      "v": 34.0
                    },
                    {
                      "k": "ssh_url",
                      "v": "git@github.com:Gay-Jeremy/MyRecipe.git"
                    },
                    {
                      "k": "stargazers",
                      "v": 0.0
                    },
                    {
                      "k": "stargazers_count",
                      "v": 0.0
                    },
                    {
                      "k": "stargazers_url",
                      "v": "https://api.github.com/repos/Gay-Jeremy/MyRecipe/stargazers"
                    },
                    {
                      "k": "statuses_url",
                      "v": "https://api.github.com/repos/Gay-Jeremy/MyRecipe/statuses/{sha}"
                    },
                    {
                      "k": "subscribers_url",
                      "v": "https://api.github.com/repos/Gay-Jeremy/MyRecipe/subscribers"
                    },
                    {
                      "k": "subscription_url",
                      "v": "https://api.github.com/repos/Gay-Jeremy/MyRecipe/subscription"
                    },
                    {
                      "k": "svn_url",
                      "v": "https://github.com/Gay-Jeremy/MyRecipe"
                    },
                    {
                      "k": "tags_url",
                      "v": "https://api.github.com/repos/Gay-Jeremy/MyRecipe/tags"
                    },
                    {
                      "k": "teams_url",
                      "v": "https://api.github.com/repos/Gay-Jeremy/MyRecipe/teams"
                    },
                    {
                      "k": "topics",
                      "v": {
                        "t": 1
                      }
                    },
                    {
                      "k": "trees_url",
                      "v": "https://api.github.com/repos/Gay-Jeremy/MyRecipe/git/trees{/sha}"
                    },
                    {
                      "k": "updated_at",
                      "v": "2026-06-12T08:38:28Z"
                    },
                    {
                      "k": "url",
                      "v": "https://api.github.com/repos/Gay-Jeremy/MyRecipe"
                    },
                    {
                      "k": "visibility",
                      "v": "public"
                    },
                    {
                      "k": "watchers",
                      "v": 0.0
                    },
                    {
                      "k": "watchers_count",
                      "v": 0.0
                    },
                    {
                      "k": "web_commit_signoff_required",
                      "v": false
                    }
                  ]
                }
              },
              {
                "k": "sender",
                "v": {
                  "t": 2,
                  "d": [
                    {
                      "k": "avatar_url",
                      "v": "https://avatars.githubusercontent.com/u/234244527?v=4"
                    },
                    {
                      "k": "events_url",
                      "v": "https://api.github.com/users/Gay-Jeremy/events{/privacy}"
                    },
                    {
                      "k": "followers_url",
                      "v": "https://api.github.com/users/Gay-Jeremy/followers"
                    },
                    {
                      "k": "following_url",
                      "v": "https://api.github.com/users/Gay-Jeremy/following{/other_user}"
                    },
                    {
                      "k": "gists_url",
                      "v": "https://api.github.com/users/Gay-Jeremy/gists{/gist_id}"
                    },
                    {
                      "k": "gravatar_id",
                      "v": ""
                    },
                    {
                      "k": "html_url",
                      "v": "https://github.com/Gay-Jeremy"
                    },
                    {
                      "k": "id",
                      "v": 234244527.0
                    },
                    {
                      "k": "login",
                      "v": "Gay-Jeremy"
                    },
                    {
                      "k": "node_id",
                      "v": "U_kgDODfZJrw"
                    },
                    {
                      "k": "organizations_url",
                      "v": "https://api.github.com/users/Gay-Jeremy/orgs"
                    },
                    {
                      "k": "received_events_url",
                      "v": "https://api.github.com/users/Gay-Jeremy/received_events"
                    },
                    {
                      "k": "repos_url",
                      "v": "https://api.github.com/users/Gay-Jeremy/repos"
                    },
                    {
                      "k": "site_admin",
                      "v": false
                    },
                    {
                      "k": "starred_url",
                      "v": "https://api.github.com/users/Gay-Jeremy/starred{/owner}{/repo}"
                    },
                    {
                      "k": "subscriptions_url",
                      "v": "https://api.github.com/users/Gay-Jeremy/subscriptions"
                    },
                    {
                      "k": "type",
                      "v": "User"
                    },
                    {
                      "k": "url",
                      "v": "https://api.github.com/users/Gay-Jeremy"
                    },
                    {
                      "k": "user_view_type",
                      "v": "public"
                    }
                  ]
                }
              }
            ]
          }
        },
        {
          "k": "workflow_ref",
          "v": "Gay-Jeremy/MyRecipe/.github/workflows/ci.yml@refs/heads/master"
        },
        {
          "k": "workflow_sha",
          "v": "00b411aec8325988d70cf8a0b7c95af837e7e7e8"
        },
        {
          "k": "repository_id",
          "v": "1260098684"
        },
        {
          "k": "triggering_actor",
          "v": "Gay-Jeremy"
        }
      ]
    },
    "inputs": {
      "t": 2
    },
    "job": {
      "t": 2,
      "d": [
        {
          "k": "check_run_id",
          "v": 80993133686.0
        },
        {
          "k": "workflow_ref",
          "v": "Gay-Jeremy/MyRecipe/.github/workflows/ci.yml@refs/heads/master"
        },
        {
          "k": "workflow_sha",
          "v": "00b411aec8325988d70cf8a0b7c95af837e7e7e8"
        },
        {
          "k": "workflow_repository",
          "v": "Gay-Jeremy/MyRecipe"
        },
        {
          "k": "workflow_file_path",
          "v": ".github/workflows/ci.yml"
        }
      ]
    },
    "matrix": null,
    "needs": {
      "t": 2,
      "d": [
        {
          "k": "docker-push",
          "v": {
            "t": 2,
            "d": [
              {
                "k": "result",
                "v": "success"
              },
              {
                "k": "outputs",
                "v": {
                  "t": 2
                }
              }
            ]
          }
        }
      ]
    },
    "strategy": {
      "t": 2,
      "d": [
        {
          "k": "fail-fast",
          "v": true
        },
        {
          "k": "job-index",
          "v": 0.0
        },
        {
          "k": "job-total",
          "v": 1.0
        },
        {
          "k": "max-parallel",
          "v": 1.0
        }
      ]
    },
    "vars": {
      "t": 2
    }
  },
  "billingOwnerId": "U_kgDODfZJrw"
}
[2026-06-12 08:56:05Z INFO JobRunner] Job ID dcb45bc7-0f4c-5eb7-bc93-3d675a0fd6db
[2026-06-12 08:56:05Z INFO ConfigurationStore] currentAssemblyLocation: C:\Users\Stagiaire\Desktop\COURS\DevOps\MyRecipeAPI\actions-runner\bin\Runner.Worker.dll
[2026-06-12 08:56:05Z INFO HostContext] Well known directory 'Bin': 'C:\Users\Stagiaire\Desktop\COURS\DevOps\MyRecipeAPI\actions-runner\bin'
[2026-06-12 08:56:05Z INFO ConfigurationStore] binPath: C:\Users\Stagiaire\Desktop\COURS\DevOps\MyRecipeAPI\actions-runner\bin
[2026-06-12 08:56:05Z INFO HostContext] Well known directory 'Bin': 'C:\Users\Stagiaire\Desktop\COURS\DevOps\MyRecipeAPI\actions-runner\bin'
[2026-06-12 08:56:05Z INFO HostContext] Well known directory 'Root': 'C:\Users\Stagiaire\Desktop\COURS\DevOps\MyRecipeAPI\actions-runner'
[2026-06-12 08:56:05Z INFO ConfigurationStore] RootFolder: C:\Users\Stagiaire\Desktop\COURS\DevOps\MyRecipeAPI\actions-runner
[2026-06-12 08:56:05Z INFO HostContext] Well known directory 'Bin': 'C:\Users\Stagiaire\Desktop\COURS\DevOps\MyRecipeAPI\actions-runner\bin'
[2026-06-12 08:56:05Z INFO HostContext] Well known directory 'Root': 'C:\Users\Stagiaire\Desktop\COURS\DevOps\MyRecipeAPI\actions-runner'
[2026-06-12 08:56:05Z INFO HostContext] Well known config file 'Runner': 'C:\Users\Stagiaire\Desktop\COURS\DevOps\MyRecipeAPI\actions-runner\.runner'
[2026-06-12 08:56:05Z INFO ConfigurationStore] ConfigFilePath: C:\Users\Stagiaire\Desktop\COURS\DevOps\MyRecipeAPI\actions-runner\.runner
[2026-06-12 08:56:05Z INFO HostContext] Well known directory 'Bin': 'C:\Users\Stagiaire\Desktop\COURS\DevOps\MyRecipeAPI\actions-runner\bin'
[2026-06-12 08:56:05Z INFO HostContext] Well known directory 'Root': 'C:\Users\Stagiaire\Desktop\COURS\DevOps\MyRecipeAPI\actions-runner'
[2026-06-12 08:56:05Z INFO HostContext] Well known config file 'MigratedRunner': 'C:\Users\Stagiaire\Desktop\COURS\DevOps\MyRecipeAPI\actions-runner\.runner_migrated'
[2026-06-12 08:56:05Z INFO ConfigurationStore] MigratedConfigFilePath: C:\Users\Stagiaire\Desktop\COURS\DevOps\MyRecipeAPI\actions-runner\.runner_migrated
[2026-06-12 08:56:05Z INFO HostContext] Well known directory 'Bin': 'C:\Users\Stagiaire\Desktop\COURS\DevOps\MyRecipeAPI\actions-runner\bin'
[2026-06-12 08:56:05Z INFO HostContext] Well known directory 'Root': 'C:\Users\Stagiaire\Desktop\COURS\DevOps\MyRecipeAPI\actions-runner'
[2026-06-12 08:56:05Z INFO HostContext] Well known config file 'Credentials': 'C:\Users\Stagiaire\Desktop\COURS\DevOps\MyRecipeAPI\actions-runner\.credentials'
[2026-06-12 08:56:05Z INFO ConfigurationStore] CredFilePath: C:\Users\Stagiaire\Desktop\COURS\DevOps\MyRecipeAPI\actions-runner\.credentials
[2026-06-12 08:56:05Z INFO HostContext] Well known directory 'Bin': 'C:\Users\Stagiaire\Desktop\COURS\DevOps\MyRecipeAPI\actions-runner\bin'
[2026-06-12 08:56:05Z INFO HostContext] Well known directory 'Root': 'C:\Users\Stagiaire\Desktop\COURS\DevOps\MyRecipeAPI\actions-runner'
[2026-06-12 08:56:05Z INFO HostContext] Well known config file 'MigratedCredentials': 'C:\Users\Stagiaire\Desktop\COURS\DevOps\MyRecipeAPI\actions-runner\.credentials_migrated'
[2026-06-12 08:56:05Z INFO ConfigurationStore] MigratedCredFilePath: C:\Users\Stagiaire\Desktop\COURS\DevOps\MyRecipeAPI\actions-runner\.credentials_migrated
[2026-06-12 08:56:05Z INFO HostContext] Well known directory 'Bin': 'C:\Users\Stagiaire\Desktop\COURS\DevOps\MyRecipeAPI\actions-runner\bin'
[2026-06-12 08:56:05Z INFO HostContext] Well known directory 'Root': 'C:\Users\Stagiaire\Desktop\COURS\DevOps\MyRecipeAPI\actions-runner'
[2026-06-12 08:56:05Z INFO HostContext] Well known config file 'Service': 'C:\Users\Stagiaire\Desktop\COURS\DevOps\MyRecipeAPI\actions-runner\.service'
[2026-06-12 08:56:05Z INFO ConfigurationStore] ServiceConfigFilePath: C:\Users\Stagiaire\Desktop\COURS\DevOps\MyRecipeAPI\actions-runner\.service
[2026-06-12 08:56:05Z INFO ConfigurationStore] Read setting file: 393 chars
[2026-06-12 08:56:05Z INFO JobRunner] Initializing launch client
[2026-06-12 08:56:05Z INFO JobServerQueue] Initializing results client
[2026-06-12 08:56:05Z INFO ResultServer] Creating websocket client ...wss://results-receiver.actions.githubusercontent.com/_ws/ingest.sock
[2026-06-12 08:56:05Z INFO ResultServer] Attempting to start websocket client with delay 00:00:00.
[2026-06-12 08:56:05Z INFO JobServerQueue] Start process web console line queue.
[2026-06-12 08:56:05Z INFO JobServerQueue] Start process file upload queue.
[2026-06-12 08:56:05Z INFO JobServerQueue] Start results file upload queue.
[2026-06-12 08:56:05Z INFO JobServerQueue] Starting results-based upload queue...
[2026-06-12 08:56:05Z INFO JobServerQueue] Start process timeline update queue.
[2026-06-12 08:56:05Z INFO ExecutionContext] Initializing Job context
[2026-06-12 08:56:05Z INFO ExecutionContext] Initialize GitHub context
[2026-06-12 08:56:05Z INFO ExecutionContext] Initialize Env context
[2026-06-12 08:56:05Z INFO HostContext] Well known directory 'Bin': 'C:\Users\Stagiaire\Desktop\COURS\DevOps\MyRecipeAPI\actions-runner\bin'
[2026-06-12 08:56:05Z INFO HostContext] Well known directory 'Root': 'C:\Users\Stagiaire\Desktop\COURS\DevOps\MyRecipeAPI\actions-runner'
[2026-06-12 08:56:05Z INFO HostContext] Well known directory 'Diag': 'C:\Users\Stagiaire\Desktop\COURS\DevOps\MyRecipeAPI\actions-runner\_diag'
[2026-06-12 08:56:05Z INFO HostContext] Well known directory 'Bin': 'C:\Users\Stagiaire\Desktop\COURS\DevOps\MyRecipeAPI\actions-runner\bin'
[2026-06-12 08:56:05Z INFO HostContext] Well known directory 'Root': 'C:\Users\Stagiaire\Desktop\COURS\DevOps\MyRecipeAPI\actions-runner'
[2026-06-12 08:56:05Z INFO HostContext] Well known directory 'Diag': 'C:\Users\Stagiaire\Desktop\COURS\DevOps\MyRecipeAPI\actions-runner\_diag'
[2026-06-12 08:56:05Z INFO JobRunner] Starting the job execution context.
[2026-06-12 08:56:05Z INFO HostContext] Well known directory 'Bin': 'C:\Users\Stagiaire\Desktop\COURS\DevOps\MyRecipeAPI\actions-runner\bin'
[2026-06-12 08:56:05Z INFO HostContext] Well known directory 'Root': 'C:\Users\Stagiaire\Desktop\COURS\DevOps\MyRecipeAPI\actions-runner'
[2026-06-12 08:56:05Z INFO HostContext] Well known directory 'Work': 'C:\Users\Stagiaire\Desktop\COURS\DevOps\MyRecipeAPI\actions-runner\_work'
[2026-06-12 08:56:05Z INFO JobRunner] Validating directory permissions for: 'C:\Users\Stagiaire\Desktop\COURS\DevOps\MyRecipeAPI\actions-runner\_work'
[2026-06-12 08:56:05Z INFO HostContext] Well known directory 'Bin': 'C:\Users\Stagiaire\Desktop\COURS\DevOps\MyRecipeAPI\actions-runner\bin'
[2026-06-12 08:56:05Z INFO HostContext] Well known directory 'Root': 'C:\Users\Stagiaire\Desktop\COURS\DevOps\MyRecipeAPI\actions-runner'
[2026-06-12 08:56:05Z INFO HostContext] Well known directory 'Work': 'C:\Users\Stagiaire\Desktop\COURS\DevOps\MyRecipeAPI\actions-runner\_work'
[2026-06-12 08:56:05Z INFO HostContext] Well known directory 'Tools': 'C:\Users\Stagiaire\Desktop\COURS\DevOps\MyRecipeAPI\actions-runner\_work\_tool'
[2026-06-12 08:56:05Z INFO HostContext] Well known directory 'Bin': 'C:\Users\Stagiaire\Desktop\COURS\DevOps\MyRecipeAPI\actions-runner\bin'
[2026-06-12 08:56:05Z INFO HostContext] Well known directory 'Root': 'C:\Users\Stagiaire\Desktop\COURS\DevOps\MyRecipeAPI\actions-runner'
[2026-06-12 08:56:05Z INFO HostContext] Well known directory 'Work': 'C:\Users\Stagiaire\Desktop\COURS\DevOps\MyRecipeAPI\actions-runner\_work'
[2026-06-12 08:56:05Z INFO HostContext] Well known directory 'Temp': 'C:\Users\Stagiaire\Desktop\COURS\DevOps\MyRecipeAPI\actions-runner\_work\_temp'
[2026-06-12 08:56:05Z INFO JobRunner] Getting job extension.
[2026-06-12 08:56:05Z INFO JobRunner] Initialize job. Getting all job steps.
[2026-06-12 08:56:05Z INFO HostContext] Well known directory 'Bin': 'C:\Users\Stagiaire\Desktop\COURS\DevOps\MyRecipeAPI\actions-runner\bin'
[2026-06-12 08:56:05Z INFO HostContext] Well known directory 'Root': 'C:\Users\Stagiaire\Desktop\COURS\DevOps\MyRecipeAPI\actions-runner'
[2026-06-12 08:56:05Z INFO HostContext] Well known directory 'Diag': 'C:\Users\Stagiaire\Desktop\COURS\DevOps\MyRecipeAPI\actions-runner\_diag'
[2026-06-12 08:56:05Z INFO HostContext] Well known directory 'Bin': 'C:\Users\Stagiaire\Desktop\COURS\DevOps\MyRecipeAPI\actions-runner\bin'
[2026-06-12 08:56:05Z INFO HostContext] Well known directory 'Root': 'C:\Users\Stagiaire\Desktop\COURS\DevOps\MyRecipeAPI\actions-runner'
[2026-06-12 08:56:05Z INFO HostContext] Well known directory 'Diag': 'C:\Users\Stagiaire\Desktop\COURS\DevOps\MyRecipeAPI\actions-runner\_diag'
[2026-06-12 08:56:05Z INFO HostContext] Well known directory 'Bin': 'C:\Users\Stagiaire\Desktop\COURS\DevOps\MyRecipeAPI\actions-runner\bin'
[2026-06-12 08:56:05Z INFO HostContext] Well known directory 'Root': 'C:\Users\Stagiaire\Desktop\COURS\DevOps\MyRecipeAPI\actions-runner'
[2026-06-12 08:56:05Z INFO HostContext] Well known config file 'Credentials': 'C:\Users\Stagiaire\Desktop\COURS\DevOps\MyRecipeAPI\actions-runner\.credentials'
[2026-06-12 08:56:05Z INFO HostContext] Well known directory 'Bin': 'C:\Users\Stagiaire\Desktop\COURS\DevOps\MyRecipeAPI\actions-runner\bin'
[2026-06-12 08:56:05Z INFO HostContext] Well known directory 'Root': 'C:\Users\Stagiaire\Desktop\COURS\DevOps\MyRecipeAPI\actions-runner'
[2026-06-12 08:56:05Z INFO HostContext] Well known config file 'SetupInfo': 'C:\Users\Stagiaire\Desktop\COURS\DevOps\MyRecipeAPI\actions-runner\.setup_info'
[2026-06-12 08:56:05Z INFO HostContext] Well known directory 'Bin': 'C:\Users\Stagiaire\Desktop\COURS\DevOps\MyRecipeAPI\actions-runner\bin'
[2026-06-12 08:56:05Z INFO HostContext] Well known directory 'Root': 'C:\Users\Stagiaire\Desktop\COURS\DevOps\MyRecipeAPI\actions-runner'
[2026-06-12 08:56:05Z INFO HostContext] Well known directory 'Work': 'C:\Users\Stagiaire\Desktop\COURS\DevOps\MyRecipeAPI\actions-runner\_work'
[2026-06-12 08:56:05Z INFO PipelineDirectoryManager] Loading tracking config if exists: C:\Users\Stagiaire\Desktop\COURS\DevOps\MyRecipeAPI\actions-runner\_work\_PipelineMapping\Gay-Jeremy/MyRecipe\PipelineFolder.json
[2026-06-12 08:56:05Z INFO PipelineDirectoryManager] Updating job run properties.
[2026-06-12 08:56:05Z INFO HostContext] Well known directory 'Bin': 'C:\Users\Stagiaire\Desktop\COURS\DevOps\MyRecipeAPI\actions-runner\bin'
[2026-06-12 08:56:05Z INFO HostContext] Well known directory 'Root': 'C:\Users\Stagiaire\Desktop\COURS\DevOps\MyRecipeAPI\actions-runner'
[2026-06-12 08:56:05Z INFO HostContext] Well known directory 'Work': 'C:\Users\Stagiaire\Desktop\COURS\DevOps\MyRecipeAPI\actions-runner\_work'
[2026-06-12 08:56:05Z INFO HostContext] Well known directory 'Bin': 'C:\Users\Stagiaire\Desktop\COURS\DevOps\MyRecipeAPI\actions-runner\bin'
[2026-06-12 08:56:05Z INFO HostContext] Well known directory 'Root': 'C:\Users\Stagiaire\Desktop\COURS\DevOps\MyRecipeAPI\actions-runner'
[2026-06-12 08:56:05Z INFO HostContext] Well known directory 'Work': 'C:\Users\Stagiaire\Desktop\COURS\DevOps\MyRecipeAPI\actions-runner\_work'
[2026-06-12 08:56:05Z INFO HostContext] Well known directory 'Bin': 'C:\Users\Stagiaire\Desktop\COURS\DevOps\MyRecipeAPI\actions-runner\bin'
[2026-06-12 08:56:05Z INFO HostContext] Well known directory 'Root': 'C:\Users\Stagiaire\Desktop\COURS\DevOps\MyRecipeAPI\actions-runner'
[2026-06-12 08:56:05Z INFO HostContext] Well known directory 'Work': 'C:\Users\Stagiaire\Desktop\COURS\DevOps\MyRecipeAPI\actions-runner\_work'
[2026-06-12 08:56:05Z INFO JobExtension] Downloading actions
[2026-06-12 08:56:05Z INFO HostContext] Well known directory 'Bin': 'C:\Users\Stagiaire\Desktop\COURS\DevOps\MyRecipeAPI\actions-runner\bin'
[2026-06-12 08:56:05Z INFO HostContext] Well known directory 'Root': 'C:\Users\Stagiaire\Desktop\COURS\DevOps\MyRecipeAPI\actions-runner'
[2026-06-12 08:56:05Z INFO HostContext] Well known directory 'Work': 'C:\Users\Stagiaire\Desktop\COURS\DevOps\MyRecipeAPI\actions-runner\_work'
[2026-06-12 08:56:05Z INFO HostContext] Well known directory 'Actions': 'C:\Users\Stagiaire\Desktop\COURS\DevOps\MyRecipeAPI\actions-runner\_work\_actions'
[2026-06-12 08:56:05Z INFO Worker] Listening for cancel message from the channel.
[2026-06-12 08:56:05Z INFO Worker] Waiting for the job to complete or for a cancel message from the channel.
[2026-06-12 08:56:05Z INFO ResultServer] Successfully started websocket client.
[2026-06-12 08:56:05Z INFO JobServerQueue] Try to append 1 batches web console lines for record '52af60c6-b28b-4ffb-8684-4ad79a6555a7', success rate: 1/1.
[2026-06-12 08:56:06Z ERR  GitHubActionsService] POST request to https://launch.actions.githubusercontent.com/actions/build/77ee5ba4-3d66-4289-9811-016642e180ed/jobs/dcb45bc7-0f4c-5eb7-bc93-3d675a0fd6db/runnerresolve/actions failed. HTTP Status: UnprocessableEntity
[2026-06-12 08:56:06Z ERR  JobExtension] Caught exception from JobExtension Initialization: GitHub.DistributedTask.WebApi.UnresolvableActionDownloadInfoException: Unable to resolve action garygrossgarten/github-action-shh, repository not found
   at GitHub.Services.Launch.Client.LaunchHttpClient.GetResolveActionsDownloadInfoAsyncV2(Guid planId, Guid jobId, ActionReferenceList actionReferenceList, CancellationToken cancellationToken)
   at GitHub.Runner.Worker.ActionManager.GetDownloadInfoAsync(IExecutionContext executionContext, List`1 actions)
   at GitHub.Runner.Worker.ActionManager.GetDownloadInfoAsync(IExecutionContext executionContext, List`1 actions)
   at GitHub.Runner.Worker.ActionManager.PrepareActionsRecursiveLegacyAsync(IExecutionContext executionContext, PrepareActionsState state, IEnumerable`1 actions, Int32 depth, Guid parentStepId)
   at GitHub.Runner.Worker.ActionManager.PrepareActionsAsync(IExecutionContext executionContext, IEnumerable`1 steps, Guid rootStepId)
   at GitHub.Runner.Worker.JobExtension.InitializeJob(IExecutionContext jobContext, AgentJobRequestMessage message)
[2026-06-12 08:56:06Z INFO ExecutionContext] Publish step telemetry for current step {
  "action": "setup_job",
  "type": "runner",
  "stage": "Pre",
  "stepId": "52af60c6-b28b-4ffb-8684-4ad79a6555a7",
  "result": "failed",
  "errorMessages": [
    "Unable to resolve action garygrossgarten/github-action-shh, repository not found"
  ],
  "executionTimeInSeconds": 1,
  "startTime": "2026-06-12T08:56:05.4586539Z",
  "finishTime": "2026-06-12T08:56:06.1348543Z"
}.
[2026-06-12 08:56:06Z ERR  JobRunner] Job initialize failed.
[2026-06-12 08:56:06Z ERR  JobRunner] Caught exception from InitializeJob: GitHub.DistributedTask.WebApi.UnresolvableActionDownloadInfoException: Unable to resolve action garygrossgarten/github-action-shh, repository not found
   at GitHub.Services.Launch.Client.LaunchHttpClient.GetResolveActionsDownloadInfoAsyncV2(Guid planId, Guid jobId, ActionReferenceList actionReferenceList, CancellationToken cancellationToken)
   at GitHub.Runner.Worker.ActionManager.GetDownloadInfoAsync(IExecutionContext executionContext, List`1 actions)
   at GitHub.Runner.Worker.ActionManager.GetDownloadInfoAsync(IExecutionContext executionContext, List`1 actions)
   at GitHub.Runner.Worker.ActionManager.PrepareActionsRecursiveLegacyAsync(IExecutionContext executionContext, PrepareActionsState state, IEnumerable`1 actions, Int32 depth, Guid parentStepId)
   at GitHub.Runner.Worker.ActionManager.PrepareActionsAsync(IExecutionContext executionContext, IEnumerable`1 steps, Guid rootStepId)
   at GitHub.Runner.Worker.JobExtension.InitializeJob(IExecutionContext jobContext, AgentJobRequestMessage message)
   at GitHub.Runner.Worker.JobExtension.InitializeJob(IExecutionContext jobContext, AgentJobRequestMessage message)
   at GitHub.Runner.Worker.JobRunner.RunAsync(AgentJobRequestMessage message, CancellationToken jobRequestCancellationToken)
[2026-06-12 08:56:06Z INFO JobRunner] Shutting down the job server queue.
[2026-06-12 08:56:06Z INFO JobServerQueue] Fire signal to shutdown all queues.
[2026-06-12 08:56:06Z INFO JobServerQueue] Job timeline record has been updated for the first time.
[2026-06-12 08:56:06Z INFO JobServerQueue] All queue process task stopped.
[2026-06-12 08:56:06Z INFO JobServerQueue] Try to append 1 batches web console lines for record '52af60c6-b28b-4ffb-8684-4ad79a6555a7', success rate: 1/1.
[2026-06-12 08:56:06Z INFO JobServerQueue] Web console line queue drained.
[2026-06-12 08:56:06Z INFO JobServerQueue] Uploading 2 files in one shot.
[2026-06-12 08:56:06Z INFO JobServerQueue] Try to upload 2 log files or attachments, success rate: 2/2.
[2026-06-12 08:56:06Z INFO JobServerQueue] File upload queue drained.
[2026-06-12 08:56:06Z INFO JobServerQueue] Starting results-based upload queue...
[2026-06-12 08:56:06Z INFO JobServerQueue] Uploading 2 file(s) in one shot through results service.
[2026-06-12 08:56:06Z INFO JobServerQueue] Got a step log file to send to results service.
[2026-06-12 08:56:06Z INFO JobServerQueue] Starting upload of step log file to results service ResultsLog, C:\Users\Stagiaire\Desktop\COURS\DevOps\MyRecipeAPI\actions-runner\_diag\blocks\77ee5ba4-3d66-4289-9811-016642e180ed_52af60c6-b28b-4ffb-8684-4ad79a6555a7.1
[2026-06-12 08:56:08Z INFO JobServerQueue] Got a job log file to send to results service.
[2026-06-12 08:56:08Z INFO JobServerQueue] Starting upload of job log file to results service ResultsLog, C:\Users\Stagiaire\Desktop\COURS\DevOps\MyRecipeAPI\actions-runner\_diag\blocks\77ee5ba4-3d66-4289-9811-016642e180ed_dcb45bc7-0f4c-5eb7-bc93-3d675a0fd6db.1
[2026-06-12 08:56:08Z INFO JobServerQueue] Tried to upload 2 file(s) to results, success rate: 2/2.
[2026-06-12 08:56:08Z INFO JobServerQueue] Results upload queue drained.
[2026-06-12 08:56:08Z INFO JobServerQueue] Timeline update queue drained.
[2026-06-12 08:56:08Z INFO JobServerQueue] Disposing job server ...
[2026-06-12 08:56:08Z INFO JobServerQueue] Disposing results server ...
[2026-06-12 08:56:08Z INFO JobServerQueue] All queue process tasks have been stopped, and all queues are drained.
[2026-06-12 08:56:08Z INFO TempDirectoryManager] Cleaning runner temp folder: C:\Users\Stagiaire\Desktop\COURS\DevOps\MyRecipeAPI\actions-runner\_work\_temp
[2026-06-12 08:56:08Z INFO HostContext] Well known directory 'Bin': 'C:\Users\Stagiaire\Desktop\COURS\DevOps\MyRecipeAPI\actions-runner\bin'
[2026-06-12 08:56:08Z INFO HostContext] Well known directory 'Root': 'C:\Users\Stagiaire\Desktop\COURS\DevOps\MyRecipeAPI\actions-runner'
[2026-06-12 08:56:08Z INFO HostContext] Well known directory 'Diag': 'C:\Users\Stagiaire\Desktop\COURS\DevOps\MyRecipeAPI\actions-runner\_diag'
[2026-06-12 08:56:08Z INFO HostContext] Well known config file 'Telemetry': 'C:\Users\Stagiaire\Desktop\COURS\DevOps\MyRecipeAPI\actions-runner\_diag\.telemetry'
[2026-06-12 08:56:08Z INFO JobRunner] Raising job completed against run service
[2026-06-12 08:56:09Z INFO Worker] Job completed.
