[2026-06-12 09:03:57Z INFO HostContext] No proxy settings were found based on environmental variables (http_proxy/https_proxy/HTTP_PROXY/HTTPS_PROXY)
[2026-06-12 09:03:57Z INFO HostContext] Well known directory 'Bin': 'C:\Users\Stagiaire\Desktop\COURS\DevOps\MyRecipeAPI\actions-runner\bin'
[2026-06-12 09:03:57Z INFO HostContext] Well known directory 'Root': 'C:\Users\Stagiaire\Desktop\COURS\DevOps\MyRecipeAPI\actions-runner'
[2026-06-12 09:03:57Z INFO HostContext] Well known config file 'Credentials': 'C:\Users\Stagiaire\Desktop\COURS\DevOps\MyRecipeAPI\actions-runner\.credentials'
[2026-06-12 09:03:57Z INFO HostContext] Well known directory 'Bin': 'C:\Users\Stagiaire\Desktop\COURS\DevOps\MyRecipeAPI\actions-runner\bin'
[2026-06-12 09:03:57Z INFO HostContext] Well known directory 'Root': 'C:\Users\Stagiaire\Desktop\COURS\DevOps\MyRecipeAPI\actions-runner'
[2026-06-12 09:03:57Z INFO HostContext] Well known config file 'Runner': 'C:\Users\Stagiaire\Desktop\COURS\DevOps\MyRecipeAPI\actions-runner\.runner'
[2026-06-12 09:03:57Z INFO Worker] Version: 2.335.1
[2026-06-12 09:03:57Z INFO Worker] Commit: 7d737449ef346f6524f75688d0c9c95fa10ba10a
[2026-06-12 09:03:57Z INFO Worker] Culture: fr-FR
[2026-06-12 09:03:57Z INFO Worker] UI Culture: fr-FR
[2026-06-12 09:03:57Z INFO Worker] Waiting to receive the job message from the channel.
[2026-06-12 09:03:57Z INFO ProcessChannel] Receiving message of length 22814, with hash '2d6724146edd7a172736154571756cf5b1bc0ba02a7ff546bbd986fb1b47b2db'
[2026-06-12 09:03:57Z INFO Worker] Message received.
[2026-06-12 09:03:57Z INFO Worker] Job message:
 {
  "fileTable": [
    ".github/workflows/ci.yml"
  ],
  "mask": [
    {
      "type": "regex",
      "value": "***"
    },
    {
      "type": "regex",
      "value": "***"
    },
    {
      "type": "regex",
      "value": "***"
    },
    {
      "type": "regex",
      "value": "***"
    },
    {
      "type": "regex",
      "value": "***"
    },
    {
      "type": "regex",
      "value": "***"
    },
    {
      "type": "regex",
      "value": "***"
    },
    {
      "type": "regex",
      "value": "***"
    },
    {
      "type": "regex",
      "value": "***"
    },
    {
      "type": "regex",
      "value": "***"
    },
    {
      "type": "regex",
      "value": "***"
    },
    {
      "type": "regex",
      "value": "***"
    },
    {
      "type": "regex",
      "value": "***"
    },
    {
      "type": "regex",
      "value": "***"
    },
    {
      "type": "regex",
      "value": "***"
    },
    {
      "type": "regex",
      "value": "***"
    },
    {
      "type": "regex",
      "value": "***"
    },
    {
      "type": "regex",
      "value": "***"
    },
    {
      "type": "regex",
      "value": "***"
    },
    {
      "type": "regex",
      "value": "***"
    },
    {
      "type": "regex",
      "value": "***"
    },
    {
      "type": "regex",
      "value": "***"
    },
    {
      "type": "regex",
      "value": "***"
    },
    {
      "type": "regex",
      "value": "***"
    }
  ],
  "steps": [
    {
      "type": "action",
      "reference": {
        "type": "repository",
        "name": "garygrossgarten/github-action-ssh",
        "ref": "release",
        "repositoryType": "GitHub"
      },
      "displayNameToken": {
        "type": 0,
        "file": 1,
        "line": 77,
        "col": 15,
        "lit": "Deploy on server"
      },
      "contextName": "__garygrossgarten_github-action-ssh",
      "inputs": {
        "type": 2,
        "file": 1,
        "line": 80,
        "col": 13,
        "map": [
          {
            "key": {
              "type": 0,
              "file": 1,
              "line": 80,
              "col": 13,
              "lit": "command"
            },
            "value": {
              "type": 3,
              "file": 1,
              "line": 80,
              "col": 22,
              "expr": "format('echo {0} | docker login --username {1} --password-stdin\ndocker pull {2}/myrecipe-api:{3}\ndocker stop myrecipe-api || true\ndocker rm myrecipe-api || true\ndocker compose up -d\n', secrets.DOCKERHUB_TOKEN, secrets.DOCKERHUB_USERNAME, secrets.DOCKERHUB_USERNAME, github.sha)"
            }
          },
          {
            "key": {
              "type": 0,
              "file": 1,
              "line": 86,
              "col": 13,
              "lit": "host"
            },
            "value": {
              "type": 3,
              "file": 1,
              "line": 86,
              "col": 19,
              "expr": "secrets.SERVER_HOST"
            }
          },
          {
            "key": {
              "type": 0,
              "file": 1,
              "line": 87,
              "col": 13,
              "lit": "username"
            },
            "value": {
              "type": 3,
              "file": 1,
              "line": 87,
              "col": 23,
              "expr": "secrets.SERVER_USER"
            }
          },
          {
            "key": {
              "type": 0,
              "file": 1,
              "line": 88,
              "col": 13,
              "lit": "privateKey"
            },
            "value": {
              "type": 3,
              "file": 1,
              "line": 88,
              "col": 25,
              "expr": "secrets.SERVER_SSH_KEY"
            }
          }
        ]
      },
      "condition": "success()",
      "id": "84768bc8-17b8-41c3-a290-05e5e8cd721f",
      "name": "__garygrossgarten_github-action-ssh"
    }
  ],
  "variables": {
    "Actions.EnableHttpRedirects": {
      "value": "true"
    },
    "DOCKERHUB_TOKEN": {
      "value": "***",
      "isSecret": true
    },
    "DOCKERHUB_USERNAME": {
      "value": "***",
      "isSecret": true
    },
    "DistributedTask.AddWarningToNode12Action": {
      "value": "true"
    },
    "DistributedTask.AddWarningToNode16Action": {
      "value": "true"
    },
    "DistributedTask.AllowRunnerContainerHooks": {
      "value": "true"
    },
    "DistributedTask.DeprecateStepOutputCommands": {
      "value": "true"
    },
    "DistributedTask.DetailUntarFailure": {
      "value": "true"
    },
    "DistributedTask.EnableCompositeActions": {
      "value": "true"
    },
    "DistributedTask.EnableJobServerQueueTelemetry": {
      "value": "true"
    },
    "DistributedTask.EnhancedAnnotations": {
      "value": "true"
    },
    "DistributedTask.ForceGithubJavascriptActionsToNode16": {
      "value": "true"
    },
    "DistributedTask.ForceGithubJavascriptActionsToNode20": {
      "value": "true"
    },
    "DistributedTask.LogTemplateErrorsAsDebugMessages": {
      "value": "true"
    },
    "DistributedTask.MarkJobAsFailedOnWorkerCrash": {
      "value": "true"
    },
    "DistributedTask.NewActionMetadata": {
      "value": "true"
    },
    "DistributedTask.UploadStepSummary": {
      "value": "true"
    },
    "DistributedTask.UseActionArchiveCache": {
      "value": "true"
    },
    "DistributedTask.UseWhich2": {
      "value": "true"
    },
    "RunService.FixEmbeddedIssues": {
      "value": "true"
    },
    "SERVER_HOST": {
      "value": "***",
      "isSecret": true
    },
    "SERVER_SSH_KEY": {
      "value": "***\n",
      "isSecret": true
    },
    "actions.runner.requirenode24": {
      "value": "false"
    },
    "actions.runner.usenode24bydefault": {
      "value": "false"
    },
    "actions.runner.warnonnode20": {
      "value": "true"
    },
    "actions_add_check_run_id_to_job_context": {
      "value": "true"
    },
    "actions_batch_action_resolution": {
      "value": "false"
    },
    "actions_container_action_runner_temp": {
      "value": "true"
    },
    "actions_display_helpful_actions_download_errors": {
      "value": "true"
    },
    "actions_runner_compare_workflow_parser": {
      "value": "false"
    },
    "actions_runner_deprecate_linux_arm32": {
      "value": "false"
    },
    "actions_runner_emit_composite_markers": {
      "value": "false"
    },
    "actions_runner_kill_linux_arm32": {
      "value": "false"
    },
    "actions_runner_node20_removal_date": {
      "value": ""
    },
    "actions_runner_node24_default_date": {
      "value": "June 16th, 2026"
    },
    "actions_service_container_command": {
      "value": "true"
    },
    "actions_set_orchestration_id_env_for_actions": {
      "value": "true"
    },
    "actions_skip_retry_complete_job_upon_known_errors": {
      "value": "true"
    },
    "actions_snapshot_preflight_hosted_runner_check": {
      "value": "false"
    },
    "actions_snapshot_preflight_image_gen_pool_check": {
      "value": "false"
    },
    "actions_use_bearer_token_for_codeload": {
      "value": "false"
    },
    "actions_uses_cache_service_v2": {
      "value": "true"
    },
    "github_token": {
      "value": "***",
      "isSecret": true
    },
    "system.from_run_service": {
      "value": "true"
    },
    "system.github.job": {
      "value": "deploy"
    },
    "system.github.launch_endpoint": {
      "value": "https://launch.actions.githubusercontent.com"
    },
    "system.github.results_endpoint": {
      "value": "https://results-receiver.actions.githubusercontent.com/"
    },
    "system.github.results_upload_with_sdk": {
      "value": "true"
    },
    "system.github.token": {
      "value": "***",
      "isSecret": true
    },
    "system.github.token.permissions": {
      "value": "{\"Contents\":\"read\",\"Metadata\":\"read\",\"Packages\":\"read\"}"
    },
    "system.orchestrationId": {
      "value": "37bee646-d847-4ed3-b205-8f82b155f066.deploy.__default"
    },
    "system.phaseDisplayName": {
      "value": "deploy"
    },
    "system.runner.lowdiskspacethreshold": {
      "value": "100"
    },
    "system.runnerEnvironment": {
      "value": "self-hosted"
    },
    "system.runnerGroupName": {
      "value": "Default"
    }
  },
  "messageType": "RunnerJobRequest",
  "plan": {
    "scopeIdentifier": "00000000-0000-0000-0000-000000000000",
    "planType": "actions",
    "version": 0,
    "planId": "37bee646-d847-4ed3-b205-8f82b155f066",
    "planGroup": null,
    "artifactUri": null,
    "artifactLocation": null,
    "definition": null,
    "owner": null
  },
  "timeline": {
    "id": "37bee646-d847-4ed3-b205-8f82b155f066",
    "changeId": 0,
    "location": null
  },
  "jobId": "89f1f272-4cfc-5743-8e82-9921ee6e2c59",
  "jobDisplayName": "deploy",
  "jobName": "__default",
  "requestId": 0,
  "lockedUntil": "0001-01-01T00:00:00",
  "resources": {
    "endpoints": [
      {
        "data": {
          "ServerId": "",
          "ServerName": "",
          "CacheServerUrl": "https://artifactcache.actions.githubusercontent.com/J9DCYFF3b0O1h2nG0zzJnZOmvzeHgyLYgi5lVEfFBAJLzAGoXq/",
          "FeedStreamUrl": "wss://results-receiver.actions.githubusercontent.com/_ws/ingest.sock",
          "ResultsServiceUrl": "https://results-receiver.actions.githubusercontent.com/",
          "PipelinesServiceUrl": "https://pipelinesghubeus2.actions.githubusercontent.com/J9DCYFF3b0O1h2nG0zzJnZOmvzeHgyLYgi5lVEfFBAJLzAGoXq/",
          "GenerateIdTokenUrl": "",
          "ConnectivityChecks": "[\"https://broker.actions.githubusercontent.com/health\",\"https://token.actions.githubusercontent.com/ready\",\"https://run.actions.githubusercontent.com/health\"]"
        },
        "name": "SystemVssConnection",
        "url": "https://run-actions-1-azure-eastus.actions.githubusercontent.com/192/",
        "authorization": {
          "parameters": {
            "AccessToken": "***"
          },
          "scheme": "OAuth"
        },
        "isShared": false,
        "isReady": true
      }
    ]
  },
  "contextData": {
    "github": {
      "t": 2,
      "d": [
        {
          "k": "ref",
          "v": "refs/heads/master"
        },
        {
          "k": "sha",
          "v": "49aa29eda2d507355d8f27e1de33f4cade0741f4"
        },
        {
          "k": "repository",
          "v": "Gay-Jeremy/MyRecipe"
        },
        {
          "k": "repository_owner",
          "v": "Gay-Jeremy"
        },
        {
          "k": "repository_owner_id",
          "v": "234244527"
        },
        {
          "k": "repositoryUrl",
          "v": "git://github.com/Gay-Jeremy/MyRecipe.git"
        },
        {
          "k": "run_id",
          "v": "27405871553"
        },
        {
          "k": "run_number",
          "v": "26"
        },
        {
          "k": "retention_days",
          "v": "90"
        },
        {
          "k": "run_attempt",
          "v": "1"
        },
        {
          "k": "artifact_cache_size_limit",
          "v": "10"
        },
        {
          "k": "repository_visibility",
          "v": "public"
        },
        {
          "k": "actor_id",
          "v": "234244527"
        },
        {
          "k": "actor",
          "v": "Gay-Jeremy"
        },
        {
          "k": "workflow",
          "v": "Java CI"
        },
        {
          "k": "head_ref",
          "v": ""
        },
        {
          "k": "base_ref",
          "v": ""
        },
        {
          "k": "event_name",
          "v": "push"
        },
        {
          "k": "server_url",
          "v": "https://github.com"
        },
        {
          "k": "api_url",
          "v": "https://api.github.com"
        },
        {
          "k": "graphql_url",
          "v": "https://api.github.com/graphql"
        },
        {
          "k": "ref_name",
          "v": "master"
        },
        {
          "k": "ref_protected",
          "v": false
        },
        {
          "k": "ref_type",
          "v": "branch"
        },
        {
          "k": "secret_source",
          "v": "Actions"
        },
        {
          "k": "event",
          "v": {
            "t": 2,
            "d": [
              {
                "k": "after",
                "v": "49aa29eda2d507355d8f27e1de33f4cade0741f4"
              },
              {
                "k": "base_ref",
                "v": null
              },
              {
                "k": "before",
                "v": "00b411aec8325988d70cf8a0b7c95af837e7e7e8"
              },
              {
                "k": "commits",
                "v": {
                  "t": 1,
                  "a": [
                    {
                      "t": 2,
                      "d": [
                        {
                          "k": "author",
                          "v": {
                            "t": 2,
                            "d": [
                              {
                                "k": "email",
                                "v": "jeremy.gay.dev@gmail.com"
                              },
                              {
                                "k": "name",
                                "v": "Jeremy.Dev"
                              },
                              {
                                "k": "username",
                                "v": "Gay-Jeremy"
                              }
                            ]
                          }
                        },
                        {
                          "k": "committer",
                          "v": {
                            "t": 2,
                            "d": [
                              {
                                "k": "email",
                                "v": "jeremy.gay.dev@gmail.com"
                              },
                              {
                                "k": "name",
                                "v": "Jeremy.Dev"
                              },
                              {
                                "k": "username",
                                "v": "Gay-Jeremy"
                              }
                            ]
                          }
                        },
                        {
                          "k": "distinct",
                          "v": true
                        },
                        {
                          "k": "id",
                          "v": "49aa29eda2d507355d8f27e1de33f4cade0741f4"
                        },
                        {
                          "k": "message",
                          "v": "fix: modification deploy"
                        },
                        {
                          "k": "timestamp",
                          "v": "2026-06-12T11:02:03+02:00"
                        },
                        {
                          "k": "tree_id",
                          "v": "afb31f3811203e43d95b011e933b5923f14fea1e"
                        },
                        {
                          "k": "url",
                          "v": "https://github.com/Gay-Jeremy/MyRecipe/commit/49aa29eda2d507355d8f27e1de33f4cade0741f4"
                        }
                      ]
                    }
                  ]
                }
              },
              {
                "k": "compare",
                "v": "https://github.com/Gay-Jeremy/MyRecipe/compare/00b411aec832...49aa29eda2d5"
              },
              {
                "k": "created",
                "v": false
              },
              {
                "k": "deleted",
                "v": false
              },
              {
                "k": "forced",
                "v": false
              },
              {
                "k": "head_commit",
                "v": {
                  "t": 2,
                  "d": [
                    {
                      "k": "author",
                      "v": {
                        "t": 2,
                        "d": [
                          {
                            "k": "email",
                            "v": "jeremy.gay.dev@gmail.com"
                          },
                          {
                            "k": "name",
                            "v": "Jeremy.Dev"
                          },
                          {
                            "k": "username",
                            "v": "Gay-Jeremy"
                          }
                        ]
                      }
                    },
                    {
                      "k": "committer",
                      "v": {
                        "t": 2,
                        "d": [
                          {
                            "k": "email",
                            "v": "jeremy.gay.dev@gmail.com"
                          },
                          {
                            "k": "name",
                            "v": "Jeremy.Dev"
                          },
                          {
                            "k": "username",
                            "v": "Gay-Jeremy"
                          }
                        ]
                      }
                    },
                    {
                      "k": "distinct",
                      "v": true
                    },
                    {
                      "k": "id",
                      "v": "49aa29eda2d507355d8f27e1de33f4cade0741f4"
                    },
                    {
                      "k": "message",
                      "v": "fix: modification deploy"
                    },
                    {
                      "k": "timestamp",
                      "v": "2026-06-12T11:02:03+02:00"
                    },
                    {
                      "k": "tree_id",
                      "v": "afb31f3811203e43d95b011e933b5923f14fea1e"
                    },
                    {
                      "k": "url",
                      "v": "https://github.com/Gay-Jeremy/MyRecipe/commit/49aa29eda2d507355d8f27e1de33f4cade0741f4"
                    }
                  ]
                }
              },
              {
                "k": "pusher",
                "v": {
                  "t": 2,
                  "d": [
                    {
                      "k": "email",
                      "v": "jeremy.gay.dev@gmail.com"
                    },
                    {
                      "k": "name",
                      "v": "Gay-Jeremy"
                    }
                  ]
                }
              },
              {
                "k": "ref",
                "v": "refs/heads/master"
              },
              {
                "k": "repository",
                "v": {
                  "t": 2,
                  "d": [
                    {
                      "k": "allow_forking",
                      "v": true
                    },
                    {
                      "k": "archive_url",
                      "v": "https://api.github.com/repos/Gay-Jeremy/MyRecipe/{archive_format}{/ref}"
                    },
                    {
                      "k": "archived",
                      "v": false
                    },
                    {
                      "k": "assignees_url",
                      "v": "https://api.github.com/repos/Gay-Jeremy/MyRecipe/assignees{/user}"
                    },
                    {
                      "k": "blobs_url",
                      "v": "https://api.github.com/repos/Gay-Jeremy/MyRecipe/git/blobs{/sha}"
                    },
                    {
                      "k": "branches_url",
                      "v": "https://api.github.com/repos/Gay-Jeremy/MyRecipe/branches{/branch}"
                    },
                    {
                      "k": "clone_url",
                      "v": "https://github.com/Gay-Jeremy/MyRecipe.git"
                    },
                    {
                      "k": "collaborators_url",
                      "v": "https://api.github.com/repos/Gay-Jeremy/MyRecipe/collaborators{/collaborator}"
                    },
                    {
                      "k": "comments_url",
                      "v": "https://api.github.com/repos/Gay-Jeremy/MyRecipe/comments{/number}"
                    },
                    {
                      "k": "commits_url",
                      "v": "https://api.github.com/repos/Gay-Jeremy/MyRecipe/commits{/sha}"
                    },
                    {
                      "k": "compare_url",
                      "v": "https://api.github.com/repos/Gay-Jeremy/MyRecipe/compare/{base}...{head}"
                    },
                    {
                      "k": "contents_url",
                      "v": "https://api.github.com/repos/Gay-Jeremy/MyRecipe/contents/{+path}"
                    },
                    {
                      "k": "contributors_url",
                      "v": "https://api.github.com/repos/Gay-Jeremy/MyRecipe/contributors"
                    },
                    {
                      "k": "created_at",
                      "v": 1780641910.0
                    },
                    {
                      "k": "default_branch",
                      "v": "master"
                    },
                    {
                      "k": "deployments_url",
                      "v": "https://api.github.com/repos/Gay-Jeremy/MyRecipe/deployments"
                    },
                    {
                      "k": "description",
                      "v": null
                    },
                    {
                      "k": "disabled",
                      "v": false
                    },
                    {
                      "k": "downloads_url",
                      "v": "https://api.github.com/repos/Gay-Jeremy/MyRecipe/downloads"
                    },
                    {
                      "k": "events_url",
                      "v": "https://api.github.com/repos/Gay-Jeremy/MyRecipe/events"
                    },
                    {
                      "k": "fork",
                      "v": false
                    },
                    {
                      "k": "forks",
                      "v": 0.0
                    },
                    {
                      "k": "forks_count",
                      "v": 0.0
                    },
                    {
                      "k": "forks_url",
                      "v": "https://api.github.com/repos/Gay-Jeremy/MyRecipe/forks"
                    },
                    {
                      "k": "full_name",
                      "v": "Gay-Jeremy/MyRecipe"
                    },
                    {
                      "k": "git_commits_url",
                      "v": "https://api.github.com/repos/Gay-Jeremy/MyRecipe/git/commits{/sha}"
                    },
                    {
                      "k": "git_refs_url",
                      "v": "https://api.github.com/repos/Gay-Jeremy/MyRecipe/git/refs{/sha}"
                    },
                    {
                      "k": "git_tags_url",
                      "v": "https://api.github.com/repos/Gay-Jeremy/MyRecipe/git/tags{/sha}"
                    },
                    {
                      "k": "git_url",
                      "v": "git://github.com/Gay-Jeremy/MyRecipe.git"
                    },
                    {
                      "k": "has_discussions",
                      "v": false
                    },
                    {
                      "k": "has_downloads",
                      "v": true
                    },
                    {
                      "k": "has_issues",
                      "v": true
                    },
                    {
                      "k": "has_pages",
                      "v": false
                    },
                    {
                      "k": "has_projects",
                      "v": true
                    },
                    {
                      "k": "has_pull_requests",
                      "v": true
                    },
                    {
                      "k": "has_wiki",
                      "v": true
                    },
                    {
                      "k": "homepage",
                      "v": null
                    },
                    {
                      "k": "hooks_url",
                      "v": "https://api.github.com/repos/Gay-Jeremy/MyRecipe/hooks"
                    },
                    {
                      "k": "html_url",
                      "v": "https://github.com/Gay-Jeremy/MyRecipe"
                    },
                    {
                      "k": "id",
                      "v": 1260098684.0
                    },
                    {
                      "k": "is_template",
                      "v": false
                    },
                    {
                      "k": "issue_comment_url",
                      "v": "https://api.github.com/repos/Gay-Jeremy/MyRecipe/issues/comments{/number}"
                    },
                    {
                      "k": "issue_events_url",
                      "v": "https://api.github.com/repos/Gay-Jeremy/MyRecipe/issues/events{/number}"
                    },
                    {
                      "k": "issues_url",
                      "v": "https://api.github.com/repos/Gay-Jeremy/MyRecipe/issues{/number}"
                    },
                    {
                      "k": "keys_url",
                      "v": "https://api.github.com/repos/Gay-Jeremy/MyRecipe/keys{/key_id}"
                    },
                    {
                      "k": "labels_url",
                      "v": "https://api.github.com/repos/Gay-Jeremy/MyRecipe/labels{/name}"
                    },
                    {
                      "k": "language",
                      "v": "JavaScript"
                    },
                    {
                      "k": "languages_url",
                      "v": "https://api.github.com/repos/Gay-Jeremy/MyRecipe/languages"
                    },
                    {
                      "k": "license",
                      "v": null
                    },
                    {
                      "k": "master_branch",
                      "v": "master"
                    },
                    {
                      "k": "merges_url",
                      "v": "https://api.github.com/repos/Gay-Jeremy/MyRecipe/merges"
                    },
                    {
                      "k": "milestones_url",
                      "v": "https://api.github.com/repos/Gay-Jeremy/MyRecipe/milestones{/number}"
                    },
                    {
                      "k": "mirror_url",
                      "v": null
                    },
                    {
                      "k": "name",
                      "v": "MyRecipe"
                    },
                    {
                      "k": "node_id",
                      "v": "R_kgDOSxuUfA"
                    },
                    {
                      "k": "notifications_url",
                      "v": "https://api.github.com/repos/Gay-Jeremy/MyRecipe/notifications{?since,all,participating}"
                    },
                    {
                      "k": "open_issues",
                      "v": 0.0
                    },
                    {
                      "k": "open_issues_count",
                      "v": 0.0
                    },
                    {
                      "k": "owner",
                      "v": {
                        "t": 2,
                        "d": [
                          {
                            "k": "avatar_url",
                            "v": "https://avatars.githubusercontent.com/u/234244527?v=4"
                          },
                          {
                            "k": "email",
                            "v": "jeremy.gay.dev@gmail.com"
                          },
                          {
                            "k": "events_url",
                            "v": "https://api.github.com/users/Gay-Jeremy/events{/privacy}"
                          },
                          {
                            "k": "followers_url",
                            "v": "https://api.github.com/users/Gay-Jeremy/followers"
                          },
                          {
                            "k": "following_url",
                            "v": "https://api.github.com/users/Gay-Jeremy/following{/other_user}"
                          },
                          {
                            "k": "gists_url",
                            "v": "https://api.github.com/users/Gay-Jeremy/gists{/gist_id}"
                          },
                          {
                            "k": "gravatar_id",
                            "v": ""
                          },
                          {
                            "k": "html_url",
                            "v": "https://github.com/Gay-Jeremy"
                          },
                          {
                            "k": "id",
                            "v": 234244527.0
                          },
                          {
                            "k": "login",
                            "v": "Gay-Jeremy"
                          },
                          {
                            "k": "name",
                            "v": "Gay-Jeremy"
                          },
                          {
                            "k": "node_id",
                            "v": "U_kgDODfZJrw"
                          },
                          {
                            "k": "organizations_url",
                            "v": "https://api.github.com/users/Gay-Jeremy/orgs"
                          },
                          {
                            "k": "received_events_url",
                            "v": "https://api.github.com/users/Gay-Jeremy/received_events"
                          },
                          {
                            "k": "repos_url",
                            "v": "https://api.github.com/users/Gay-Jeremy/repos"
                          },
                          {
                            "k": "site_admin",
                            "v": false
                          },
                          {
                            "k": "starred_url",
                            "v": "https://api.github.com/users/Gay-Jeremy/starred{/owner}{/repo}"
                          },
                          {
                            "k": "subscriptions_url",
                            "v": "https://api.github.com/users/Gay-Jeremy/subscriptions"
                          },
                          {
                            "k": "type",
                            "v": "User"
                          },
                          {
                            "k": "url",
                            "v": "https://api.github.com/users/Gay-Jeremy"
                          },
                          {
                            "k": "user_view_type",
                            "v": "public"
                          }
                        ]
                      }
                    },
                    {
                      "k": "private",
                      "v": false
                    },
                    {
                      "k": "pull_request_creation_policy",
                      "v": "all"
                    },
                    {
                      "k": "pulls_url",
                      "v": "https://api.github.com/repos/Gay-Jeremy/MyRecipe/pulls{/number}"
                    },
                    {
                      "k": "pushed_at",
                      "v": 1781254932.0
                    },
                    {
                      "k": "releases_url",
                      "v": "https://api.github.com/repos/Gay-Jeremy/MyRecipe/releases{/id}"
                    },
                    {
                      "k": "size",
                      "v": 34.0
                    },
                    {
                      "k": "ssh_url",
                      "v": "git@github.com:Gay-Jeremy/MyRecipe.git"
                    },
                    {
                      "k": "stargazers",
                      "v": 0.0
                    },
                    {
                      "k": "stargazers_count",
                      "v": 0.0
                    },
                    {
                      "k": "stargazers_url",
                      "v": "https://api.github.com/repos/Gay-Jeremy/MyRecipe/stargazers"
                    },
                    {
                      "k": "statuses_url",
                      "v": "https://api.github.com/repos/Gay-Jeremy/MyRecipe/statuses/{sha}"
                    },
                    {
                      "k": "subscribers_url",
                      "v": "https://api.github.com/repos/Gay-Jeremy/MyRecipe/subscribers"
                    },
                    {
                      "k": "subscription_url",
                      "v": "https://api.github.com/repos/Gay-Jeremy/MyRecipe/subscription"
                    },
                    {
                      "k": "svn_url",
                      "v": "https://github.com/Gay-Jeremy/MyRecipe"
                    },
                    {
                      "k": "tags_url",
                      "v": "https://api.github.com/repos/Gay-Jeremy/MyRecipe/tags"
                    },
                    {
                      "k": "teams_url",
                      "v": "https://api.github.com/repos/Gay-Jeremy/MyRecipe/teams"
                    },
                    {
                      "k": "topics",
                      "v": {
                        "t": 1
                      }
                    },
                    {
                      "k": "trees_url",
                      "v": "https://api.github.com/repos/Gay-Jeremy/MyRecipe/git/trees{/sha}"
                    },
                    {
                      "k": "updated_at",
                      "v": "2026-06-12T08:50:38Z"
                    },
                    {
                      "k": "url",
                      "v": "https://api.github.com/repos/Gay-Jeremy/MyRecipe"
                    },
                    {
                      "k": "visibility",
                      "v": "public"
                    },
                    {
                      "k": "watchers",
                      "v": 0.0
                    },
                    {
                      "k": "watchers_count",
                      "v": 0.0
                    },
                    {
                      "k": "web_commit_signoff_required",
                      "v": false
                    }
                  ]
                }
              },
              {
                "k": "sender",
                "v": {
                  "t": 2,
                  "d": [
                    {
                      "k": "avatar_url",
                      "v": "https://avatars.githubusercontent.com/u/234244527?v=4"
                    },
                    {
                      "k": "events_url",
                      "v": "https://api.github.com/users/Gay-Jeremy/events{/privacy}"
                    },
                    {
                      "k": "followers_url",
                      "v": "https://api.github.com/users/Gay-Jeremy/followers"
                    },
                    {
                      "k": "following_url",
                      "v": "https://api.github.com/users/Gay-Jeremy/following{/other_user}"
                    },
                    {
                      "k": "gists_url",
                      "v": "https://api.github.com/users/Gay-Jeremy/gists{/gist_id}"
                    },
                    {
                      "k": "gravatar_id",
                      "v": ""
                    },
                    {
                      "k": "html_url",
                      "v": "https://github.com/Gay-Jeremy"
                    },
                    {
                      "k": "id",
                      "v": 234244527.0
                    },
                    {
                      "k": "login",
                      "v": "Gay-Jeremy"
                    },
                    {
                      "k": "node_id",
                      "v": "U_kgDODfZJrw"
                    },
                    {
                      "k": "organizations_url",
                      "v": "https://api.github.com/users/Gay-Jeremy/orgs"
                    },
                    {
                      "k": "received_events_url",
                      "v": "https://api.github.com/users/Gay-Jeremy/received_events"
                    },
                    {
                      "k": "repos_url",
                      "v": "https://api.github.com/users/Gay-Jeremy/repos"
                    },
                    {
                      "k": "site_admin",
                      "v": false
                    },
                    {
                      "k": "starred_url",
                      "v": "https://api.github.com/users/Gay-Jeremy/starred{/owner}{/repo}"
                    },
                    {
                      "k": "subscriptions_url",
                      "v": "https://api.github.com/users/Gay-Jeremy/subscriptions"
                    },
                    {
                      "k": "type",
                      "v": "User"
                    },
                    {
                      "k": "url",
                      "v": "https://api.github.com/users/Gay-Jeremy"
                    },
                    {
                      "k": "user_view_type",
                      "v": "public"
                    }
                  ]
                }
              }
            ]
          }
        },
        {
          "k": "workflow_ref",
          "v": "Gay-Jeremy/MyRecipe/.github/workflows/ci.yml@refs/heads/master"
        },
        {
          "k": "workflow_sha",
          "v": "49aa29eda2d507355d8f27e1de33f4cade0741f4"
        },
        {
          "k": "repository_id",
          "v": "1260098684"
        },
        {
          "k": "triggering_actor",
          "v": "Gay-Jeremy"
        }
      ]
    },
    "inputs": {
      "t": 2
    },
    "job": {
      "t": 2,
      "d": [
        {
          "k": "check_run_id",
          "v": 80995050263.0
        },
        {
          "k": "workflow_ref",
          "v": "Gay-Jeremy/MyRecipe/.github/workflows/ci.yml@refs/heads/master"
        },
        {
          "k": "workflow_sha",
          "v": "49aa29eda2d507355d8f27e1de33f4cade0741f4"
        },
        {
          "k": "workflow_repository",
          "v": "Gay-Jeremy/MyRecipe"
        },
        {
          "k": "workflow_file_path",
          "v": ".github/workflows/ci.yml"
        }
      ]
    },
    "matrix": null,
    "needs": {
      "t": 2,
      "d": [
        {
          "k": "docker-push",
          "v": {
            "t": 2,
            "d": [
              {
                "k": "result",
                "v": "success"
              },
              {
                "k": "outputs",
                "v": {
                  "t": 2
                }
              }
            ]
          }
        }
      ]
    },
    "strategy": {
      "t": 2,
      "d": [
        {
          "k": "fail-fast",
          "v": true
        },
        {
          "k": "job-index",
          "v": 0.0
        },
        {
          "k": "job-total",
          "v": 1.0
        },
        {
          "k": "max-parallel",
          "v": 1.0
        }
      ]
    },
    "vars": {
      "t": 2
    }
  },
  "billingOwnerId": "U_kgDODfZJrw"
}
[2026-06-12 09:03:57Z INFO JobRunner] Job ID 89f1f272-4cfc-5743-8e82-9921ee6e2c59
[2026-06-12 09:03:57Z INFO ConfigurationStore] currentAssemblyLocation: C:\Users\Stagiaire\Desktop\COURS\DevOps\MyRecipeAPI\actions-runner\bin\Runner.Worker.dll
[2026-06-12 09:03:57Z INFO HostContext] Well known directory 'Bin': 'C:\Users\Stagiaire\Desktop\COURS\DevOps\MyRecipeAPI\actions-runner\bin'
[2026-06-12 09:03:57Z INFO ConfigurationStore] binPath: C:\Users\Stagiaire\Desktop\COURS\DevOps\MyRecipeAPI\actions-runner\bin
[2026-06-12 09:03:57Z INFO HostContext] Well known directory 'Bin': 'C:\Users\Stagiaire\Desktop\COURS\DevOps\MyRecipeAPI\actions-runner\bin'
[2026-06-12 09:03:57Z INFO HostContext] Well known directory 'Root': 'C:\Users\Stagiaire\Desktop\COURS\DevOps\MyRecipeAPI\actions-runner'
[2026-06-12 09:03:57Z INFO ConfigurationStore] RootFolder: C:\Users\Stagiaire\Desktop\COURS\DevOps\MyRecipeAPI\actions-runner
[2026-06-12 09:03:57Z INFO HostContext] Well known directory 'Bin': 'C:\Users\Stagiaire\Desktop\COURS\DevOps\MyRecipeAPI\actions-runner\bin'
[2026-06-12 09:03:57Z INFO HostContext] Well known directory 'Root': 'C:\Users\Stagiaire\Desktop\COURS\DevOps\MyRecipeAPI\actions-runner'
[2026-06-12 09:03:57Z INFO HostContext] Well known config file 'Runner': 'C:\Users\Stagiaire\Desktop\COURS\DevOps\MyRecipeAPI\actions-runner\.runner'
[2026-06-12 09:03:57Z INFO ConfigurationStore] ConfigFilePath: C:\Users\Stagiaire\Desktop\COURS\DevOps\MyRecipeAPI\actions-runner\.runner
[2026-06-12 09:03:57Z INFO HostContext] Well known directory 'Bin': 'C:\Users\Stagiaire\Desktop\COURS\DevOps\MyRecipeAPI\actions-runner\bin'
[2026-06-12 09:03:57Z INFO HostContext] Well known directory 'Root': 'C:\Users\Stagiaire\Desktop\COURS\DevOps\MyRecipeAPI\actions-runner'
[2026-06-12 09:03:57Z INFO HostContext] Well known config file 'MigratedRunner': 'C:\Users\Stagiaire\Desktop\COURS\DevOps\MyRecipeAPI\actions-runner\.runner_migrated'
[2026-06-12 09:03:57Z INFO ConfigurationStore] MigratedConfigFilePath: C:\Users\Stagiaire\Desktop\COURS\DevOps\MyRecipeAPI\actions-runner\.runner_migrated
[2026-06-12 09:03:57Z INFO HostContext] Well known directory 'Bin': 'C:\Users\Stagiaire\Desktop\COURS\DevOps\MyRecipeAPI\actions-runner\bin'
[2026-06-12 09:03:57Z INFO HostContext] Well known directory 'Root': 'C:\Users\Stagiaire\Desktop\COURS\DevOps\MyRecipeAPI\actions-runner'
[2026-06-12 09:03:57Z INFO HostContext] Well known config file 'Credentials': 'C:\Users\Stagiaire\Desktop\COURS\DevOps\MyRecipeAPI\actions-runner\.credentials'
[2026-06-12 09:03:57Z INFO ConfigurationStore] CredFilePath: C:\Users\Stagiaire\Desktop\COURS\DevOps\MyRecipeAPI\actions-runner\.credentials
[2026-06-12 09:03:57Z INFO HostContext] Well known directory 'Bin': 'C:\Users\Stagiaire\Desktop\COURS\DevOps\MyRecipeAPI\actions-runner\bin'
[2026-06-12 09:03:57Z INFO HostContext] Well known directory 'Root': 'C:\Users\Stagiaire\Desktop\COURS\DevOps\MyRecipeAPI\actions-runner'
[2026-06-12 09:03:57Z INFO HostContext] Well known config file 'MigratedCredentials': 'C:\Users\Stagiaire\Desktop\COURS\DevOps\MyRecipeAPI\actions-runner\.credentials_migrated'
[2026-06-12 09:03:57Z INFO ConfigurationStore] MigratedCredFilePath: C:\Users\Stagiaire\Desktop\COURS\DevOps\MyRecipeAPI\actions-runner\.credentials_migrated
[2026-06-12 09:03:57Z INFO HostContext] Well known directory 'Bin': 'C:\Users\Stagiaire\Desktop\COURS\DevOps\MyRecipeAPI\actions-runner\bin'
[2026-06-12 09:03:57Z INFO HostContext] Well known directory 'Root': 'C:\Users\Stagiaire\Desktop\COURS\DevOps\MyRecipeAPI\actions-runner'
[2026-06-12 09:03:57Z INFO HostContext] Well known config file 'Service': 'C:\Users\Stagiaire\Desktop\COURS\DevOps\MyRecipeAPI\actions-runner\.service'
[2026-06-12 09:03:57Z INFO ConfigurationStore] ServiceConfigFilePath: C:\Users\Stagiaire\Desktop\COURS\DevOps\MyRecipeAPI\actions-runner\.service
[2026-06-12 09:03:57Z INFO ConfigurationStore] Read setting file: 393 chars
[2026-06-12 09:03:57Z INFO JobRunner] Initializing launch client
[2026-06-12 09:03:57Z INFO JobServerQueue] Initializing results client
[2026-06-12 09:03:57Z INFO ResultServer] Creating websocket client ...wss://results-receiver.actions.githubusercontent.com/_ws/ingest.sock
[2026-06-12 09:03:57Z INFO ResultServer] Attempting to start websocket client with delay 00:00:00.
[2026-06-12 09:03:57Z INFO JobServerQueue] Start process web console line queue.
[2026-06-12 09:03:57Z INFO JobServerQueue] Start process file upload queue.
[2026-06-12 09:03:57Z INFO JobServerQueue] Start results file upload queue.
[2026-06-12 09:03:57Z INFO JobServerQueue] Starting results-based upload queue...
[2026-06-12 09:03:57Z INFO JobServerQueue] Start process timeline update queue.
[2026-06-12 09:03:57Z INFO ExecutionContext] Initializing Job context
[2026-06-12 09:03:57Z INFO ExecutionContext] Initialize GitHub context
[2026-06-12 09:03:57Z INFO ExecutionContext] Initialize Env context
[2026-06-12 09:03:57Z INFO HostContext] Well known directory 'Bin': 'C:\Users\Stagiaire\Desktop\COURS\DevOps\MyRecipeAPI\actions-runner\bin'
[2026-06-12 09:03:57Z INFO HostContext] Well known directory 'Root': 'C:\Users\Stagiaire\Desktop\COURS\DevOps\MyRecipeAPI\actions-runner'
[2026-06-12 09:03:57Z INFO HostContext] Well known directory 'Diag': 'C:\Users\Stagiaire\Desktop\COURS\DevOps\MyRecipeAPI\actions-runner\_diag'
[2026-06-12 09:03:57Z INFO HostContext] Well known directory 'Bin': 'C:\Users\Stagiaire\Desktop\COURS\DevOps\MyRecipeAPI\actions-runner\bin'
[2026-06-12 09:03:57Z INFO HostContext] Well known directory 'Root': 'C:\Users\Stagiaire\Desktop\COURS\DevOps\MyRecipeAPI\actions-runner'
[2026-06-12 09:03:57Z INFO HostContext] Well known directory 'Diag': 'C:\Users\Stagiaire\Desktop\COURS\DevOps\MyRecipeAPI\actions-runner\_diag'
[2026-06-12 09:03:57Z INFO JobRunner] Starting the job execution context.
[2026-06-12 09:03:57Z INFO HostContext] Well known directory 'Bin': 'C:\Users\Stagiaire\Desktop\COURS\DevOps\MyRecipeAPI\actions-runner\bin'
[2026-06-12 09:03:57Z INFO HostContext] Well known directory 'Root': 'C:\Users\Stagiaire\Desktop\COURS\DevOps\MyRecipeAPI\actions-runner'
[2026-06-12 09:03:57Z INFO HostContext] Well known directory 'Work': 'C:\Users\Stagiaire\Desktop\COURS\DevOps\MyRecipeAPI\actions-runner\_work'
[2026-06-12 09:03:57Z INFO JobRunner] Validating directory permissions for: 'C:\Users\Stagiaire\Desktop\COURS\DevOps\MyRecipeAPI\actions-runner\_work'
[2026-06-12 09:03:57Z INFO HostContext] Well known directory 'Bin': 'C:\Users\Stagiaire\Desktop\COURS\DevOps\MyRecipeAPI\actions-runner\bin'
[2026-06-12 09:03:57Z INFO HostContext] Well known directory 'Root': 'C:\Users\Stagiaire\Desktop\COURS\DevOps\MyRecipeAPI\actions-runner'
[2026-06-12 09:03:57Z INFO HostContext] Well known directory 'Work': 'C:\Users\Stagiaire\Desktop\COURS\DevOps\MyRecipeAPI\actions-runner\_work'
[2026-06-12 09:03:57Z INFO HostContext] Well known directory 'Tools': 'C:\Users\Stagiaire\Desktop\COURS\DevOps\MyRecipeAPI\actions-runner\_work\_tool'
[2026-06-12 09:03:57Z INFO HostContext] Well known directory 'Bin': 'C:\Users\Stagiaire\Desktop\COURS\DevOps\MyRecipeAPI\actions-runner\bin'
[2026-06-12 09:03:57Z INFO HostContext] Well known directory 'Root': 'C:\Users\Stagiaire\Desktop\COURS\DevOps\MyRecipeAPI\actions-runner'
[2026-06-12 09:03:57Z INFO HostContext] Well known directory 'Work': 'C:\Users\Stagiaire\Desktop\COURS\DevOps\MyRecipeAPI\actions-runner\_work'
[2026-06-12 09:03:57Z INFO HostContext] Well known directory 'Temp': 'C:\Users\Stagiaire\Desktop\COURS\DevOps\MyRecipeAPI\actions-runner\_work\_temp'
[2026-06-12 09:03:57Z INFO JobRunner] Getting job extension.
[2026-06-12 09:03:57Z INFO JobRunner] Initialize job. Getting all job steps.
[2026-06-12 09:03:57Z INFO HostContext] Well known directory 'Bin': 'C:\Users\Stagiaire\Desktop\COURS\DevOps\MyRecipeAPI\actions-runner\bin'
[2026-06-12 09:03:57Z INFO HostContext] Well known directory 'Root': 'C:\Users\Stagiaire\Desktop\COURS\DevOps\MyRecipeAPI\actions-runner'
[2026-06-12 09:03:57Z INFO HostContext] Well known directory 'Diag': 'C:\Users\Stagiaire\Desktop\COURS\DevOps\MyRecipeAPI\actions-runner\_diag'
[2026-06-12 09:03:57Z INFO HostContext] Well known directory 'Bin': 'C:\Users\Stagiaire\Desktop\COURS\DevOps\MyRecipeAPI\actions-runner\bin'
[2026-06-12 09:03:57Z INFO HostContext] Well known directory 'Root': 'C:\Users\Stagiaire\Desktop\COURS\DevOps\MyRecipeAPI\actions-runner'
[2026-06-12 09:03:57Z INFO HostContext] Well known directory 'Diag': 'C:\Users\Stagiaire\Desktop\COURS\DevOps\MyRecipeAPI\actions-runner\_diag'
[2026-06-12 09:03:57Z INFO HostContext] Well known directory 'Bin': 'C:\Users\Stagiaire\Desktop\COURS\DevOps\MyRecipeAPI\actions-runner\bin'
[2026-06-12 09:03:57Z INFO HostContext] Well known directory 'Root': 'C:\Users\Stagiaire\Desktop\COURS\DevOps\MyRecipeAPI\actions-runner'
[2026-06-12 09:03:57Z INFO HostContext] Well known config file 'Credentials': 'C:\Users\Stagiaire\Desktop\COURS\DevOps\MyRecipeAPI\actions-runner\.credentials'
[2026-06-12 09:03:57Z INFO HostContext] Well known directory 'Bin': 'C:\Users\Stagiaire\Desktop\COURS\DevOps\MyRecipeAPI\actions-runner\bin'
[2026-06-12 09:03:57Z INFO HostContext] Well known directory 'Root': 'C:\Users\Stagiaire\Desktop\COURS\DevOps\MyRecipeAPI\actions-runner'
[2026-06-12 09:03:57Z INFO HostContext] Well known config file 'SetupInfo': 'C:\Users\Stagiaire\Desktop\COURS\DevOps\MyRecipeAPI\actions-runner\.setup_info'
[2026-06-12 09:03:57Z INFO HostContext] Well known directory 'Bin': 'C:\Users\Stagiaire\Desktop\COURS\DevOps\MyRecipeAPI\actions-runner\bin'
[2026-06-12 09:03:57Z INFO HostContext] Well known directory 'Root': 'C:\Users\Stagiaire\Desktop\COURS\DevOps\MyRecipeAPI\actions-runner'
[2026-06-12 09:03:57Z INFO HostContext] Well known directory 'Work': 'C:\Users\Stagiaire\Desktop\COURS\DevOps\MyRecipeAPI\actions-runner\_work'
[2026-06-12 09:03:57Z INFO PipelineDirectoryManager] Loading tracking config if exists: C:\Users\Stagiaire\Desktop\COURS\DevOps\MyRecipeAPI\actions-runner\_work\_PipelineMapping\Gay-Jeremy/MyRecipe\PipelineFolder.json
[2026-06-12 09:03:57Z INFO PipelineDirectoryManager] Updating job run properties.
[2026-06-12 09:03:57Z INFO HostContext] Well known directory 'Bin': 'C:\Users\Stagiaire\Desktop\COURS\DevOps\MyRecipeAPI\actions-runner\bin'
[2026-06-12 09:03:57Z INFO HostContext] Well known directory 'Root': 'C:\Users\Stagiaire\Desktop\COURS\DevOps\MyRecipeAPI\actions-runner'
[2026-06-12 09:03:57Z INFO HostContext] Well known directory 'Work': 'C:\Users\Stagiaire\Desktop\COURS\DevOps\MyRecipeAPI\actions-runner\_work'
[2026-06-12 09:03:57Z INFO HostContext] Well known directory 'Bin': 'C:\Users\Stagiaire\Desktop\COURS\DevOps\MyRecipeAPI\actions-runner\bin'
[2026-06-12 09:03:57Z INFO HostContext] Well known directory 'Root': 'C:\Users\Stagiaire\Desktop\COURS\DevOps\MyRecipeAPI\actions-runner'
[2026-06-12 09:03:57Z INFO HostContext] Well known directory 'Work': 'C:\Users\Stagiaire\Desktop\COURS\DevOps\MyRecipeAPI\actions-runner\_work'
[2026-06-12 09:03:57Z INFO HostContext] Well known directory 'Bin': 'C:\Users\Stagiaire\Desktop\COURS\DevOps\MyRecipeAPI\actions-runner\bin'
[2026-06-12 09:03:57Z INFO HostContext] Well known directory 'Root': 'C:\Users\Stagiaire\Desktop\COURS\DevOps\MyRecipeAPI\actions-runner'
[2026-06-12 09:03:57Z INFO HostContext] Well known directory 'Work': 'C:\Users\Stagiaire\Desktop\COURS\DevOps\MyRecipeAPI\actions-runner\_work'
[2026-06-12 09:03:57Z INFO JobExtension] Downloading actions
[2026-06-12 09:03:57Z INFO HostContext] Well known directory 'Bin': 'C:\Users\Stagiaire\Desktop\COURS\DevOps\MyRecipeAPI\actions-runner\bin'
[2026-06-12 09:03:57Z INFO HostContext] Well known directory 'Root': 'C:\Users\Stagiaire\Desktop\COURS\DevOps\MyRecipeAPI\actions-runner'
[2026-06-12 09:03:57Z INFO HostContext] Well known directory 'Work': 'C:\Users\Stagiaire\Desktop\COURS\DevOps\MyRecipeAPI\actions-runner\_work'
[2026-06-12 09:03:57Z INFO HostContext] Well known directory 'Actions': 'C:\Users\Stagiaire\Desktop\COURS\DevOps\MyRecipeAPI\actions-runner\_work\_actions'
[2026-06-12 09:03:57Z INFO Worker] Listening for cancel message from the channel.
[2026-06-12 09:03:57Z INFO Worker] Waiting for the job to complete or for a cancel message from the channel.
[2026-06-12 09:03:57Z INFO ResultServer] Successfully started websocket client.
[2026-06-12 09:03:57Z INFO JobServerQueue] Try to append 1 batches web console lines for record '75b6358d-0caf-4327-bc32-a252e39db95b', success rate: 1/1.
[2026-06-12 09:03:58Z INFO HostContext] Well known directory 'Bin': 'C:\Users\Stagiaire\Desktop\COURS\DevOps\MyRecipeAPI\actions-runner\bin'
[2026-06-12 09:03:58Z INFO HostContext] Well known directory 'Root': 'C:\Users\Stagiaire\Desktop\COURS\DevOps\MyRecipeAPI\actions-runner'
[2026-06-12 09:03:58Z INFO HostContext] Well known directory 'Work': 'C:\Users\Stagiaire\Desktop\COURS\DevOps\MyRecipeAPI\actions-runner\_work'
[2026-06-12 09:03:58Z INFO HostContext] Well known directory 'Actions': 'C:\Users\Stagiaire\Desktop\COURS\DevOps\MyRecipeAPI\actions-runner\_work\_actions'
[2026-06-12 09:03:58Z INFO HostContext] Well known directory 'Bin': 'C:\Users\Stagiaire\Desktop\COURS\DevOps\MyRecipeAPI\actions-runner\bin'
[2026-06-12 09:03:58Z INFO HostContext] Well known directory 'Root': 'C:\Users\Stagiaire\Desktop\COURS\DevOps\MyRecipeAPI\actions-runner'
[2026-06-12 09:03:58Z INFO HostContext] Well known directory 'Work': 'C:\Users\Stagiaire\Desktop\COURS\DevOps\MyRecipeAPI\actions-runner\_work'
[2026-06-12 09:03:58Z INFO HostContext] Well known directory 'Actions': 'C:\Users\Stagiaire\Desktop\COURS\DevOps\MyRecipeAPI\actions-runner\_work\_actions'
[2026-06-12 09:03:58Z INFO ActionManager] Save archive 'https://codeload.github.com/garygrossgarten/github-action-ssh/zip/3d6a341d282a92d2253ba26640fcc44f1a38ce92' into C:\Users\Stagiaire\Desktop\COURS\DevOps\MyRecipeAPI\actions-runner\_work\_actions\_temp_040299f7-8483-4cf5-941d-88bcfbf14b95\1fcc7c4d-6350-4f9c-b7f4-e3fcb0c702fd.zip.
[2026-06-12 09:03:58Z INFO ActionManager] Using Basic token for action archive download.
[2026-06-12 09:03:58Z INFO JobServerQueue] Job timeline record has been updated for the first time.
[2026-06-12 09:03:58Z INFO JobServerQueue] Try to append 1 batches web console lines for record '75b6358d-0caf-4327-bc32-a252e39db95b', success rate: 1/1.
[2026-06-12 09:03:59Z INFO ActionManager] Request URL: https://codeload.github.com/garygrossgarten/github-action-ssh/zip/3d6a341d282a92d2253ba26640fcc44f1a38ce92 X-GitHub-Request-Id: 0E78:17CDE8:23788B:2CD668:6A2BCB7D Http Status: OK
[2026-06-12 09:03:59Z INFO ActionManager] Finished getting action repository.
[2026-06-12 09:03:59Z INFO HostContext] Well known directory 'Bin': 'C:\Users\Stagiaire\Desktop\COURS\DevOps\MyRecipeAPI\actions-runner\bin'
[2026-06-12 09:03:59Z INFO HostContext] Well known directory 'Root': 'C:\Users\Stagiaire\Desktop\COURS\DevOps\MyRecipeAPI\actions-runner'
[2026-06-12 09:03:59Z INFO HostContext] Well known directory 'Work': 'C:\Users\Stagiaire\Desktop\COURS\DevOps\MyRecipeAPI\actions-runner\_work'
[2026-06-12 09:03:59Z INFO HostContext] Well known directory 'Actions': 'C:\Users\Stagiaire\Desktop\COURS\DevOps\MyRecipeAPI\actions-runner\_work\_actions'
[2026-06-12 09:03:59Z INFO ActionManifestManagerLegacy] Load schema file with definitions: [
  "null",
  "boolean",
  "number",
  "string",
  "sequence",
  "mapping",
  "any",
  "action-root",
  "inputs",
  "input",
  "outputs",
  "output-definition",
  "runs",
  "container-runs",
  "container-runs-args",
  "container-runs-env",
  "node-runs",
  "plugin-runs",
  "composite-runs",
  "composite-steps",
  "composite-step",
  "run-step",
  "uses-step",
  "container-runs-context",
  "output-value",
  "input-default-context",
  "non-empty-string",
  "string-steps-context",
  "boolean-steps-context",
  "step-env",
  "step-if",
  "step-with"
]
[2026-06-12 09:03:59Z INFO ActionManifestManager] Load schema file with definitions: [
  "null",
  "boolean",
  "number",
  "string",
  "sequence",
  "mapping",
  "any",
  "action-root",
  "inputs",
  "input",
  "outputs",
  "output-definition",
  "runs",
  "container-runs",
  "container-runs-args",
  "container-runs-env",
  "node-runs",
  "plugin-runs",
  "composite-runs",
  "composite-steps",
  "composite-step",
  "run-step",
  "uses-step",
  "container-runs-context",
  "output-value",
  "input-default-context",
  "non-empty-string",
  "string-steps-context",
  "boolean-steps-context",
  "step-env",
  "step-if",
  "step-with"
]
[2026-06-12 09:03:59Z INFO HostContext] Well known directory 'Bin': 'C:\Users\Stagiaire\Desktop\COURS\DevOps\MyRecipeAPI\actions-runner\bin'
[2026-06-12 09:03:59Z INFO HostContext] Well known directory 'Root': 'C:\Users\Stagiaire\Desktop\COURS\DevOps\MyRecipeAPI\actions-runner'
[2026-06-12 09:03:59Z INFO HostContext] Well known directory 'Work': 'C:\Users\Stagiaire\Desktop\COURS\DevOps\MyRecipeAPI\actions-runner\_work'
[2026-06-12 09:03:59Z INFO HostContext] Well known directory 'Actions': 'C:\Users\Stagiaire\Desktop\COURS\DevOps\MyRecipeAPI\actions-runner\_work\_actions'
[2026-06-12 09:03:59Z INFO ActionManifestManagerLegacy] Ignore action property author.
[2026-06-12 09:03:59Z INFO ActionManifestManagerLegacy] Ignore action property branding.
[2026-06-12 09:03:59Z INFO ActionManifestManagerLegacy] Loaded action.yml file: {
  "name": "Run SSH command",
  "description": "Github Action to run commands on a remote server using SSH",
  "inputs": {
    "type": 2,
    "map": [
      {
        "key": {
          "type": 0,
          "file": 2,
          "line": 5,
          "col": 3,
          "lit": "command"
        },
        "value": ""
      },
      {
        "key": {
          "type": 0,
          "file": 2,
          "line": 8,
          "col": 3,
          "lit": "host"
        },
        "value": {
          "type": 0,
          "file": 2,
          "line": 11,
          "col": 14,
          "lit": "localhost"
        }
      },
      {
        "key": {
          "type": 0,
          "file": 2,
          "line": 12,
          "col": 3,
          "lit": "username"
        },
        "value": ""
      },
      {
        "key": {
          "type": 0,
          "file": 2,
          "line": 15,
          "col": 3,
          "lit": "port"
        },
        "value": {
          "type": 0,
          "file": 2,
          "line": 18,
          "col": 14,
          "lit": "22"
        }
      },
      {
        "key": {
          "type": 0,
          "file": 2,
          "line": 19,
          "col": 3,
          "lit": "privateKey"
        },
        "value": ""
      },
      {
        "key": {
          "type": 0,
          "file": 2,
          "line": 22,
          "col": 3,
          "lit": "password"
        },
        "value": ""
      },
      {
        "key": {
          "type": 0,
          "file": 2,
          "line": 25,
          "col": 3,
          "lit": "passphrase"
        },
        "value": ""
      },
      {
        "key": {
          "type": 0,
          "file": 2,
          "line": 28,
          "col": 3,
          "lit": "tryKeyboard"
        },
        "value": ""
      }
    ]
  },
  "execution": {
    "executionType": "nodeJS",
    "hasPre": false,
    "hasPost": false,
    "script": "dist/index.js",
    "pre": null,
    "post": null,
    "nodeVersion": "node24",
    "cleanupCondition": "always()",
    "initCondition": "always()"
  },
  "deprecated": null
}
[2026-06-12 09:03:59Z INFO ActionManager] Action node.js file: dist/index.js, no more preparation.
[2026-06-12 09:03:59Z INFO HostContext] Well known directory 'Bin': 'C:\Users\Stagiaire\Desktop\COURS\DevOps\MyRecipeAPI\actions-runner\bin'
[2026-06-12 09:03:59Z INFO HostContext] Well known directory 'Root': 'C:\Users\Stagiaire\Desktop\COURS\DevOps\MyRecipeAPI\actions-runner'
[2026-06-12 09:03:59Z INFO HostContext] Well known directory 'Work': 'C:\Users\Stagiaire\Desktop\COURS\DevOps\MyRecipeAPI\actions-runner\_work'
[2026-06-12 09:03:59Z INFO HostContext] Well known directory 'Actions': 'C:\Users\Stagiaire\Desktop\COURS\DevOps\MyRecipeAPI\actions-runner\_work\_actions'
[2026-06-12 09:03:59Z INFO ActionManager] Load action that reference repository from 'C:\Users\Stagiaire\Desktop\COURS\DevOps\MyRecipeAPI\actions-runner\_work\_actions\garygrossgarten\github-action-ssh\release'
[2026-06-12 09:03:59Z INFO HostContext] Well known directory 'Bin': 'C:\Users\Stagiaire\Desktop\COURS\DevOps\MyRecipeAPI\actions-runner\bin'
[2026-06-12 09:03:59Z INFO HostContext] Well known directory 'Root': 'C:\Users\Stagiaire\Desktop\COURS\DevOps\MyRecipeAPI\actions-runner'
[2026-06-12 09:03:59Z INFO HostContext] Well known directory 'Work': 'C:\Users\Stagiaire\Desktop\COURS\DevOps\MyRecipeAPI\actions-runner\_work'
[2026-06-12 09:03:59Z INFO HostContext] Well known directory 'Actions': 'C:\Users\Stagiaire\Desktop\COURS\DevOps\MyRecipeAPI\actions-runner\_work\_actions'
[2026-06-12 09:03:59Z INFO ActionManifestManagerLegacy] Ignore action property author.
[2026-06-12 09:03:59Z INFO ActionManifestManagerLegacy] Ignore action property branding.
[2026-06-12 09:03:59Z INFO ActionManifestManagerLegacy] Loaded action.yml file: {
  "name": "Run SSH command",
  "description": "Github Action to run commands on a remote server using SSH",
  "inputs": {
    "type": 2,
    "map": [
      {
        "key": {
          "type": 0,
          "file": 2,
          "line": 5,
          "col": 3,
          "lit": "command"
        },
        "value": ""
      },
      {
        "key": {
          "type": 0,
          "file": 2,
          "line": 8,
          "col": 3,
          "lit": "host"
        },
        "value": {
          "type": 0,
          "file": 2,
          "line": 11,
          "col": 14,
          "lit": "localhost"
        }
      },
      {
        "key": {
          "type": 0,
          "file": 2,
          "line": 12,
          "col": 3,
          "lit": "username"
        },
        "value": ""
      },
      {
        "key": {
          "type": 0,
          "file": 2,
          "line": 15,
          "col": 3,
          "lit": "port"
        },
        "value": {
          "type": 0,
          "file": 2,
          "line": 18,
          "col": 14,
          "lit": "22"
        }
      },
      {
        "key": {
          "type": 0,
          "file": 2,
          "line": 19,
          "col": 3,
          "lit": "privateKey"
        },
        "value": ""
      },
      {
        "key": {
          "type": 0,
          "file": 2,
          "line": 22,
          "col": 3,
          "lit": "password"
        },
        "value": ""
      },
      {
        "key": {
          "type": 0,
          "file": 2,
          "line": 25,
          "col": 3,
          "lit": "passphrase"
        },
        "value": ""
      },
      {
        "key": {
          "type": 0,
          "file": 2,
          "line": 28,
          "col": 3,
          "lit": "tryKeyboard"
        },
        "value": ""
      }
    ]
  },
  "execution": {
    "executionType": "nodeJS",
    "hasPre": false,
    "hasPost": false,
    "script": "dist/index.js",
    "pre": null,
    "post": null,
    "nodeVersion": "node24",
    "cleanupCondition": "always()",
    "initCondition": "always()"
  },
  "deprecated": null
}
[2026-06-12 09:03:59Z INFO ActionManager] Action pre node.js file: N/A.
[2026-06-12 09:03:59Z INFO ActionManager] Action node.js file: dist/index.js.
[2026-06-12 09:03:59Z INFO ActionManager] Action post node.js file: N/A.
[2026-06-12 09:03:59Z INFO JobExtension] Adding .
[2026-06-12 09:03:59Z INFO HostContext] Well known directory 'Bin': 'C:\Users\Stagiaire\Desktop\COURS\DevOps\MyRecipeAPI\actions-runner\bin'
[2026-06-12 09:03:59Z INFO HostContext] Well known directory 'Root': 'C:\Users\Stagiaire\Desktop\COURS\DevOps\MyRecipeAPI\actions-runner'
[2026-06-12 09:03:59Z INFO HostContext] Well known directory 'Diag': 'C:\Users\Stagiaire\Desktop\COURS\DevOps\MyRecipeAPI\actions-runner\_diag'
[2026-06-12 09:03:59Z INFO HostContext] Well known directory 'Bin': 'C:\Users\Stagiaire\Desktop\COURS\DevOps\MyRecipeAPI\actions-runner\bin'
[2026-06-12 09:03:59Z INFO HostContext] Well known directory 'Root': 'C:\Users\Stagiaire\Desktop\COURS\DevOps\MyRecipeAPI\actions-runner'
[2026-06-12 09:03:59Z INFO HostContext] Well known directory 'Diag': 'C:\Users\Stagiaire\Desktop\COURS\DevOps\MyRecipeAPI\actions-runner\_diag'
[2026-06-12 09:03:59Z INFO JobExtension] Total accessible running process: 279.
[2026-06-12 09:03:59Z INFO HostContext] Well known directory 'Bin': 'C:\Users\Stagiaire\Desktop\COURS\DevOps\MyRecipeAPI\actions-runner\bin'
[2026-06-12 09:03:59Z INFO HostContext] Well known directory 'Root': 'C:\Users\Stagiaire\Desktop\COURS\DevOps\MyRecipeAPI\actions-runner'
[2026-06-12 09:03:59Z INFO HostContext] Well known directory 'Work': 'C:\Users\Stagiaire\Desktop\COURS\DevOps\MyRecipeAPI\actions-runner\_work'
[2026-06-12 09:03:59Z INFO JobExtension] Start checking server connectivity.
[2026-06-12 09:03:59Z INFO JobExtension] Check server connectivity for https://broker.actions.githubusercontent.com/health.
[2026-06-12 09:03:59Z INFO JobExtension] Check server connectivity for https://token.actions.githubusercontent.com/ready.
[2026-06-12 09:03:59Z INFO JobExtension] Check server connectivity for https://run.actions.githubusercontent.com/health.
[2026-06-12 09:03:59Z INFO JobExtension] Start checking service connectivity in background.
[2026-06-12 09:03:59Z INFO ExecutionContext] Publish step telemetry for current step {
  "action": "setup_job",
  "type": "runner",
  "stage": "Pre",
  "stepId": "75b6358d-0caf-4327-bc32-a252e39db95b",
  "result": "succeeded",
  "errorMessages": [],
  "executionTimeInSeconds": 2,
  "startTime": "2026-06-12T09:03:57.41308Z",
  "finishTime": "2026-06-12T09:03:59.3594951Z"
}.
[2026-06-12 09:03:59Z INFO JobServerQueue] Try to append 1 batches web console lines for record '75b6358d-0caf-4327-bc32-a252e39db95b', success rate: 1/1.
[2026-06-12 09:03:59Z INFO JobRunner] Total job steps: 1.
[2026-06-12 09:03:59Z INFO JobRunner] Run all job steps.
[2026-06-12 09:03:59Z INFO DapDebugger] DapDebugger initialized
[2026-06-12 09:03:59Z INFO StepsRunner] Processing step: DisplayName='Deploy on server'
[2026-06-12 09:03:59Z INFO StepsRunner] Evaluating: success()
[2026-06-12 09:03:59Z INFO StepsRunner] Result: true
[2026-06-12 09:03:59Z INFO StepsRunner] Starting the step.
[2026-06-12 09:03:59Z INFO HostContext] Well known directory 'Bin': 'C:\Users\Stagiaire\Desktop\COURS\DevOps\MyRecipeAPI\actions-runner\bin'
[2026-06-12 09:03:59Z INFO HostContext] Well known directory 'Root': 'C:\Users\Stagiaire\Desktop\COURS\DevOps\MyRecipeAPI\actions-runner'
[2026-06-12 09:03:59Z INFO HostContext] Well known directory 'Work': 'C:\Users\Stagiaire\Desktop\COURS\DevOps\MyRecipeAPI\actions-runner\_work'
[2026-06-12 09:03:59Z INFO StepsRunner] Which2: 'chcp'
[2026-06-12 09:03:59Z INFO JobServerQueue] Got a step log file to send to results service.
[2026-06-12 09:03:59Z INFO StepsRunner] Location: 'C:\WINDOWS\system32\chcp.COM'
[2026-06-12 09:03:59Z INFO JobServerQueue] Try to upload 1 log files or attachments, success rate: 1/1.
[2026-06-12 09:03:59Z INFO JobServerQueue] Starting upload of step log file to results service ResultsLog, C:\Users\Stagiaire\Desktop\COURS\DevOps\MyRecipeAPI\actions-runner\_diag\blocks\37bee646-d847-4ed3-b205-8f82b155f066_75b6358d-0caf-4327-bc32-a252e39db95b.1
[2026-06-12 09:03:59Z INFO ProcessInvokerWrapper] Starting process:
[2026-06-12 09:03:59Z INFO ProcessInvokerWrapper]   File name: 'C:\WINDOWS\system32\chcp.COM'
[2026-06-12 09:03:59Z INFO ProcessInvokerWrapper]   Arguments: '65001'
[2026-06-12 09:03:59Z INFO ProcessInvokerWrapper]   Working directory: 'C:\Users\Stagiaire\Desktop\COURS\DevOps\MyRecipeAPI\actions-runner\_work'
[2026-06-12 09:03:59Z INFO ProcessInvokerWrapper]   Require exit code zero: 'False'
[2026-06-12 09:03:59Z INFO ProcessInvokerWrapper]   Encoding web name:  ; code page: ''
[2026-06-12 09:03:59Z INFO ProcessInvokerWrapper]   Force kill process on cancellation: 'False'
[2026-06-12 09:03:59Z INFO ProcessInvokerWrapper]   Redirected STDIN: 'False'
[2026-06-12 09:03:59Z INFO ProcessInvokerWrapper]   Persist current code page: 'True'
[2026-06-12 09:03:59Z INFO ProcessInvokerWrapper]   Keep redirected STDIN open: 'False'
[2026-06-12 09:03:59Z INFO ProcessInvokerWrapper]   High priority process: 'False'
[2026-06-12 09:03:59Z INFO ProcessInvokerWrapper] Process started with process id 26060, waiting for process exit.
[2026-06-12 09:03:59Z INFO ProcessInvokerWrapper] STDOUT/STDERR stream read finished.
[2026-06-12 09:03:59Z INFO ProcessInvokerWrapper] STDOUT/STDERR stream read finished.
[2026-06-12 09:03:59Z INFO ProcessInvokerWrapper] Finished process 26060 with exit code 0, and elapsed time 00:00:00.0130297.
[2026-06-12 09:03:59Z INFO StepsRunner] Successfully returned to code page 65001 (UTF8)
[2026-06-12 09:03:59Z INFO HostContext] Well known directory 'Bin': 'C:\Users\Stagiaire\Desktop\COURS\DevOps\MyRecipeAPI\actions-runner\bin'
[2026-06-12 09:03:59Z INFO HostContext] Well known directory 'Root': 'C:\Users\Stagiaire\Desktop\COURS\DevOps\MyRecipeAPI\actions-runner'
[2026-06-12 09:03:59Z INFO HostContext] Well known directory 'Work': 'C:\Users\Stagiaire\Desktop\COURS\DevOps\MyRecipeAPI\actions-runner\_work'
[2026-06-12 09:03:59Z INFO HostContext] Well known directory 'Actions': 'C:\Users\Stagiaire\Desktop\COURS\DevOps\MyRecipeAPI\actions-runner\_work\_actions'
[2026-06-12 09:03:59Z INFO ActionManager] Load action that reference repository from 'C:\Users\Stagiaire\Desktop\COURS\DevOps\MyRecipeAPI\actions-runner\_work\_actions\garygrossgarten\github-action-ssh\release'
[2026-06-12 09:03:59Z INFO HostContext] Well known directory 'Bin': 'C:\Users\Stagiaire\Desktop\COURS\DevOps\MyRecipeAPI\actions-runner\bin'
[2026-06-12 09:03:59Z INFO HostContext] Well known directory 'Root': 'C:\Users\Stagiaire\Desktop\COURS\DevOps\MyRecipeAPI\actions-runner'
[2026-06-12 09:03:59Z INFO HostContext] Well known directory 'Work': 'C:\Users\Stagiaire\Desktop\COURS\DevOps\MyRecipeAPI\actions-runner\_work'
[2026-06-12 09:03:59Z INFO HostContext] Well known directory 'Actions': 'C:\Users\Stagiaire\Desktop\COURS\DevOps\MyRecipeAPI\actions-runner\_work\_actions'
[2026-06-12 09:03:59Z INFO ActionManifestManagerLegacy] Ignore action property author.
[2026-06-12 09:03:59Z INFO ActionManifestManagerLegacy] Ignore action property branding.
[2026-06-12 09:03:59Z INFO ActionManifestManagerLegacy] Loaded action.yml file: {
  "name": "Run SSH command",
  "description": "Github Action to run commands on a remote server using SSH",
  "inputs": {
    "type": 2,
    "map": [
      {
        "key": {
          "type": 0,
          "file": 2,
          "line": 5,
          "col": 3,
          "lit": "command"
        },
        "value": ""
      },
      {
        "key": {
          "type": 0,
          "file": 2,
          "line": 8,
          "col": 3,
          "lit": "host"
        },
        "value": {
          "type": 0,
          "file": 2,
          "line": 11,
          "col": 14,
          "lit": "localhost"
        }
      },
      {
        "key": {
          "type": 0,
          "file": 2,
          "line": 12,
          "col": 3,
          "lit": "username"
        },
        "value": ""
      },
      {
        "key": {
          "type": 0,
          "file": 2,
          "line": 15,
          "col": 3,
          "lit": "port"
        },
        "value": {
          "type": 0,
          "file": 2,
          "line": 18,
          "col": 14,
          "lit": "22"
        }
      },
      {
        "key": {
          "type": 0,
          "file": 2,
          "line": 19,
          "col": 3,
          "lit": "privateKey"
        },
        "value": ""
      },
      {
        "key": {
          "type": 0,
          "file": 2,
          "line": 22,
          "col": 3,
          "lit": "password"
        },
        "value": ""
      },
      {
        "key": {
          "type": 0,
          "file": 2,
          "line": 25,
          "col": 3,
          "lit": "passphrase"
        },
        "value": ""
      },
      {
        "key": {
          "type": 0,
          "file": 2,
          "line": 28,
          "col": 3,
          "lit": "tryKeyboard"
        },
        "value": ""
      }
    ]
  },
  "execution": {
    "executionType": "nodeJS",
    "hasPre": false,
    "hasPost": false,
    "script": "dist/index.js",
    "pre": null,
    "post": null,
    "nodeVersion": "node24",
    "cleanupCondition": "always()",
    "initCondition": "always()"
  },
  "deprecated": null
}
[2026-06-12 09:03:59Z INFO ActionManager] Action pre node.js file: N/A.
[2026-06-12 09:03:59Z INFO ActionManager] Action node.js file: dist/index.js.
[2026-06-12 09:03:59Z INFO ActionManager] Action post node.js file: N/A.
[2026-06-12 09:03:59Z INFO HostContext] Well known directory 'Bin': 'C:\Users\Stagiaire\Desktop\COURS\DevOps\MyRecipeAPI\actions-runner\bin'
[2026-06-12 09:03:59Z INFO HostContext] Well known directory 'Root': 'C:\Users\Stagiaire\Desktop\COURS\DevOps\MyRecipeAPI\actions-runner'
[2026-06-12 09:03:59Z INFO HostContext] Well known directory 'Work': 'C:\Users\Stagiaire\Desktop\COURS\DevOps\MyRecipeAPI\actions-runner\_work'
[2026-06-12 09:03:59Z INFO HostContext] Well known directory 'Temp': 'C:\Users\Stagiaire\Desktop\COURS\DevOps\MyRecipeAPI\actions-runner\_work\_temp'
[2026-06-12 09:03:59Z INFO ExecutionContext] Write event payload to C:\Users\Stagiaire\Desktop\COURS\DevOps\MyRecipeAPI\actions-runner\_work\_temp\_github_workflow\event.json
[2026-06-12 09:03:59Z INFO HostContext] Well known directory 'Bin': 'C:\Users\Stagiaire\Desktop\COURS\DevOps\MyRecipeAPI\actions-runner\bin'
[2026-06-12 09:03:59Z INFO HostContext] Well known directory 'Root': 'C:\Users\Stagiaire\Desktop\COURS\DevOps\MyRecipeAPI\actions-runner'
[2026-06-12 09:03:59Z INFO HostContext] Well known directory 'Work': 'C:\Users\Stagiaire\Desktop\COURS\DevOps\MyRecipeAPI\actions-runner\_work'
[2026-06-12 09:03:59Z INFO HostContext] Well known directory 'Temp': 'C:\Users\Stagiaire\Desktop\COURS\DevOps\MyRecipeAPI\actions-runner\_work\_temp'
[2026-06-12 09:03:59Z INFO ExtensionManager] Getting extensions for interface: 'GitHub.Runner.Worker.IFileCommandExtension'
[2026-06-12 09:03:59Z INFO ExtensionManager] Creating instance: GitHub.Runner.Worker.AddPathFileCommand, Runner.Worker
[2026-06-12 09:03:59Z INFO ExtensionManager] Creating instance: GitHub.Runner.Worker.SetEnvFileCommand, Runner.Worker
[2026-06-12 09:03:59Z INFO ExtensionManager] Creating instance: GitHub.Runner.Worker.CreateStepSummaryCommand, Runner.Worker
[2026-06-12 09:03:59Z INFO ExtensionManager] Creating instance: GitHub.Runner.Worker.SaveStateFileCommand, Runner.Worker
[2026-06-12 09:03:59Z INFO ExtensionManager] Creating instance: GitHub.Runner.Worker.SetOutputFileCommand, Runner.Worker
[2026-06-12 09:03:59Z INFO ActionManifestManagerLegacy] Input 'port': default value evaluate result: {
  "type": 0,
  "file": 2,
  "line": 18,
  "col": 14,
  "lit": "22"
}
[2026-06-12 09:03:59Z INFO ActionManifestManagerLegacy] Input 'password': default value evaluate result: ""
[2026-06-12 09:03:59Z INFO ActionManifestManagerLegacy] Input 'passphrase': default value evaluate result: ""
[2026-06-12 09:03:59Z INFO ActionManifestManagerLegacy] Input 'tryKeyboard': default value evaluate result: ""
[2026-06-12 09:03:59Z INFO ExtensionManager] Getting extensions for interface: 'GitHub.Runner.Worker.IActionCommandExtension'
[2026-06-12 09:03:59Z INFO ExtensionManager] Creating instance: GitHub.Runner.Worker.InternalPluginSetRepoPathCommandExtension, Runner.Worker
[2026-06-12 09:03:59Z INFO ExtensionManager] Creating instance: GitHub.Runner.Worker.SetEnvCommandExtension, Runner.Worker
[2026-06-12 09:03:59Z INFO ExtensionManager] Creating instance: GitHub.Runner.Worker.SetOutputCommandExtension, Runner.Worker
[2026-06-12 09:03:59Z INFO ExtensionManager] Creating instance: GitHub.Runner.Worker.SaveStateCommandExtension, Runner.Worker
[2026-06-12 09:03:59Z INFO ExtensionManager] Creating instance: GitHub.Runner.Worker.AddPathCommandExtension, Runner.Worker
[2026-06-12 09:03:59Z INFO ExtensionManager] Creating instance: GitHub.Runner.Worker.AddMaskCommandExtension, Runner.Worker
[2026-06-12 09:03:59Z INFO ExtensionManager] Creating instance: GitHub.Runner.Worker.AddMatcherCommandExtension, Runner.Worker
[2026-06-12 09:03:59Z INFO ExtensionManager] Creating instance: GitHub.Runner.Worker.RemoveMatcherCommandExtension, Runner.Worker
[2026-06-12 09:03:59Z INFO ExtensionManager] Creating instance: GitHub.Runner.Worker.WarningCommandExtension, Runner.Worker
[2026-06-12 09:03:59Z INFO ExtensionManager] Creating instance: GitHub.Runner.Worker.ErrorCommandExtension, Runner.Worker
[2026-06-12 09:03:59Z INFO ExtensionManager] Creating instance: GitHub.Runner.Worker.NoticeCommandExtension, Runner.Worker
[2026-06-12 09:03:59Z INFO ExtensionManager] Creating instance: GitHub.Runner.Worker.DebugCommandExtension, Runner.Worker
[2026-06-12 09:03:59Z INFO ExtensionManager] Creating instance: GitHub.Runner.Worker.GroupCommandExtension, Runner.Worker
[2026-06-12 09:03:59Z INFO ExtensionManager] Creating instance: GitHub.Runner.Worker.EndGroupCommandExtension, Runner.Worker
[2026-06-12 09:03:59Z INFO ExtensionManager] Creating instance: GitHub.Runner.Worker.EchoCommandExtension, Runner.Worker
[2026-06-12 09:03:59Z INFO ActionCommandManager] Register action command extension for command internal-set-repo-path
[2026-06-12 09:03:59Z INFO ActionCommandManager] Register action command extension for command set-env
[2026-06-12 09:03:59Z INFO ActionCommandManager] Register action command extension for command set-output
[2026-06-12 09:03:59Z INFO ActionCommandManager] Register action command extension for command save-state
[2026-06-12 09:03:59Z INFO ActionCommandManager] Register action command extension for command add-path
[2026-06-12 09:03:59Z INFO ActionCommandManager] Register action command extension for command add-mask
[2026-06-12 09:03:59Z INFO ActionCommandManager] Register action command extension for command add-matcher
[2026-06-12 09:03:59Z INFO ActionCommandManager] Register action command extension for command remove-matcher
[2026-06-12 09:03:59Z INFO ActionCommandManager] Register action command extension for command warning
[2026-06-12 09:03:59Z INFO ActionCommandManager] Register action command extension for command error
[2026-06-12 09:03:59Z INFO ActionCommandManager] Register action command extension for command notice
[2026-06-12 09:03:59Z INFO ActionCommandManager] Register action command extension for command debug
[2026-06-12 09:03:59Z INFO ActionCommandManager] Register action command extension for command group
[2026-06-12 09:03:59Z INFO ActionCommandManager] Register action command extension for command endgroup
[2026-06-12 09:03:59Z INFO ActionCommandManager] Register action command extension for command echo
[2026-06-12 09:03:59Z INFO HostContext] Well known directory 'Bin': 'C:\Users\Stagiaire\Desktop\COURS\DevOps\MyRecipeAPI\actions-runner\bin'
[2026-06-12 09:03:59Z INFO HostContext] Well known directory 'Root': 'C:\Users\Stagiaire\Desktop\COURS\DevOps\MyRecipeAPI\actions-runner'
[2026-06-12 09:03:59Z INFO HostContext] Well known directory 'Externals': 'C:\Users\Stagiaire\Desktop\COURS\DevOps\MyRecipeAPI\actions-runner\externals'
[2026-06-12 09:03:59Z INFO ProcessInvokerWrapper] Starting process:
[2026-06-12 09:03:59Z INFO ProcessInvokerWrapper]   File name: 'C:\Users\Stagiaire\Desktop\COURS\DevOps\MyRecipeAPI\actions-runner\externals\node24\bin\node.exe'
[2026-06-12 09:03:59Z INFO ProcessInvokerWrapper]   Arguments: '"C:\Users\Stagiaire\Desktop\COURS\DevOps\MyRecipeAPI\actions-runner\_work\_actions\garygrossgarten\github-action-ssh\release\dist/index.js"'
[2026-06-12 09:03:59Z INFO ProcessInvokerWrapper]   Working directory: 'C:\Users\Stagiaire\Desktop\COURS\DevOps\MyRecipeAPI\actions-runner\_work\MyRecipe\MyRecipe'
[2026-06-12 09:03:59Z INFO ProcessInvokerWrapper]   Require exit code zero: 'False'
[2026-06-12 09:03:59Z INFO ProcessInvokerWrapper]   Encoding web name: utf-8 ; code page: '65001'
[2026-06-12 09:03:59Z INFO ProcessInvokerWrapper]   Force kill process on cancellation: 'False'
[2026-06-12 09:03:59Z INFO ProcessInvokerWrapper]   Redirected STDIN: 'False'
[2026-06-12 09:03:59Z INFO ProcessInvokerWrapper]   Persist current code page: 'True'
[2026-06-12 09:03:59Z INFO ProcessInvokerWrapper]   Keep redirected STDIN open: 'False'
[2026-06-12 09:03:59Z INFO ProcessInvokerWrapper]   High priority process: 'False'
[2026-06-12 09:03:59Z INFO JobServerQueue] Try to append 1 batches web console lines for record '84768bc8-17b8-41c3-a290-05e5e8cd721f', success rate: 1/1.
[2026-06-12 09:04:00Z INFO JobServerQueue] Tried to upload 1 file(s) to results, success rate: 1/1.
[2026-06-12 09:04:00Z INFO ProcessInvokerWrapper] Process started with process id 744, waiting for process exit.
[2026-06-12 09:04:01Z INFO JobServerQueue] Try to append 1 batches web console lines for record '84768bc8-17b8-41c3-a290-05e5e8cd721f', success rate: 1/1.
[2026-06-12 09:04:01Z INFO ProcessInvokerWrapper] STDOUT/STDERR stream read finished.
[2026-06-12 09:04:01Z INFO ProcessInvokerWrapper] STDOUT/STDERR stream read finished.
[2026-06-12 09:04:01Z INFO ProcessInvokerWrapper] Finished process 744 with exit code 134, and elapsed time 00:00:02.0458576.
[2026-06-12 09:04:01Z INFO CreateStepSummaryCommand] Step Summary file (C:\Users\Stagiaire\Desktop\COURS\DevOps\MyRecipeAPI\actions-runner\_work\_temp\_runner_file_commands\step_summary_d1bdf2dc-a4f8-49c0-89e1-5589724d74a0) is empty; skipping attachment upload
[2026-06-12 09:04:01Z INFO StepsRunner] Step result: Failed
[2026-06-12 09:04:01Z INFO ExecutionContext] Publish step telemetry for current step {
  "action": "garygrossgarten/github-action-ssh",
  "ref": "release",
  "type": "node24",
  "stage": "Main",
  "stepId": "84768bc8-17b8-41c3-a290-05e5e8cd721f",
  "stepContextName": "__garygrossgarten_github-action-ssh",
  "hasPreStep": false,
  "hasPostStep": false,
  "result": "failed",
  "errorMessages": [
    "All configured authentication methods failed",
    "Not connected"
  ],
  "executionTimeInSeconds": 3,
  "startTime": "2026-06-12T09:03:59.3752315Z",
  "finishTime": "2026-06-12T09:04:01.5148942Z"
}.
[2026-06-12 09:04:01Z INFO StepsRunner] Update job result with current step result 'Failed'.
[2026-06-12 09:04:01Z INFO StepsRunner] Current state: job state = 'Failed'
[2026-06-12 09:04:01Z INFO JobRunner] Finalize job.
[2026-06-12 09:04:01Z INFO HostContext] Well known directory 'Bin': 'C:\Users\Stagiaire\Desktop\COURS\DevOps\MyRecipeAPI\actions-runner\bin'
[2026-06-12 09:04:01Z INFO HostContext] Well known directory 'Root': 'C:\Users\Stagiaire\Desktop\COURS\DevOps\MyRecipeAPI\actions-runner'
[2026-06-12 09:04:01Z INFO HostContext] Well known directory 'Diag': 'C:\Users\Stagiaire\Desktop\COURS\DevOps\MyRecipeAPI\actions-runner\_diag'
[2026-06-12 09:04:01Z INFO HostContext] Well known directory 'Bin': 'C:\Users\Stagiaire\Desktop\COURS\DevOps\MyRecipeAPI\actions-runner\bin'
[2026-06-12 09:04:01Z INFO HostContext] Well known directory 'Root': 'C:\Users\Stagiaire\Desktop\COURS\DevOps\MyRecipeAPI\actions-runner'
[2026-06-12 09:04:01Z INFO HostContext] Well known directory 'Diag': 'C:\Users\Stagiaire\Desktop\COURS\DevOps\MyRecipeAPI\actions-runner\_diag'
[2026-06-12 09:04:01Z INFO JobExtension] Initialize Env context
[2026-06-12 09:04:01Z INFO JobExtension] Initialize steps context
[2026-06-12 09:04:01Z INFO JobExtension] Total accessible running process: 280.
[2026-06-12 09:04:01Z INFO JobExtension] Inspecting process environment variables. PID: 12332 (dllhost)
[2026-06-12 09:04:01Z INFO JobExtension] Wait for all connectivity checks to finish.
[2026-06-12 09:04:01Z INFO JobExtension] Connectivity check result: GitHub.Runner.Worker.JobExtension+CheckResult
[2026-06-12 09:04:01Z INFO JobExtension] Connectivity check result: GitHub.Runner.Worker.JobExtension+CheckResult
[2026-06-12 09:04:01Z INFO JobExtension] Connectivity check result: GitHub.Runner.Worker.JobExtension+CheckResult
[2026-06-12 09:04:01Z INFO ExecutionContext] Publish step telemetry for current step {
  "action": "complete_job",
  "type": "runner",
  "stage": "Post",
  "stepId": "4cd58b6c-8286-4abd-8c8f-5d48a45c9f11",
  "result": "succeeded",
  "errorMessages": [],
  "executionTimeInSeconds": 1,
  "startTime": "2026-06-12T09:04:01.5270339Z",
  "finishTime": "2026-06-12T09:04:01.5652118Z"
}.
[2026-06-12 09:04:01Z INFO JobRunner] Job result after all job steps finish: Failed
[2026-06-12 09:04:01Z INFO JobRunner] Completing the job execution context.
[2026-06-12 09:04:01Z INFO JobRunner] Shutting down the job server queue.
[2026-06-12 09:04:01Z INFO JobServerQueue] Fire signal to shutdown all queues.
[2026-06-12 09:04:02Z INFO JobServerQueue] All queue process task stopped.
[2026-06-12 09:04:02Z INFO JobServerQueue] Try to append 1 batches web console lines for record '84768bc8-17b8-41c3-a290-05e5e8cd721f', success rate: 1/1.
[2026-06-12 09:04:02Z INFO JobServerQueue] Try to append 1 batches web console lines for record '4cd58b6c-8286-4abd-8c8f-5d48a45c9f11', success rate: 1/1.
[2026-06-12 09:04:02Z INFO JobServerQueue] Web console line queue drained.
[2026-06-12 09:04:02Z INFO JobServerQueue] Uploading 3 files in one shot.
[2026-06-12 09:04:02Z INFO JobServerQueue] Try to upload 3 log files or attachments, success rate: 3/3.
[2026-06-12 09:04:02Z INFO JobServerQueue] File upload queue drained.
[2026-06-12 09:04:02Z INFO JobServerQueue] Starting results-based upload queue...
[2026-06-12 09:04:02Z INFO JobServerQueue] Uploading 3 file(s) in one shot through results service.
[2026-06-12 09:04:02Z INFO JobServerQueue] Got a step log file to send to results service.
[2026-06-12 09:04:02Z INFO JobServerQueue] Starting upload of step log file to results service ResultsLog, C:\Users\Stagiaire\Desktop\COURS\DevOps\MyRecipeAPI\actions-runner\_diag\blocks\37bee646-d847-4ed3-b205-8f82b155f066_84768bc8-17b8-41c3-a290-05e5e8cd721f.1
[2026-06-12 09:04:02Z INFO JobServerQueue] Got a step log file to send to results service.
[2026-06-12 09:04:02Z INFO JobServerQueue] Starting upload of step log file to results service ResultsLog, C:\Users\Stagiaire\Desktop\COURS\DevOps\MyRecipeAPI\actions-runner\_diag\blocks\37bee646-d847-4ed3-b205-8f82b155f066_4cd58b6c-8286-4abd-8c8f-5d48a45c9f11.1
[2026-06-12 09:04:03Z INFO JobServerQueue] Got a job log file to send to results service.
[2026-06-12 09:04:03Z INFO JobServerQueue] Starting upload of job log file to results service ResultsLog, C:\Users\Stagiaire\Desktop\COURS\DevOps\MyRecipeAPI\actions-runner\_diag\blocks\37bee646-d847-4ed3-b205-8f82b155f066_89f1f272-4cfc-5743-8e82-9921ee6e2c59.1
[2026-06-12 09:04:03Z INFO JobServerQueue] Tried to upload 3 file(s) to results, success rate: 3/3.
[2026-06-12 09:04:03Z INFO JobServerQueue] Results upload queue drained.
[2026-06-12 09:04:03Z INFO JobServerQueue] Timeline update queue drained.
[2026-06-12 09:04:03Z INFO JobServerQueue] Disposing job server ...
[2026-06-12 09:04:03Z INFO JobServerQueue] Disposing results server ...
[2026-06-12 09:04:03Z INFO JobServerQueue] All queue process tasks have been stopped, and all queues are drained.
[2026-06-12 09:04:03Z INFO TempDirectoryManager] Cleaning runner temp folder: C:\Users\Stagiaire\Desktop\COURS\DevOps\MyRecipeAPI\actions-runner\_work\_temp
[2026-06-12 09:04:03Z INFO HostContext] Well known directory 'Bin': 'C:\Users\Stagiaire\Desktop\COURS\DevOps\MyRecipeAPI\actions-runner\bin'
[2026-06-12 09:04:03Z INFO HostContext] Well known directory 'Root': 'C:\Users\Stagiaire\Desktop\COURS\DevOps\MyRecipeAPI\actions-runner'
[2026-06-12 09:04:03Z INFO HostContext] Well known directory 'Diag': 'C:\Users\Stagiaire\Desktop\COURS\DevOps\MyRecipeAPI\actions-runner\_diag'
[2026-06-12 09:04:03Z INFO HostContext] Well known config file 'Telemetry': 'C:\Users\Stagiaire\Desktop\COURS\DevOps\MyRecipeAPI\actions-runner\_diag\.telemetry'
[2026-06-12 09:04:03Z INFO JobRunner] Raising job completed against run service
[2026-06-12 09:04:04Z INFO Worker] Job completed.
